[(t2,66)]
[(z4,20)]
(a5,10)
(a9,86)
(a4,31)
(a8,58)
(a3,99)
(b2,18)
(b4,22)
(b8,87)
(b7,55)
(b1,28)
(b5,17)
(b3,13)
(c4,87)
(c3,43)
(c5,60)
(c9,38)
(c6,23)
(c8,59)
(c7,9)
(c0,57)
(d3,13)
(d9,38)
(d6,77)
(d5,39)
(d4,77)
(e4,90)
(e1,68)
(e9,90)
(e7,23)
(e0,22)
(e2,72)
(e8,68)
(f9,93)
(f8,60)
(f5,30)
(f3,47)
(f7,7)
(f4,40)
(g9,83)
(g7,52)
(g4,7)
(g2,72)
(g5,84)
(g8,66)
(g3,33)
(h0,55)
(h6,51)
(h8,68)
(h7,22)
(h5,78)
(h9,11)
(h2,85)
(i2,21)
(i7,31)
(i3,83)
(i6,23)
(i0,54)
(i8,43)
(i1,61)
(i9,79)
(j3,20)
(j9,41)
(j1,97)
(j0,79)
(j5,45)
(j7,53)
(j4,71)
(j8,61)
(j2,98)
(k0,50)
(k1,26)
(k8,39)
(k7,45)
(k9,73)
(k4,64)
(l8,83)
(l0,46)
(l2,4)
(l4,65)
(l9,89)
(l3,21)
(l6,92)
(l1,10)
(l5,91)
(m2,53)
(m6,69)
(m5,33)
(m7,95)
(m4,57)
(m3,75)
(m9,1)
(m0,90)
(n6,81)
(n0,8)
(n5,80)
(n1,63)
(n3,61)
(n7,29)
(n8,36)
(n9,99)
(o9,56)
(o3,15)
(o4,6)
(o8,69)
(o2,70)
(o6,89)
(o5,13)
(o0,27)
(p3,67)
(p9,45)
(p1,77)
(p7,10)
(p5,63)
(q4,19)
(q1,92)
(q8,92)
(q6,21)
(q7,84)
(q9,12)
(q2,70)
(q0,57)
(q5,62)
(r4,90)
(r1,62)
(r0,32)
(r8,5)
(r3,68)
(r5,41)
(r9,77)
(s9,10)
(s7,99)
(s0,96)
(s3,96)
(s6,18)
(s4,43)
(t8,59)
(t0,2)
(t6,45)
(t3,72)
(t1,44)
(t2,66)
(t4,86)
(t9,96)
(t5,13)
(u8,28)
(u7,55)
(u4,51)
(u5,63)
(u3,88)
(u9,28)
(u0,91)
(u2,60)
(v8,72)
(v1,21)
(v3,91)
(v7,39)
(v9,74)
(v6,51)
(v4,14)
(v0,60)
(w8,53)
(w6,39)
(w4,88)
(w0,23)
(w2,58)
(w9,86)
(x7,80)
(x1,29)
(x9,59)
(x3,17)
(x6,27)
(x4,1)
(x2,98)
(y0,56)
(y6,38)
(y1,64)
(y8,69)
(y3,90)
(y4,96)
(y9,36)
(y2,7)
(z1,41)
(z4,20)
(z3,23)
(z2,49)
(z0,22)
(z7,71)
[(q5,62)]
Waiting...
[(q2,10)]
[(z4,KVSMISSING)]
[(t2,18)]
[(q5,90)]
[(o9,0)]
[(d3,11)]
Waiting...
[(t3,68)]
[(z7,KVSERROR)]
[(w6,37)]
[(h4,KVSMISSING)(y1,KVSMISSING)(z7,KVSMISSING)]
[(n1,KVSMISSING)]
[(b2,KVSMISSING)]
[(y2,84)]
[(b4,85)]
Waiting...
[(d1,71)]
[(q2,39)]
[(z6,19)]
[(z7,73)]
[(o9,KVSERROR)]
[(a5,80)]
[(i8,100)]
[(s5,79)]
[(y2,KVSERROR)]
(a9,55)
(a3,44)
(a8,50)
(a7,8)
(a4,73)
(a0,71)
(a5,80)
(a6,54)
(a1,9)
(a2,86)
(b6,10)
(b0,2)
(b1,69)
(b7,44)
(b5,37)
(b2,80)
(b9,29)
(c4,45)
(c5,7)
(c2,60)
(c1,15)
(c6,29)
(c0,78)
(c7,79)
(c8,14)
(d2,93)
(d9,63)
(d6,42)
(d4,48)
(d3,81)
(d0,44)
(d5,85)
(e2,42)
(e7,19)
(e8,77)
(e1,78)
(e6,16)
(e9,27)
(e4,7)
(f8,38)
(f3,37)
(f5,52)
(f1,48)
(f7,39)
(f6,35)
(g9,64)
(g6,61)
(g1,30)
(g4,41)
(g0,99)
(g2,5)
(g3,47)
(g7,55)
(h5,71)
(h9,41)
(h8,13)
(h4,0)
(h6,5)
(h0,42)
(h2,94)
(i9,88)
(i8,100)
(i5,58)
(i0,90)
(i4,67)
(i7,10)
(i6,70)
(i3,2)
(i2,3)
(i1,56)
(j3,35)
(j6,89)
(j9,14)
(j8,21)
(j5,72)
(j1,3)
(j7,79)
(j0,51)
(k2,97)
(k5,62)
(k8,9)
(k3,55)
(k0,92)
(k7,97)
(k9,17)
(k1,45)
(k4,54)
(k6,39)
(l1,78)
(l3,27)
(l5,89)
(l8,38)
(l4,21)
(l2,48)
(l7,22)
(l9,22)
(l0,71)
(m1,57)
(m0,79)
(m8,51)
(m6,41)
(m9,68)
(m5,89)
(m2,84)
(m3,8)
(m4,71)
(n0,80)
(n5,29)
(n2,47)
(n9,73)
(n3,77)
(n1,50)
(n6,59)
(n8,74)
(o0,9)
(o7,31)
(o6,79)
(o1,86)
(o5,26)
(o8,19)
(o3,19)
(p6,83)
(p2,68)
(p1,0)
(p8,13)
(p9,76)
(p4,53)
(p3,30)
(p7,66)
(p0,10)
(q3,96)
(q2,39)
(q0,31)
(q9,76)
(q5,22)
(q1,74)
(q6,86)
(q7,73)
(q4,82)
(q8,5)
(r5,44)
(r6,21)
(r2,68)
(r9,19)
(r3,20)
(r4,75)
(r0,35)
(r1,16)
(r7,4)
(s9,53)
(s7,8)
(s8,30)
(s6,34)
(s5,79)
(s3,52)
(s1,92)
(t9,60)
(t0,83)
(t5,1)
(t3,17)
(t6,6)
(t2,93)
(t1,31)
(t4,96)
(t7,28)
(u6,28)
(u3,61)
(u9,16)
(u1,23)
(u5,87)
(u4,60)
(u0,97)
(u7,78)
(v9,87)
(v7,94)
(v6,72)
(v3,81)
(v8,62)
(v0,87)
(v4,76)
(v2,62)
(v1,49)
(v5,7)
(w2,87)
(w0,100)
(w9,98)
(w1,42)
(w5,8)
(w8,33)
(w6,94)
(w3,10)
(w4,94)
(x8,41)
(x0,7)
(x3,16)
(x5,70)
(x6,32)
(x7,77)
(x2,43)
(y5,74)
(y6,95)
(y9,78)
(y0,23)
(y7,91)
(y1,60)
(y4,95)
(y8,95)
(z9,38)
(z2,25)
(z7,73)
(z0,9)
(z3,27)
(z6,19)
(z4,53)
(z1,2)
[(b0,2)]
[(y3,KVSMISSING)]
