(a6,96)
(b2,8)
(b6,74)
(b1,16)
(b5,76)
(b4,6)
(b3,32)
(c0,35)
(c3,10)
(c5,81)
(c1,85)
(c2,89)
(c4,28)
(d5,99)
(d3,75)
(d1,1)
(d0,42)
(d4,79)
(e6,47)
(e8,24)
(e3,43)
(e7,67)
(e4,58)
(e1,66)
(f5,18)
(f8,87)
(f2,32)
(f1,61)
(f4,63)
(g5,67)
(g2,48)
(g8,94)
(g7,44)
(g0,59)
(h4,36)
(h5,16)
(h0,53)
(h9,85)
(h6,32)
(h3,10)
(i8,55)
(i9,1)
(i7,52)
(i0,1)
(j4,97)
(j5,54)
(j9,20)
(j1,72)
(j0,41)
(k0,4)
(k6,66)
(k2,90)
(k3,67)
(l9,35)
(l4,25)
(l1,6)
(m8,62)
(m1,77)
(m2,43)
(m4,20)
(m6,90)
(m9,36)
(n2,33)
(n5,19)
(p6,71)
(p8,30)
(p0,9)
(p5,52)
(p7,13)
(q5,75)
(q0,80)
(q2,54)
(r1,75)
(r4,74)
(r5,25)
(r8,88)
(s5,24)
(s1,49)
(s6,19)
(s2,25)
(s9,4)
(t4,48)
(t0,11)
(t2,0)
(u2,86)
(u1,10)
(u0,67)
(u3,25)
(v5,62)
(v9,91)
(w8,11)
(w7,9)
(w9,66)
(x6,87)
(x9,49)
(x2,78)
(x5,91)
(x0,57)
(z0,86)
(z9,24)
[(f5,18)]
(a5,71)
(a3,20)
(a9,87)
(a6,11)
(b5,72)
(b2,87)
(b8,67)
(b0,82)
(b6,14)
(b1,63)
(b4,25)
(b3,86)
(c3,96)
(c5,81)
(c1,85)
(c2,89)
(c4,94)
(d2,56)
(d8,79)
(d9,47)
(d5,99)
(d3,75)
(d1,1)
(d0,40)
(d4,79)
(e6,91)
(e2,5)
(e0,96)
(e8,24)
(e3,69)
(e7,67)
(e4,85)
(e1,66)
(f6,52)
(f3,68)
(f0,30)
(f5,100)
(f8,0)
(f2,56)
(f1,22)
(f4,53)
(g1,45)
(g4,24)
(g9,56)
(g5,67)
(g2,48)
(g8,27)
(g7,68)
(g0,59)
(h7,64)
(h8,0)
(h5,16)
(h0,26)
(h6,32)
(h3,78)
(i2,74)
(i5,53)
(i8,55)
(i7,10)
(i0,1)
(j5,18)
(j8,100)
(j4,97)
(j9,20)
(j1,72)
(j0,41)
(k4,88)
(k5,60)
(k9,79)
(k6,66)
(k2,90)
(l0,31)
(l1,73)
(l5,12)
(l9,35)
(m2,23)
(m5,86)
(m3,17)
(m8,62)
(m1,77)
(m4,71)
(m6,90)
(m9,36)
(n6,58)
(n0,100)
(n1,38)
(n3,63)
(n2,65)
(n5,65)
(o1,66)
(o3,42)
(o0,22)
(o2,49)
(p7,59)
(p9,99)
(p6,71)
(p8,30)
(p0,59)
(p5,49)
(q8,73)
(q5,75)
(q2,54)
(r7,29)
(r0,91)
(r9,92)
(r2,93)
(r3,15)
(r1,6)
(r4,58)
(r5,25)
(r8,88)
(s4,96)
(s8,19)
(s2,80)
(s5,24)
(s1,49)
(s9,22)
(t5,67)
(t7,39)
(t8,5)
(t9,22)
(t6,68)
(t4,47)
(t0,11)
(t2,0)
(u8,22)
(u6,28)
(u5,26)
(u2,38)
(u1,10)
(u0,67)
(u3,25)
(v5,13)
(v9,91)
(w4,74)
(w6,40)
(w1,0)
(w8,11)
(w7,1)
(w9,66)
(x4,68)
(x1,13)
(x3,33)
(x7,57)
(x6,46)
(x9,49)
(x2,78)
(x5,91)
(x0,82)
(y0,10)
(y2,16)
(y7,8)
(z5,69)
(z8,78)
(z4,67)
(z2,72)
(z0,86)
(z9,24)
[(f5,100)]
[(d0,KVSMISSING)]
[(p5,12)]
[(q8,90)]
[(i7,10)]
[(y5,64)]
[(r0,68)]
[(j8,23)]
[(y0,KVSMISSING)]
[(g4,8)]
[(m3,61)]
(a4,43)
(a2,52)
(a8,7)
(a7,10)
(a5,21)
(a3,100)
(a9,21)
(a6,54)
(b9,38)
(b5,72)
(b2,87)
(b8,36)
(b0,82)
(b6,79)
(b1,100)
(b3,77)
(c7,39)
(c4,25)
(c9,59)
(c0,85)
(c3,65)
(c5,81)
(c1,85)
(c2,12)
(d0,86)
(d1,3)
(d8,54)
(d9,76)
(d5,99)
(d3,75)
(d4,9)
(e1,29)
(e7,1)
(e5,63)
(e9,22)
(e6,91)
(e2,19)
(e0,93)
(e4,31)
(f9,38)
(f5,27)
(f2,37)
(f6,67)
(f0,23)
(f1,22)
(f4,64)
(g2,18)
(g6,73)
(g1,45)
(g4,8)
(g9,22)
(g5,67)
(g8,63)
(g7,68)
(h1,0)
(h4,93)
(h2,33)
(h7,64)
(h8,51)
(h5,3)
(h0,100)
(h6,32)
(h3,29)
(i1,21)
(i3,11)
(i4,66)
(i9,90)
(i2,70)
(i5,53)
(i0,1)
(j7,69)
(j5,8)
(j9,88)
(j6,2)
(j8,23)
(j0,70)
(k0,24)
(k8,89)
(k6,70)
(k4,46)
(k5,60)
(l0,19)
(l6,89)
(l7,90)
(l2,24)
(l8,89)
(l1,73)
(l5,0)
(m0,23)
(m7,24)
(m3,61)
(m2,34)
(m5,60)
(m1,46)
(m9,46)
(n8,88)
(n4,95)
(n6,19)
(n1,58)
(n3,28)
(n2,91)
(n5,34)
(o8,86)
(o4,100)
(o9,10)
(o7,4)
(o1,49)
(o0,55)
(o2,60)
(p5,15)
(p8,55)
(p1,74)
(p2,42)
(p7,84)
(p6,24)
(q8,17)
(q6,97)
(q5,18)
(q2,54)
(r7,29)
(r0,35)
(r9,78)
(r2,93)
(r1,38)
(r4,58)
(r8,24)
(s7,2)
(s3,44)
(s6,10)
(s4,96)
(s2,80)
(s5,49)
(s1,76)
(s9,7)
(t2,44)
(t4,55)
(t1,74)
(t8,32)
(t9,22)
(t6,68)
(t0,84)
(u8,11)
(u3,81)
(u1,47)
(u7,45)
(u4,52)
(u6,27)
(u2,83)
(u0,67)
(v4,19)
(v1,7)
(v7,99)
(v3,48)
(v0,40)
(v8,57)
(v5,0)
(v9,98)
(w5,100)
(w0,53)
(w4,56)
(w6,40)
(w1,53)
(w8,11)
(w7,86)
(w9,66)
(x4,68)
(x1,13)
(x3,39)
(x6,30)
(x9,49)
(x2,78)
(y0,46)
(y3,19)
(y5,64)
(y8,31)
(y6,74)
(y2,16)
(y7,8)
(z3,81)
(z6,12)
(z5,69)
(z4,67)
(z2,11)
(z0,93)
(z9,52)
[(i4,66)]
[(l4,KVSMISSING)]
Waiting...
Waiting...
[(b4,81)]
[(y8,48)]
[(w4,KVSERROR)]
[(r8,27)]
(a4,61)
(a8,81)
(a1,10)
(a2,5)
(a0,3)
(a7,17)
(a3,23)
(a9,54)
(b8,65)
(b7,23)
(b1,70)
(b9,50)
(b5,11)
(b6,87)
(b2,57)
(b3,63)
(c2,42)
(c5,4)
(c9,39)
(c6,36)
(c8,25)
(c7,9)
(c0,67)
(c1,70)
(d1,41)
(d5,97)
(d3,36)
(d8,38)
(d2,77)
(d7,42)
(d4,100)
(e3,76)
(e7,30)
(e5,48)
(e0,32)
(e9,72)
(e6,46)
(e2,10)
(e8,100)
(e1,18)
(e4,51)
(f0,45)
(f1,18)
(f3,47)
(f5,89)
(f2,39)
(f6,66)
(f9,52)
(f7,90)
(f4,38)
(g4,34)
(g7,31)
(g8,36)
(g3,28)
(g6,87)
(g2,61)
(g0,18)
(g9,96)
(g5,31)
(h4,88)
(h3,85)
(h7,87)
(h6,36)
(h5,19)
(h9,3)
(h2,85)
(h0,96)
(i4,77)
(i1,50)
(i0,72)
(i7,33)
(i9,74)
(i3,5)
(i5,36)
(i2,93)
(j1,49)
(j0,94)
(j3,20)
(j5,22)
(j7,42)
(j4,86)
(j8,53)
(j2,12)
(j6,45)
(k1,90)
(k5,34)
(k8,15)
(k7,68)
(k3,44)
(k6,8)
(k0,82)
(k9,18)
(k2,50)
(k4,36)
(l7,24)
(l1,62)
(l8,88)
(l6,97)
(l4,7)
(l5,61)
(l9,2)
(l0,31)
(m3,94)
(m6,66)
(m9,16)
(m0,67)
(m8,26)
(m7,93)
(n7,12)
(n5,79)
(n9,4)
(n4,41)
(n1,22)
(o2,53)
(o8,100)
(o4,78)
(o3,41)
(o6,55)
(o9,7)
(o5,13)
(o1,75)
(o0,61)
(p2,83)
(p4,33)
(p7,62)
(p5,71)
(p1,50)
(p3,47)
(p8,16)
(p6,11)
(q4,0)
(q2,7)
(q3,69)
(q1,99)
(q0,5)
(q6,79)
(q5,59)
(q7,3)
(q8,89)
(r8,27)
(r4,45)
(r3,68)
(r1,83)
(r7,37)
(r6,70)
(r5,94)
(r9,2)
(r0,55)
(r2,46)
(s0,32)
(s1,13)
(s9,94)
(s5,68)
(s3,37)
(s8,10)
(s6,60)
(s4,38)
(t7,6)
(t1,41)
(t2,11)
(t8,30)
(t6,71)
(t4,37)
(t9,11)
(t0,44)
(t5,53)
(u9,22)
(u1,30)
(u7,4)
(u6,32)
(u5,72)
(u0,53)
(u2,97)
(u8,87)
(v9,62)
(v1,27)
(v3,99)
(v7,56)
(v2,28)
(v6,29)
(v4,76)
(v0,11)
(v5,30)
(w1,9)
(w2,43)
(w8,63)
(w7,3)
(w3,34)
(w5,51)
(w9,99)
(x1,97)
(x6,23)
(x0,96)
(x7,5)
(x3,87)
(x8,99)
(x4,39)
(x9,45)
(x2,46)
(y0,33)
(y8,48)
(y3,29)
(y6,55)
(y4,38)
(y9,33)
(y7,77)
(y2,89)
(z5,70)
(z4,50)
(z8,28)
(z1,46)
(z7,16)
(z3,82)
(z6,94)
(z2,75)
(z9,91)
(a4,61)
(a8,81)
(a1,10)
(a2,5)
(a0,3)
(a7,17)
(a3,23)
(a9,54)
(b8,65)
(b7,23)
(b1,70)
(b9,50)
(b5,11)
(b6,87)
(b2,57)
(b3,63)
(c2,42)
(c5,4)
(c9,39)
(c6,36)
(c8,25)
(c7,9)
(c0,67)
(c1,70)
(d1,41)
(d5,97)
(d3,36)
(d8,38)
(d2,77)
(d7,42)
(d4,100)
(e3,76)
(e7,30)
(e5,48)
(e0,32)
(e9,72)
(e6,46)
(e2,10)
(e8,100)
(e1,18)
(e4,51)
(f0,45)
(f1,18)
(f3,47)
(f5,89)
(f2,39)
(f6,66)
(f9,52)
(f7,90)
(f4,38)
(g4,34)
(g7,31)
(g8,36)
(g3,28)
(g6,87)
(g2,61)
(g0,18)
(g9,96)
(g5,31)
(h4,88)
(h3,85)
(h7,87)
(h6,36)
(h5,19)
(h9,3)
(h2,85)
(h0,96)
(i4,77)
(i1,50)
(i0,72)
(i7,33)
(i9,74)
(i3,5)
(i5,36)
(i2,93)
(j1,49)
(j0,94)
(j3,20)
(j5,22)
(j7,42)
(j4,86)
(j8,53)
(j2,12)
(j6,45)
(k1,90)
(k5,34)
(k8,15)
(k7,68)
(k3,44)
(k6,8)
(k0,82)
(k9,18)
(k2,50)
(k4,36)
(l7,24)
(l1,62)
(l8,88)
(l6,97)
(l4,7)
(l5,61)
(l9,2)
(l0,31)
(m3,94)
(m6,66)
(m9,16)
(m0,67)
(m8,26)
(m7,93)
(n7,12)
(n5,79)
(n9,4)
(n4,41)
(n1,22)
(o2,53)
(o8,100)
(o4,78)
(o3,41)
(o6,55)
(o9,7)
(o5,13)
(o1,75)
(o0,61)
(p2,83)
(p4,33)
(p7,62)
(p5,71)
(p1,50)
(p3,47)
(p8,16)
(p6,11)
(q4,0)
(q2,7)
(q3,69)
(q1,99)
(q0,5)
(q6,79)
(q5,59)
(q7,3)
(q8,89)
(r8,27)
(r4,45)
(r3,68)
(r1,83)
(r7,37)
(r6,70)
(r5,94)
(r9,2)
(r0,55)
(r2,46)
(s0,32)
(s1,13)
(s9,94)
(s5,68)
(s3,37)
(s8,10)
(s6,60)
(s4,38)
(t7,6)
(t1,41)
(t2,11)
(t8,30)
(t6,71)
(t4,37)
(t9,11)
(t0,44)
(t5,53)
(u9,22)
(u1,30)
(u7,4)
(u6,32)
(u5,72)
(u0,53)
(u2,97)
(u8,87)
(v9,62)
(v1,27)
(v3,99)
(v7,56)
(v2,28)
(v6,29)
(v4,76)
(v0,11)
(v5,30)
(w1,9)
(w2,43)
(w8,63)
(w7,3)
(w3,34)
(w5,51)
(w9,99)
(x1,97)
(x6,23)
(x0,96)
(x7,5)
(x3,87)
(x8,99)
(x4,39)
(x9,45)
(x2,46)
(y0,33)
(y8,48)
(y3,29)
(y6,55)
(y4,38)
(y9,33)
(y7,77)
(y2,89)
(z5,70)
(z4,50)
(z8,28)
(z1,46)
(z7,16)
(z3,82)
(z6,94)
(z2,75)
(z9,91)
(a4,61)
(a8,81)
(a1,10)
(a2,5)
(a0,3)
(a7,17)
(a3,23)
(a9,54)
(b8,65)
(b7,23)
(b1,70)
(b9,50)
(b5,11)
(b6,87)
(b2,57)
(b3,63)
(c2,42)
(c5,4)
(c9,39)
(c6,36)
(c8,25)
(c7,9)
(c0,67)
(c1,70)
(d1,41)
(d5,97)
(d3,36)
(d8,38)
(d2,77)
(d7,42)
(d4,100)
(e3,76)
(e7,30)
(e5,48)
(e0,32)
(e9,72)
(e6,46)
(e2,10)
(e8,100)
(e1,18)
(e4,51)
(f0,45)
(f1,18)
(f3,47)
(f5,89)
(f2,39)
(f6,66)
(f9,52)
(f7,90)
(f4,38)
(g4,34)
(g7,31)
(g8,36)
(g3,28)
(g6,87)
(g2,61)
(g0,18)
(g9,96)
(g5,31)
(h4,88)
(h3,85)
(h7,87)
(h6,36)
(h5,19)
(h9,3)
(h2,85)
(h0,96)
(i4,77)
(i1,50)
(i0,72)
(i7,33)
(i9,74)
(i3,5)
(i5,36)
(i2,93)
(j1,49)
(j0,94)
(j3,20)
(j5,22)
(j7,42)
(j4,86)
(j8,53)
(j2,12)
(j6,45)
(k1,90)
(k5,34)
(k8,15)
(k7,68)
(k3,44)
(k6,8)
(k0,82)
(k9,18)
(k2,50)
(k4,36)
(l7,24)
(l1,62)
(l8,88)
(l6,97)
(l4,7)
(l5,61)
(l9,2)
(l0,31)
(m3,94)
(m6,66)
(m9,16)
(m0,67)
(m8,26)
(m7,93)
(n7,12)
(n5,79)
(n9,4)
(n4,41)
(n1,22)
(o2,53)
(o8,100)
(o4,78)
(o3,41)
(o6,55)
(o9,7)
(o5,13)
(o1,75)
(o0,61)
(p2,83)
(p4,33)
(p7,62)
(p5,71)
(p1,50)
(p3,47)
(p8,16)
(p6,11)
(q4,0)
(q2,7)
(q3,69)
(q1,99)
(q0,5)
(q6,79)
(q5,59)
(q7,3)
(q8,89)
(r8,27)
(r4,45)
(r3,68)
(r1,83)
(r7,37)
(r6,70)
(r5,94)
(r9,2)
(r0,55)
(r2,46)
(s0,32)
(s1,13)
(s9,94)
(s5,68)
(s3,37)
(s8,10)
(s6,60)
(s4,38)
(t7,6)
(t1,41)
(t2,11)
(t8,30)
(t6,71)
(t4,37)
(t9,11)
(t0,44)
(t5,53)
(u9,22)
(u1,30)
(u7,4)
(u6,32)
(u5,72)
(u0,53)
(u2,97)
(u8,87)
(v9,62)
(v1,27)
(v3,99)
(v7,56)
(v2,28)
(v6,29)
(v4,76)
(v0,11)
(v5,30)
(w1,9)
(w2,43)
(w8,63)
(w7,3)
(w3,34)
(w5,51)
(w9,99)
(x1,97)
(x6,23)
(x0,96)
(x7,5)
(x3,87)
(x8,99)
(x4,39)
(x9,45)
(x2,46)
(y0,33)
(y8,48)
(y3,29)
(y6,55)
(y4,38)
(y9,33)
(y7,77)
(y2,89)
(z5,70)
(z4,50)
(z8,28)
(z1,46)
(z7,16)
(z3,82)
(z6,94)
(z2,75)
(z9,91)
[(y5,KVSMISSING)]
[(g6,87)]
[(z3,82)]
