(a5,54)
(a4,31)
(a8,58)
(a1,10)
(a2,5)
(a0,3)
(a7,51)
(a3,99)
(a9,86)
(b8,46)
(b7,24)
(b1,64)
(b9,50)
(b5,10)
(b6,16)
(b2,57)
(b3,23)
(c2,19)
(c4,87)
(c3,43)
(c5,55)
(c9,39)
(c6,36)
(c8,25)
(c7,86)
(c0,67)
(c1,70)
(d8,14)
(d9,81)
(d6,77)
(d1,96)
(d5,36)
(d2,77)
(d7,31)
(d4,79)
(e3,38)
(e7,30)
(e5,48)
(e0,22)
(e9,78)
(e6,46)
(e2,10)
(e8,100)
(f5,72)
(f8,71)
(f0,18)
(f1,18)
(f3,47)
(f2,40)
(f9,31)
(f7,59)
(f4,56)
(g4,34)
(g7,63)
(g8,44)
(g3,22)
(g6,93)
(g0,73)
(g9,55)
(g5,77)
(h8,79)
(h4,87)
(h7,93)
(h6,69)
(h5,19)
(h9,94)
(h2,85)
(h0,96)
(i8,46)
(i2,71)
(i6,94)
(i4,77)
(i1,50)
(i9,76)
(i5,36)
(j1,49)
(j0,94)
(j5,22)
(j7,72)
(j4,67)
(j8,60)
(j2,53)
(j6,49)
(k1,8)
(k5,34)
(k8,34)
(k7,78)
(k3,13)
(k0,82)
(k9,29)
(k2,35)
(k4,36)
(l2,67)
(l6,55)
(l1,10)
(l7,54)
(l8,88)
(l5,91)
(l9,78)
(l0,78)
(m2,40)
(m3,43)
(m6,66)
(m9,16)
(m0,93)
(m8,26)
(m7,92)
(n8,34)
(n6,76)
(n5,79)
(n9,4)
(n4,41)
(n1,42)
(o8,96)
(o2,53)
(o4,78)
(o3,66)
(o6,55)
(o9,53)
(o5,13)
(o0,93)
(p2,83)
(p4,10)
(p7,62)
(p5,71)
(p3,47)
(p6,11)
(q9,79)
(q4,0)
(q2,29)
(q3,34)
(q1,99)
(q0,5)
(q6,66)
(q5,59)
(q7,3)
(r8,19)
(r4,45)
(r3,8)
(r1,56)
(r7,47)
(r6,87)
(r5,41)
(r9,10)
(r0,55)
(r2,34)
(s5,59)
(s0,32)
(s1,69)
(s9,15)
(s3,37)
(s8,10)
(s6,63)
(s4,38)
(t1,71)
(t7,6)
(t2,11)
(t8,10)
(t4,37)
(t9,11)
(t0,60)
(t5,53)
(u9,22)
(u1,30)
(u7,90)
(u6,32)
(u5,31)
(u0,53)
(u2,97)
(u8,35)
(v9,62)
(v1,44)
(v3,99)
(v7,23)
(v6,98)
(v4,76)
(v0,59)
(v5,65)
(w8,60)
(w5,17)
(w4,48)
(w0,23)
(w1,73)
(w2,96)
(w7,3)
(w9,61)
(x5,40)
(x3,23)
(x1,2)
(x6,27)
(x7,43)
(x8,48)
(x4,1)
(x9,45)
(x2,91)
(y1,53)
(y0,60)
(y8,0)
(y3,20)
(y6,55)
(y4,96)
(y9,33)
(y7,77)
(y2,7)
(z0,7)
(z1,47)
(z7,16)
(z3,82)
(z6,89)
(z9,91)
[(t0,60)]
[(h6,87)]
[(h6,87)]
[(i8,46)]
(a5,84)
(a4,31)
(a8,58)
(a1,10)
(a2,5)
(a7,51)
(a3,99)
(a9,86)
(b8,46)
(b7,24)
(b1,64)
(b9,50)
(b5,10)
(b6,16)
(b2,57)
(b3,23)
(c2,19)
(c4,87)
(c3,43)
(c5,55)
(c9,39)
(c6,36)
(c8,25)
(c7,86)
(c0,67)
(c1,70)
(d8,14)
(d9,81)
(d6,77)
(d1,96)
(d5,36)
(d2,77)
(d7,31)
(d4,79)
(e3,38)
(e7,30)
(e5,48)
(e0,22)
(e9,78)
(e6,46)
(e2,10)
(e8,100)
(f5,72)
(f8,71)
(f0,18)
(f1,18)
(f3,47)
(f2,40)
(f9,31)
(f7,59)
(f4,56)
(g4,34)
(g7,63)
(g8,44)
(g3,22)
(g0,73)
(g9,55)
(g5,77)
(h8,79)
(h4,87)
(h7,93)
(h5,19)
(h9,94)
(h2,85)
(h0,96)
(i2,71)
(i6,94)
(i4,77)
(i1,50)
(i9,76)
(i5,36)
(j1,49)
(j0,94)
(j5,22)
(j7,72)
(j4,67)
(j8,60)
(j2,53)
(j6,49)
(k1,8)
(k5,34)
(k8,34)
(k7,78)
(k3,13)
(k0,82)
(k9,29)
(k2,35)
(k4,36)
(l2,67)
(l6,55)
(l1,10)
(l7,63)
(l8,88)
(l5,91)
(l9,78)
(l0,78)
(m2,40)
(m3,43)
(m6,66)
(m9,16)
(m0,93)
(m8,26)
(m7,92)
(n8,34)
(n6,76)
(n5,79)
(n9,4)
(n4,41)
(n1,42)
(o8,96)
(o2,53)
(o4,78)
(o3,66)
(o6,55)
(o9,53)
(o5,13)
(o0,93)
(p2,83)
(p4,10)
(p7,62)
(p5,71)
(p3,47)
(p6,11)
(q9,79)
(q4,0)
(q2,29)
(q3,34)
(q0,5)
(q6,66)
(q5,59)
(q7,3)
(r8,19)
(r4,45)
(r3,8)
(r1,56)
(r7,47)
(r6,87)
(r5,41)
(r9,10)
(r0,55)
(r2,34)
(s5,59)
(s0,32)
(s1,69)
(s9,15)
(s3,37)
(s8,10)
(s6,63)
(s4,38)
(t1,71)
(t7,6)
(t2,11)
(t8,10)
(t4,37)
(t9,11)
(t0,60)
(t5,53)
(u9,22)
(u1,30)
(u7,90)
(u6,32)
(u5,31)
(u0,53)
(u2,97)
(u8,35)
(v9,62)
(v1,44)
(v3,99)
(v7,23)
(v6,98)
(v4,76)
(v0,59)
(v5,65)
(w8,60)
(w5,17)
(w4,48)
(w0,23)
(w1,73)
(w2,96)
(w7,3)
(w9,61)
(x5,40)
(x3,23)
(x1,2)
(x6,27)
(x7,43)
(x8,48)
(x4,1)
(x9,45)
(x2,91)
(y1,53)
(y0,60)
(y8,0)
(y3,20)
(y6,55)
(y4,96)
(y9,33)
(y7,77)
(y2,7)
(z0,7)
(z1,47)
(z7,16)
(z3,82)
(z9,91)
[(a5,84)]
[(g7,17)]
[(g7,17)]
(a5,84)
(a4,31)
(a8,58)
(a1,10)
(a2,5)
(a7,51)
(a3,99)
(a9,86)
(b8,46)
(b7,24)
(b1,64)
(b9,50)
(b5,10)
(b6,16)
(b2,57)
(b3,23)
(c2,19)
(c4,87)
(c3,43)
(c5,55)
(c9,39)
(c6,36)
(c8,25)
(c7,86)
(c0,67)
(c1,70)
(d8,14)
(d9,81)
(d6,77)
(d1,96)
(d5,36)
(d2,77)
(d7,31)
(d4,79)
(e3,38)
(e7,30)
(e5,48)
(e0,22)
(e9,78)
(e6,46)
(e2,10)
(e8,100)
(f5,72)
(f8,71)
(f0,18)
(f1,18)
(f3,47)
(f2,40)
(f9,31)
(f7,59)
(f4,56)
(g4,34)
(g7,17)
(g8,44)
(g3,22)
(g0,73)
(g9,55)
(g5,77)
(h8,79)
(h7,93)
(h5,19)
(h9,94)
(h2,85)
(h0,96)
(i2,71)
(i6,94)
(i4,77)
(i1,50)
(i9,76)
(i5,36)
(j1,49)
(j0,94)
(j5,22)
(j7,72)
(j4,67)
(j8,60)
(j2,53)
(j6,49)
(k1,8)
(k5,34)
(k8,34)
(k7,78)
(k3,13)
(k0,82)
(k9,29)
(k2,35)
(k4,36)
(l4,15)
(l2,67)
(l6,55)
(l1,10)
(l8,88)
(l5,91)
(l9,78)
(l0,78)
(m2,40)
(m3,43)
(m6,66)
(m9,16)
(m0,93)
(m8,26)
(m7,92)
(n8,34)
(n6,76)
(n5,79)
(n9,4)
(n4,41)
(n1,42)
(o8,96)
(o2,53)
(o4,78)
(o3,66)
(o6,55)
(o9,53)
(o5,13)
(o0,93)
(p2,83)
(p4,10)
(p7,62)
(p5,71)
(p3,47)
(p6,11)
(q9,79)
(q4,0)
(q2,29)
(q3,34)
(q0,5)
(q5,59)
(q7,3)
(r8,19)
(r4,20)
(r3,8)
(r1,56)
(r7,47)
(r6,87)
(r5,41)
(r9,10)
(r0,55)
(r2,34)
(s5,59)
(s0,32)
(s1,69)
(s9,15)
(s3,37)
(s8,10)
(s6,63)
(s4,38)
(t1,71)
(t7,6)
(t2,11)
(t8,10)
(t4,37)
(t9,11)
(t5,53)
(u9,22)
(u1,30)
(u7,90)
(u6,32)
(u5,31)
(u0,53)
(u2,97)
(u8,35)
(v9,62)
(v1,44)
(v3,99)
(v7,23)
(v6,98)
(v4,76)
(v0,59)
(v5,65)
(w5,17)
(w4,88)
(w0,23)
(w1,73)
(w2,31)
(w7,3)
(w9,61)
(x5,24)
(x3,23)
(x1,2)
(x6,27)
(x7,43)
(x8,48)
(x4,1)
(x9,45)
(x2,91)
(y1,53)
(y0,60)
(y8,0)
(y3,20)
(y6,55)
(y4,96)
(y9,33)
(y7,77)
(y2,7)
(z0,7)
(z1,47)
(z7,16)
(z3,82)
(z9,91)
[(r4,20)]
[(t8,94)]
[(e4,26)]
Waiting...
Waiting...
[(m4,49)]
[(f1,KVSMISSING)]
[(q4,56)]
[(t9,22)]
[(r0,18)]
[(m7,49)]
[(w0,59)]
[(w2,24)]
(a1,3)
(a0,59)
(a2,4)
(a7,7)
(a6,67)
(a5,34)
(a9,29)
(a8,17)
(b0,4)
(b1,48)
(b4,85)
(b6,16)
(b9,30)
(b8,24)
(b2,60)
(b7,55)
(b5,17)
(b3,29)
(c4,59)
(c1,34)
(c2,84)
(c3,43)
(c9,41)
(c6,0)
(c8,34)
(c7,85)
(c0,5)
(d8,27)
(d3,11)
(d7,86)
(d9,45)
(d6,86)
(d5,13)
(d4,20)
(e3,74)
(e0,9)
(e6,41)
(e5,36)
(e8,51)
(e2,77)
(e1,72)
(f0,68)
(f5,26)
(f2,92)
(f9,65)
(f8,60)
(f3,47)
(f7,69)
(f4,41)
(g3,67)
(g4,100)
(g8,17)
(g6,55)
(g9,36)
(g1,13)
(g7,52)
(g2,89)
(h1,30)
(h4,61)
(h0,34)
(h5,86)
(h3,1)
(h6,51)
(h8,58)
(h7,22)
(h9,48)
(h2,36)
(i4,67)
(i5,27)
(i0,100)
(i2,35)
(i7,31)
(i6,6)
(i8,43)
(i1,18)
(i9,47)
(j9,20)
(j1,95)
(j0,88)
(j7,12)
(j4,25)
(j8,71)
(k1,29)
(k5,46)
(k6,70)
(k2,39)
(k8,78)
(k7,52)
(k9,73)
(k4,68)
(l0,69)
(l7,95)
(l8,88)
(l9,90)
(l3,94)
(l1,59)
(l5,1)
(m7,49)
(m2,74)
(m5,49)
(m4,49)
(m3,34)
(m9,59)
(m0,90)
(n3,14)
(n9,44)
(n4,60)
(n7,34)
(n2,41)
(n6,81)
(n0,51)
(n5,37)
(n1,26)
(n8,45)
(o0,56)
(o1,6)
(o5,32)
(o7,20)
(o9,97)
(o3,54)
(o4,6)
(o2,70)
(o6,89)
(p2,74)
(p6,41)
(p8,2)
(p3,74)
(p0,18)
(p9,61)
(p1,34)
(p7,40)
(p5,89)
(q9,78)
(q0,23)
(q4,56)
(q1,11)
(q8,92)
(q2,10)
(q5,8)
(r2,32)
(r3,22)
(r6,79)
(r4,68)
(r0,84)
(r5,41)
(s1,50)
(s0,73)
(s5,42)
(s9,48)
(s7,99)
(s4,94)
(t4,60)
(t7,63)
(t9,22)
(t6,32)
(t8,57)
(t0,70)
(t1,74)
(t2,18)
(t5,80)
(u7,48)
(u6,46)
(u1,34)
(u4,21)
(u5,5)
(u3,51)
(u9,78)
(v0,44)
(v2,61)
(v5,71)
(v8,72)
(v6,51)
(v4,86)
(w3,76)
(w7,75)
(w8,53)
(w6,55)
(w0,31)
(w2,24)
(w9,86)
(x9,66)
(x5,88)
(x8,41)
(x1,21)
(x3,54)
(x7,76)
(x6,51)
(x2,15)
(y5,52)
(y7,40)
(y6,85)
(y1,29)
(y8,75)
(y3,30)
(y4,88)
(y2,3)
(z4,86)
(z5,0)
(z8,49)
(z1,48)
(z3,23)
(z2,49)
(z0,2)
(z7,44)
