Waiting...
[(e8,82)]
[(l2,6)]
[(r2,KVSMISSING)]
[(r0,28)]
[(s5,12)]
[(f4,90)]
[(v4,99)]
(a5,10)
(a2,61)
(a3,17)
(a0,57)
(a9,65)
(a8,17)
(a4,74)
(b9,35)
(b2,16)
(b4,35)
(b7,75)
(b1,29)
(b6,27)
(b0,87)
(c9,4)
(c7,31)
(c6,11)
(c8,8)
(c3,74)
(c2,54)
(c4,84)
(c1,28)
(c5,12)
(c0,87)
(d0,28)
(d4,91)
(d7,9)
(d9,43)
(d6,39)
(e5,30)
(e3,0)
(e0,23)
(e7,94)
(e8,82)
(e6,100)
(e2,25)
(f7,97)
(f3,41)
(f1,69)
(f0,39)
(f8,9)
(f4,90)
(f5,94)
(g4,41)
(g5,13)
(g9,52)
(g2,63)
(h1,15)
(h0,40)
(h2,28)
(h6,58)
(h5,69)
(h4,100)
(h8,73)
(i2,27)
(i7,87)
(i5,46)
(i3,88)
(i1,17)
(i6,70)
(i8,81)
(i4,14)
(i0,55)
(j6,90)
(j8,94)
(j0,90)
(j3,96)
(j1,98)
(j5,4)
(k0,12)
(k6,34)
(k9,82)
(k4,69)
(k7,88)
(k2,81)
(k1,63)
(k5,82)
(l5,92)
(l4,49)
(l0,20)
(l8,32)
(l1,80)
(l2,6)
(l9,37)
(m4,65)
(m8,8)
(m5,26)
(m1,70)
(m7,32)
(m3,0)
(m9,66)
(n1,15)
(n0,42)
(n2,74)
(n7,28)
(n6,84)
(n9,62)
(n8,81)
(n4,35)
(o2,0)
(o3,74)
(o7,13)
(o5,56)
(o0,88)
(o6,51)
(o1,90)
(o4,32)
(o9,74)
(p2,53)
(p9,3)
(p4,81)
(p8,2)
(p1,30)
(p7,58)
(q8,90)
(q5,91)
(q6,40)
(q0,75)
(q1,74)
(q9,48)
(q4,28)
(r3,14)
(r8,62)
(r0,28)
(r1,57)
(r6,66)
(r7,23)
(r5,63)
(s5,12)
(s1,88)
(s2,43)
(s9,94)
(s3,70)
(s6,62)
(s4,51)
(t1,24)
(t8,84)
(t4,20)
(t2,57)
(t0,13)
(t9,14)
(t5,36)
(t7,86)
(u1,45)
(u3,31)
(u8,50)
(u6,36)
(u9,92)
(u7,43)
(u2,82)
(u4,5)
(u0,52)
(v2,71)
(v7,19)
(v9,65)
(v4,99)
(v3,69)
(v0,85)
(v5,100)
(v1,46)
(w6,37)
(w0,62)
(w4,74)
(w8,87)
(w1,7)
(w7,18)
(w9,17)
(x8,83)
(x6,34)
(x5,65)
(x0,83)
(x2,47)
(x1,88)
(x7,89)
(x3,35)
(y5,42)
(y6,62)
(y7,7)
(y9,98)
(y2,47)
(y3,50)
(y4,5)
(z2,26)
(z8,64)
(z6,61)
[(n2,74)]
[(h2,28)]
[(q3,KVSMISSING)]
[(g2,63)]
Waiting...
Waiting...
[(c9,35)]
(a7,29)
(a1,78)
(a5,30)
(a8,9)
(a3,32)
(a6,33)
(a0,84)
(a9,49)
(a4,76)
(b0,13)
(b3,4)
(b5,65)
(b4,26)
(b7,75)
(b1,82)
(b6,57)
(c3,12)
(c6,99)
(c2,45)
(c1,70)
(c0,43)
(c9,35)
(c7,31)
(c8,76)
(c4,2)
(c5,59)
(d5,79)
(d9,75)
(d1,74)
(d0,28)
(d4,14)
(d7,93)
(e9,0)
(e2,96)
(e4,92)
(e5,23)
(e0,35)
(e6,78)
(f0,32)
(f2,11)
(f9,45)
(f6,53)
(f7,93)
(f3,16)
(f1,100)
(f8,9)
(f4,47)
(f5,24)
(g6,60)
(g8,84)
(g1,11)
(g0,62)
(g3,20)
(g4,21)
(g5,14)
(g2,70)
(h2,67)
(h7,96)
(h5,45)
(h3,49)
(h9,5)
(h0,92)
(h4,100)
(h8,42)
(i8,80)
(i5,28)
(i9,4)
(i3,80)
(i2,17)
(i1,26)
(i6,46)
(i4,26)
(i0,51)
(j9,19)
(j7,79)
(j6,26)
(j8,66)
(j0,73)
(j3,30)
(j5,91)
(k5,45)
(k0,21)
(k3,73)
(k7,17)
(k8,71)
(k1,46)
(k6,14)
(k9,61)
(k4,78)
(l4,78)
(l6,36)
(l0,36)
(l8,6)
(l2,58)
(l9,28)
(m4,40)
(m2,44)
(m8,44)
(m1,34)
(m0,71)
(m7,90)
(m9,86)
(n3,52)
(n2,16)
(n4,34)
(n1,15)
(n7,17)
(n6,94)
(n9,98)
(n8,40)
(o8,38)
(o2,74)
(o5,91)
(o3,8)
(o0,47)
(o6,22)
(o4,77)
(p0,51)
(p2,78)
(p3,55)
(p5,1)
(p4,81)
(p1,88)
(q6,86)
(q3,75)
(q7,2)
(q2,64)
(q8,34)
(q0,7)
(q9,88)
(q4,13)
(r2,46)
(r7,74)
(r1,20)
(r9,91)
(r4,85)
(r8,14)
(r3,75)
(r5,83)
(s3,54)
(s2,86)
(s9,87)
(s7,24)
(s0,3)
(s5,76)
(s1,29)
(s6,88)
(t2,27)
(t8,60)
(t5,85)
(t3,2)
(t1,42)
(t4,90)
(t0,57)
(u8,91)
(u5,38)
(u1,81)
(u3,28)
(u6,45)
(u9,92)
(u2,82)
(u4,81)
(u0,17)
(v9,37)
(v7,70)
(v1,57)
(v5,19)
(v4,93)
(v2,39)
(v3,82)
(v0,66)
(w3,25)
(w1,35)
(w5,9)
(w6,37)
(w0,77)
(w7,51)
(x5,91)
(x8,79)
(x7,79)
(x4,57)
(x2,96)
(x1,99)
(y0,20)
(y5,42)
(y7,8)
(y9,50)
(y3,12)
(y4,4)
(z2,8)
(z8,81)
(z9,78)
(z4,22)
(z7,90)
[(f4,47)]
[(d2,12)]
Waiting...
[(h9,5)]
[(p6,82)]
[(e8,KVSERROR)]
[(l1,7)]
[(g9,7)]
(a7,29)
(a1,1)
(a5,30)
(a8,9)
(a3,32)
(a6,33)
(a0,84)
(a9,49)
(b8,21)
(b0,13)
(b3,4)
(b5,65)
(b4,26)
(b7,75)
(b1,82)
(c3,12)
(c6,99)
(c2,52)
(c1,70)
(c0,43)
(c9,35)
(c7,31)
(c8,49)
(c4,2)
(c5,59)
(d2,91)
(d9,75)
(d1,74)
(d0,99)
(d4,80)
(e3,83)
(e9,0)
(e2,96)
(e4,92)
(e5,75)
(e0,35)
(e6,78)
(f3,68)
(f0,21)
(f2,11)
(f9,8)
(f6,53)
(f7,93)
(f1,65)
(f8,9)
(f5,24)
(g9,7)
(g6,43)
(g8,84)
(g1,28)
(g0,62)
(g3,20)
(g4,21)
(g5,14)
(g2,70)
(h2,56)
(h7,91)
(h5,45)
(h3,49)
(h9,5)
(h4,100)
(h8,42)
(i7,49)
(i5,49)
(i8,95)
(i9,4)
(i3,80)
(i2,17)
(i1,26)
(i6,46)
(i4,73)
(i0,51)
(j1,79)
(j4,23)
(j9,19)
(j7,27)
(j8,66)
(j0,73)
(j5,91)
(k2,77)
(k5,45)
(k0,21)
(k3,73)
(k8,71)
(k1,46)
(k9,61)
(k4,78)
(l5,7)
(l1,7)
(l7,78)
(l4,78)
(l6,63)
(l0,36)
(l8,6)
(l2,58)
(l9,28)
(m6,54)
(m4,40)
(m1,34)
(m0,71)
(m7,90)
(m9,86)
(n3,52)
(n2,16)
(n1,15)
(n7,17)
(n9,98)
(n8,23)
(o1,65)
(o7,87)
(o8,38)
(o5,91)
(o0,47)
(o6,22)
(o4,77)
(p6,82)
(p0,51)
(p3,54)
(p5,19)
(p4,81)
(p1,88)
(q6,86)
(q3,75)
(q7,2)
(q2,56)
(q8,34)
(q9,88)
(q4,24)
(r0,89)
(r2,46)
(r7,74)
(r1,20)
(r9,91)
(r4,85)
(r8,14)
(r3,75)
(r5,83)
(s4,40)
(s3,54)
(s9,87)
(s7,24)
(s5,76)
(s1,45)
(s6,87)
(t9,77)
(t2,27)
(t8,60)
(t5,85)
(t3,2)
(t1,42)
(t4,90)
(t0,9)
(u5,38)
(u1,81)
(u3,28)
(u6,87)
(u9,92)
(u2,82)
(u4,81)
(v8,60)
(v9,11)
(v7,70)
(v1,57)
(v5,19)
(v2,39)
(v3,83)
(v0,72)
(w2,76)
(w3,25)
(w5,9)
(w6,37)
(w0,77)
(w7,51)
(x8,54)
(x7,79)
(x4,57)
(x2,96)
(x1,12)
(y0,53)
(y5,53)
(y7,8)
(y3,12)
(y4,10)
(z0,30)
(z5,16)
(z2,8)
(z8,23)
(z9,78)
(z4,22)
(a7,29)
(a1,1)
(a5,30)
(a8,9)
(a3,32)
(a6,33)
(a0,84)
(a9,49)
(b8,21)
(b0,13)
(b3,4)
(b5,65)
(b4,26)
(b7,75)
(b1,82)
(c3,12)
(c6,99)
(c2,52)
(c1,70)
(c0,43)
(c9,35)
(c7,31)
(c8,49)
(c4,2)
(c5,59)
(d2,91)
(d9,75)
(d1,74)
(d4,80)
(e3,83)
(e9,0)
(e2,96)
(e4,92)
(e5,75)
(e0,95)
(e6,78)
(f3,68)
(f0,21)
(f2,11)
(f9,8)
(f6,53)
(f7,93)
(f1,65)
(f8,9)
(f5,24)
(g9,7)
(g6,43)
(g8,84)
(g1,28)
(g0,62)
(g3,20)
(g4,21)
(g5,14)
(g2,70)
(h6,25)
(h2,56)
(h7,91)
(h5,45)
(h3,14)
(h9,5)
(h4,100)
(h8,42)
(i7,49)
(i5,49)
(i8,95)
(i9,4)
(i3,80)
(i2,17)
(i1,26)
(i6,46)
(i4,73)
(i0,51)
(j1,79)
(j4,23)
(j9,19)
(j7,27)
(j8,66)
(j0,73)
(j5,91)
(k2,77)
(k5,45)
(k0,21)
(k3,73)
(k8,71)
(k1,46)
(k9,61)
(k4,78)
(l5,7)
(l1,7)
(l7,78)
(l4,78)
(l6,63)
(l0,36)
(l8,6)
(l2,58)
(l9,28)
(m4,40)
(m1,34)
(m0,71)
(m7,90)
(m9,86)
(n3,52)
(n2,16)
(n1,15)
(n7,17)
(n9,98)
(n8,23)
(o1,65)
(o7,87)
(o8,38)
(o5,91)
(o0,47)
(o6,22)
(o4,77)
(p6,82)
(p0,90)
(p3,54)
(p5,19)
(p4,81)
(p1,88)
(q6,86)
(q3,75)
(q7,2)
(q2,56)
(q8,34)
(q9,88)
(q4,24)
(r0,89)
(r2,46)
(r7,74)
(r1,20)
(r9,91)
(r4,85)
(r8,14)
(r3,75)
(r5,10)
(s4,40)
(s3,54)
(s9,87)
(s7,24)
(s5,76)
(s1,45)
(s6,87)
(t9,77)
(t2,37)
(t8,60)
(t5,85)
(t3,2)
(t1,66)
(t4,90)
(t0,9)
(u5,38)
(u1,81)
(u3,28)
(u6,87)
(u9,92)
(u2,82)
(u4,81)
(v8,60)
(v9,11)
(v7,70)
(v1,23)
(v5,19)
(v2,39)
(v3,83)
(v0,72)
(w2,76)
(w3,25)
(w5,9)
(w6,37)
(w0,77)
(w7,51)
(x8,54)
(x7,79)
(x4,57)
(x2,96)
(x1,12)
(y0,53)
(y5,53)
(y7,8)
(y3,12)
(y4,10)
(z0,30)
(z5,16)
(z2,8)
(z8,23)
(z9,78)
(z4,22)
(a7,29)
(a1,1)
(a5,30)
(a8,9)
(a3,32)
(a6,33)
(a0,84)
(a9,49)
(b8,21)
(b0,13)
(b3,4)
(b5,65)
(b4,26)
(b7,75)
(b1,82)
(c3,12)
(c6,99)
(c2,52)
(c1,70)
(c0,43)
(c9,35)
(c7,31)
(c8,49)
(c4,2)
(c5,59)
(d2,91)
(d9,75)
(d1,74)
(d4,80)
(e3,83)
(e9,0)
(e2,96)
(e4,92)
(e5,75)
(e0,95)
(e6,78)
(f3,68)
(f0,21)
(f2,11)
(f9,8)
(f6,53)
(f7,93)
(f1,65)
(f8,9)
(f5,24)
(g9,7)
(g6,43)
(g8,84)
(g1,28)
(g0,62)
(g3,20)
(g4,21)
(g5,14)
(g2,70)
(h6,25)
(h2,56)
(h7,91)
(h5,45)
(h3,14)
(h9,5)
(h4,100)
(h8,42)
(i7,49)
(i5,49)
(i8,95)
(i9,4)
(i3,80)
(i2,17)
(i1,26)
(i6,46)
(i4,73)
(i0,51)
(j1,79)
(j4,23)
(j9,19)
(j7,27)
(j8,66)
(j0,73)
(j5,91)
(k2,77)
(k5,45)
(k0,21)
(k3,73)
(k8,71)
(k1,46)
(k9,61)
(k4,78)
(l5,7)
(l1,7)
(l7,78)
(l4,78)
(l6,63)
(l0,36)
(l8,6)
(l2,58)
(l9,28)
(m4,40)
(m1,34)
(m0,71)
(m7,90)
(m9,86)
(n3,52)
(n2,16)
(n1,15)
(n7,17)
(n9,98)
(n8,23)
(o1,65)
(o7,87)
(o8,38)
(o5,91)
(o0,47)
(o6,22)
(o4,77)
(p6,82)
(p0,90)
(p3,54)
(p5,19)
(p4,81)
(p1,88)
(q6,86)
(q3,75)
(q7,2)
(q2,56)
(q8,34)
(q9,88)
(q4,24)
(r0,89)
(r2,46)
(r7,74)
(r1,20)
(r9,91)
(r4,85)
(r8,14)
(r3,75)
(r5,10)
(s4,40)
(s3,54)
(s9,87)
(s7,24)
(s5,76)
(s1,45)
(s6,87)
(t9,77)
(t2,37)
(t8,60)
(t5,85)
(t3,2)
(t1,66)
(t4,90)
(t0,9)
(u5,38)
(u1,81)
(u3,28)
(u6,87)
(u9,92)
(u2,82)
(u4,81)
(v8,60)
(v9,11)
(v7,70)
(v1,23)
(v5,19)
(v2,39)
(v3,83)
(v0,72)
(w2,76)
(w3,25)
(w5,9)
(w6,37)
(w0,77)
(w7,51)
(x8,54)
(x7,79)
(x4,57)
(x2,96)
(x1,12)
(y0,53)
(y5,53)
(y7,8)
(y3,12)
(y4,10)
(z0,30)
(z5,16)
(z2,8)
(z8,23)
(z9,78)
(z4,22)
[(h2,56)]
[(b8,21)]
[(j7,27)]
(a7,29)
(a1,1)
(a5,9)
(a8,9)
(a3,32)
(a6,20)
(a0,84)
(a9,53)
(b8,21)
(b0,13)
(b3,4)
(b5,65)
(b4,26)
(b7,75)
(b1,82)
(c3,12)
(c6,99)
(c2,52)
(c1,70)
(c0,43)
(c9,35)
(c7,31)
(c8,49)
(c4,2)
(c5,59)
(d2,91)
(d9,12)
(d1,74)
(d4,80)
(e3,83)
(e9,68)
(e2,96)
(e4,92)
(e5,75)
(e0,95)
(e6,78)
(f3,68)
(f0,21)
(f9,8)
(f6,53)
(f7,93)
(f1,65)
(f8,64)
(f5,24)
(g7,74)
(g9,7)
(g6,43)
(g8,84)
(g1,28)
(g0,62)
(g3,20)
(g4,48)
(g5,14)
(g2,70)
(h6,25)
(h2,56)
(h7,91)
(h5,45)
(h3,14)
(h9,5)
(h4,100)
(h8,42)
(i7,49)
(i5,49)
(i8,95)
(i9,4)
(i3,80)
(i2,17)
(i1,26)
(i6,46)
(i4,73)
(i0,51)
(j1,79)
(j9,19)
(j7,27)
(j8,66)
(j0,73)
(j5,91)
(k2,77)
(k5,45)
(k0,21)
(k3,73)
(k8,71)
(k1,46)
(k9,61)
(k4,1)
(l5,7)
(l1,7)
(l7,78)
(l4,33)
(l6,63)
(l0,36)
(l8,6)
(l2,58)
(l9,28)
(m5,9)
(m6,72)
(m4,40)
(m1,34)
(m0,71)
(m7,90)
(m9,86)
(n3,52)
(n2,16)
(n1,15)
(n7,17)
(n9,98)
(n8,23)
(o1,65)
(o7,87)
(o8,38)
(o5,91)
(o0,47)
(o6,22)
(o4,77)
(p6,82)
(p0,90)
(p3,54)
(p5,19)
(p4,81)
(p1,88)
(q6,86)
(q3,75)
(q7,2)
(q2,56)
(q8,34)
(q9,88)
(q4,24)
(r6,14)
(r0,89)
(r2,46)
(r7,74)
(r1,20)
(r9,91)
(r4,85)
(r8,37)
(r3,75)
(r5,10)
(s0,55)
(s4,40)
(s3,54)
(s9,87)
(s7,24)
(s5,76)
(s1,45)
(s6,87)
(t7,18)
(t9,77)
(t2,37)
(t8,60)
(t5,85)
(t3,2)
(t1,66)
(t4,90)
(t0,9)
(u5,38)
(u1,81)
(u3,28)
(u6,87)
(u9,92)
(u2,82)
(u4,81)
(v4,29)
(v8,60)
(v9,11)
(v7,70)
(v1,23)
(v5,19)
(v2,39)
(v3,83)
(v0,72)
(w2,76)
(w3,25)
(w5,51)
(w6,37)
(w0,77)
(w7,51)
(x8,54)
(x7,79)
(x4,57)
(x2,96)
(x1,12)
(y0,53)
(y5,53)
(y7,8)
(y3,12)
(y4,10)
(z0,30)
(z5,16)
(z2,8)
(z8,23)
(z9,78)
(z4,22)
