(a6,40)
(a7,73)
(a0,38)
(a9,3)
(a3,13)
(a8,53)
(a4,76)
(b3,73)
(b7,31)
(b2,27)
(b8,3)
(b9,3)
(b0,41)
(b4,76)
(c8,76)
(c3,49)
(c6,24)
(c4,54)
(c9,61)
(c1,20)
(c5,60)
(c2,86)
(c0,17)
(c7,37)
(d7,20)
(d4,11)
(d8,30)
(d9,93)
(d1,67)
(d6,27)
(d0,73)
(d5,6)
(e2,8)
(e7,20)
(e3,16)
(e4,3)
(e8,97)
(e5,38)
(e1,90)
(e0,83)
(e9,24)
(f2,8)
(f1,2)
(f0,27)
(f3,21)
(f5,67)
(f7,53)
(f4,26)
(f8,36)
(f6,17)
(g6,14)
(g9,64)
(g4,72)
(g8,18)
(g5,79)
(g3,26)
(g1,28)
(g0,13)
(g2,25)
(g7,23)
(h0,2)
(h7,12)
(h8,60)
(h4,5)
(h3,97)
(h6,100)
(h1,85)
(h5,12)
(h2,12)
(i6,76)
(i9,8)
(i4,9)
(i7,78)
(i8,38)
(i0,19)
(i2,88)
(i5,56)
(i3,29)
(i1,70)
(j7,10)
(j4,17)
(j2,93)
(j3,21)
(j6,9)
(j9,21)
(j5,45)
(j0,86)
(k5,79)
(k4,35)
(k0,62)
(k9,90)
(k2,0)
(k7,3)
(l6,78)
(l0,49)
(l5,80)
(l4,46)
(l9,88)
(l3,63)
(l2,41)
(l7,34)
(m7,17)
(m8,39)
(m5,27)
(m3,85)
(m0,97)
(m9,54)
(m2,56)
(m4,3)
(n4,67)
(n8,29)
(n9,75)
(n0,41)
(n2,14)
(n1,5)
(n6,14)
(o8,71)
(o9,5)
(o0,58)
(o7,96)
(o5,96)
(o3,89)
(o2,46)
(p6,77)
(p4,67)
(p0,1)
(p5,95)
(p2,24)
(p1,36)
(p9,37)
(p7,99)
(q3,81)
(q2,26)
(q5,4)
(q9,75)
(q1,93)
(q0,25)
(q6,46)
(q7,14)
(q4,61)
(r2,35)
(r0,27)
(r1,37)
(r6,9)
(r7,12)
(r8,36)
(r9,26)
(r5,46)
(r3,96)
(r4,42)
(s1,7)
(s8,29)
(s0,10)
(s5,26)
(s2,47)
(s6,93)
(s4,95)
(s9,19)
(t8,21)
(t3,63)
(t6,58)
(t0,28)
(t5,12)
(t4,65)
(t7,52)
(u6,51)
(u7,77)
(u3,10)
(u8,47)
(u2,87)
(u9,39)
(u5,85)
(u4,6)
(u0,78)
(v6,35)
(v2,19)
(v8,66)
(v0,26)
(v7,92)
(v5,80)
(v4,67)
(v1,31)
(w1,40)
(w7,66)
(w2,72)
(w9,73)
(w5,94)
(w6,43)
(x4,47)
(x0,19)
(x8,59)
(x5,7)
(x1,47)
(x7,64)
(x9,59)
(x3,6)
(x6,26)
(x2,4)
(y2,41)
(y1,10)
(y6,66)
(y0,4)
(y3,0)
(y9,31)
(y7,19)
(y4,16)
(y8,33)
(z6,65)
(z3,74)
(z8,72)
(z5,89)
(z9,5)
(z2,15)
(z7,23)
(z0,60)
(z4,42)
Waiting...
Waiting...
(a3,17)
(a0,54)
(a9,53)
(a6,70)
(a1,12)
(a8,3)
(a4,74)
(b5,69)
(b9,12)
(b4,87)
(b7,18)
(b1,29)
(b6,53)
(b8,50)
(b0,87)
(c6,72)
(c8,16)
(c9,13)
(c3,9)
(c2,54)
(c4,49)
(c1,65)
(c5,12)
(c0,57)
(d0,28)
(d3,33)
(d1,83)
(d4,67)
(d2,15)
(d7,9)
(d9,77)
(d6,43)
(e0,98)
(e7,53)
(e8,82)
(e1,38)
(e6,100)
(e2,93)
(f2,85)
(f0,39)
(f8,9)
(f4,65)
(f9,51)
(f3,60)
(f5,94)
(g3,95)
(g2,4)
(h2,28)
(h6,30)
(h3,15)
(h5,69)
(h4,43)
(h8,68)
(h9,100)
(h1,11)
(i5,46)
(i3,59)
(i1,17)
(i6,96)
(i8,62)
(i4,99)
(i0,97)
(i2,93)
(j6,7)
(j8,81)
(j0,20)
(j3,18)
(j2,45)
(j1,98)
(j7,65)
(j5,60)
(k3,16)
(k7,73)
(k6,43)
(k2,94)
(k1,63)
(k5,86)
(k0,49)
(l8,69)
(l6,76)
(l7,96)
(l1,66)
(l2,6)
(l3,97)
(l9,84)
(m1,70)
(m7,32)
(m3,97)
(m9,66)
(n0,86)
(n2,94)
(n5,88)
(n1,30)
(n7,28)
(n6,84)
(n9,62)
(n8,81)
(n4,18)
(o5,4)
(o0,68)
(o6,51)
(o1,82)
(o4,32)
(o8,93)
(o9,7)
(o2,1)
(p6,80)
(p2,53)
(p3,12)
(p9,56)
(p4,1)
(p8,2)
(p1,30)
(p7,66)
(q6,40)
(q0,65)
(q2,63)
(q1,74)
(q5,83)
(q9,57)
(q3,69)
(q4,28)
(r6,4)
(r7,23)
(r8,73)
(r5,61)
(r4,17)
(s9,37)
(s7,89)
(s0,16)
(s3,70)
(s6,17)
(s4,10)
(t6,33)
(t8,15)
(t4,20)
(t2,57)
(t0,13)
(t9,14)
(t1,6)
(t3,65)
(t5,36)
(t7,0)
(u5,64)
(u7,39)
(u1,57)
(u8,93)
(u2,82)
(u4,5)
(u0,82)
(v7,19)
(v9,21)
(v2,92)
(v4,67)
(v3,69)
(v6,6)
(v8,11)
(v0,85)
(v5,69)
(v1,46)
(w0,95)
(w3,80)
(w4,26)
(w8,25)
(w1,7)
(w2,13)
(w5,85)
(w7,11)
(w9,55)
(x2,49)
(x4,28)
(x6,4)
(x9,35)
(x0,16)
(x1,34)
(x7,75)
(x3,65)
(y5,34)
(y6,60)
(y7,71)
(y9,21)
(y2,47)
(y3,3)
(y4,5)
(y8,65)
(z4,31)
(z1,41)
(z9,35)
(z8,72)
(z0,27)
(z6,61)
(a3,17)
(a0,54)
(a9,39)
(a6,70)
(a1,12)
(a8,3)
(a4,74)
(b5,69)
(b9,65)
(b4,87)
(b7,18)
(b1,29)
(b6,53)
(b8,50)
(b0,87)
(c6,72)
(c8,16)
(c9,13)
(c3,9)
(c2,54)
(c4,49)
(c1,65)
(c5,12)
(c0,57)
(d0,28)
(d3,33)
(d1,83)
(d4,67)
(d2,15)
(d7,9)
(d9,77)
(d6,43)
(e0,98)
(e7,53)
(e8,82)
(e1,38)
(e6,100)
(e2,93)
(f2,85)
(f0,39)
(f8,9)
(f4,65)
(f9,51)
(f3,60)
(f5,94)
(g3,95)
(g2,4)
(h2,28)
(h6,30)
(h3,15)
(h5,69)
(h4,43)
(h8,86)
(h9,100)
(h1,11)
(i5,46)
(i3,59)
(i1,17)
(i6,96)
(i8,62)
(i4,99)
(i0,97)
(i2,93)
(j6,7)
(j8,81)
(j0,20)
(j3,18)
(j2,45)
(j1,98)
(j7,65)
(j5,60)
(k3,16)
(k7,43)
(k6,43)
(k2,94)
(k1,63)
(k5,86)
(k0,49)
(l0,57)
(l8,69)
(l6,76)
(l7,96)
(l1,66)
(l2,6)
(l3,97)
(l9,37)
(m1,70)
(m7,32)
(m3,97)
(m9,66)
(n0,86)
(n2,28)
(n5,88)
(n1,30)
(n7,28)
(n6,84)
(n9,62)
(n8,81)
(n4,18)
(o5,4)
(o0,68)
(o6,51)
(o1,82)
(o4,32)
(o8,93)
(o9,7)
(o2,1)
(p6,80)
(p2,53)
(p3,12)
(p9,56)
(p4,81)
(p8,2)
(p1,30)
(p7,66)
(q6,40)
(q0,65)
(q2,63)
(q1,74)
(q5,83)
(q9,57)
(q3,69)
(q4,28)
(r6,4)
(r7,23)
(r8,73)
(r5,61)
(r4,17)
(s2,22)
(s9,37)
(s7,89)
(s0,16)
(s3,70)
(s6,17)
(s4,10)
(t6,33)
(t8,15)
(t4,20)
(t2,57)
(t0,13)
(t9,14)
(t1,6)
(t3,65)
(t5,36)
(t7,0)
(u5,64)
(u7,39)
(u1,57)
(u8,93)
(u2,82)
(u4,5)
(u0,82)
(v7,19)
(v9,21)
(v2,92)
(v4,67)
(v3,69)
(v6,6)
(v8,11)
(v0,85)
(v5,69)
(v1,46)
(w0,95)
(w3,80)
(w4,26)
(w8,25)
(w1,7)
(w2,13)
(w5,85)
(w7,18)
(w9,55)
(x2,49)
(x4,28)
(x6,4)
(x9,35)
(x1,88)
(x7,93)
(x3,65)
(y5,34)
(y6,60)
(y7,71)
(y9,21)
(y2,47)
(y3,3)
(y4,5)
(y8,65)
(z4,31)
(z1,41)
(z9,36)
(z8,90)
(z0,27)
(z6,61)
(a3,17)
(a0,54)
(a9,39)
(a6,70)
(a1,12)
(a8,3)
(a4,74)
(b5,69)
(b9,65)
(b4,87)
(b7,18)
(b1,29)
(b6,53)
(b8,50)
(b0,87)
(c6,72)
(c8,16)
(c9,13)
(c3,9)
(c2,54)
(c4,49)
(c1,65)
(c5,12)
(c0,57)
(d0,28)
(d3,33)
(d1,83)
(d4,67)
(d2,15)
(d7,9)
(d9,77)
(d6,43)
(e0,98)
(e7,53)
(e8,82)
(e1,38)
(e6,100)
(e2,93)
(f2,85)
(f0,39)
(f8,9)
(f4,65)
(f9,51)
(f3,60)
(f5,94)
(g3,95)
(g2,4)
(h2,28)
(h6,30)
(h3,15)
(h5,69)
(h4,43)
(h8,86)
(h9,100)
(h1,11)
(i5,46)
(i3,59)
(i1,17)
(i6,96)
(i8,62)
(i4,99)
(i0,97)
(i2,93)
(j6,7)
(j8,81)
(j0,20)
(j3,18)
(j2,45)
(j1,98)
(j7,65)
(j5,60)
(k3,16)
(k7,43)
(k6,43)
(k2,94)
(k1,63)
(k5,86)
(k0,49)
(l0,57)
(l8,69)
(l6,76)
(l7,96)
(l1,66)
(l2,6)
(l3,97)
(l9,37)
(m1,70)
(m7,32)
(m3,97)
(m9,66)
(n0,86)
(n2,28)
(n5,88)
(n1,30)
(n7,28)
(n6,84)
(n9,62)
(n8,81)
(n4,18)
(o5,4)
(o0,68)
(o6,51)
(o1,82)
(o4,32)
(o8,93)
(o9,7)
(o2,1)
(p6,80)
(p2,53)
(p3,12)
(p9,56)
(p4,81)
(p8,2)
(p1,30)
(p7,66)
(q6,40)
(q0,65)
(q2,63)
(q1,74)
(q5,83)
(q9,57)
(q3,69)
(q4,28)
(r6,4)
(r7,23)
(r8,73)
(r5,61)
(r4,17)
(s2,22)
(s9,37)
(s7,89)
(s0,16)
(s3,70)
(s6,17)
(s4,10)
(t6,33)
(t8,15)
(t4,20)
(t2,57)
(t0,13)
(t9,14)
(t1,6)
(t3,65)
(t5,36)
(t7,0)
(u5,64)
(u7,39)
(u1,57)
(u8,93)
(u2,82)
(u4,5)
(u0,82)
(v7,19)
(v9,21)
(v2,92)
(v4,67)
(v3,69)
(v6,6)
(v8,11)
(v0,85)
(v5,69)
(v1,46)
(w0,95)
(w3,80)
(w4,26)
(w8,25)
(w1,7)
(w2,13)
(w5,85)
(w7,18)
(w9,55)
(x2,49)
(x4,28)
(x6,4)
(x9,35)
(x1,88)
(x7,93)
(x3,65)
(y5,34)
(y6,60)
(y7,71)
(y9,21)
(y2,47)
(y3,3)
(y4,5)
(y8,65)
(z4,31)
(z1,41)
(z9,36)
(z8,90)
(z0,27)
(z6,61)
[(i5,46)]
[(n1,30)]
Waiting...
[(i5,KVSMISSING)]
[(d3,KVSERROR)]
[(l9,67)]
[(w5,3)]
[(u9,92)]
[(j3,30)]
[(w6,37)]
[(e0,35)]
