[(c9,95)]
Waiting...
[(o2,60)]
[(c9,91)]
(a7,10)
(a0,38)
(a9,3)
(a3,17)
(a8,53)
(a4,76)
(a6,90)
(a1,88)
(b1,73)
(b7,31)
(b2,87)
(b8,55)
(b9,50)
(b0,41)
(b4,51)
(b5,96)
(c3,49)
(c6,24)
(c4,54)
(c9,91)
(c1,90)
(c5,1)
(c2,86)
(c0,37)
(c7,37)
(d7,20)
(d4,31)
(d8,30)
(d9,25)
(d1,67)
(d2,50)
(d6,27)
(d0,49)
(d5,6)
(e8,97)
(e5,38)
(e1,90)
(e0,83)
(e9,24)
(f1,24)
(f0,51)
(f3,21)
(f5,67)
(f9,93)
(f7,59)
(f4,26)
(f8,36)
(f6,17)
(g6,80)
(g9,83)
(g4,72)
(g8,18)
(g5,79)
(g3,62)
(g1,20)
(g0,54)
(g2,25)
(g7,23)
(h0,2)
(h7,12)
(h8,60)
(h4,5)
(h3,97)
(h6,100)
(h1,85)
(h5,12)
(h2,12)
(i9,19)
(i4,9)
(i7,78)
(i8,78)
(i0,19)
(i2,88)
(i5,20)
(i3,29)
(i1,70)
(j7,10)
(j4,96)
(j2,93)
(j3,21)
(j6,9)
(j9,47)
(j8,9)
(j5,45)
(j0,86)
(k5,94)
(k4,35)
(k3,30)
(k0,62)
(k9,90)
(k2,0)
(k8,95)
(k7,3)
(k1,3)
(l8,19)
(l6,78)
(l0,49)
(l5,80)
(l4,27)
(l9,88)
(l3,63)
(l2,79)
(l7,42)
(m7,50)
(m8,39)
(m6,73)
(m5,27)
(m3,85)
(m0,97)
(m9,54)
(m2,82)
(m4,26)
(n8,10)
(n9,75)
(n0,57)
(n5,78)
(n2,14)
(n1,85)
(n6,88)
(o8,80)
(o9,5)
(o0,58)
(o7,57)
(o5,96)
(o3,88)
(o2,60)
(p4,36)
(p0,15)
(p5,95)
(p8,38)
(p2,47)
(p1,36)
(p9,37)
(p3,35)
(p7,99)
(q3,81)
(q2,38)
(q5,4)
(q9,75)
(q1,93)
(q0,25)
(q6,98)
(q7,46)
(q4,33)
(q8,56)
(r2,35)
(r0,27)
(r1,37)
(r6,9)
(r7,12)
(r8,33)
(r9,26)
(r5,46)
(r3,96)
(r4,64)
(s5,26)
(s2,38)
(s6,93)
(s4,95)
(s9,19)
(t3,63)
(t6,23)
(t0,28)
(t5,12)
(t4,16)
(t7,52)
(u7,77)
(u3,10)
(u8,47)
(u2,50)
(u9,16)
(u5,85)
(u4,22)
(u0,30)
(v2,68)
(v8,66)
(v0,26)
(v7,92)
(v5,80)
(v4,67)
(v1,31)
(w7,92)
(w2,72)
(w9,73)
(w5,64)
(w8,63)
(w6,94)
(x8,59)
(x5,30)
(x1,33)
(x7,64)
(x9,59)
(x3,6)
(x6,3)
(x2,4)
(y6,66)
(y0,100)
(y5,43)
(y3,0)
(y9,31)
(y7,92)
(y4,16)
(y8,33)
(z3,74)
(z8,72)
(z5,30)
(z9,5)
(z2,15)
(z7,69)
(z0,60)
(z4,85)
[(p5,95)]
[(z6,19)]
Waiting...
[(b1,KVSMISSING)]
(a6,54)
(a5,9)
(a9,52)
(a1,18)
(a7,42)
(a0,71)
(a8,3)
(a4,74)
(b8,99)
(b3,67)
(b4,89)
(c7,18)
(c8,46)
(c3,57)
(c4,50)
(c1,65)
(c5,90)
(c0,9)
(d1,53)
(d4,75)
(d5,57)
(d2,50)
(d0,25)
(d7,9)
(d8,90)
(d9,77)
(d6,22)
(e8,82)
(e9,39)
(e4,92)
(e1,38)
(e6,56)
(e2,56)
(e7,37)
(e3,94)
(e5,48)
(e0,48)
(f0,4)
(f7,5)
(f9,51)
(f2,39)
(f3,60)
(f5,11)
(f8,27)
(f6,45)
(g7,28)
(g9,73)
(g1,98)
(g4,0)
(g0,93)
(g8,39)
(g5,41)
(g3,95)
(g2,77)
(h2,53)
(h3,15)
(h5,38)
(h4,11)
(h8,50)
(h9,100)
(h0,55)
(h7,97)
(h1,7)
(i3,43)
(i8,85)
(i4,83)
(i7,91)
(i9,76)
(i0,76)
(i2,15)
(i5,23)
(i1,40)
(j8,81)
(j2,36)
(j1,46)
(j3,85)
(j7,30)
(j5,61)
(j4,15)
(j9,31)
(k9,68)
(k2,97)
(k1,30)
(k3,6)
(k8,85)
(k5,86)
(k0,49)
(l1,83)
(l4,48)
(l2,4)
(l7,72)
(m2,40)
(m0,90)
(m7,54)
(m8,73)
(m1,46)
(m6,19)
(m4,99)
(n2,96)
(n0,10)
(n1,70)
(n5,73)
(n6,36)
(n9,74)
(n8,81)
(n3,64)
(n4,67)
(o6,65)
(o0,70)
(o1,35)
(o4,96)
(o8,94)
(o9,34)
(o5,34)
(o2,76)
(p2,53)
(p3,44)
(p9,86)
(p0,46)
(p4,75)
(p8,2)
(p6,50)
(p5,45)
(p1,62)
(p7,63)
(q7,5)
(q1,83)
(q5,36)
(q6,37)
(q9,13)
(q3,69)
(q8,26)
(q2,28)
(q4,39)
(r2,91)
(r1,78)
(r9,36)
(r6,33)
(r7,26)
(r8,15)
(r5,28)
(r3,65)
(r4,17)
(s9,4)
(s3,95)
(s1,43)
(s7,24)
(s8,88)
(s5,74)
(s2,39)
(s6,17)
(s4,96)
(t2,6)
(t6,97)
(t9,73)
(t1,30)
(t8,73)
(t3,83)
(t5,60)
(t7,37)
(u9,15)
(u7,66)
(u1,57)
(u3,81)
(u8,96)
(u2,91)
(u4,28)
(u0,70)
(v2,100)
(v9,83)
(v4,20)
(v3,87)
(v6,78)
(v8,11)
(v0,32)
(v5,69)
(v1,46)
(w1,5)
(w7,45)
(w5,27)
(w8,45)
(w6,21)
(w4,12)
(w3,97)
(w2,80)
(w9,55)
(x6,8)
(x9,65)
(x0,75)
(x4,39)
(x8,8)
(x1,36)
(x7,38)
(x3,65)
(y5,81)
(y2,21)
(y3,47)
(y7,42)
(y4,5)
(y8,30)
(z2,43)
(z4,57)
(z9,79)
(z0,89)
(z6,45)
(z3,82)
(z5,29)
(z7,18)
[(l2,KVSMISSING)]
Waiting...
(a5,19)
(a2,40)
(a3,17)
(a0,57)
(a9,65)
(a8,17)
(a4,74)
(b9,35)
(b2,16)
(b4,35)
(b7,75)
(b1,29)
(b6,27)
(b8,84)
(b0,87)
(c9,22)
(c7,31)
(c6,11)
(c8,8)
(c3,74)
(c2,54)
(c4,49)
(c1,65)
(c5,12)
(c0,87)
(d0,28)
(d3,91)
(d4,91)
(d7,9)
(d9,43)
(d6,57)
(e5,30)
(e3,39)
(e0,23)
(e7,94)
(e8,82)
(e6,100)
(e2,25)
(f1,69)
(f2,85)
(f0,39)
(f8,9)
(f4,89)
(f5,94)
(g4,41)
(g5,13)
(g9,52)
(g3,16)
(g2,4)
(h1,15)
(h0,40)
(h2,28)
(h6,30)
(h5,69)
(h4,100)
(h8,73)
(h9,100)
(i2,27)
(i7,87)
(i5,46)
(i3,88)
(i1,17)
(i6,77)
(i8,81)
(i4,14)
(i0,55)
(j7,52)
(j6,90)
(j8,81)
(j0,20)
(j3,39)
(j2,45)
(j1,98)
(j5,4)
(k9,25)
(k4,69)
(k3,99)
(k7,43)
(k2,81)
(k1,63)
(k5,85)
(l4,49)
(l0,20)
(l8,32)
(l6,76)
(l1,80)
(l2,6)
(l9,37)
(m0,20)
(m5,26)
(m1,70)
(m7,32)
(m3,97)
(m9,66)
(n0,97)
(n2,72)
(n5,88)
(n1,30)
(n7,28)
(n6,84)
(n9,62)
(n8,81)
(n4,35)
(o3,29)
(o7,88)
(o5,56)
(o0,88)
(o6,51)
(o1,82)
(o4,32)
(o8,97)
(o9,61)
(p2,53)
(p3,12)
(p9,56)
(p4,81)
(p8,2)
(p1,30)
(p7,58)
(q6,40)
(q0,65)
(q2,63)
(q1,74)
(q9,57)
(q3,69)
(q4,28)
(r8,62)
(r0,96)
(r1,57)
(r6,66)
(r7,23)
(r5,63)
(s2,76)
(s9,94)
(s3,70)
(s6,62)
(s4,10)
(t3,88)
(t1,24)
(t6,65)
(t8,15)
(t4,20)
(t2,57)
(t0,13)
(t9,14)
(t5,36)
(t7,0)
(u6,96)
(u3,48)
(u9,92)
(u5,64)
(u7,43)
(u2,82)
(u4,5)
(u0,52)
(v2,71)
(v7,19)
(v9,65)
(v4,30)
(v3,69)
(v8,11)
(v0,85)
(v5,100)
(v1,46)
(w6,92)
(w0,62)
(w4,74)
(w8,87)
(w1,7)
(w2,13)
(w7,18)
(w9,52)
(x0,83)
(x2,47)
(x4,28)
(x1,88)
(x7,89)
(x3,65)
(y5,42)
(y6,60)
(y7,7)
(y9,98)
(y2,47)
(y3,50)
(y4,5)
(y8,65)
(z2,26)
(z4,14)
(z8,64)
(z0,43)
(z6,61)
[(c9,22)]
[(u0,52)]
[(t0,13)]
[(j0,90)]
[(x8,KVSMISSING)]
[(z7,KVSMISSING)]
[(f6,KVSERROR)]
[(l5,92)]
[(p5,KVSERROR)]
[(c9,22)]
[(q5,KVSMISSING)]
[(x5,KVSERROR)]
Waiting...
[(e6,82)]
[(t7,58)]
[(t7,58)]
Waiting...
[(l5,KVSERROR)]
[(a2,KVSMISSING)]
[(a6,33)]
(a7,29)
(a1,1)
(a5,30)
(a8,9)
(a3,32)
(a6,33)
(a0,84)
(a9,49)
(b8,6)
(b0,13)
(b3,4)
(b5,65)
(b4,26)
(b7,75)
(b1,82)
(c3,12)
(c6,99)
(c2,52)
(c1,70)
(c0,43)
(c9,35)
(c7,31)
(c8,49)
(c4,2)
(c5,59)
(d2,91)
(d9,75)
(d1,74)
(d0,99)
(d4,80)
(d7,93)
(e9,0)
(e2,96)
(e4,92)
(e5,23)
(e0,35)
(e6,78)
(f0,32)
(f2,11)
(f9,45)
(f6,53)
(f7,93)
(f3,16)
(f1,100)
(f8,9)
(f4,47)
(f5,24)
(g7,2)
(g9,7)
(g6,60)
(g8,84)
(g1,35)
(g0,62)
(g3,20)
(g4,21)
(g5,14)
(g2,70)
(h2,56)
(h7,91)
(h5,45)
(h3,49)
(h9,5)
(h0,92)
(h4,100)
(h8,42)
(i5,49)
(i8,95)
(i9,4)
(i3,80)
(i2,17)
(i1,26)
(i6,46)
(i4,26)
(i0,51)
(j9,19)
(j7,27)
(j8,66)
(j0,73)
(j5,91)
(k5,45)
(k0,21)
(k3,73)
(k8,71)
(k1,46)
(k6,14)
(k9,61)
(k4,78)
(l7,78)
(l4,78)
(l6,63)
(l0,36)
(l8,6)
(l2,58)
(l9,28)
(m4,40)
(m8,44)
(m1,34)
(m0,71)
(m7,90)
(m9,86)
(n3,52)
(n2,16)
(n4,34)
(n1,15)
(n7,17)
(n6,94)
(n9,98)
(n8,40)
(o8,38)
(o2,74)
(o5,91)
(o3,8)
(o0,47)
(o6,22)
(o4,77)
(p6,82)
(p0,51)
(p3,54)
(p5,1)
(p4,81)
(p1,88)
(q6,86)
(q3,75)
(q7,2)
(q2,56)
(q8,34)
(q0,7)
(q9,88)
(q4,24)
(r0,89)
(r2,46)
(r7,74)
(r1,20)
(r9,91)
(r4,85)
(r8,14)
(r3,75)
(r5,83)
(s3,54)
(s2,86)
(s9,87)
(s7,24)
(s5,76)
(s1,29)
(s6,87)
(t2,27)
(t8,60)
(t5,85)
(t3,2)
(t1,42)
(t4,90)
(t0,57)
(u5,38)
(u1,81)
(u3,28)
(u6,87)
(u9,92)
(u2,82)
(u4,81)
(v9,11)
(v7,70)
(v1,57)
(v5,19)
(v2,39)
(v3,82)
(v0,72)
(w2,76)
(w3,25)
(w5,9)
(w6,37)
(w0,77)
(w7,51)
(x5,91)
(x7,79)
(x4,57)
(x2,96)
(x1,99)
(y0,53)
(y5,53)
(y7,8)
(y3,12)
(y4,4)
(z5,16)
(z2,8)
(z8,23)
(z9,78)
(z4,22)
[(t7,KVSMISSING)]
[(y6,KVSMISSING)]
