Waiting...
[(l7,34)]
[(v2,19)]
[(v2,19)]
(a6,40)
(a7,73)
(a0,38)
(a9,3)
(a3,13)
(a8,53)
(a4,76)
(b3,73)
(b7,31)
(b2,27)
(b8,3)
(b9,3)
(b0,82)
(b4,76)
(c8,76)
(c3,49)
(c6,24)
(c4,54)
(c9,61)
(c1,20)
(c5,60)
(c2,86)
(c0,17)
(c7,37)
(d7,20)
(d4,11)
(d8,30)
(d9,93)
(d1,67)
(d6,27)
(d0,73)
(d5,6)
(e2,8)
(e7,20)
(e3,16)
(e4,3)
(e8,97)
(e5,38)
(e1,90)
(e0,83)
(e9,24)
(f2,8)
(f1,2)
(f0,27)
(f3,21)
(f5,67)
(f7,82)
(f4,26)
(f8,36)
(f6,17)
(g6,14)
(g9,64)
(g4,72)
(g8,18)
(g5,79)
(g3,26)
(g1,28)
(g0,13)
(g2,25)
(g7,23)
(h0,83)
(h7,12)
(h8,60)
(h4,5)
(h3,97)
(h6,100)
(h1,85)
(h5,12)
(h2,12)
(i6,76)
(i9,8)
(i4,9)
(i7,78)
(i8,38)
(i0,19)
(i2,88)
(i5,56)
(i3,29)
(i1,70)
(j8,76)
(j7,10)
(j4,17)
(j2,93)
(j3,35)
(j6,9)
(j9,21)
(j5,45)
(j0,86)
(k5,79)
(k4,35)
(k0,62)
(k9,90)
(k2,0)
(k7,3)
(l6,78)
(l0,49)
(l5,80)
(l4,46)
(l9,88)
(l3,63)
(l2,41)
(l7,34)
(m7,17)
(m8,39)
(m5,27)
(m3,85)
(m0,97)
(m9,54)
(m2,36)
(m4,3)
(n4,67)
(n8,29)
(n9,75)
(n0,41)
(n2,14)
(n1,5)
(n6,14)
(o8,71)
(o9,5)
(o0,58)
(o7,96)
(o5,96)
(o3,89)
(o2,46)
(p6,77)
(p4,67)
(p0,1)
(p5,95)
(p2,24)
(p1,36)
(p9,37)
(p7,99)
(q8,81)
(q3,5)
(q2,79)
(q5,4)
(q9,75)
(q1,93)
(q0,25)
(q6,46)
(q7,14)
(q4,61)
(r2,35)
(r0,27)
(r1,37)
(r6,9)
(r7,12)
(r8,36)
(r9,26)
(r5,46)
(r3,96)
(r4,42)
(s7,61)
(s1,7)
(s8,29)
(s0,10)
(s5,26)
(s2,47)
(s6,17)
(s4,95)
(s9,19)
(t8,21)
(t3,63)
(t6,58)
(t0,28)
(t5,12)
(t4,65)
(t7,52)
(u6,51)
(u7,77)
(u3,10)
(u8,47)
(u2,87)
(u9,39)
(u5,85)
(u4,6)
(u0,78)
(v6,35)
(v2,19)
(v8,66)
(v0,26)
(v7,92)
(v5,80)
(v4,60)
(v1,31)
(w1,40)
(w7,66)
(w2,72)
(w9,73)
(w5,94)
(w6,43)
(x4,47)
(x0,74)
(x8,59)
(x5,7)
(x1,82)
(x7,64)
(x9,59)
(x3,6)
(x6,26)
(x2,4)
(y2,41)
(y1,10)
(y6,66)
(y0,33)
(y3,0)
(y9,31)
(y7,19)
(y4,16)
(y8,33)
(z6,65)
(z3,74)
(z8,72)
(z5,89)
(z9,5)
(z2,15)
(z7,23)
(z0,60)
(z4,42)
[(l7,34)]
[(q3,5)]
[(q2,79)]
[(f4,59)]
[(s6,17)]
[(w3,99)]
(a1,25)
(a2,61)
(a6,40)
(a7,73)
(a0,38)
(a9,60)
(a3,13)
(a8,53)
(a4,76)
(b3,73)
(b7,31)
(b2,27)
(b8,3)
(b0,82)
(b4,76)
(c8,76)
(c3,55)
(c6,24)
(c4,54)
(c9,11)
(c1,20)
(c5,60)
(c2,86)
(c0,17)
(c7,37)
(d7,20)
(d4,11)
(d8,14)
(d9,93)
(d1,67)
(d6,27)
(d0,69)
(d5,6)
(e2,46)
(e7,20)
(e3,16)
(e4,3)
(e8,97)
(e5,38)
(e0,83)
(e9,58)
(f2,0)
(f1,2)
(f0,27)
(f3,21)
(f5,67)
(f7,82)
(f4,59)
(f8,75)
(f6,17)
(g6,94)
(g9,64)
(g4,72)
(g8,18)
(g5,79)
(g3,26)
(g1,28)
(g2,25)
(g7,23)
(h0,83)
(h7,12)
(h8,60)
(h4,5)
(h3,97)
(h6,100)
(h1,85)
(h2,21)
(i6,76)
(i9,8)
(i4,9)
(i8,60)
(i0,19)
(i2,88)
(i5,78)
(i3,29)
(i1,70)
(j3,17)
(j8,76)
(j7,10)
(j4,17)
(j6,9)
(j9,21)
(j0,64)
(k5,79)
(k4,35)
(k0,62)
(k9,61)
(k2,0)
(k7,32)
(l1,83)
(l6,78)
(l0,22)
(l5,80)
(l4,46)
(l9,57)
(l3,63)
(l2,41)
(l7,34)
(m7,17)
(m8,39)
(m5,27)
(m3,85)
(m0,97)
(m2,36)
(n4,67)
(n8,29)
(n9,75)
(n0,41)
(n2,14)
(n1,5)
(n6,14)
(o1,15)
(o6,0)
(o8,71)
(o9,94)
(o0,58)
(o7,21)
(o5,96)
(o3,89)
(o2,46)
(p3,91)
(p6,20)
(p4,67)
(p0,35)
(p5,95)
(p1,36)
(p9,79)
(p7,99)
(q3,74)
(q8,81)
(q2,79)
(q5,4)
(q1,93)
(q0,25)
(q7,14)
(q4,61)
(r2,35)
(r0,74)
(r1,37)
(r6,34)
(r7,12)
(r8,36)
(r9,96)
(r5,46)
(r3,99)
(r4,42)
(s7,61)
(s8,29)
(s0,10)
(s5,52)
(s2,47)
(s6,17)
(s4,95)
(s9,71)
(t8,90)
(t3,63)
(t6,58)
(t0,59)
(t5,12)
(t4,65)
(t7,52)
(u6,51)
(u7,77)
(u3,10)
(u8,92)
(u2,49)
(u9,39)
(u5,85)
(u4,46)
(u0,78)
(v6,35)
(v8,66)
(v0,26)
(v7,92)
(v5,59)
(v4,60)
(v1,31)
(w3,99)
(w1,40)
(w7,66)
(w2,48)
(w9,73)
(w5,94)
(w6,43)
(x4,47)
(x0,74)
(x8,59)
(x5,7)
(x1,82)
(x7,64)
(x9,59)
(x3,6)
(x6,26)
(x2,4)
(y0,51)
(y2,41)
(y1,35)
(y3,0)
(y7,19)
(y4,16)
(y8,81)
(z6,65)
(z3,74)
(z8,72)
(z5,89)
(z9,36)
(z2,15)
(z7,14)
(z0,60)
(z4,87)
[(y0,51)]
[(k6,95)]
Waiting...
[(o9,34)]
[(y0,KVSMISSING)(b6,KVSMISSING)]
[(x6,37)]
(a5,72)
(a3,7)
(a9,52)
(a2,68)
(a1,27)
(a6,95)
(a7,43)
(a0,71)
(a8,64)
(a4,99)
(b9,26)
(b8,28)
(b3,67)
(b4,4)
(c8,46)
(c3,57)
(c6,29)
(c4,26)
(c1,87)
(c5,90)
(c0,9)
(c7,30)
(d4,75)
(d5,65)
(d2,50)
(d3,86)
(d0,25)
(d7,20)
(d8,90)
(d9,77)
(d1,17)
(d6,22)
(e1,38)
(e6,84)
(e2,46)
(e7,21)
(e3,94)
(e5,48)
(e0,48)
(e9,69)
(f0,4)
(f7,5)
(f9,51)
(f2,34)
(f3,60)
(f5,11)
(f8,27)
(f6,81)
(g4,48)
(g0,93)
(g6,70)
(g9,52)
(g8,84)
(g5,41)
(g3,33)
(g2,77)
(h5,72)
(h4,17)
(h8,50)
(h9,100)
(h0,55)
(h7,12)
(h3,59)
(h1,19)
(i4,83)
(i7,91)
(i9,76)
(i8,98)
(i0,76)
(i2,15)
(i5,99)
(i3,72)
(i1,68)
(j3,85)
(j7,76)
(j5,61)
(j4,15)
(j9,8)
(k9,57)
(k2,97)
(k1,30)
(k3,6)
(k4,64)
(k8,85)
(k5,86)
(k0,49)
(l1,83)
(l0,95)
(l4,1)
(l9,2)
(l3,99)
(l2,61)
(l7,12)
(m7,54)
(m8,73)
(m1,48)
(m6,29)
(m4,99)
(m3,98)
(m2,36)
(n1,33)
(n5,73)
(n6,19)
(n9,74)
(n8,81)
(n3,30)
(n4,67)
(o0,70)
(o1,83)
(o4,96)
(o8,8)
(o9,34)
(o7,92)
(o5,42)
(o3,100)
(o2,76)
(p0,83)
(p4,90)
(p3,7)
(p8,2)
(p6,50)
(p5,45)
(p1,69)
(p7,25)
(q5,73)
(q6,37)
(q9,52)
(q3,79)
(q8,26)
(q2,37)
(q0,25)
(q4,39)
(r9,85)
(r2,92)
(r0,12)
(r6,33)
(r7,26)
(r8,15)
(r5,28)
(r3,65)
(r4,17)
(s3,50)
(s1,43)
(s7,24)
(s8,49)
(s0,14)
(s5,74)
(s2,39)
(s6,17)
(s4,96)
(s9,5)
(t6,97)
(t9,73)
(t1,30)
(t8,90)
(t3,83)
(t5,12)
(t7,37)
(u7,100)
(u6,51)
(u3,81)
(u8,7)
(u2,91)
(u4,28)
(u0,70)
(v9,83)
(v4,20)
(v3,87)
(v6,78)
(v8,11)
(v0,32)
(v5,54)
(v1,61)
(w5,27)
(w8,45)
(w6,21)
(w4,52)
(w3,14)
(w2,80)
(w9,73)
(x9,65)
(x0,15)
(x4,49)
(x8,86)
(x1,36)
(x7,93)
(x3,65)
(x6,37)
(x2,12)
(y5,0)
(y6,2)
(y2,21)
(y3,30)
(y7,97)
(y4,70)
(y8,61)
(z8,34)
(z4,4)
(z9,79)
(z0,89)
(z6,45)
(z3,82)
(z5,57)
(z7,95)
[(p9,KVSMISSING)(k6,KVSMISSING)]
[(b0,KVSMISSING)]
[(v3,87)]
[(e6,84)]
[(a1,27)]
[(c9,KVSERROR)]
(a5,9)
(a3,7)
(a9,52)
(a1,27)
(a7,43)
(a0,71)
(a8,3)
(a4,99)
(b9,26)
(b3,67)
(b4,4)
(c8,46)
(c3,57)
(c6,29)
(c4,26)
(c1,87)
(c5,90)
(c0,9)
(c7,30)
(d1,20)
(d4,75)
(d5,65)
(d2,50)
(d3,86)
(d0,25)
(d7,20)
(d8,90)
(d9,77)
(d6,22)
(e8,77)
(e1,38)
(e6,84)
(e2,46)
(e7,21)
(e3,94)
(e5,48)
(e0,48)
(f0,4)
(f7,5)
(f9,51)
(f2,12)
(f3,60)
(f5,11)
(f8,27)
(f6,81)
(g4,0)
(g0,93)
(g6,70)
(g9,52)
(g8,84)
(g5,41)
(g3,33)
(g2,77)
(h3,15)
(h5,72)
(h4,17)
(h8,50)
(h9,100)
(h0,55)
(h7,97)
(h1,19)
(i8,85)
(i4,83)
(i7,91)
(i9,76)
(i0,76)
(i2,15)
(i5,99)
(i3,88)
(i1,40)
(j2,2)
(j1,46)
(j3,85)
(j7,76)
(j5,61)
(j4,15)
(j9,8)
(k9,57)
(k2,97)
(k1,30)
(k3,6)
(k4,64)
(k8,85)
(k5,86)
(k0,49)
(l1,83)
(l4,48)
(l9,2)
(l3,81)
(l2,61)
(l7,12)
(m5,26)
(m7,54)
(m8,73)
(m1,48)
(m6,29)
(m4,99)
(m3,98)
(n2,55)
(n0,10)
(n1,33)
(n5,73)
(n6,19)
(n9,74)
(n8,81)
(n3,30)
(n4,67)
(o0,70)
(o1,35)
(o4,96)
(o8,8)
(o9,34)
(o5,42)
(o3,100)
(o2,76)
(p9,87)
(p0,35)
(p4,7)
(p8,2)
(p6,50)
(p5,45)
(p1,62)
(p7,63)
(q1,83)
(q5,36)
(q6,37)
(q9,52)
(q3,79)
(q8,26)
(q2,37)
(q0,25)
(q4,39)
(r1,78)
(r9,85)
(r2,92)
(r0,12)
(r6,33)
(r7,26)
(r8,15)
(r5,28)
(r3,65)
(r4,17)
(s3,95)
(s1,43)
(s7,24)
(s8,49)
(s0,14)
(s5,74)
(s2,39)
(s6,17)
(s4,96)
(s9,5)
(t0,42)
(t6,97)
(t9,73)
(t1,30)
(t8,90)
(t3,83)
(t5,59)
(t7,37)
(u1,57)
(u6,78)
(u3,81)
(u8,7)
(u2,91)
(u4,28)
(u0,70)
(v9,83)
(v4,20)
(v3,87)
(v6,78)
(v8,11)
(v0,32)
(v5,54)
(v1,46)
(w7,45)
(w5,27)
(w8,45)
(w6,21)
(w4,52)
(w3,14)
(w2,80)
(w9,73)
(x9,65)
(x0,15)
(x4,49)
(x8,86)
(x1,36)
(x7,68)
(x3,65)
(x6,37)
(x2,12)
(y5,0)
(y6,2)
(y2,21)
(y3,47)
(y7,42)
(y4,70)
(y8,61)
(z8,34)
(z4,4)
(z9,79)
(z0,89)
(z6,45)
(z3,82)
(z5,57)
(z7,95)
