(b6,74)
(b1,16)
(b5,76)
(b4,6)
(b9,67)
(b3,32)
(c3,88)
(c5,81)
(c1,85)
(c2,89)
(c4,28)
(d6,83)
(d3,75)
(d1,14)
(d0,93)
(d4,79)
(e3,43)
(e7,67)
(e4,58)
(e1,66)
(f1,61)
(f4,63)
(g2,48)
(g8,94)
(g7,44)
(g0,59)
(h7,37)
(h9,85)
(h6,32)
(h3,10)
(i8,55)
(i9,1)
(i7,52)
(i0,1)
(j5,54)
(j9,20)
(j1,72)
(j0,41)
(k2,28)
(k3,67)
(l3,33)
(l7,58)
(m4,75)
(m6,90)
(m9,36)
(n5,19)
(o2,28)
(o6,3)
(p5,52)
(p7,13)
(q5,75)
(q0,80)
(q2,54)
(r4,78)
(r5,25)
(r8,88)
(r0,60)
(s2,25)
(s9,84)
(t0,79)
(t1,5)
(t6,42)
(t2,0)
(u1,10)
(u0,67)
(u3,25)
(v9,23)
(w9,66)
(w0,43)
(x6,87)
(x9,49)
(x2,78)
(x5,45)
(x0,30)
(z0,86)
(z9,24)
(z1,31)
[(z0,86)]
[(b4,25)]
[(b9,KVSERROR)]
Waiting...
[(r1,39)]
(a4,25)
(a2,39)
(a8,16)
(a7,10)
(a3,89)
(a9,21)
(a6,54)
(b1,86)
(b8,53)
(b7,4)
(b0,23)
(b4,21)
(b9,76)
(b5,7)
(b3,32)
(c7,84)
(c0,21)
(c5,65)
(c1,68)
(c2,12)
(d2,3)
(d8,25)
(d7,63)
(d6,20)
(d1,29)
(d0,86)
(d5,73)
(d4,91)
(e9,20)
(e1,63)
(e7,74)
(e6,81)
(e0,26)
(e4,48)
(f2,39)
(f4,38)
(f8,81)
(f9,25)
(f6,67)
(g3,75)
(g6,4)
(g1,66)
(g5,40)
(g8,90)
(h9,97)
(h2,33)
(h8,94)
(h0,93)
(h3,2)
(i8,63)
(i7,41)
(i1,71)
(i4,66)
(i9,90)
(i2,70)
(i0,1)
(j4,92)
(j9,87)
(j1,43)
(j7,13)
(j5,8)
(j6,2)
(j8,23)
(j0,81)
(k8,83)
(k7,37)
(k2,17)
(k3,49)
(k6,100)
(k4,39)
(l5,33)
(l9,3)
(l3,59)
(l0,81)
(l6,62)
(l7,90)
(m8,83)
(m7,84)
(m3,61)
(m2,34)
(m1,65)
(m9,57)
(n7,32)
(n0,58)
(n2,61)
(n8,78)
(n6,76)
(n1,58)
(n3,14)
(o9,4)
(o3,32)
(o5,42)
(o8,86)
(o4,100)
(o7,37)
(o1,49)
(o0,2)
(o2,60)
(p4,85)
(p7,23)
(p3,89)
(p6,80)
(p5,18)
(p8,3)
(p1,49)
(q9,70)
(q0,46)
(q5,18)
(q2,87)
(r1,39)
(r0,79)
(r8,13)
(r7,46)
(r9,94)
(r2,72)
(s0,16)
(s7,56)
(s3,22)
(s4,78)
(s2,80)
(s5,49)
(s1,76)
(s9,7)
(t2,10)
(t7,82)
(t3,95)
(t4,67)
(t1,74)
(t8,32)
(t9,8)
(t6,68)
(u9,22)
(u8,85)
(u3,81)
(u1,1)
(u7,84)
(u4,16)
(v2,9)
(v1,28)
(v6,10)
(v4,25)
(v7,99)
(v0,40)
(v8,17)
(v5,30)
(v9,21)
(w0,22)
(w1,96)
(w2,23)
(w4,56)
(w6,40)
(w8,59)
(w9,73)
(x8,3)
(x5,59)
(x6,97)
(x0,42)
(x4,68)
(x9,46)
(x2,97)
(y1,11)
(y4,16)
(y0,0)
(y5,35)
(y6,53)
(y2,28)
(y7,45)
(z7,16)
(z3,81)
(z6,12)
(z5,69)
(z4,67)
(z2,11)
(z0,21)
(z9,25)
[(t0,KVSERROR)]
[(e0,26)]
[(u7,84)]
[(s2,80)]
[(t0,KVSERROR)]
