Waiting...
(a0,43)
(a8,98)
(a7,10)
(a3,38)
(a9,21)
(b2,78)
(b1,98)
(b8,65)
(b7,43)
(b0,14)
(b4,53)
(b5,68)
(b3,9)
(c3,11)
(c4,93)
(c8,93)
(c9,58)
(c7,84)
(c0,21)
(c5,40)
(c1,68)
(c2,69)
(d3,8)
(d2,3)
(d7,60)
(d6,97)
(d1,29)
(d0,86)
(d5,73)
(d4,91)
(e8,63)
(e2,14)
(e9,41)
(e1,63)
(e7,70)
(e6,13)
(e4,92)
(f9,50)
(f0,69)
(f3,40)
(f6,22)
(f7,12)
(f4,38)
(f8,81)
(g0,60)
(g4,29)
(g9,89)
(g7,16)
(g3,89)
(g6,4)
(g1,28)
(g5,17)
(h7,61)
(h4,65)
(h6,45)
(h5,66)
(h9,52)
(h2,33)
(h8,94)
(h0,93)
(h3,2)
(i5,36)
(i3,38)
(i8,63)
(i4,66)
(i9,62)
(i2,1)
(i0,1)
(j8,79)
(j2,72)
(j9,12)
(j1,45)
(j7,96)
(j5,88)
(j6,2)
(j0,25)
(k0,42)
(k9,7)
(k8,67)
(k7,50)
(k2,39)
(k3,49)
(k4,39)
(l1,88)
(l5,16)
(l9,36)
(l3,41)
(l0,62)
(l7,90)
(m1,50)
(m0,76)
(m5,84)
(m4,45)
(m8,68)
(m7,84)
(m3,61)
(m2,58)
(n9,80)
(n7,26)
(n0,34)
(n2,35)
(n8,88)
(n6,67)
(n1,58)
(n3,14)
(o6,44)
(o9,4)
(o3,32)
(o5,11)
(o8,50)
(o4,56)
(o7,59)
(o1,49)
(o0,2)
(o2,60)
(p9,19)
(p4,85)
(p7,2)
(p6,80)
(p5,18)
(p1,49)
(q6,59)
(q3,6)
(q7,99)
(q4,57)
(q8,76)
(q9,60)
(q2,66)
(r3,68)
(r5,39)
(r1,39)
(r0,53)
(r8,69)
(r7,24)
(r9,94)
(r2,0)
(s8,56)
(s6,12)
(s0,16)
(s7,56)
(s3,20)
(s4,82)
(s1,91)
(s9,7)
(t7,31)
(t5,58)
(t2,75)
(t3,95)
(t4,67)
(t1,74)
(t8,73)
(t9,22)
(t6,93)
(u5,73)
(u0,99)
(u2,43)
(u9,66)
(u8,85)
(u3,81)
(u1,52)
(u7,84)
(u4,16)
(v2,9)
(v1,30)
(v6,10)
(v4,25)
(v0,40)
(v8,61)
(v5,30)
(w2,26)
(w1,96)
(w4,56)
(w8,59)
(w9,50)
(x3,47)
(x8,100)
(x5,59)
(x6,97)
(x0,76)
(x4,68)
(x9,90)
(x2,97)
(y9,23)
(y3,1)
(y1,82)
(y0,60)
(y5,35)
(y6,33)
(y2,81)
(y7,75)
(z8,32)
(z4,31)
(z7,81)
(z3,34)
(z6,12)
(z5,85)
(z2,11)
(z9,25)
Waiting...
[(n2,KVSMISSING)]
[(t8,KVSERROR)]
[(t8,KVSMISSING)]
(a1,45)
(a4,56)
(a2,68)
(a5,31)
(a0,22)
(a7,36)
(a3,23)
(a9,88)
(b9,52)
(b5,25)
(b6,87)
(b2,25)
(b4,27)
(b3,63)
(c5,52)
(c9,10)
(c6,50)
(c3,98)
(c4,85)
(c8,25)
(c7,14)
(c0,93)
(c1,73)
(d2,10)
(d7,91)
(d1,61)
(d4,57)
(e2,35)
(e3,14)
(e8,87)
(e9,77)
(e1,78)
(e6,69)
(e4,51)
(f1,10)
(f3,23)
(f5,72)
(f0,31)
(f2,4)
(f6,68)
(f9,8)
(f7,90)
(f4,38)
(g3,56)
(g6,92)
(g2,96)
(g0,11)
(g9,20)
(g7,82)
(g1,7)
(g5,47)
(h4,61)
(h3,85)
(h1,7)
(h7,95)
(h6,19)
(h5,74)
(h9,3)
(h2,25)
(h0,22)
(i4,8)
(i8,23)
(i7,57)
(i9,74)
(i6,51)
(i3,11)
(i5,43)
(i2,71)
(j0,78)
(j9,55)
(j3,20)
(j5,22)
(j7,26)
(j4,12)
(j8,94)
(j2,81)
(j6,91)
(k7,76)
(k3,28)
(k6,30)
(k0,82)
(k9,7)
(k2,39)
(k4,3)
(l6,18)
(l1,29)
(l8,100)
(l3,88)
(l4,92)
(l5,61)
(l9,28)
(l0,31)
(m2,45)
(m9,91)
(m1,57)
(m0,70)
(m8,84)
(m7,88)
(m3,41)
(n5,98)
(n7,59)
(n2,35)
(n9,3)
(n4,24)
(n1,30)
(n3,90)
(o8,82)
(o4,78)
(o3,16)
(o6,87)
(o9,60)
(o5,13)
(o7,25)
(o1,75)
(o0,60)
(p0,1)
(p1,31)
(p4,80)
(p2,48)
(p3,58)
(p8,16)
(p6,83)
(q1,6)
(q0,12)
(q6,37)
(q5,77)
(q7,4)
(q4,23)
(q8,41)
(r7,85)
(r6,17)
(r5,31)
(r9,46)
(r0,55)
(r2,71)
(s9,4)
(s0,81)
(s5,88)
(s3,37)
(s2,17)
(s8,67)
(s6,52)
(s7,53)
(s4,82)
(t7,97)
(t9,52)
(t0,54)
(t5,48)
(u1,98)
(u7,80)
(u4,48)
(u6,15)
(u5,79)
(u0,99)
(u2,66)
(u8,30)
(v3,94)
(v8,59)
(v7,65)
(v9,11)
(v2,9)
(v1,79)
(v6,78)
(v4,35)
(v0,18)
(v5,30)
(w7,50)
(w4,67)
(w3,69)
(w8,73)
(w0,9)
(w6,44)
(w5,46)
(w2,26)
(w9,99)
(x6,75)
(x0,20)
(x7,25)
(x5,78)
(x1,73)
(x3,42)
(x8,5)
(x4,8)
(x9,90)
(x2,28)
(y3,100)
(y6,86)
(y4,38)
(y9,100)
(y7,59)
(y1,39)
(y2,5)
(z1,66)
(z4,49)
(z7,16)
(z3,34)
(z6,94)
(z2,7)
(z9,59)
[(x0,20)]
Waiting...
[(l6,55)]
(a5,84)
(a4,31)
(a8,58)
(a1,10)
(a2,5)
(a7,51)
(a3,99)
(b4,72)
(b8,46)
(b7,24)
(b1,28)
(b5,10)
(b2,84)
(b3,55)
(c2,19)
(c4,87)
(c3,43)
(c5,60)
(c9,39)
(c6,46)
(c8,25)
(c7,86)
(c0,67)
(c1,70)
(d0,61)
(d8,97)
(d9,38)
(d6,77)
(d1,96)
(d5,3)
(d2,77)
(d7,31)
(d4,79)
(e4,5)
(e3,38)
(e7,30)
(e5,48)
(e0,22)
(e2,10)
(e8,81)
(f6,2)
(f5,72)
(f8,22)
(f0,18)
(f1,60)
(f3,47)
(f2,40)
(f9,82)
(f7,59)
(f4,56)
(g8,59)
(g4,34)
(g3,22)
(g0,33)
(g9,8)
(g5,3)
(h8,79)
(h7,93)
(h5,19)
(h9,94)
(h2,85)
(i3,30)
(i7,74)
(i8,91)
(i2,71)
(i6,93)
(i4,89)
(i1,54)
(i9,76)
(i5,50)
(j3,0)
(j9,61)
(j1,49)
(j0,94)
(j5,42)
(j7,72)
(j4,67)
(j8,24)
(j2,53)
(k1,8)
(k5,34)
(k8,34)
(k7,78)
(k3,13)
(k0,82)
(k9,29)
(k2,35)
(k4,36)
(l7,44)
(l3,21)
(l6,55)
(l1,10)
(l8,88)
(l5,91)
(m1,17)
(m4,29)
(m2,40)
(m3,43)
(m6,66)
(m9,16)
(m0,93)
(m8,13)
(m7,49)
(n8,34)
(n6,76)
(n5,56)
(n9,4)
(o7,15)
(o8,96)
(o2,5)
(o3,66)
(o6,55)
(o9,53)
(o5,13)
(o0,93)
(p2,83)
(p7,62)
(p5,71)
(p3,47)
(p6,11)
(q7,52)
(q9,79)
(q4,24)
(q2,29)
(q3,20)
(q0,5)
(q5,65)
(r8,19)
(r3,8)
(r1,56)
(r7,47)
(r6,87)
(r5,41)
(r9,77)
(s5,59)
(s0,100)
(s1,69)
(s9,15)
(s3,37)
(s8,10)
(s6,63)
(s4,43)
(t0,91)
(t6,25)
(t1,71)
(t7,95)
(t2,11)
(t8,94)
(t4,37)
(t9,49)
(t5,53)
(u3,88)
(u9,22)
(u1,30)
(u7,68)
(u6,32)
(u5,31)
(u0,53)
(u2,59)
(u8,35)
(v2,70)
(v9,50)
(v1,44)
(v6,98)
(v4,76)
(v0,59)
(v5,65)
(w5,17)
(w4,88)
(w0,23)
(w1,73)
(w2,31)
(w7,3)
(w9,86)
(x0,20)
(x3,23)
(x1,2)
(x6,27)
(x7,43)
(x8,48)
(x4,1)
(x2,91)
(y1,3)
(y0,60)
(y8,0)
(y3,20)
(y6,55)
(y4,96)
(y9,33)
(y7,35)
(y2,7)
(z6,64)
(z0,18)
(z7,43)
(z3,82)
(z9,63)
[(q8,KVSMISSING)(n7,KVSMISSING)]
[(o1,KVSMISSING)]
[(o3,66)]
Waiting...
[(c9,38)]
Waiting...
[(j0,KVSMISSING)]
(a8,91)
(a1,37)
(a0,59)
(a2,74)
(a7,7)
(a6,67)
(a5,21)
(a9,29)
(b0,87)
(b1,13)
(b4,70)
(b9,76)
(b8,59)
(b2,60)
(b7,55)
(b5,21)
(b3,29)
(c4,59)
(c1,34)
(c2,32)
(c3,43)
(c9,41)
(c6,33)
(c8,34)
(c7,49)
(c0,78)
(d1,21)
(d9,83)
(d8,27)
(d3,11)
(d7,21)
(d6,86)
(d5,13)
(e9,17)
(e7,99)
(e4,42)
(e3,74)
(e0,9)
(e6,92)
(e5,36)
(e2,36)
(e1,72)
(f7,84)
(f6,54)
(f0,68)
(f5,26)
(f2,53)
(f9,65)
(f8,7)
(f3,47)
(f4,41)
(g0,43)
(g5,22)
(g3,82)
(g4,100)
(g8,56)
(g6,55)
(g9,36)
(g1,13)
(g7,52)
(h9,0)
(h1,9)
(h4,80)
(h0,44)
(h5,86)
(h3,1)
(h6,51)
(h8,58)
(h2,36)
(i4,49)
(i5,27)
(i0,84)
(i2,35)
(i7,21)
(i6,27)
(i8,43)
(i1,8)
(i9,97)
(j3,34)
(j9,20)
(j1,95)
(j7,45)
(j4,25)
(j8,71)
(k0,32)
(k1,29)
(k5,46)
(k6,6)
(k2,6)
(k8,77)
(k7,19)
(k9,73)
(l4,32)
(l0,69)
(l7,67)
(l8,88)
(l9,91)
(l3,42)
(l1,34)
(l5,43)
(m1,53)
(m6,68)
(m8,82)
(m7,62)
(m2,2)
(m4,49)
(m3,34)
(m9,59)
(m0,97)
(n3,14)
(n9,44)
(n4,60)
(n7,34)
(n2,41)
(n6,73)
(n0,51)
(n5,37)
(n1,89)
(n8,26)
(o8,0)
(o0,85)
(o1,6)
(o5,95)
(o9,97)
(o3,54)
(o4,6)
(o2,70)
(o6,89)
(p2,36)
(p4,60)
(p6,23)
(p8,2)
(p3,97)
(p0,24)
(p9,61)
(p1,45)
(p7,40)
(p5,58)
(q6,6)
(q9,78)
(q0,81)
(q4,44)
(q8,92)
(q2,10)
(q5,8)
(r8,60)
(r7,74)
(r1,86)
(r2,67)
(r3,22)
(r6,79)
(r4,68)
(r0,84)
(r5,41)
(s6,42)
(s3,29)
(s1,50)
(s0,73)
(s5,42)
(s9,48)
(s7,91)
(s4,18)
(t3,80)
(t4,51)
(t7,91)
(t6,32)
(t8,57)
(t0,19)
(t2,18)
(t5,80)
(u8,64)
(u0,57)
(u7,72)
(u6,6)
(u1,61)
(u4,21)
(u5,5)
(u3,51)
(u9,69)
(v6,2)
(v9,75)
(v3,81)
(v0,44)
(v2,61)
(v5,71)
(v8,72)
(v4,86)
(w5,36)
(w7,83)
(w8,53)
(w6,55)
(w0,98)
(w2,36)
(x9,61)
(x5,88)
(x8,41)
(x1,21)
(x3,54)
(x7,81)
(x6,5)
(x2,49)
(y9,85)
(y0,82)
(y6,85)
(y1,34)
(y8,75)
(y3,30)
(y4,88)
(y2,3)
(z5,0)
(z8,97)
(z1,48)
(z3,72)
(z2,49)
(z0,56)
(z7,56)
[(m7,62)]
[(c1,34)]
Waiting...
[(d9,KVSMISSING)]
Waiting...
[(c8,86)]
