[(h4,97)]
Waiting...
(a9,52)
(a2,82)
(a1,53)
(a6,55)
(a7,73)
(a0,71)
(a8,34)
(a4,99)
(b8,73)
(b3,69)
(b7,38)
(b4,4)
(c8,30)
(c3,57)
(c6,24)
(c4,26)
(c1,61)
(c5,90)
(c0,9)
(c7,13)
(d3,86)
(d0,17)
(d7,20)
(d4,24)
(d8,51)
(d9,77)
(d1,88)
(d6,22)
(e1,78)
(e6,62)
(e2,46)
(e7,21)
(e3,94)
(e5,13)
(e0,26)
(e9,24)
(f7,5)
(f9,51)
(f2,90)
(f1,68)
(f0,23)
(f3,85)
(f5,36)
(f8,27)
(f6,60)
(g0,59)
(g6,70)
(g9,52)
(g4,37)
(g8,84)
(g5,41)
(g3,33)
(g2,23)
(h8,50)
(h9,25)
(h0,35)
(h7,12)
(h4,88)
(h3,9)
(h6,98)
(h1,31)
(i4,83)
(i7,91)
(i9,76)
(i8,98)
(i0,76)
(i2,15)
(i5,29)
(i3,72)
(i1,35)
(j3,85)
(j7,75)
(j5,69)
(j4,15)
(j6,9)
(j9,36)
(k1,36)
(k3,98)
(k4,64)
(k8,42)
(k5,86)
(k0,49)
(k7,80)
(l1,83)
(l0,95)
(l5,3)
(l4,12)
(l9,2)
(l3,10)
(l2,61)
(l7,12)
(m7,54)
(m8,30)
(m1,63)
(m9,25)
(m6,63)
(m4,99)
(m3,33)
(m2,36)
(n8,81)
(n3,9)
(n4,67)
(n1,5)
(o1,59)
(o4,96)
(o8,64)
(o9,34)
(o0,47)
(o7,21)
(o5,11)
(o3,100)
(o2,86)
(p3,74)
(p8,57)
(p6,50)
(p5,57)
(p1,69)
(p7,98)
(q5,26)
(q6,37)
(q9,52)
(q3,79)
(q8,28)
(q2,37)
(q0,25)
(q7,96)
(q4,13)
(r2,92)
(r0,53)
(r6,33)
(r7,26)
(r8,15)
(r5,28)
(r3,65)
(r4,17)
(s3,50)
(s1,43)
(s7,24)
(s8,49)
(s0,14)
(s5,74)
(s2,39)
(s6,17)
(s4,96)
(s9,5)
(t6,97)
(t9,39)
(t1,30)
(t8,90)
(t3,83)
(t5,12)
(t7,37)
(u6,51)
(u7,2)
(u3,81)
(u8,7)
(u2,91)
(u4,6)
(u0,70)
(v9,83)
(v4,10)
(v3,20)
(v6,6)
(v8,77)
(v0,32)
(v5,54)
(v1,61)
(w8,45)
(w6,21)
(w4,66)
(w3,99)
(w2,80)
(w9,73)
(x0,15)
(x4,47)
(x8,11)
(x5,97)
(x1,40)
(x7,98)
(x3,65)
(x6,64)
(x2,10)
(y5,0)
(y9,66)
(y6,2)
(y2,21)
(y3,30)
(y7,97)
(y4,70)
(y8,61)
(z0,89)
(z2,12)
(z6,18)
(z3,0)
(z5,18)
(z7,23)
[(k2,97)]
Waiting...
Waiting...
[(s7,89)]
[(e1,50)]
[(r9,KVSMISSING)]
[(v0,85)]
[(f3,60)]
(a3,17)
(a0,54)
(a9,65)
(a6,70)
(a8,3)
(a4,74)
(b2,16)
(b4,87)
(b7,18)
(b1,29)
(b6,27)
(b8,7)
(b0,87)
(c9,22)
(c7,31)
(c6,11)
(c8,2)
(c3,9)
(c2,54)
(c4,49)
(c1,65)
(c5,12)
(c0,57)
(d0,28)
(d3,91)
(d4,67)
(d2,15)
(d7,9)
(d9,43)
(d6,43)
(e0,23)
(e7,94)
(e8,82)
(e6,100)
(e2,25)
(f2,85)
(f0,39)
(f8,9)
(f4,89)
(f5,94)
(g5,13)
(g9,52)
(g3,95)
(g2,4)
(h2,28)
(h6,30)
(h3,15)
(h5,69)
(h4,100)
(h8,73)
(h9,100)
(i2,27)
(i7,87)
(i5,46)
(i3,59)
(i1,17)
(i6,96)
(i8,81)
(i4,99)
(i0,97)
(j6,90)
(j8,81)
(j0,20)
(j3,18)
(j2,45)
(j1,98)
(j7,65)
(j5,66)
(k3,16)
(k7,43)
(k6,57)
(k2,94)
(k1,63)
(k5,86)
(k0,75)
(l5,20)
(l4,49)
(l0,20)
(l8,69)
(l6,76)
(l1,80)
(l2,6)
(l9,37)
(m5,26)
(m1,70)
(m7,32)
(m3,97)
(m9,66)
(n0,97)
(n2,72)
(n5,88)
(n1,30)
(n7,28)
(n6,84)
(n9,62)
(n8,81)
(n4,18)
(o3,29)
(o7,88)
(o5,4)
(o0,68)
(o6,51)
(o1,82)
(o4,32)
(o8,97)
(o9,7)
(o2,15)
(p6,79)
(p2,53)
(p3,12)
(p9,56)
(p4,81)
(p8,2)
(p1,30)
(p7,58)
(q6,40)
(q0,65)
(q2,63)
(q1,74)
(q9,57)
(q3,69)
(q4,28)
(r1,57)
(r6,66)
(r7,23)
(r5,63)
(r4,17)
(s2,22)
(s9,94)
(s7,89)
(s3,70)
(s6,17)
(s4,10)
(t6,65)
(t8,15)
(t4,20)
(t2,57)
(t0,13)
(t9,14)
(t3,65)
(t5,36)
(t7,0)
(u3,48)
(u9,92)
(u5,64)
(u7,39)
(u8,93)
(u2,82)
(u4,5)
(u0,82)
(v7,19)
(v9,21)
(v4,67)
(v3,69)
(v8,11)
(v0,85)
(v5,69)
(v1,46)
(w6,28)
(w0,95)
(w3,80)
(w4,98)
(w8,87)
(w1,7)
(w2,13)
(w5,85)
(w7,18)
(w9,52)
(x2,47)
(x4,28)
(x6,4)
(x9,35)
(x1,88)
(x7,93)
(x3,65)
(y5,54)
(y6,60)
(y7,7)
(y9,98)
(y2,47)
(y3,3)
(y4,5)
(y8,65)
(z4,14)
(z1,90)
(z8,90)
(z0,27)
(z6,61)
[(a9,65)]
[(l5,20)]
[(x0,KVSMISSING)]
[(j4,KVSERROR)]
(a3,17)
(a0,69)
(a9,65)
(a6,70)
(a8,3)
(a4,74)
(b2,16)
(b4,87)
(b7,18)
(b1,29)
(b6,27)
(b8,7)
(b0,87)
(c9,22)
(c7,31)
(c6,11)
(c8,8)
(c3,9)
(c2,54)
(c4,49)
(c1,65)
(c5,12)
(c0,57)
(d0,28)
(d3,91)
(d4,67)
(d2,15)
(d7,9)
(d9,43)
(d6,57)
(e0,23)
(e7,94)
(e8,82)
(e6,100)
(e2,25)
(f1,69)
(f2,85)
(f0,39)
(f8,9)
(f4,89)
(f5,94)
(g5,13)
(g9,52)
(g3,15)
(g2,4)
(h2,28)
(h6,30)
(h3,15)
(h5,69)
(h4,100)
(h8,73)
(h9,100)
(i2,27)
(i7,87)
(i5,46)
(i3,59)
(i1,17)
(i6,96)
(i8,81)
(i4,14)
(i0,97)
(j6,90)
(j8,81)
(j0,20)
(j3,39)
(j2,45)
(j1,98)
(j7,65)
(j5,4)
(k4,69)
(k3,16)
(k7,43)
(k6,57)
(k2,94)
(k1,63)
(k5,86)
(l4,49)
(l0,20)
(l8,32)
(l6,76)
(l1,80)
(l2,6)
(l9,37)
(m5,26)
(m1,70)
(m7,32)
(m3,97)
(m9,66)
(n0,97)
(n2,72)
(n5,88)
(n1,30)
(n7,28)
(n6,84)
(n9,62)
(n8,81)
(n4,18)
(o3,29)
(o7,88)
(o5,4)
(o0,68)
(o6,51)
(o1,82)
(o4,32)
(o8,97)
(o9,7)
(o2,15)
(p6,79)
(p2,53)
(p3,12)
(p9,56)
(p4,81)
(p8,2)
(p1,30)
(p7,58)
(q6,40)
(q0,65)
(q2,63)
(q1,74)
(q9,57)
(q3,69)
(q4,28)
(r0,96)
(r1,57)
(r6,66)
(r7,23)
(r5,63)
(r4,60)
(s2,76)
(s9,94)
(s3,70)
(s6,17)
(s4,10)
(t6,65)
(t8,15)
(t4,20)
(t2,57)
(t0,13)
(t9,14)
(t3,65)
(t5,36)
(t7,0)
(u6,96)
(u3,48)
(u9,92)
(u5,64)
(u7,39)
(u8,93)
(u2,82)
(u4,5)
(u0,82)
(v7,19)
(v9,21)
(v4,30)
(v3,69)
(v8,11)
(v0,85)
(v5,69)
(v1,46)
(w6,28)
(w0,95)
(w3,0)
(w4,98)
(w8,87)
(w1,7)
(w2,13)
(w5,85)
(w7,18)
(w9,52)
(x2,47)
(x4,28)
(x6,4)
(x9,35)
(x1,88)
(x7,93)
(x3,65)
(y5,54)
(y6,60)
(y7,7)
(y9,98)
(y2,47)
(y3,3)
(y4,5)
(y8,65)
(z4,14)
(z1,68)
(z8,90)
(z0,27)
(z6,61)
[(r4,60)]
[(s5,KVSERROR)]
[(u6,96)]
[(u7,43)]
[(z5,KVSMISSING)(s8,KVSMISSING)]
Waiting...
