[(j3,88)]
[(v3,62)]
[(w9,86)]
[(q7,52)]
(a5,84)
(a4,31)
(a8,58)
(a1,10)
(a2,5)
(a7,51)
(a3,99)
(b8,46)
(b7,24)
(b1,28)
(b5,10)
(b2,84)
(b3,40)
(c2,19)
(c4,87)
(c3,43)
(c5,60)
(c9,39)
(c6,46)
(c8,25)
(c7,86)
(c0,67)
(c1,70)
(d0,85)
(d8,14)
(d9,38)
(d6,77)
(d1,96)
(d5,3)
(d2,77)
(d7,31)
(d4,79)
(e4,5)
(e3,38)
(e7,30)
(e5,48)
(e0,22)
(e2,10)
(e8,100)
(f5,72)
(f8,22)
(f0,18)
(f1,60)
(f3,47)
(f2,40)
(f9,82)
(f7,59)
(f4,56)
(g4,34)
(g3,22)
(g0,33)
(g9,8)
(g5,3)
(h8,79)
(h7,93)
(h5,19)
(h9,94)
(h2,85)
(i3,30)
(i7,74)
(i8,91)
(i2,71)
(i6,93)
(i4,89)
(i1,54)
(i9,76)
(i5,50)
(j9,61)
(j1,49)
(j0,94)
(j5,42)
(j7,72)
(j4,67)
(j8,24)
(j2,53)
(k1,8)
(k5,34)
(k8,34)
(k7,78)
(k3,13)
(k0,82)
(k9,29)
(k2,35)
(k4,36)
(l3,21)
(l6,55)
(l1,10)
(l8,88)
(l5,91)
(m4,29)
(m2,40)
(m3,43)
(m6,66)
(m9,16)
(m0,93)
(m8,13)
(m7,49)
(n8,34)
(n6,76)
(n5,56)
(n9,4)
(o8,96)
(o2,5)
(o3,66)
(o6,55)
(o9,53)
(o5,13)
(o0,93)
(p2,83)
(p7,62)
(p5,71)
(p3,47)
(p6,11)
(q7,52)
(q9,79)
(q4,24)
(q2,29)
(q3,98)
(q0,5)
(q5,59)
(r8,19)
(r3,8)
(r1,56)
(r7,47)
(r6,87)
(r5,41)
(r9,77)
(s5,59)
(s0,100)
(s1,69)
(s9,15)
(s3,37)
(s8,10)
(s6,63)
(s4,43)
(t0,91)
(t6,25)
(t1,71)
(t7,95)
(t2,11)
(t8,94)
(t4,37)
(t9,49)
(t5,53)
(u3,88)
(u9,22)
(u1,30)
(u7,90)
(u6,32)
(u5,31)
(u0,53)
(u2,59)
(u8,35)
(v2,70)
(v9,50)
(v1,44)
(v6,98)
(v4,76)
(v0,59)
(v5,65)
(w5,17)
(w4,88)
(w0,23)
(w1,73)
(w2,31)
(w7,3)
(w9,86)
(x0,20)
(x3,23)
(x1,2)
(x6,27)
(x7,43)
(x8,48)
(x4,1)
(x2,91)
(y1,3)
(y0,60)
(y8,0)
(y3,20)
(y6,55)
(y4,96)
(y9,33)
(y7,35)
(y2,7)
(z6,64)
(z0,18)
(z7,43)
(z3,82)
(z9,63)
Waiting...
[(j8,61)]
(a5,9)
(a9,9)
(a4,31)
(a8,58)
(a1,33)
(a7,51)
(a3,99)
(b4,22)
(b8,46)
(b7,55)
(b1,28)
(b5,10)
(b3,13)
(c2,3)
(c4,87)
(c3,43)
(c5,60)
(c9,39)
(c6,46)
(c8,59)
(c7,44)
(c0,100)
(c1,70)
(d8,97)
(d9,38)
(d6,77)
(d1,96)
(d5,39)
(d2,77)
(d7,91)
(d4,77)
(e9,23)
(e3,38)
(e7,55)
(e5,66)
(e0,22)
(e2,10)
(e8,81)
(f8,60)
(f5,72)
(f1,4)
(f3,47)
(f2,12)
(f9,78)
(f7,7)
(f4,99)
(g4,91)
(g2,2)
(g5,69)
(g8,66)
(g3,22)
(g0,33)
(g9,8)
(h6,47)
(h8,72)
(h7,22)
(h5,78)
(h9,80)
(h2,85)
(i2,13)
(i0,40)
(i7,74)
(i8,91)
(i1,54)
(i9,2)
(i5,50)
(j3,81)
(j9,41)
(j1,85)
(j0,79)
(j5,79)
(j7,53)
(j4,71)
(j8,61)
(j2,98)
(k6,72)
(k0,78)
(k1,99)
(k5,34)
(k8,39)
(k7,45)
(k3,13)
(k9,99)
(k4,50)
(l2,71)
(l0,82)
(l4,65)
(l9,83)
(l3,21)
(l6,93)
(l1,10)
(l8,88)
(l5,91)
(m5,100)
(m7,56)
(m4,29)
(m3,75)
(m6,11)
(m9,47)
(m0,93)
(m8,92)
(n1,63)
(n3,78)
(n7,44)
(n8,87)
(n9,99)
(o3,15)
(o4,6)
(o7,15)
(o8,51)
(o2,8)
(o6,10)
(o5,13)
(o0,19)
(p4,22)
(p0,70)
(p1,3)
(p7,10)
(p5,34)
(p3,24)
(q8,92)
(q6,21)
(q7,47)
(q9,12)
(q4,49)
(q2,70)
(q0,5)
(q5,14)
(r0,93)
(r8,19)
(r3,8)
(r1,27)
(r7,71)
(r5,41)
(r9,77)
(s7,91)
(s1,92)
(s5,59)
(s0,96)
(s3,13)
(s6,95)
(s4,43)
(t1,44)
(t8,4)
(t2,69)
(t4,86)
(t9,62)
(t5,26)
(u4,55)
(u5,29)
(u3,88)
(u9,56)
(u1,18)
(u7,68)
(u6,32)
(u0,10)
(u2,60)
(u8,4)
(v7,97)
(v9,46)
(v1,71)
(v6,51)
(v4,14)
(v0,28)
(v5,2)
(w6,0)
(w5,93)
(w4,88)
(w0,23)
(w1,47)
(w2,58)
(w9,86)
(x5,98)
(x9,59)
(x0,20)
(x3,17)
(x1,49)
(x6,27)
(x8,48)
(x4,1)
(x2,1)
(y0,31)
(y6,39)
(y1,61)
(y8,69)
(y3,23)
(y4,96)
(y9,60)
(y7,17)
(y2,7)
(z4,2)
(z3,80)
(z2,49)
(z0,18)
(z7,93)
(z9,72)
Waiting...
Waiting...
[(a5,KVSERROR)]
[(u2,98)]
[(b2,KVSERROR)]
[(g5,67)]
[(u5,KVSMISSING)]
(a3,20)
(a1,86)
(a4,79)
(a9,16)
(a2,74)
(a6,67)
(b6,76)
(b0,87)
(b8,59)
(b5,21)
(c2,76)
(c7,83)
(c4,59)
(c1,94)
(c3,43)
(c9,41)
(c6,66)
(c8,34)
(d7,36)
(d4,90)
(d2,61)
(d3,18)
(d6,17)
(d5,92)
(e4,32)
(e8,32)
(e0,10)
(e9,1)
(e7,99)
(e3,17)
(e5,45)
(e2,69)
(e1,10)
(f1,87)
(f7,46)
(f6,54)
(f0,6)
(f5,26)
(f2,53)
(f9,65)
(f8,7)
(f3,47)
(f4,32)
(g6,38)
(g2,20)
(g0,43)
(g5,67)
(g3,53)
(g4,65)
(g8,56)
(g9,89)
(g1,13)
(g7,52)
(h6,67)
(h7,81)
(h9,40)
(h1,3)
(h4,80)
(h0,44)
(h3,5)
(h2,63)
(i3,67)
(i7,64)
(i4,33)
(i5,1)
(i0,84)
(i2,35)
(i8,73)
(i1,8)
(i9,97)
(j8,25)
(j6,25)
(j2,92)
(j0,79)
(j3,53)
(j4,56)
(k3,26)
(k1,92)
(k5,65)
(k6,51)
(k8,77)
(k9,4)
(l3,36)
(l4,87)
(l6,91)
(l0,63)
(l7,21)
(l8,88)
(l1,8)
(m4,41)
(m1,53)
(m6,68)
(m8,100)
(m2,60)
(m3,21)
(m9,59)
(m0,97)
(n3,49)
(n9,52)
(n7,34)
(n2,49)
(n6,97)
(n0,51)
(n5,39)
(n8,26)
(o0,78)
(o7,17)
(o8,0)
(o1,22)
(o5,95)
(o9,0)
(o3,11)
(o4,6)
(o6,35)
(p5,62)
(p2,90)
(p4,60)
(p3,100)
(p0,31)
(p1,60)
(q6,27)
(q9,98)
(q0,53)
(q4,44)
(q8,95)
(q2,10)
(q5,90)
(r2,29)
(r9,32)
(r8,94)
(r7,74)
(r1,86)
(r3,44)
(r6,23)
(r4,16)
(r0,84)
(r5,6)
(s6,42)
(s3,38)
(s1,41)
(s0,73)
(s5,42)
(s9,70)
(s7,91)
(s4,13)
(t2,41)
(t4,93)
(t9,77)
(t3,53)
(t6,14)
(u2,98)
(u0,57)
(u7,72)
(u6,76)
(u3,72)
(u9,87)
(v0,49)
(v8,100)
(v2,75)
(v5,71)
(w9,82)
(w4,52)
(w5,36)
(w7,83)
(w8,58)
(w6,55)
(w0,98)
(w2,35)
(x1,15)
(x8,95)
(x0,96)
(x5,88)
(x3,54)
(x6,50)
(x2,49)
(y0,100)
(y3,9)
(y7,47)
(y1,53)
(y8,93)
(y4,78)
(y2,3)
(z8,71)
(z6,46)
(z1,45)
(z4,89)
(z7,100)
(z5,51)
(z3,72)
(z2,92)
(z0,45)
[(j5,KVSMISSING)(i6,KVSMISSING)]
[(y1,53)]
Waiting...
[(g9,62)]
[(d7,KVSERROR)]
[(o2,KVSMISSING)]
[(v2,KVSMISSING)(u2,KVSMISSING)]
(a5,83)
(a9,87)
(a0,10)
(a6,64)
(a1,45)
(a4,34)
(a2,95)
(b1,5)
(b9,23)
(b4,79)
(b3,23)
(b6,8)
(b7,87)
(b0,47)
(b5,61)
(c2,59)
(c9,35)
(c5,34)
(c0,96)
(c7,41)
(c4,60)
(c1,94)
(c3,53)
(c8,86)
(d2,9)
(d1,96)
(d9,41)
(d4,90)
(d3,74)
(d6,13)
(d5,52)
(e8,68)
(e9,97)
(e2,67)
(e4,85)
(e0,25)
(e7,97)
(e3,96)
(e5,45)
(e1,38)
(f5,18)
(f1,20)
(f7,99)
(f6,54)
(f0,6)
(f8,49)
(f3,26)
(f4,75)
(g8,2)
(g2,17)
(g5,67)
(g3,40)
(g9,62)
(g1,7)
(g7,0)
(h5,47)
(h3,76)
(h6,10)
(h7,20)
(h1,40)
(h0,44)
(h2,0)
(i7,10)
(i6,61)
(i3,18)
(i5,5)
(i2,3)
(i1,74)
(i9,26)
(j1,78)
(j5,26)
(j9,75)
(j7,93)
(j0,53)
(j6,25)
(j2,69)
(j3,29)
(j4,63)
(k9,23)
(k2,29)
(k0,49)
(k4,66)
(k3,15)
(k5,31)
(k6,11)
(k8,54)
(l7,79)
(l3,5)
(l8,64)
(l9,36)
(l4,34)
(l6,91)
(l0,82)
(l1,8)
(m5,28)
(m7,64)
(m2,16)
(m3,8)
(m4,71)
(m8,92)
(m0,58)
(n4,98)
(n1,2)
(n3,24)
(n7,34)
(n2,43)
(n6,80)
(n0,70)
(n5,3)
(n8,52)
(o9,76)
(o6,40)
(o0,91)
(o8,0)
(o3,45)
(p0,94)
(p9,81)
(p5,41)
(p4,59)
(p6,14)
(p8,11)
(p3,44)
(p1,60)
(q6,70)
(q3,43)
(q7,61)
(q9,2)
(q1,42)
(q0,17)
(q4,36)
(q8,0)
(q2,58)
(q5,90)
(r4,53)
(r1,66)
(r8,93)
(r2,33)
(r9,76)
(r7,80)
(r6,37)
(r0,84)
(s2,32)
(s7,88)
(s8,84)
(s6,49)
(s5,44)
(s3,39)
(s1,41)
(s9,38)
(s4,62)
(t9,93)
(t5,94)
(t1,27)
(t4,29)
(t8,56)
(t7,37)
(u1,57)
(u5,13)
(u8,76)
(u4,51)
(u0,97)
(u7,75)
(u6,4)
(u3,24)
(u9,73)
(v3,32)
(v9,23)
(v6,66)
(v1,72)
(v0,76)
(v8,100)
(v5,81)
(w6,13)
(w3,56)
(w9,44)
(w4,95)
(w7,12)
(w8,57)
(w2,17)
(x7,85)
(x5,93)
(x2,93)
(x8,26)
(x4,46)
(x1,15)
(x0,9)
(x3,43)
(y9,49)
(y1,83)
(y6,40)
(y5,69)
(y3,39)
(y7,74)
(y8,93)
(y4,51)
(z1,95)
(z2,54)
(z7,72)
(z9,15)
(z5,95)
(z0,45)
[(u0,97)]
[(s0,KVSERROR)]
[(i4,KVSERROR)]
