[(q4,65)]
[(z9,52)]
[(u3,45)]
Waiting...
(a0,38)
(a9,89)
(a3,17)
(a8,92)
(a4,76)
(a6,97)
(a1,88)
(a2,11)
(b6,77)
(b0,71)
(b4,33)
(b8,89)
(b3,19)
(b1,62)
(b7,75)
(b5,3)
(c4,76)
(c9,93)
(c1,90)
(c5,1)
(c2,33)
(c0,37)
(c7,21)
(c8,79)
(d2,44)
(d6,42)
(d4,76)
(d3,81)
(d0,49)
(d5,85)
(e4,82)
(e5,40)
(e7,91)
(e2,35)
(e9,24)
(f2,19)
(f3,37)
(f5,67)
(f9,34)
(f7,48)
(f4,26)
(f8,66)
(f1,37)
(f6,95)
(g5,100)
(g3,62)
(g9,41)
(g1,96)
(g4,57)
(g0,99)
(g2,34)
(g7,2)
(h6,78)
(h1,85)
(h3,87)
(h5,12)
(h9,76)
(h2,12)
(i8,78)
(i0,19)
(i2,88)
(i5,58)
(i4,43)
(i6,5)
(i3,48)
(i1,3)
(j4,81)
(j2,44)
(j3,21)
(j6,31)
(j9,14)
(j8,21)
(j5,72)
(j1,3)
(j0,86)
(k0,64)
(k9,6)
(k2,97)
(k5,24)
(k8,9)
(k7,97)
(k1,45)
(l4,27)
(l9,88)
(l1,33)
(l3,1)
(l8,38)
(l2,53)
(l7,42)
(m6,84)
(m5,29)
(m3,50)
(m1,64)
(m0,97)
(m8,3)
(m9,14)
(m2,82)
(m4,71)
(n7,63)
(n9,8)
(n4,0)
(n0,80)
(n5,5)
(n2,92)
(n1,50)
(n6,59)
(o1,86)
(o5,74)
(o9,24)
(o3,88)
(o4,16)
(o2,71)
(o6,79)
(p6,21)
(p2,58)
(p1,0)
(p9,37)
(p3,85)
(p7,83)
(q1,71)
(q2,39)
(q0,94)
(q6,86)
(q7,55)
(q4,65)
(q8,56)
(r6,9)
(r7,99)
(r8,51)
(r9,26)
(r5,46)
(r3,20)
(r4,0)
(r1,16)
(s5,81)
(s2,55)
(s8,29)
(s6,1)
(s4,49)
(s3,24)
(s9,58)
(t0,96)
(t9,12)
(t5,1)
(t3,75)
(t4,38)
(t7,58)
(u2,20)
(u9,16)
(u1,23)
(u5,96)
(u4,60)
(u0,98)
(v5,80)
(v4,26)
(v9,21)
(v6,72)
(v8,50)
(v1,39)
(w7,59)
(w4,44)
(w2,47)
(w9,30)
(w1,53)
(w8,11)
(w6,94)
(w3,28)
(x8,90)
(x5,16)
(x1,51)
(x7,75)
(x9,13)
(x0,25)
(x3,6)
(x6,78)
(x2,4)
(y1,24)
(y3,60)
(y9,48)
(y7,91)
(y4,23)
(y8,34)
(z8,61)
(z5,30)
(z9,5)
(z2,25)
(z7,69)
(z0,30)
(z3,96)
(z4,73)
(z1,2)
[(x7,75)]
[(q4,65)]
[(c8,79)]
[(g1,12)]
(a0,38)
(a9,89)
(a3,17)
(a8,92)
(a4,76)
(a6,97)
(a1,88)
(a2,11)
(b6,77)
(b0,71)
(b4,33)
(b8,89)
(b3,19)
(b1,62)
(b7,75)
(b5,3)
(c4,76)
(c9,93)
(c1,90)
(c5,1)
(c2,33)
(c0,37)
(c7,21)
(c8,79)
(d1,16)
(d2,44)
(d6,42)
(d4,76)
(d3,81)
(d0,49)
(d5,85)
(e4,82)
(e5,40)
(e7,91)
(e2,21)
(e9,24)
(f2,77)
(f3,37)
(f5,67)
(f9,34)
(f7,48)
(f4,26)
(f8,66)
(f1,37)
(f6,95)
(g5,100)
(g3,62)
(g9,41)
(g1,12)
(g4,22)
(g0,54)
(g2,34)
(g7,2)
(h6,78)
(h1,85)
(h3,87)
(h5,12)
(h9,76)
(h2,12)
(i7,6)
(i8,78)
(i0,19)
(i2,88)
(i5,58)
(i4,43)
(i6,5)
(i3,48)
(i1,3)
(j4,81)
(j2,44)
(j3,21)
(j6,31)
(j9,14)
(j8,21)
(j5,72)
(j1,3)
(j0,86)
(k0,64)
(k9,6)
(k2,97)
(k5,24)
(k8,9)
(k7,97)
(k1,45)
(l5,35)
(l4,27)
(l9,88)
(l1,6)
(l3,1)
(l8,38)
(l2,53)
(l7,42)
(m6,84)
(m5,29)
(m3,50)
(m1,84)
(m0,97)
(m8,3)
(m9,14)
(m2,82)
(m4,71)
(n7,63)
(n9,8)
(n4,0)
(n0,80)
(n5,5)
(n2,92)
(n1,50)
(n6,59)
(o1,86)
(o5,74)
(o9,24)
(o3,88)
(o4,16)
(o2,71)
(o6,79)
(p6,21)
(p2,58)
(p1,0)
(p9,37)
(p3,85)
(p7,83)
(q1,71)
(q2,39)
(q0,94)
(q6,86)
(q7,55)
(q4,65)
(q8,56)
(r2,60)
(r6,9)
(r7,99)
(r8,51)
(r9,26)
(r5,46)
(r3,20)
(r4,0)
(r1,16)
(s1,24)
(s5,26)
(s2,55)
(s8,29)
(s6,1)
(s4,49)
(s9,58)
(t0,96)
(t9,12)
(t5,1)
(t3,31)
(t4,38)
(t7,58)
(u2,20)
(u9,16)
(u1,23)
(u5,96)
(u4,60)
(u0,98)
(v5,80)
(v4,26)
(v9,21)
(v6,72)
(v1,39)
(w7,59)
(w4,44)
(w2,47)
(w9,100)
(w1,53)
(w8,11)
(w6,94)
(w3,28)
(x8,90)
(x5,30)
(x1,51)
(x7,75)
(x9,13)
(x0,25)
(x3,6)
(x6,3)
(x2,4)
(y5,43)
(y1,24)
(y3,60)
(y9,48)
(y7,91)
(y4,23)
(y8,34)
(z8,61)
(z5,30)
(z9,5)
(z2,25)
(z7,69)
(z0,30)
(z3,96)
(z4,73)
(z1,2)
[(m1,84)]
[(r2,60)]
(a0,38)
(a9,89)
(a3,17)
(a8,92)
(a4,76)
(a6,97)
(a1,88)
(a2,11)
(b8,86)
(b9,92)
(b6,77)
(b0,47)
(b4,56)
(b3,19)
(b1,62)
(b7,19)
(b5,3)
(c4,76)
(c9,93)
(c1,90)
(c5,1)
(c2,33)
(c0,37)
(c7,21)
(d1,16)
(d2,44)
(d6,42)
(d4,33)
(d3,81)
(d0,49)
(d5,85)
(e0,83)
(e4,82)
(e5,40)
(e7,91)
(e2,21)
(e9,24)
(f0,7)
(f3,37)
(f5,67)
(f9,34)
(f7,48)
(f4,26)
(f8,51)
(f1,37)
(f6,95)
(g8,18)
(g5,100)
(g3,62)
(g9,41)
(g1,12)
(g4,22)
(g0,54)
(g2,34)
(g7,2)
(h6,78)
(h1,85)
(h3,87)
(h5,12)
(h9,76)
(h2,12)
(i7,6)
(i8,78)
(i0,19)
(i2,88)
(i5,58)
(i4,43)
(i6,5)
(i3,48)
(i1,70)
(j4,81)
(j2,44)
(j3,21)
(j6,31)
(j9,14)
(j8,22)
(j5,72)
(j1,3)
(j0,86)
(k0,64)
(k9,6)
(k2,34)
(k5,24)
(k8,9)
(k7,97)
(k1,45)
(l5,35)
(l4,27)
(l9,88)
(l1,6)
(l3,1)
(l8,38)
(l2,53)
(l7,42)
(m6,84)
(m5,29)
(m3,50)
(m1,84)
(m0,97)
(m8,3)
(m9,14)
(m2,82)
(m4,63)
(n7,63)
(n9,8)
(n4,0)
(n0,80)
(n5,5)
(n2,92)
(n1,50)
(n6,59)
(o7,4)
(o1,86)
(o5,74)
(o9,24)
(o3,88)
(o4,16)
(o2,71)
(o6,79)
(p6,21)
(p2,58)
(p1,0)
(p9,37)
(p3,85)
(p7,99)
(q9,75)
(q1,75)
(q0,94)
(q6,86)
(q7,55)
(q4,65)
(q8,56)
(r2,60)
(r6,9)
(r7,43)
(r8,77)
(r9,26)
(r5,46)
(r3,20)
(r4,0)
(r1,16)
(s1,24)
(s5,26)
(s2,55)
(s8,29)
(s6,1)
(s4,49)
(s9,58)
(t8,46)
(t0,96)
(t9,12)
(t5,1)
(t4,38)
(t7,58)
(u2,20)
(u9,16)
(u1,23)
(u5,18)
(u4,22)
(u0,98)
(v7,78)
(v5,80)
(v4,1)
(v9,21)
(v1,31)
(w7,59)
(w4,44)
(w2,47)
(w9,100)
(w1,53)
(w8,11)
(w6,94)
(w3,28)
(x8,90)
(x5,30)
(x1,51)
(x7,75)
(x9,13)
(x0,25)
(x3,6)
(x6,3)
(x2,4)
(y0,100)
(y5,43)
(y1,57)
(y3,60)
(y9,48)
(y7,92)
(y4,23)
(y8,34)
(z8,61)
(z5,30)
(z9,5)
(z2,25)
(z7,69)
(z0,30)
(z3,96)
(z4,73)
(z1,2)
Waiting...
[(k8,KVSMISSING)]
(a1,25)
(a2,61)
(a6,40)
(a7,73)
(a0,38)
(a9,60)
(a3,13)
(a8,53)
(a4,76)
(b3,73)
(b7,31)
(b2,27)
(b8,3)
(b0,82)
(b4,76)
(c8,76)
(c3,55)
(c6,24)
(c4,54)
(c9,11)
(c1,20)
(c5,60)
(c2,86)
(c0,17)
(c7,37)
(d7,20)
(d4,11)
(d8,14)
(d9,93)
(d1,67)
(d6,27)
(d0,69)
(d5,6)
(e2,46)
(e7,20)
(e3,16)
(e4,3)
(e8,97)
(e5,38)
(e0,83)
(e9,58)
(f2,0)
(f1,2)
(f0,27)
(f3,21)
(f5,67)
(f7,82)
(f4,59)
(f8,75)
(f6,17)
(g6,94)
(g9,64)
(g4,72)
(g8,18)
(g5,79)
(g3,26)
(g1,28)
(g2,25)
(g7,23)
(h0,83)
(h7,12)
(h8,60)
(h4,5)
(h3,97)
(h6,100)
(h1,85)
(h2,21)
(i6,76)
(i9,8)
(i4,9)
(i8,60)
(i0,19)
(i2,88)
(i5,78)
(i3,29)
(i1,70)
(j3,17)
(j8,76)
(j7,10)
(j4,17)
(j6,9)
(j9,21)
(j0,64)
(k5,79)
(k4,35)
(k0,62)
(k9,61)
(k2,0)
(k7,32)
(l1,83)
(l6,78)
(l0,22)
(l5,80)
(l4,46)
(l9,57)
(l3,63)
(l2,41)
(l7,34)
(m7,17)
(m8,39)
(m5,27)
(m3,85)
(m0,97)
(m2,36)
(n4,67)
(n8,29)
(n9,75)
(n0,41)
(n2,14)
(n1,5)
(n6,14)
(o1,15)
(o6,0)
(o8,71)
(o9,94)
(o0,58)
(o7,21)
(o5,96)
(o3,89)
(o2,46)
(p3,91)
(p6,20)
(p4,67)
(p0,35)
(p5,95)
(p1,36)
(p9,79)
(p7,99)
(q3,74)
(q8,81)
(q2,79)
(q5,4)
(q1,93)
(q0,25)
(q7,14)
(q4,61)
(r2,35)
(r0,74)
(r1,37)
(r6,34)
(r7,12)
(r8,36)
(r9,96)
(r5,46)
(r3,99)
(r4,42)
(s7,61)
(s8,29)
(s0,10)
(s5,52)
(s2,47)
(s6,17)
(s4,95)
(s9,71)
(t8,90)
(t3,63)
(t6,58)
(t0,59)
(t5,12)
(t4,65)
(t7,52)
(u6,51)
(u7,77)
(u3,10)
(u8,92)
(u2,49)
(u9,39)
(u5,85)
(u4,46)
(u0,78)
(v6,35)
(v8,66)
(v0,26)
(v7,92)
(v5,59)
(v4,60)
(v1,31)
(w3,99)
(w1,40)
(w7,66)
(w2,48)
(w9,73)
(w5,94)
(w6,43)
(x4,47)
(x0,74)
(x8,59)
(x5,7)
(x1,82)
(x7,64)
(x9,59)
(x3,6)
(x6,26)
(x2,4)
(y0,51)
(y2,41)
(y1,35)
(y3,0)
(y7,19)
(y4,16)
(y8,81)
(z6,65)
(z3,74)
(z8,72)
(z5,89)
(z9,36)
(z2,15)
(z7,14)
(z0,60)
(z4,87)
[(m1,KVSERROR)]
[(x5,7)]
[(b4,76)]
Waiting...
[(d4,75)]
[(d4,75)]
[(b9,KVSMISSING)]
[(x6,73)]
[(r8,15)]
[(w1,KVSERROR)]
[(y9,21)]
(a6,80)
(a1,18)
(a8,3)
(a4,74)
(b0,87)
(b3,67)
(b4,89)
(c3,9)
(c2,2)
(c7,18)
(c4,50)
(c1,65)
(c5,90)
(c0,69)
(d1,4)
(d4,75)
(d2,15)
(d7,9)
(d9,77)
(d6,22)
(e7,53)
(e8,82)
(e9,39)
(e4,92)
(e1,38)
(e6,4)
(e2,56)
(e5,48)
(f4,11)
(f6,10)
(f7,5)
(f9,51)
(f2,62)
(f3,60)
(f5,94)
(g7,28)
(g9,4)
(g4,95)
(g0,93)
(g3,95)
(g2,57)
(h3,15)
(h5,86)
(h4,43)
(h8,68)
(h9,100)
(h0,9)
(h7,21)
(h1,7)
(i6,29)
(i3,41)
(i8,85)
(i4,83)
(i9,76)
(i0,76)
(i2,15)
(i5,23)
(j3,72)
(j2,36)
(j1,98)
(j7,65)
(j5,61)
(k6,20)
(k2,46)
(k1,100)
(k3,6)
(k8,85)
(k5,86)
(k0,49)
(l9,58)
(m9,45)
(m2,42)
(m4,63)
(n7,28)
(n0,77)
(n6,55)
(n9,74)
(n8,81)
(n4,67)
(o6,51)
(o1,35)
(o4,14)
(o8,93)
(o9,60)
(o2,58)
(p2,53)
(p3,44)
(p9,86)
(p0,46)
(p4,75)
(p8,2)
(p1,62)
(p7,66)
(q7,5)
(q5,36)
(q9,52)
(q3,69)
(q8,26)
(q4,39)
(r3,31)
(r1,19)
(r9,65)
(r6,35)
(r7,5)
(r8,15)
(r5,28)
(r4,17)
(s2,28)
(s9,5)
(s3,95)
(s8,88)
(s5,74)
(s6,17)
(s4,96)
(t0,90)
(t9,53)
(t1,6)
(t8,73)
(t3,46)
(t5,56)
(t7,0)
(u1,57)
(u8,93)
(u2,24)
(u4,28)
(u0,70)
(v2,100)
(v4,67)
(v3,87)
(v6,78)
(v8,11)
(v0,85)
(v5,69)
(v1,46)
(w7,45)
(w6,21)
(w4,12)
(w3,30)
(w9,55)
(x4,28)
(x6,73)
(x9,52)
(x0,16)
(x8,7)
(x1,38)
(x7,96)
(x3,65)
(y9,21)
(y2,47)
(y3,3)
(y4,5)
(y8,48)
(z8,72)
(z3,70)
(z2,43)
(z4,57)
(z0,27)
(z6,45)
(z5,29)
(z7,18)
[(e6,4)]
(a5,20)
(a6,80)
(a1,28)
(a8,3)
(a4,74)
(b6,18)
(b8,50)
(b0,87)
(b3,67)
(b4,89)
(c3,9)
(c2,2)
(c7,18)
(c4,88)
(c1,65)
(c5,90)
(c0,69)
(d1,4)
(d4,75)
(d2,15)
(d7,9)
(d9,77)
(d6,22)
(e7,53)
(e8,82)
(e9,39)
(e4,92)
(e1,38)
(e6,4)
(e2,56)
(e5,48)
(f4,11)
(f6,10)
(f7,5)
(f9,51)
(f2,62)
(f3,60)
(f5,94)
(g7,28)
(g9,4)
(g4,95)
(g0,93)
(g3,95)
(g2,57)
(h6,30)
(h3,15)
(h5,65)
(h4,43)
(h8,68)
(h9,100)
(h0,3)
(h7,21)
(h1,7)
(i1,34)
(i6,29)
(i3,41)
(i8,85)
(i4,83)
(i9,76)
(i0,76)
(i2,15)
(i5,14)
(j3,72)
(j2,36)
(j1,98)
(j7,65)
(j5,61)
(k6,20)
(k2,46)
(k1,100)
(k3,6)
(k8,85)
(k5,86)
(k0,49)
(l3,61)
(l9,58)
(m9,78)
(m2,42)
(m4,63)
(n1,55)
(n7,28)
(n0,77)
(n6,20)
(n9,74)
(n8,81)
(n4,67)
(o6,51)
(o1,35)
(o4,66)
(o8,93)
(o9,60)
(o2,58)
(p2,53)
(p3,44)
(p9,86)
(p0,46)
(p4,75)
(p8,2)
(p1,62)
(p7,66)
(q2,63)
(q1,74)
(q7,5)
(q5,36)
(q9,52)
(q3,69)
(q8,26)
(q4,39)
(r3,31)
(r9,65)
(r6,35)
(r7,5)
(r8,73)
(r5,28)
(r4,17)
(s2,28)
(s9,5)
(s3,95)
(s8,88)
(s5,74)
(s6,17)
(s4,96)
(t2,57)
(t0,13)
(t9,53)
(t1,6)
(t3,46)
(t5,56)
(t7,0)
(u9,15)
(u1,57)
(u8,93)
(u2,24)
(u4,28)
(u0,70)
(v2,100)
(v4,67)
(v3,87)
(v6,78)
(v8,11)
(v0,85)
(v5,69)
(v1,46)
(w2,13)
(w5,85)
(w7,45)
(w6,21)
(w4,12)
(w3,30)
(w9,55)
(x2,48)
(x4,28)
(x6,73)
(x9,52)
(x0,16)
(x8,7)
(x1,38)
(x7,96)
(x3,65)
(y9,21)
(y2,47)
(y3,3)
(y4,5)
(y8,48)
(z8,72)
(z3,70)
(z2,43)
(z4,57)
(z0,27)
(z6,45)
(z5,29)
(z7,18)
[(o5,KVSERROR)]
[(g2,57)]
