[(t6,59)]
[(s9,58)]
[(a3,17)]
[(t6,59)]
[(b0,78)]
[(o4,10)]
[(l1,54)]
Waiting...
[(b1,62)]
(a7,10)
(a0,38)
(a9,89)
(a3,17)
(a8,92)
(a4,76)
(a6,27)
(a1,88)
(b2,87)
(b8,55)
(b9,92)
(b6,77)
(b0,41)
(b4,51)
(b1,62)
(b5,3)
(c4,76)
(c9,93)
(c1,90)
(c5,1)
(c2,62)
(c0,37)
(c7,21)
(d9,30)
(d1,16)
(d2,14)
(d6,42)
(d3,89)
(d0,49)
(d5,85)
(e1,90)
(e0,83)
(e4,12)
(e7,91)
(e9,24)
(f1,85)
(f0,7)
(f3,37)
(f5,67)
(f9,34)
(f7,48)
(f4,26)
(f8,51)
(f6,95)
(g8,18)
(g5,100)
(g3,62)
(g1,12)
(g4,32)
(g0,54)
(g2,34)
(g7,2)
(h8,60)
(h4,93)
(h3,97)
(h6,78)
(h1,85)
(h5,12)
(h2,12)
(i4,9)
(i7,6)
(i8,78)
(i0,19)
(i2,88)
(i5,97)
(i6,5)
(i3,48)
(i1,70)
(j7,24)
(j4,96)
(j2,50)
(j3,21)
(j6,97)
(j9,14)
(j8,22)
(j5,72)
(j1,44)
(j0,86)
(k4,35)
(k3,95)
(k0,64)
(k9,90)
(k2,34)
(k5,24)
(k8,95)
(k7,3)
(k1,3)
(l4,27)
(l9,88)
(l3,1)
(l8,38)
(l2,53)
(l7,42)
(m6,84)
(m5,29)
(m3,29)
(m0,97)
(m9,14)
(m2,82)
(m4,26)
(n7,63)
(n9,8)
(n4,0)
(n0,18)
(n5,5)
(n2,14)
(n1,50)
(n6,16)
(o9,96)
(o0,99)
(o7,4)
(o5,74)
(o3,88)
(o2,71)
(o6,79)
(p0,15)
(p5,85)
(p8,38)
(p6,21)
(p2,58)
(p1,0)
(p9,37)
(p3,85)
(p7,99)
(q2,38)
(q5,93)
(q9,75)
(q1,75)
(q0,94)
(q6,86)
(q7,46)
(q4,33)
(q8,56)
(r1,80)
(r2,60)
(r6,9)
(r7,12)
(r8,41)
(r9,26)
(r5,46)
(r3,96)
(r4,24)
(s5,26)
(s2,38)
(s8,29)
(s6,93)
(s4,49)
(s9,19)
(t6,23)
(t0,46)
(t9,57)
(t5,88)
(t4,38)
(t7,58)
(u7,77)
(u3,75)
(u8,47)
(u6,0)
(u2,50)
(u9,16)
(u1,23)
(u5,18)
(u4,22)
(u0,98)
(v8,41)
(v0,62)
(v7,87)
(v5,80)
(v4,1)
(v1,31)
(w7,59)
(w4,44)
(w8,63)
(w6,94)
(w3,28)
(x8,90)
(x5,30)
(x1,60)
(x7,64)
(x9,13)
(x3,6)
(x6,3)
(x2,4)
(y0,100)
(y5,43)
(y3,60)
(y9,31)
(y7,92)
(y4,16)
(y8,34)
(z8,71)
(z5,30)
(z9,5)
(z2,25)
(z7,69)
(z0,30)
(z4,35)
[(v4,1)]
[(w3,28)]
Waiting...
[(b6,KVSMISSING)]
[(b0,KVSMISSING)(c2,KVSMISSING)]
[(r1,62)]
[(t6,KVSERROR)]
[(t6,KVSMISSING)]
[(y7,97)]
[(b1,KVSERROR)]
[(v3,20)]
[(k4,64)]
Waiting...
[(o5,KVSMISSING)]
[(f8,9)]
(a0,54)
(a9,23)
(a5,20)
(a6,80)
(a1,65)
(a8,3)
(a4,74)
(b7,18)
(b1,29)
(b6,18)
(b8,50)
(b0,87)
(c9,13)
(c3,9)
(c2,54)
(c7,18)
(c4,88)
(c1,65)
(c5,12)
(c0,57)
(d0,28)
(d3,41)
(d1,4)
(d4,75)
(d2,15)
(d7,9)
(d9,77)
(d6,22)
(e7,53)
(e8,82)
(e9,39)
(e4,92)
(e1,38)
(e6,41)
(e2,56)
(e5,48)
(f7,95)
(f8,9)
(f4,11)
(f9,51)
(f3,60)
(f5,94)
(g7,28)
(g9,4)
(g4,95)
(g0,39)
(g3,95)
(g2,4)
(h2,28)
(h6,30)
(h3,15)
(h5,23)
(h4,43)
(h8,68)
(h9,100)
(h7,21)
(h1,7)
(i1,34)
(i6,96)
(i8,62)
(i4,83)
(i9,76)
(i0,97)
(i2,12)
(i5,68)
(j6,7)
(j8,81)
(j0,20)
(j3,18)
(j2,36)
(j1,98)
(j7,65)
(j5,60)
(k7,73)
(k6,39)
(k2,46)
(k1,100)
(k8,85)
(k5,86)
(k0,49)
(l8,42)
(l6,96)
(l7,96)
(l1,66)
(l2,6)
(l3,61)
(l9,84)
(m1,70)
(m7,32)
(m3,97)
(m9,78)
(m2,78)
(n5,88)
(n1,55)
(n7,28)
(n0,77)
(n6,70)
(n9,62)
(n8,81)
(n4,18)
(o0,68)
(o6,51)
(o1,82)
(o4,66)
(o8,93)
(o9,7)
(o2,58)
(p2,53)
(p3,12)
(p9,86)
(p4,75)
(p8,2)
(p1,62)
(p7,66)
(q0,65)
(q2,63)
(q1,74)
(q5,83)
(q9,52)
(q3,69)
(q8,26)
(q4,39)
(r6,35)
(r7,33)
(r8,73)
(r5,61)
(r4,17)
(s7,89)
(s0,16)
(s2,28)
(s3,70)
(s8,88)
(s6,17)
(s4,96)
(t4,20)
(t2,57)
(t0,13)
(t9,53)
(t1,6)
(t3,65)
(t5,29)
(t7,0)
(u7,39)
(u1,57)
(u8,93)
(u2,24)
(u4,28)
(u0,70)
(v7,19)
(v9,56)
(v2,54)
(v4,67)
(v3,86)
(v6,6)
(v8,11)
(v0,85)
(v5,69)
(v1,46)
(w8,25)
(w1,7)
(w2,13)
(w5,85)
(w7,51)
(w6,73)
(w9,55)
(x2,48)
(x4,28)
(x6,73)
(x9,52)
(x0,16)
(x1,38)
(x7,96)
(x3,65)
(y7,71)
(y9,21)
(y2,47)
(y3,3)
(y4,5)
(y8,65)
(z9,39)
(z8,72)
(z3,70)
(z2,43)
(z4,82)
(z0,27)
(z6,45)
(z5,29)
(z7,18)
(a0,54)
(a9,23)
(a5,20)
(a6,80)
(a1,65)
(a8,3)
(a4,74)
(b4,87)
(b7,18)
(b1,29)
(b6,18)
(b8,50)
(b0,87)
(c9,13)
(c3,9)
(c2,54)
(c7,18)
(c4,49)
(c1,65)
(c5,12)
(c0,57)
(d0,28)
(d3,41)
(d1,4)
(d4,75)
(d2,15)
(d7,9)
(d9,77)
(d6,22)
(e7,53)
(e8,82)
(e9,39)
(e4,92)
(e1,38)
(e6,41)
(e2,56)
(e5,48)
(f7,95)
(f8,9)
(f4,65)
(f9,51)
(f3,60)
(f5,94)
(g7,28)
(g9,4)
(g4,95)
(g0,39)
(g3,95)
(g2,4)
(h2,28)
(h6,30)
(h3,15)
(h5,23)
(h4,43)
(h8,68)
(h9,100)
(h7,21)
(h1,7)
(i1,19)
(i6,96)
(i8,62)
(i4,99)
(i9,76)
(i0,97)
(i2,12)
(i5,68)
(j6,7)
(j8,81)
(j0,20)
(j3,18)
(j2,36)
(j1,98)
(j7,65)
(j5,60)
(k7,73)
(k6,39)
(k2,46)
(k1,100)
(k8,8)
(k5,86)
(k0,49)
(l8,42)
(l6,96)
(l7,96)
(l1,66)
(l2,6)
(l3,61)
(l9,84)
(m1,70)
(m7,32)
(m3,97)
(m9,78)
(n5,88)
(n1,55)
(n7,28)
(n0,77)
(n6,70)
(n9,62)
(n8,81)
(n4,18)
(o0,68)
(o6,51)
(o1,82)
(o4,66)
(o8,93)
(o9,7)
(o2,58)
(p2,53)
(p3,12)
(p9,86)
(p4,75)
(p8,2)
(p1,62)
(p7,66)
(q6,88)
(q0,65)
(q2,63)
(q1,74)
(q5,83)
(q9,52)
(q3,69)
(q8,26)
(q4,39)
(r6,35)
(r7,33)
(r8,73)
(r5,61)
(r4,17)
(s7,89)
(s0,16)
(s2,28)
(s3,70)
(s8,88)
(s6,17)
(s4,96)
(t8,49)
(t4,20)
(t2,57)
(t0,13)
(t9,53)
(t1,6)
(t3,65)
(t5,29)
(t7,0)
(u7,39)
(u1,57)
(u8,93)
(u2,24)
(u4,28)
(u0,70)
(v7,19)
(v9,56)
(v2,54)
(v4,67)
(v3,86)
(v6,6)
(v8,11)
(v0,85)
(v5,69)
(v1,46)
(w4,26)
(w8,25)
(w1,7)
(w2,13)
(w5,85)
(w7,51)
(w6,73)
(w9,55)
(x2,48)
(x4,28)
(x6,73)
(x9,52)
(x0,16)
(x1,38)
(x7,96)
(x3,65)
(y6,85)
(y7,71)
(y9,21)
(y2,47)
(y3,3)
(y4,5)
(y8,65)
(z9,39)
(z8,72)
(z3,70)
(z2,43)
(z4,82)
(z0,27)
(z6,45)
(z5,29)
(z7,18)
[(v4,67)]
(a0,54)
(a9,23)
(a5,20)
(a6,80)
(a1,65)
(a8,3)
(a4,74)
(b4,87)
(b7,18)
(b1,29)
(b6,18)
(b8,50)
(b0,87)
(c9,13)
(c3,9)
(c2,54)
(c7,18)
(c4,49)
(c1,65)
(c5,12)
(c0,57)
(d0,28)
(d3,41)
(d1,4)
(d4,75)
(d2,15)
(d7,9)
(d9,77)
(d6,22)
(e7,53)
(e8,82)
(e9,39)
(e4,92)
(e1,38)
(e6,41)
(e2,56)
(e5,48)
(f7,95)
(f8,9)
(f4,65)
(f9,51)
(f3,60)
(f5,94)
(g7,28)
(g9,4)
(g4,95)
(g0,39)
(g3,95)
(g2,4)
(h2,28)
(h6,30)
(h3,15)
(h5,23)
(h4,43)
(h8,68)
(h9,100)
(h7,21)
(h1,7)
(i1,19)
(i6,96)
(i8,62)
(i4,99)
(i9,76)
(i0,97)
(i2,12)
(i5,68)
(j6,7)
(j8,81)
(j0,20)
(j3,18)
(j2,36)
(j1,98)
(j7,65)
(j5,60)
(k7,73)
(k6,39)
(k2,46)
(k1,100)
(k8,8)
(k5,86)
(k0,49)
(l8,42)
(l6,96)
(l7,96)
(l1,66)
(l2,6)
(l3,61)
(l9,84)
(m1,70)
(m7,32)
(m3,97)
(m9,78)
(n5,88)
(n1,55)
(n7,28)
(n0,77)
(n6,70)
(n9,62)
(n8,81)
(n4,18)
(o0,68)
(o6,51)
(o1,82)
(o4,66)
(o8,93)
(o9,7)
(o2,58)
(p2,53)
(p3,12)
(p9,86)
(p4,75)
(p8,2)
(p1,62)
(p7,66)
(q6,88)
(q0,65)
(q2,63)
(q1,74)
(q5,83)
(q9,52)
(q3,69)
(q8,26)
(q4,39)
(r6,35)
(r7,33)
(r8,73)
(r5,61)
(r4,17)
(s7,89)
(s0,16)
(s2,28)
(s3,70)
(s8,88)
(s6,17)
(s4,96)
(t8,49)
(t4,20)
(t2,57)
(t0,13)
(t9,53)
(t1,6)
(t3,65)
(t5,29)
(t7,0)
(u7,39)
(u1,57)
(u8,93)
(u2,24)
(u4,28)
(u0,70)
(v7,19)
(v9,56)
(v2,54)
(v4,67)
(v3,86)
(v6,6)
(v8,11)
(v0,85)
(v5,69)
(v1,46)
(w4,26)
(w8,25)
(w1,7)
(w2,13)
(w5,85)
(w7,51)
(w6,73)
(w9,55)
(x2,48)
(x4,28)
(x6,73)
(x9,52)
(x0,16)
(x1,38)
(x7,96)
(x3,65)
(y6,85)
(y7,71)
(y9,21)
(y2,47)
(y3,3)
(y4,5)
(y8,65)
(z9,39)
(z8,72)
(z3,70)
(z2,43)
(z4,82)
(z0,27)
(z6,45)
(z5,29)
(z7,18)
[(p5,KVSMISSING)(p6,KVSMISSING)]
[(z0,27)]
Waiting...
[(l7,KVSMISSING)]
[(e6,86)]
