(a5,9)
(a9,52)
(a1,27)
(a7,43)
(a0,71)
(a8,3)
(a4,99)
(b9,39)
(b3,67)
(b4,4)
(c8,46)
(c3,57)
(c6,53)
(c4,26)
(c1,87)
(c5,90)
(c0,9)
(c7,30)
(d1,20)
(d4,75)
(d5,65)
(d2,50)
(d3,86)
(d0,25)
(d7,9)
(d8,90)
(d9,77)
(d6,22)
(e8,77)
(e1,38)
(e6,84)
(e2,46)
(e7,21)
(e3,94)
(e5,48)
(e0,48)
(f0,4)
(f7,5)
(f9,51)
(f2,12)
(f3,60)
(f5,11)
(f8,27)
(f6,81)
(g4,0)
(g0,93)
(g9,52)
(g8,84)
(g5,41)
(g3,33)
(g2,77)
(h3,15)
(h5,72)
(h4,17)
(h8,50)
(h9,100)
(h0,55)
(h7,97)
(h1,19)
(i8,85)
(i4,83)
(i7,91)
(i9,76)
(i0,76)
(i2,15)
(i5,99)
(i3,88)
(i1,40)
(j2,2)
(j1,46)
(j3,85)
(j7,76)
(j5,61)
(j4,15)
(j9,8)
(k9,57)
(k2,97)
(k1,30)
(k3,6)
(k8,85)
(k5,86)
(k0,49)
(l1,83)
(l4,48)
(l9,2)
(l3,81)
(l2,61)
(l7,12)
(m0,44)
(m5,21)
(m7,54)
(m8,73)
(m1,48)
(m6,29)
(m4,99)
(m3,98)
(n2,55)
(n0,10)
(n1,33)
(n5,73)
(n6,19)
(n9,74)
(n8,81)
(n3,30)
(n4,67)
(o0,70)
(o1,35)
(o4,96)
(o8,8)
(o9,34)
(o5,42)
(o3,29)
(o2,76)
(p9,87)
(p0,35)
(p4,7)
(p8,2)
(p6,50)
(p5,45)
(p1,62)
(p7,63)
(q1,83)
(q5,36)
(q6,37)
(q9,52)
(q3,79)
(q8,26)
(q2,37)
(q0,25)
(q4,39)
(r1,78)
(r9,85)
(r2,76)
(r0,12)
(r6,33)
(r7,26)
(r8,15)
(r5,28)
(r3,65)
(r4,17)
(s3,95)
(s1,43)
(s7,24)
(s8,49)
(s0,14)
(s5,74)
(s2,39)
(s6,17)
(s4,96)
(s9,5)
(t0,42)
(t6,97)
(t9,73)
(t1,30)
(t8,90)
(t3,83)
(t5,59)
(t7,37)
(u1,57)
(u6,78)
(u3,81)
(u8,7)
(u2,91)
(u4,28)
(u0,70)
(v9,83)
(v4,20)
(v3,87)
(v6,78)
(v8,11)
(v0,32)
(v5,54)
(v1,46)
(w7,45)
(w5,27)
(w8,45)
(w6,21)
(w4,52)
(w3,14)
(w2,80)
(w9,73)
(x9,65)
(x0,15)
(x4,49)
(x8,86)
(x1,36)
(x7,68)
(x3,65)
(x2,12)
(y5,0)
(y6,2)
(y2,21)
(y3,47)
(y7,42)
(y4,70)
(y8,61)
(z2,43)
(z8,30)
(z4,4)
(z9,79)
(z0,89)
(z6,45)
(z3,82)
(z5,57)
(z7,18)
[(b9,39)]
[(q3,12)]
(a6,54)
(a5,9)
(a9,52)
(a1,27)
(a7,11)
(a0,71)
(a8,3)
(a4,99)
(b9,39)
(b3,67)
(b4,89)
(c8,46)
(c3,57)
(c4,75)
(c1,76)
(c5,90)
(c0,9)
(d1,53)
(d4,75)
(d5,65)
(d2,50)
(d3,86)
(d0,25)
(d7,9)
(d8,90)
(d9,77)
(d6,22)
(e4,59)
(e1,38)
(e6,84)
(e2,46)
(e7,21)
(e3,94)
(e5,48)
(e0,48)
(f0,4)
(f7,5)
(f9,51)
(f2,19)
(f3,60)
(f5,11)
(f8,27)
(f6,81)
(g4,0)
(g0,93)
(g8,39)
(g5,41)
(g3,33)
(g2,77)
(h2,86)
(h3,15)
(h5,72)
(h4,17)
(h8,50)
(h9,100)
(h0,55)
(h7,97)
(h1,19)
(i8,85)
(i4,83)
(i7,91)
(i9,76)
(i0,76)
(i2,15)
(i5,23)
(i1,40)
(j8,81)
(j2,36)
(j1,46)
(j3,85)
(j7,76)
(j5,61)
(j4,15)
(j9,31)
(k9,22)
(k2,97)
(k1,30)
(k3,6)
(k8,85)
(k5,86)
(k0,49)
(l1,83)
(l4,48)
(l9,2)
(l3,81)
(l2,61)
(l7,72)
(m0,90)
(m7,54)
(m8,73)
(m1,46)
(m6,29)
(m4,99)
(n2,95)
(n0,10)
(n1,70)
(n5,73)
(n6,19)
(n9,74)
(n8,81)
(n3,64)
(n4,67)
(o0,70)
(o1,35)
(o4,96)
(o8,94)
(o9,34)
(o5,42)
(o2,76)
(p2,53)
(p3,44)
(p9,86)
(p0,46)
(p4,75)
(p8,2)
(p6,50)
(p5,45)
(p1,62)
(p7,63)
(q7,5)
(q1,83)
(q5,36)
(q6,37)
(q9,52)
(q3,12)
(q8,26)
(q2,37)
(q0,25)
(q4,39)
(r1,78)
(r9,87)
(r0,12)
(r6,33)
(r7,26)
(r8,15)
(r5,28)
(r3,65)
(r4,17)
(s3,95)
(s1,43)
(s7,24)
(s8,88)
(s5,74)
(s2,39)
(s6,17)
(s4,96)
(t2,6)
(t0,42)
(t6,97)
(t9,73)
(t1,30)
(t8,90)
(t3,83)
(t5,60)
(t7,37)
(u7,66)
(u1,57)
(u6,78)
(u3,81)
(u8,40)
(u2,91)
(u4,28)
(u0,70)
(v9,83)
(v4,20)
(v3,87)
(v6,78)
(v8,11)
(v0,32)
(v5,99)
(v1,46)
(w1,5)
(w7,45)
(w5,27)
(w8,45)
(w6,21)
(w4,52)
(w3,14)
(w2,80)
(w9,73)
(x9,65)
(x0,75)
(x4,39)
(x8,86)
(x1,36)
(x7,68)
(x3,65)
(y5,0)
(y2,21)
(y3,47)
(y7,42)
(y4,5)
(y8,61)
(z2,43)
(z4,4)
(z9,79)
(z0,89)
(z6,45)
(z3,82)
(z5,57)
(z7,18)
[(x0,75)]
[(h2,86)]
[(h2,86)]
[(u8,96)]
Waiting...
[(r2,KVSMISSING)]
[(m1,KVSMISSING)]
[(x0,16)]
(a0,54)
(a9,23)
(a5,20)
(a6,80)
(a1,65)
(a8,3)
(a4,74)
(b1,29)
(b6,18)
(b8,50)
(b0,87)
(b4,89)
(c9,13)
(c3,9)
(c2,54)
(c7,18)
(c4,88)
(c1,65)
(c5,12)
(c0,57)
(d3,41)
(d1,4)
(d4,75)
(d2,15)
(d7,9)
(d9,77)
(d6,22)
(e7,53)
(e8,82)
(e9,39)
(e4,92)
(e1,38)
(e6,41)
(e2,56)
(e5,48)
(f7,95)
(f8,9)
(f4,11)
(f9,51)
(f3,60)
(f5,94)
(g7,28)
(g9,4)
(g4,95)
(g0,39)
(g3,95)
(g2,57)
(h2,28)
(h6,30)
(h3,15)
(h5,23)
(h4,43)
(h8,68)
(h9,100)
(h7,21)
(h1,7)
(i1,34)
(i6,96)
(i8,62)
(i4,83)
(i9,76)
(i0,97)
(i2,12)
(i5,68)
(j8,81)
(j0,20)
(j3,18)
(j2,36)
(j1,98)
(j7,65)
(j5,60)
(k7,73)
(k6,39)
(k2,46)
(k1,100)
(k8,85)
(k5,86)
(k0,49)
(l6,96)
(l7,96)
(l1,66)
(l2,6)
(l3,61)
(l9,84)
(m7,32)
(m3,97)
(m9,78)
(m2,78)
(n1,55)
(n7,28)
(n0,77)
(n6,70)
(n9,62)
(n8,81)
(n4,18)
(o0,68)
(o6,51)
(o1,82)
(o4,66)
(o8,93)
(o9,7)
(o2,58)
(p2,53)
(p3,12)
(p9,86)
(p4,75)
(p8,2)
(p1,62)
(p7,66)
(q0,65)
(q2,63)
(q1,74)
(q7,5)
(q5,83)
(q9,52)
(q3,69)
(q8,26)
(q4,39)
(r6,35)
(r7,33)
(r8,73)
(r5,61)
(r4,17)
(s7,89)
(s0,16)
(s2,28)
(s3,70)
(s8,88)
(s6,17)
(s4,96)
(t4,20)
(t2,57)
(t0,13)
(t9,53)
(t1,6)
(t3,65)
(t5,29)
(t7,0)
(u1,57)
(u8,93)
(u2,24)
(u4,28)
(u0,70)
(v7,19)
(v9,56)
(v2,54)
(v4,67)
(v3,86)
(v6,6)
(v8,11)
(v0,85)
(v5,69)
(v1,46)
(w8,25)
(w1,7)
(w2,13)
(w5,85)
(w7,51)
(w6,21)
(w9,55)
(x2,48)
(x4,28)
(x6,73)
(x9,52)
(x0,16)
(x8,7)
(x1,38)
(x7,96)
(x3,65)
(y7,71)
(y9,21)
(y2,47)
(y3,3)
(y4,5)
(y8,65)
(z8,72)
(z3,70)
(z2,43)
(z4,82)
(z0,27)
(z6,45)
(z5,29)
(z7,18)
[(n2,KVSMISSING)]
(a0,54)
(a9,23)
(a5,20)
(a6,80)
(a1,65)
(a8,3)
(a4,74)
(b1,29)
(b6,18)
(b8,50)
(b0,87)
(b4,89)
(c9,13)
(c3,9)
(c2,54)
(c7,18)
(c4,88)
(c1,65)
(c5,12)
(c0,57)
(d0,28)
(d3,41)
(d1,4)
(d4,75)
(d2,15)
(d7,9)
(d9,77)
(d6,22)
(e7,53)
(e8,82)
(e9,39)
(e4,92)
(e1,38)
(e6,41)
(e2,56)
(e5,48)
(f7,95)
(f8,9)
(f4,11)
(f9,51)
(f3,60)
(f5,94)
(g7,28)
(g9,4)
(g4,95)
(g0,39)
(g3,95)
(g2,4)
(h2,28)
(h6,30)
(h3,15)
(h5,23)
(h4,43)
(h8,68)
(h9,100)
(h7,21)
(h1,7)
(i1,34)
(i6,96)
(i8,62)
(i4,83)
(i9,76)
(i0,97)
(i2,12)
(i5,68)
(j8,81)
(j0,20)
(j3,18)
(j2,36)
(j1,98)
(j7,65)
(j5,60)
(k7,73)
(k6,39)
(k2,46)
(k1,100)
(k8,85)
(k5,86)
(k0,49)
(l8,42)
(l6,96)
(l7,96)
(l1,66)
(l2,6)
(l3,61)
(l9,84)
(m1,70)
(m7,32)
(m3,97)
(m9,78)
(m2,78)
(n1,55)
(n7,28)
(n0,77)
(n6,70)
(n9,62)
(n8,81)
(n4,18)
(o0,68)
(o6,51)
(o1,82)
(o4,66)
(o8,93)
(o9,7)
(o2,58)
(p2,53)
(p3,12)
(p9,86)
(p4,75)
(p8,2)
(p1,62)
(p7,66)
(q0,65)
(q2,63)
(q1,74)
(q7,5)
(q5,83)
(q9,52)
(q3,69)
(q8,26)
(q4,39)
(r6,35)
(r7,33)
(r8,73)
(r5,61)
(r4,17)
(s7,89)
(s0,16)
(s2,28)
(s3,70)
(s8,88)
(s6,17)
(s4,96)
(t4,20)
(t2,57)
(t0,13)
(t9,53)
(t1,6)
(t3,65)
(t5,29)
(t7,0)
(u7,39)
(u1,57)
(u8,93)
(u2,24)
(u4,28)
(u0,70)
(v7,19)
(v9,56)
(v2,54)
(v4,67)
(v3,86)
(v6,6)
(v8,11)
(v0,85)
(v5,69)
(v1,46)
(w8,25)
(w1,7)
(w2,13)
(w5,85)
(w7,51)
(w6,73)
(w9,55)
(x2,48)
(x4,28)
(x6,73)
(x9,52)
(x0,16)
(x1,38)
(x7,96)
(x3,65)
(y7,71)
(y9,21)
(y2,47)
(y3,3)
(y4,5)
(y8,65)
(z8,72)
(z3,70)
(z2,43)
(z4,82)
(z0,27)
(z6,45)
(z5,29)
(z7,18)
Waiting...
[(g3,90)]
[(g3,90)]
[(j3,97)]
[(u8,KVSERROR)]
(a7,39)
(a6,54)
(a0,84)
(a9,65)
(a4,88)
(b0,92)
(b3,4)
(b5,39)
(b9,6)
(b2,45)
(b4,71)
(b7,75)
(b1,82)
(b6,43)
(c1,84)
(c0,16)
(c9,97)
(c7,31)
(c6,11)
(c8,8)
(c4,2)
(c5,47)
(d0,28)
(d4,91)
(d7,9)
(e2,12)
(e4,73)
(e5,30)
(e3,0)
(e0,35)
(e8,82)
(e6,86)
(f9,45)
(f6,22)
(f7,93)
(f3,41)
(f1,38)
(f0,96)
(f8,9)
(f4,29)
(f5,26)
(g1,60)
(g0,95)
(g3,90)
(g7,29)
(g8,60)
(g4,21)
(g5,13)
(g2,61)
(h5,45)
(h1,51)
(h3,77)
(h9,54)
(h0,95)
(h2,28)
(h6,58)
(h4,100)
(h8,34)
(i3,80)
(i2,17)
(i7,87)
(i1,93)
(i6,82)
(i8,81)
(i4,14)
(i0,51)
(j6,50)
(j0,92)
(j3,97)
(j1,98)
(j5,91)
(k8,44)
(k1,95)
(k0,12)
(k6,73)
(k9,82)
(k4,46)
(l6,24)
(l5,24)
(l4,77)
(l0,82)
(l8,32)
(l1,29)
(l2,6)
(l9,67)
(m4,40)
(m6,84)
(m2,77)
(m8,90)
(m1,34)
(m0,92)
(m5,26)
(m7,32)
(m9,66)
(n3,52)
(n2,16)
(n4,59)
(n1,15)
(n0,1)
(n7,28)
(n6,84)
(n9,44)
(n8,40)
(o2,61)
(o5,32)
(o3,10)
(o7,13)
(o0,88)
(o6,46)
(o1,23)
(o4,58)
(o9,74)
(p2,34)
(p3,50)
(p5,1)
(p9,50)
(p4,81)
(p8,97)
(p1,30)
(q7,2)
(q2,12)
(q8,32)
(q6,17)
(q0,50)
(q1,1)
(q9,53)
(q4,58)
(r8,45)
(r3,14)
(r7,23)
(r5,74)
(s0,58)
(s7,65)
(s8,28)
(s5,12)
(s1,88)
(s6,89)
(t8,6)
(t5,86)
(t3,2)
(t1,96)
(t4,29)
(t2,21)
(t0,8)
(t9,14)
(u7,50)
(u1,45)
(u3,31)
(u6,36)
(u9,92)
(u2,82)
(u4,81)
(u0,17)
(v6,9)
(v2,84)
(v7,19)
(v3,77)
(v0,90)
(v5,39)
(w1,35)
(w5,69)
(w2,51)
(w6,37)
(w0,90)
(w8,82)
(w7,18)
(w9,48)
(x4,57)
(x6,34)
(x5,65)
(x2,54)
(x1,88)
(y1,77)
(y0,29)
(y5,42)
(y7,95)
(y9,82)
(y3,27)
(y4,100)
(z9,78)
(z4,22)
(z1,24)
(z7,81)
(z6,61)
[(u8,KVSMISSING)]
