(a7,10)
(a0,38)
(a9,89)
(a3,17)
(a8,92)
(a4,76)
(a6,27)
(a1,88)
(b2,87)
(b8,55)
(b9,92)
(b0,41)
(b4,51)
(b1,62)
(b5,3)
(c4,54)
(c9,93)
(c1,90)
(c5,1)
(c2,62)
(c0,37)
(c7,37)
(d9,30)
(d1,16)
(d2,14)
(d6,42)
(d3,89)
(d0,49)
(d5,85)
(e5,25)
(e1,90)
(e0,83)
(e4,12)
(e7,91)
(e9,24)
(f1,85)
(f0,7)
(f3,37)
(f5,67)
(f9,34)
(f7,48)
(f4,26)
(f8,51)
(f6,95)
(g8,18)
(g5,100)
(g3,62)
(g1,12)
(g0,54)
(g2,34)
(g7,2)
(h7,12)
(h8,60)
(h4,93)
(h3,97)
(h6,78)
(h1,85)
(h5,12)
(h2,12)
(i4,9)
(i7,6)
(i8,78)
(i0,19)
(i2,88)
(i5,97)
(i6,5)
(i3,29)
(i1,70)
(j7,24)
(j4,96)
(j2,50)
(j3,21)
(j6,9)
(j9,14)
(j8,22)
(j5,72)
(j1,44)
(j0,86)
(k4,35)
(k3,95)
(k0,64)
(k9,90)
(k2,34)
(k5,24)
(k8,95)
(k7,3)
(k1,3)
(l4,27)
(l9,88)
(l3,1)
(l2,53)
(l7,42)
(m6,84)
(m5,29)
(m3,29)
(m0,97)
(m9,14)
(m2,82)
(m4,26)
(n8,75)
(n7,63)
(n9,8)
(n4,0)
(n0,18)
(n5,55)
(n2,14)
(n1,50)
(n6,15)
(o8,30)
(o9,96)
(o0,99)
(o7,4)
(o5,74)
(o3,88)
(o2,71)
(o6,79)
(p0,15)
(p5,85)
(p8,38)
(p6,21)
(p2,58)
(p1,0)
(p9,37)
(p3,85)
(p7,99)
(q2,38)
(q5,85)
(q9,75)
(q1,75)
(q0,94)
(q6,86)
(q7,46)
(q4,33)
(q8,56)
(r1,80)
(r2,60)
(r6,9)
(r7,12)
(r8,41)
(r9,26)
(r5,46)
(r3,96)
(r4,24)
(s5,26)
(s2,38)
(s8,29)
(s6,93)
(s4,49)
(s9,19)
(t6,23)
(t0,46)
(t5,88)
(t4,38)
(t7,58)
(u7,77)
(u3,75)
(u8,47)
(u6,0)
(u2,50)
(u9,16)
(u1,23)
(u5,18)
(u4,22)
(u0,98)
(v8,41)
(v0,62)
(v7,87)
(v5,80)
(v4,1)
(v1,31)
(w7,59)
(w4,44)
(w8,63)
(w6,94)
(w3,28)
(x8,33)
(x5,30)
(x1,60)
(x7,64)
(x9,59)
(x3,6)
(x6,3)
(x2,4)
(y6,24)
(y0,100)
(y5,43)
(y3,60)
(y9,31)
(y7,92)
(y4,16)
(y8,34)
(z8,72)
(z5,30)
(z9,5)
(z2,25)
(z7,69)
(z0,30)
(z4,35)
[(l5,80)]
(a7,10)
(a0,38)
(a9,89)
(a3,17)
(a8,92)
(a4,76)
(a6,27)
(a1,88)
(b2,87)
(b8,55)
(b9,92)
(b0,41)
(b4,51)
(b1,62)
(b5,3)
(c4,54)
(c9,93)
(c1,90)
(c5,1)
(c2,62)
(c0,37)
(c7,37)
(d9,30)
(d1,16)
(d2,14)
(d6,42)
(d3,89)
(d0,49)
(d5,85)
(e5,25)
(e1,90)
(e0,83)
(e4,12)
(e7,91)
(e9,24)
(f1,85)
(f0,7)
(f3,37)
(f5,67)
(f9,34)
(f7,48)
(f4,26)
(f8,51)
(f6,95)
(g4,72)
(g8,18)
(g5,100)
(g3,62)
(g1,12)
(g0,54)
(g2,34)
(g7,2)
(h7,12)
(h8,60)
(h4,93)
(h3,97)
(h6,78)
(h1,85)
(h5,12)
(h2,12)
(i4,9)
(i7,6)
(i8,78)
(i0,19)
(i2,88)
(i5,97)
(i6,5)
(i3,29)
(i1,70)
(j7,24)
(j4,96)
(j2,50)
(j3,21)
(j6,9)
(j9,14)
(j8,22)
(j5,72)
(j1,44)
(j0,86)
(k4,35)
(k3,95)
(k0,64)
(k9,90)
(k2,34)
(k5,24)
(k8,95)
(k7,3)
(k1,3)
(l5,80)
(l4,27)
(l9,88)
(l3,1)
(l2,53)
(l7,42)
(m6,84)
(m5,29)
(m3,29)
(m0,97)
(m9,54)
(m2,82)
(m4,26)
(n8,75)
(n7,63)
(n9,8)
(n4,0)
(n0,18)
(n5,55)
(n2,14)
(n1,53)
(n6,15)
(o8,30)
(o9,96)
(o0,99)
(o7,4)
(o5,74)
(o3,88)
(o2,71)
(o6,79)
(p0,15)
(p5,85)
(p8,38)
(p6,21)
(p2,58)
(p1,0)
(p9,37)
(p3,85)
(p7,99)
(q2,38)
(q5,85)
(q9,75)
(q1,75)
(q0,94)
(q6,86)
(q7,46)
(q4,33)
(q8,56)
(r1,80)
(r2,60)
(r6,9)
(r7,12)
(r8,41)
(r9,26)
(r5,46)
(r3,96)
(r4,24)
(s5,26)
(s2,38)
(s8,29)
(s6,93)
(s4,49)
(s9,19)
(t9,63)
(t6,23)
(t0,46)
(t5,88)
(t4,38)
(t7,58)
(u7,77)
(u3,75)
(u8,47)
(u6,0)
(u2,50)
(u9,16)
(u1,35)
(u5,18)
(u4,22)
(u0,98)
(v8,41)
(v0,62)
(v7,87)
(v5,80)
(v4,1)
(v1,31)
(w7,59)
(w4,44)
(w8,63)
(w6,94)
(w3,28)
(x8,33)
(x5,30)
(x1,60)
(x7,64)
(x9,59)
(x3,6)
(x6,3)
(x2,4)
(y6,24)
(y0,100)
(y5,43)
(y3,60)
(y9,31)
(y7,92)
(y4,16)
(y8,34)
(z8,72)
(z5,30)
(z9,5)
(z2,25)
(z7,69)
(z0,30)
(z4,35)
[(u1,35)]
[(q6,5)]
Waiting...
[(h6,98)]
[(w5,KVSMISSING)]
[(w2,80)]
[(k1,1)]
[(a5,72)]
Waiting...
[(w4,74)]
(a5,19)
(a2,61)
(a3,17)
(a0,57)
(a9,65)
(a8,17)
(a4,74)
(b9,35)
(b2,16)
(b4,35)
(b7,75)
(b1,29)
(b6,27)
(b0,87)
(c9,22)
(c7,31)
(c6,11)
(c8,8)
(c3,74)
(c2,54)
(c4,49)
(c1,8)
(c5,12)
(c0,87)
(d0,28)
(d4,91)
(d7,9)
(d9,43)
(d6,39)
(e5,30)
(e3,0)
(e0,23)
(e7,94)
(e8,82)
(e6,100)
(e2,25)
(f7,97)
(f3,41)
(f1,69)
(f2,85)
(f0,39)
(f8,9)
(f4,89)
(f5,94)
(g4,41)
(g5,13)
(g9,52)
(g2,2)
(h1,15)
(h0,40)
(h2,28)
(h6,58)
(h5,69)
(h4,100)
(h8,73)
(h9,100)
(i2,27)
(i7,87)
(i5,46)
(i3,88)
(i1,17)
(i6,70)
(i8,81)
(i4,14)
(i0,55)
(j6,90)
(j8,94)
(j0,90)
(j3,96)
(j2,45)
(j1,98)
(j5,4)
(k0,12)
(k6,34)
(k9,25)
(k4,69)
(k7,43)
(k2,81)
(k1,63)
(k5,82)
(l5,92)
(l4,49)
(l0,20)
(l8,32)
(l1,80)
(l2,6)
(l9,37)
(m4,65)
(m8,8)
(m0,20)
(m5,26)
(m1,70)
(m7,32)
(m3,97)
(m9,66)
(n0,42)
(n2,74)
(n7,28)
(n6,84)
(n9,62)
(n8,81)
(n4,35)
(o3,97)
(o7,13)
(o5,56)
(o0,88)
(o6,51)
(o1,90)
(o4,32)
(o9,74)
(p2,53)
(p3,12)
(p9,56)
(p4,81)
(p8,2)
(p1,30)
(p7,58)
(q5,91)
(q6,40)
(q0,75)
(q1,74)
(q9,48)
(q4,28)
(r3,14)
(r8,62)
(r0,96)
(r1,57)
(r6,66)
(r7,23)
(r5,63)
(s2,43)
(s9,94)
(s3,70)
(s6,62)
(s4,10)
(t1,24)
(t6,65)
(t8,15)
(t4,20)
(t2,57)
(t0,13)
(t9,14)
(t5,36)
(t7,0)
(u1,28)
(u3,31)
(u8,50)
(u6,36)
(u9,92)
(u7,43)
(u2,82)
(u4,5)
(u0,52)
(v2,71)
(v7,19)
(v9,65)
(v4,30)
(v3,69)
(v0,85)
(v5,100)
(v1,46)
(w6,37)
(w0,62)
(w4,74)
(w8,87)
(w1,7)
(w2,13)
(w7,18)
(w9,17)
(x0,83)
(x2,47)
(x4,28)
(x1,88)
(x7,89)
(x3,35)
(y5,42)
(y6,60)
(y7,7)
(y9,98)
(y2,47)
(y3,50)
(y4,5)
(y8,65)
(z2,26)
(z8,64)
(z6,61)
[(d2,KVSMISSING)(o8,KVSMISSING)(z3,KVSMISSING)]
[(v8,KVSERROR)]
[(m8,8)]
[(b8,KVSMISSING)(f6,KVSMISSING)]
[(q5,91)]
[(n6,84)]
[(f0,39)]
Waiting...
[(y0,20)]
(a2,79)
(a1,78)
(a5,4)
(a8,9)
(a3,32)
(a6,54)
(a0,84)
(a9,49)
(a4,88)
(b0,13)
(b3,4)
(b5,39)
(b2,45)
(b4,71)
(b7,75)
(b1,82)
(b6,57)
(c2,45)
(c1,92)
(c0,43)
(c9,35)
(c7,31)
(c6,11)
(c8,8)
(c4,2)
(c5,47)
(d1,84)
(d0,28)
(d4,17)
(d7,9)
(e9,0)
(e2,96)
(e4,73)
(e5,30)
(e0,35)
(e8,55)
(e6,82)
(f2,11)
(f9,45)
(f6,53)
(f7,93)
(f3,41)
(f1,100)
(f8,9)
(f4,29)
(f5,24)
(g8,84)
(g1,7)
(g0,59)
(g3,90)
(g7,87)
(g4,21)
(g5,65)
(g2,61)
(h2,71)
(h5,45)
(h3,49)
(h9,54)
(h0,95)
(h4,100)
(h8,42)
(i9,4)
(i3,80)
(i2,17)
(i7,35)
(i1,74)
(i6,46)
(i4,14)
(i0,51)
(j6,26)
(j8,0)
(j0,73)
(j3,30)
(j1,98)
(j5,91)
(k8,70)
(k1,46)
(k6,54)
(k9,82)
(k4,46)
(l4,10)
(l3,77)
(l6,36)
(l0,82)
(l8,32)
(l2,80)
(l9,67)
(m4,40)
(m6,12)
(m2,11)
(m8,44)
(m1,34)
(m0,71)
(m5,26)
(m7,90)
(m9,86)
(n3,52)
(n2,16)
(n4,34)
(n1,15)
(n0,47)
(n7,28)
(n6,19)
(n9,48)
(n8,40)
(o2,61)
(o5,47)
(o3,10)
(o0,47)
(o6,22)
(o1,23)
(o4,58)
(p0,54)
(p2,55)
(p3,55)
(p5,1)
(p4,81)
(p1,21)
(q1,86)
(q7,2)
(q2,53)
(q8,32)
(q0,50)
(q9,88)
(q4,58)
(r9,91)
(r4,85)
(r8,100)
(r3,90)
(r5,74)
(s7,24)
(s0,3)
(s5,12)
(s1,29)
(s6,88)
(t7,58)
(t8,6)
(t5,85)
(t3,95)
(t1,42)
(t4,29)
(t0,57)
(t9,22)
(u5,20)
(u7,50)
(u1,81)
(u3,30)
(u6,36)
(u9,92)
(u2,82)
(u4,81)
(u0,17)
(v1,57)
(v5,19)
(v4,5)
(v8,11)
(v2,39)
(v3,82)
(v0,90)
(w1,35)
(w5,9)
(w2,51)
(w6,37)
(w0,9)
(w8,82)
(w7,79)
(w9,48)
(x4,57)
(x2,54)
(x1,88)
(y1,15)
(y0,20)
(y5,42)
(y7,95)
(y9,82)
(y3,12)
(y4,4)
(z8,81)
(z9,78)
(z4,22)
(z7,81)
(z6,61)
[(o0,47)]
[(t9,22)]
[(d8,KVSMISSING)]
