[(m9,36)]
[(m9,36)]
Waiting...
Waiting...
[(m9,91)]
Waiting...
[(b6,87)]
[(p7,62)]
[(x1,KVSMISSING)]
[(b6,87)]
[(z8,32)]
[(h5,100)]
Waiting...
[(y2,7)]
[(p7,62)]
[(a4,73)]
[(v2,28)]
[(r9,10)]
Waiting...
Waiting...
[(b4,85)]
[(r4,68)]
[(y5,KVSERROR)]
(a2,33)
(a7,9)
(a6,82)
(a5,34)
(a9,76)
(a8,1)
(a3,99)
(b1,72)
(b4,85)
(b6,66)
(b9,17)
(b8,57)
(b2,60)
(b7,55)
(b5,17)
(b3,71)
(c4,59)
(c1,22)
(c2,84)
(c3,43)
(c9,78)
(c6,39)
(c8,79)
(c7,24)
(c0,5)
(d3,14)
(d7,86)
(d0,88)
(d1,67)
(d9,38)
(d6,9)
(d5,13)
(d4,77)
(e6,100)
(e5,63)
(e8,95)
(e2,77)
(e1,78)
(e7,23)
(f6,24)
(f2,92)
(f9,93)
(f8,60)
(f3,47)
(f7,7)
(f4,8)
(g8,31)
(g6,91)
(g3,85)
(g9,36)
(g1,55)
(g7,52)
(g4,7)
(g2,65)
(g5,42)
(h5,86)
(h3,1)
(h4,11)
(h0,21)
(h6,51)
(h8,68)
(h7,22)
(h9,99)
(h2,69)
(i5,71)
(i0,34)
(i2,52)
(i7,31)
(i3,83)
(i6,61)
(i8,43)
(i1,61)
(i9,47)
(j3,20)
(j9,20)
(j1,95)
(j0,88)
(j5,91)
(j7,53)
(j4,25)
(j8,2)
(k5,48)
(k6,70)
(k2,39)
(k8,39)
(k7,22)
(k9,73)
(k4,72)
(l8,88)
(l4,98)
(l9,71)
(l3,21)
(l6,57)
(l1,59)
(l5,91)
(m8,43)
(m2,19)
(m5,37)
(m4,19)
(m3,29)
(m9,1)
(m0,90)
(n7,43)
(n2,41)
(n6,81)
(n0,1)
(n5,37)
(n1,26)
(n3,61)
(n8,14)
(o1,6)
(o5,43)
(o7,20)
(o9,87)
(o3,83)
(o4,6)
(o2,70)
(o6,89)
(o0,27)
(p8,2)
(p3,79)
(p0,59)
(p9,70)
(p1,75)
(p7,10)
(p5,89)
(q6,48)
(q4,11)
(q1,11)
(q8,92)
(q7,84)
(q2,11)
(q5,8)
(r6,79)
(r7,87)
(r4,68)
(r0,32)
(r5,41)
(r9,23)
(s1,5)
(s0,73)
(s2,36)
(s5,5)
(s9,32)
(s7,99)
(s3,14)
(s4,77)
(t7,63)
(t9,22)
(t6,48)
(t8,39)
(t0,70)
(t3,28)
(t1,80)
(t2,18)
(t5,80)
(u0,89)
(u6,91)
(u1,83)
(u4,51)
(u5,63)
(u3,39)
(u9,78)
(u2,60)
(v5,81)
(v8,72)
(v9,20)
(v6,51)
(v4,86)
(w3,68)
(w7,75)
(w8,53)
(w6,39)
(w0,23)
(w2,24)
(w9,86)
(x8,41)
(x1,3)
(x3,39)
(x7,76)
(x9,59)
(x6,27)
(x2,47)
(y7,44)
(y6,38)
(y1,36)
(y8,53)
(y3,90)
(y4,34)
(y2,98)
(z4,71)
(z5,0)
(z8,15)
(z1,69)
(z9,70)
(z3,23)
(z2,49)
(z0,22)
(z7,82)
(a2,33)
(a7,9)
(a6,82)
(a5,34)
(a9,76)
(a8,1)
(a3,99)
(b1,72)
(b4,85)
(b6,66)
(b9,17)
(b8,57)
(b2,60)
(b7,55)
(b5,17)
(b3,71)
(c4,59)
(c1,22)
(c2,84)
(c3,43)
(c9,78)
(c6,39)
(c8,79)
(c7,24)
(c0,5)
(d3,14)
(d7,86)
(d0,88)
(d1,67)
(d9,38)
(d6,9)
(d5,13)
(d4,77)
(e6,100)
(e5,63)
(e8,95)
(e2,77)
(e1,78)
(e7,23)
(f6,24)
(f2,92)
(f9,93)
(f8,60)
(f3,47)
(f7,7)
(f4,8)
(g8,31)
(g6,91)
(g3,85)
(g9,36)
(g1,55)
(g7,52)
(g4,7)
(g2,65)
(g5,42)
(h5,86)
(h3,1)
(h4,11)
(h0,21)
(h6,51)
(h8,68)
(h7,22)
(h9,99)
(h2,69)
(i5,71)
(i0,34)
(i2,52)
(i7,31)
(i3,83)
(i6,61)
(i8,43)
(i1,61)
(i9,47)
(j3,20)
(j9,20)
(j1,95)
(j0,88)
(j5,91)
(j7,53)
(j4,25)
(j8,2)
(k5,48)
(k6,70)
(k2,39)
(k8,39)
(k7,22)
(k9,73)
(k4,72)
(l8,88)
(l4,98)
(l9,71)
(l3,21)
(l6,57)
(l1,59)
(l5,91)
(m8,43)
(m2,19)
(m5,37)
(m4,19)
(m3,29)
(m9,1)
(m0,90)
(n7,43)
(n2,41)
(n6,81)
(n0,1)
(n5,37)
(n1,26)
(n3,61)
(n8,14)
(o1,6)
(o5,43)
(o7,20)
(o9,87)
(o3,83)
(o4,6)
(o2,70)
(o6,89)
(o0,27)
(p8,2)
(p3,79)
(p0,59)
(p9,70)
(p1,75)
(p7,10)
(p5,89)
(q6,48)
(q4,11)
(q1,11)
(q8,92)
(q7,84)
(q2,11)
(q5,8)
(r6,79)
(r7,87)
(r4,68)
(r0,32)
(r5,41)
(r9,23)
(s1,5)
(s0,73)
(s2,36)
(s5,5)
(s9,32)
(s7,99)
(s3,14)
(s4,77)
(t7,63)
(t9,22)
(t6,48)
(t8,39)
(t0,70)
(t3,28)
(t1,80)
(t2,18)
(t5,80)
(u0,89)
(u6,91)
(u1,83)
(u4,51)
(u5,63)
(u3,39)
(u9,78)
(u2,60)
(v5,81)
(v8,72)
(v9,20)
(v6,51)
(v4,86)
(w3,68)
(w7,75)
(w8,53)
(w6,39)
(w0,23)
(w2,24)
(w9,86)
(x8,41)
(x1,3)
(x3,39)
(x7,76)
(x9,59)
(x6,27)
(x2,47)
(y7,44)
(y6,38)
(y1,36)
(y8,53)
(y3,90)
(y4,34)
(y2,98)
(z4,71)
(z5,0)
(z8,15)
(z1,69)
(z9,70)
(z3,23)
(z2,49)
(z0,22)
(z7,82)
[(n4,KVSERROR)]
Waiting...
[(a7,KVSMISSING)]
Waiting...
Waiting...
Waiting...
[(k3,95)]
Waiting...
[(m5,27)]
(a7,10)
(a0,38)
(a9,3)
(a3,17)
(a8,53)
(a4,76)
(a6,27)
(a1,88)
(b7,31)
(b2,87)
(b8,55)
(b9,50)
(b0,41)
(b4,51)
(b1,65)
(b5,65)
(c3,49)
(c6,24)
(c4,54)
(c9,91)
(c1,90)
(c5,1)
(c2,86)
(c0,37)
(c7,37)
(d7,20)
(d4,31)
(d8,30)
(d9,25)
(d1,67)
(d2,50)
(d6,42)
(d0,49)
(d5,6)
(e8,97)
(e5,25)
(e1,90)
(e0,83)
(e7,53)
(e9,24)
(f1,24)
(f0,51)
(f3,37)
(f5,67)
(f9,93)
(f7,59)
(f4,26)
(f8,51)
(f6,43)
(g9,83)
(g4,72)
(g8,18)
(g5,79)
(g3,62)
(g1,20)
(g0,54)
(g2,25)
(g7,23)
(h0,2)
(h7,12)
(h8,60)
(h4,93)
(h3,97)
(h6,100)
(h1,85)
(h5,12)
(h2,12)
(i9,19)
(i4,9)
(i7,78)
(i8,78)
(i0,19)
(i2,88)
(i5,20)
(i6,5)
(i3,29)
(i1,70)
(j4,96)
(j2,93)
(j3,21)
(j6,9)
(j9,47)
(j8,9)
(j5,45)
(j1,48)
(j0,86)
(k5,94)
(k4,35)
(k3,42)
(k0,64)
(k9,90)
(k2,0)
(k8,95)
(k7,3)
(k1,3)
(l6,78)
(l0,49)
(l5,80)
(l4,27)
(l9,88)
(l3,1)
(l2,79)
(l7,42)
(m8,39)
(m6,52)
(m5,27)
(m3,29)
(m0,97)
(m9,54)
(m2,82)
(m4,26)
(n8,10)
(n7,63)
(n9,75)
(n4,26)
(n0,15)
(n5,78)
(n2,14)
(n1,85)
(n6,64)
(o8,80)
(o9,5)
(o0,58)
(o7,57)
(o5,74)
(o3,88)
(o2,60)
(o6,8)
(p4,27)
(p0,15)
(p5,85)
(p8,38)
(p6,21)
(p2,58)
(p1,36)
(p9,37)
(p3,85)
(p7,99)
(q3,81)
(q2,38)
(q5,4)
(q9,75)
(q1,93)
(q0,25)
(q6,63)
(q7,46)
(q4,33)
(q8,56)
(r0,27)
(r1,2)
(r6,9)
(r7,12)
(r8,41)
(r9,26)
(r5,46)
(r3,96)
(r4,64)
(s5,26)
(s2,38)
(s6,93)
(s4,95)
(s9,19)
(t3,63)
(t6,23)
(t0,46)
(t5,12)
(t4,16)
(t7,52)
(u7,77)
(u3,10)
(u8,47)
(u6,22)
(u2,50)
(u9,16)
(u5,85)
(u4,22)
(u0,30)
(v2,68)
(v8,66)
(v0,26)
(v7,92)
(v5,80)
(v4,67)
(v1,31)
(w1,51)
(w2,72)
(w9,73)
(w5,64)
(w8,63)
(w6,94)
(w3,28)
(x8,59)
(x5,30)
(x1,33)
(x7,64)
(x9,59)
(x3,6)
(x6,3)
(x2,4)
(y6,66)
(y0,100)
(y5,43)
(y3,0)
(y9,31)
(y7,92)
(y4,16)
(y8,34)
(z3,74)
(z8,72)
(z5,30)
(z9,5)
(z2,15)
(z7,69)
(z0,60)
(z4,35)
(a7,10)
(a0,38)
(a9,3)
(a3,17)
(a8,53)
(a4,76)
(a6,27)
(a1,88)
(b7,31)
(b2,87)
(b8,55)
(b9,50)
(b0,41)
(b4,51)
(b1,65)
(b5,65)
(c3,49)
(c6,24)
(c4,54)
(c9,91)
(c1,90)
(c5,1)
(c2,86)
(c0,37)
(c7,37)
(d7,20)
(d4,31)
(d8,30)
(d9,25)
(d1,67)
(d2,50)
(d6,42)
(d0,49)
(d5,6)
(e8,97)
(e5,25)
(e1,90)
(e0,83)
(e7,53)
(e9,24)
(f1,24)
(f0,51)
(f3,37)
(f5,67)
(f9,93)
(f7,59)
(f4,26)
(f8,51)
(f6,43)
(g9,83)
(g4,72)
(g8,18)
(g5,79)
(g3,62)
(g1,20)
(g0,54)
(g2,25)
(g7,23)
(h0,2)
(h7,12)
(h8,60)
(h4,93)
(h3,97)
(h6,100)
(h1,85)
(h5,12)
(h2,12)
(i9,19)
(i4,9)
(i7,78)
(i8,78)
(i0,19)
(i2,88)
(i5,20)
(i6,5)
(i3,29)
(i1,70)
(j4,96)
(j2,93)
(j3,21)
(j6,9)
(j9,47)
(j8,9)
(j5,45)
(j1,48)
(j0,86)
(k5,94)
(k4,35)
(k3,42)
(k0,64)
(k9,90)
(k2,0)
(k8,95)
(k7,3)
(k1,3)
(l6,78)
(l0,49)
(l5,80)
(l4,27)
(l9,88)
(l3,1)
(l2,79)
(l7,42)
(m8,39)
(m6,52)
(m5,27)
(m3,29)
(m0,97)
(m9,54)
(m2,82)
(m4,26)
(n8,10)
(n7,63)
(n9,75)
(n4,26)
(n0,15)
(n5,78)
(n2,14)
(n1,85)
(n6,64)
(o8,80)
(o9,5)
(o0,58)
(o7,57)
(o5,74)
(o3,88)
(o2,60)
(o6,8)
(p4,27)
(p0,15)
(p5,85)
(p8,38)
(p6,21)
(p2,58)
(p1,36)
(p9,37)
(p3,85)
(p7,99)
(q3,81)
(q2,38)
(q5,4)
(q9,75)
(q1,93)
(q0,25)
(q6,63)
(q7,46)
(q4,33)
(q8,56)
(r0,27)
(r1,2)
(r6,9)
(r7,12)
(r8,41)
(r9,26)
(r5,46)
(r3,96)
(r4,64)
(s5,26)
(s2,38)
(s6,93)
(s4,95)
(s9,19)
(t3,63)
(t6,23)
(t0,46)
(t5,12)
(t4,16)
(t7,52)
(u7,77)
(u3,10)
(u8,47)
(u6,22)
(u2,50)
(u9,16)
(u5,85)
(u4,22)
(u0,30)
(v2,68)
(v8,66)
(v0,26)
(v7,92)
(v5,80)
(v4,67)
(v1,31)
(w1,51)
(w2,72)
(w9,73)
(w5,64)
(w8,63)
(w6,94)
(w3,28)
(x8,59)
(x5,30)
(x1,33)
(x7,64)
(x9,59)
(x3,6)
(x6,3)
(x2,4)
(y6,66)
(y0,100)
(y5,43)
(y3,0)
(y9,31)
(y7,92)
(y4,16)
(y8,34)
(z3,74)
(z8,72)
(z5,30)
(z9,5)
(z2,15)
(z7,69)
(z0,60)
(z4,35)
[(e6,KVSERROR)]
(a7,10)
(a0,38)
(a9,3)
(a3,17)
(a8,53)
(a4,76)
(a6,27)
(a1,88)
(b7,31)
(b2,87)
(b8,55)
(b9,50)
(b0,41)
(b4,51)
(b1,65)
(b5,65)
(c3,49)
(c6,24)
(c4,54)
(c9,91)
(c1,90)
(c5,1)
(c2,86)
(c0,37)
(c7,37)
(d7,20)
(d4,31)
(d8,30)
(d9,25)
(d1,67)
(d2,50)
(d6,42)
(d0,49)
(d5,6)
(e8,97)
(e5,25)
(e1,90)
(e0,83)
(e7,53)
(e9,24)
(f1,24)
(f0,51)
(f3,37)
(f5,67)
(f9,93)
(f7,59)
(f4,26)
(f8,51)
(f6,43)
(g9,83)
(g4,72)
(g8,18)
(g5,79)
(g3,62)
(g1,20)
(g0,54)
(g2,25)
(g7,23)
(h0,2)
(h7,12)
(h8,60)
(h4,93)
(h3,97)
(h6,100)
(h1,85)
(h5,12)
(h2,12)
(i9,19)
(i4,9)
(i7,78)
(i8,78)
(i0,19)
(i2,88)
(i5,20)
(i6,5)
(i3,29)
(i1,70)
(j4,96)
(j2,93)
(j3,21)
(j6,9)
(j9,47)
(j8,9)
(j5,45)
(j1,48)
(j0,86)
(k5,94)
(k4,35)
(k3,42)
(k0,64)
(k9,90)
(k2,0)
(k8,95)
(k7,3)
(k1,3)
(l6,78)
(l0,49)
(l5,80)
(l4,27)
(l9,88)
(l3,1)
(l2,79)
(l7,42)
(m8,39)
(m6,73)
(m5,27)
(m3,29)
(m0,97)
(m9,54)
(m2,82)
(m4,26)
(n8,10)
(n7,63)
(n9,75)
(n4,26)
(n0,15)
(n5,78)
(n2,14)
(n1,85)
(n6,64)
(o8,80)
(o9,5)
(o0,58)
(o7,57)
(o5,74)
(o3,88)
(o2,60)
(o6,8)
(p4,27)
(p0,15)
(p5,85)
(p8,38)
(p6,21)
(p2,47)
(p1,36)
(p9,37)
(p3,85)
(p7,99)
(q3,81)
(q2,38)
(q5,4)
(q9,75)
(q1,93)
(q0,25)
(q6,63)
(q7,46)
(q4,33)
(q8,56)
(r0,27)
(r1,2)
(r6,9)
(r7,12)
(r8,41)
(r9,26)
(r5,46)
(r3,96)
(r4,64)
(s5,26)
(s2,38)
(s6,93)
(s4,95)
(s9,19)
(t3,63)
(t6,23)
(t0,46)
(t5,12)
(t4,16)
(t7,52)
(u7,77)
(u3,10)
(u8,47)
(u6,22)
(u2,50)
(u9,16)
(u5,85)
(u4,22)
(u0,30)
(v2,68)
(v8,66)
(v0,26)
(v7,92)
(v5,80)
(v4,67)
(v1,31)
(w1,51)
(w2,72)
(w9,73)
(w5,64)
(w8,63)
(w6,94)
(w3,28)
(x8,59)
(x5,30)
(x1,33)
(x7,64)
(x9,59)
(x3,6)
(x6,3)
(x2,4)
(y6,66)
(y0,100)
(y5,43)
(y3,0)
(y9,31)
(y7,92)
(y4,16)
(y8,34)
(z3,74)
(z8,72)
(z5,30)
(z9,5)
(z2,15)
(z7,69)
(z0,60)
(z4,35)
