(a5,10)
(a9,86)
(a4,31)
(a8,58)
(a3,99)
(b2,16)
(b4,22)
(b8,87)
(b7,55)
(b1,28)
(b5,17)
(b3,13)
(c2,22)
(c4,87)
(c3,43)
(c5,60)
(c9,38)
(c6,23)
(c8,59)
(c7,9)
(c0,100)
(d3,68)
(d9,38)
(d6,77)
(d1,37)
(d5,39)
(d4,77)
(e4,90)
(e1,68)
(e9,69)
(e7,23)
(e5,71)
(e0,22)
(e2,72)
(e8,68)
(f0,13)
(f9,93)
(f8,60)
(f5,72)
(f3,47)
(f7,7)
(f4,40)
(g9,83)
(g7,52)
(g6,96)
(g4,7)
(g2,72)
(g5,84)
(g8,66)
(g3,33)
(h0,55)
(h6,51)
(h8,9)
(h7,22)
(h5,78)
(h9,11)
(h2,85)
(i2,21)
(i7,31)
(i3,83)
(i6,23)
(i0,54)
(i8,43)
(i1,61)
(i9,79)
(i5,50)
(j3,20)
(j9,41)
(j1,97)
(j0,79)
(j5,45)
(j7,53)
(j4,71)
(j8,61)
(j2,98)
(k6,72)
(k0,78)
(k1,26)
(k8,39)
(k7,45)
(k9,73)
(k4,64)
(l8,83)
(l0,46)
(l2,4)
(l4,65)
(l9,83)
(l3,21)
(l6,92)
(l1,10)
(l5,91)
(m2,53)
(m6,69)
(m5,33)
(m7,56)
(m4,82)
(m3,75)
(m9,1)
(m0,90)
(m8,92)
(n0,8)
(n5,80)
(n1,63)
(n3,61)
(n7,29)
(n8,36)
(n9,99)
(o9,56)
(o3,15)
(o4,6)
(o7,15)
(o8,69)
(o2,70)
(o6,89)
(o5,13)
(o0,19)
(p9,45)
(p1,77)
(p7,10)
(p5,37)
(q1,92)
(q8,92)
(q6,21)
(q7,47)
(q9,12)
(q2,70)
(q0,57)
(q5,14)
(r4,90)
(r1,62)
(r0,93)
(r8,5)
(r3,68)
(r5,41)
(r9,77)
(s8,66)
(s9,10)
(s7,99)
(s5,14)
(s0,96)
(s3,96)
(s6,95)
(s4,43)
(t8,59)
(t0,2)
(t6,17)
(t3,72)
(t1,44)
(t2,69)
(t4,86)
(t9,96)
(t5,13)
(u7,37)
(u4,51)
(u5,63)
(u3,88)
(u9,28)
(u1,18)
(u0,91)
(u2,60)
(v1,21)
(v3,1)
(v7,39)
(v9,74)
(v6,51)
(v4,14)
(v0,60)
(w8,53)
(w6,39)
(w4,88)
(w0,23)
(w2,58)
(w9,86)
(x7,80)
(x1,29)
(x5,55)
(x9,59)
(x3,17)
(x6,27)
(x4,1)
(x2,98)
(y0,56)
(y6,38)
(y1,64)
(y8,69)
(y3,90)
(y4,96)
(y9,36)
(y7,17)
(y2,7)
(z3,57)
(z2,49)
(z0,22)
(z7,37)
[(p5,63)]
[(q4,54)]
Waiting...
Waiting...
(a4,70)
(a9,80)
(a8,91)
(a0,75)
(a2,74)
(a7,7)
(a6,67)
(a5,21)
(b4,63)
(b0,87)
(b1,13)
(b9,76)
(b8,59)
(b2,60)
(b7,8)
(b5,21)
(b3,13)
(c4,59)
(c1,34)
(c2,32)
(c3,43)
(c9,41)
(c6,66)
(c8,34)
(c0,78)
(d4,88)
(d2,61)
(d1,11)
(d9,56)
(d8,27)
(d3,11)
(d7,55)
(d6,17)
(d5,40)
(e0,66)
(e9,17)
(e7,99)
(e4,92)
(e3,74)
(e5,12)
(e2,39)
(e1,10)
(f7,84)
(f6,54)
(f0,68)
(f5,26)
(f2,53)
(f9,65)
(f8,7)
(f3,47)
(f4,41)
(g2,33)
(g0,43)
(g5,61)
(g3,82)
(g4,100)
(g8,56)
(g6,55)
(g9,36)
(g1,13)
(g7,52)
(h9,43)
(h1,3)
(h4,80)
(h0,44)
(h5,86)
(h3,63)
(h6,51)
(h8,58)
(h2,63)
(i4,33)
(i5,15)
(i0,84)
(i2,35)
(i6,27)
(i8,73)
(i1,8)
(i9,97)
(j2,26)
(j0,79)
(j3,33)
(j9,20)
(j1,95)
(j7,45)
(j4,25)
(j8,71)
(k4,10)
(k0,32)
(k1,29)
(k5,46)
(k6,21)
(k8,77)
(k7,5)
(k9,4)
(l6,91)
(l4,32)
(l0,63)
(l7,21)
(l8,88)
(l9,91)
(l3,42)
(l1,89)
(m1,53)
(m6,68)
(m8,64)
(m7,62)
(m2,22)
(m3,78)
(m9,59)
(m0,97)
(n3,2)
(n9,44)
(n4,60)
(n7,34)
(n2,49)
(n6,97)
(n0,34)
(n5,37)
(n1,89)
(n8,26)
(o8,0)
(o0,85)
(o1,42)
(o5,95)
(o9,97)
(o3,80)
(o4,6)
(o2,93)
(o6,89)
(p2,36)
(p4,60)
(p8,47)
(p3,97)
(p0,31)
(p9,61)
(p1,45)
(p7,40)
(q6,6)
(q0,81)
(q4,44)
(q8,92)
(q2,10)
(q5,90)
(r9,53)
(r8,60)
(r7,74)
(r1,86)
(r3,22)
(r6,79)
(r4,16)
(r0,84)
(r5,6)
(s6,42)
(s3,29)
(s1,41)
(s0,73)
(s5,42)
(s9,48)
(s7,91)
(s4,73)
(t3,99)
(t4,51)
(t7,42)
(t6,32)
(t8,39)
(t0,19)
(t2,18)
(t5,80)
(u8,64)
(u0,57)
(u7,72)
(u6,76)
(u1,61)
(u4,21)
(u5,5)
(u3,51)
(u9,94)
(v7,79)
(v9,75)
(v2,75)
(v5,71)
(v4,86)
(w4,52)
(w5,36)
(w7,83)
(w8,53)
(w6,55)
(w0,98)
(w2,36)
(x0,96)
(x9,86)
(x5,88)
(x8,41)
(x3,54)
(x7,71)
(x6,5)
(x2,49)
(y7,41)
(y9,85)
(y0,82)
(y1,2)
(y8,38)
(y3,30)
(y4,78)
(y2,3)
(z5,51)
(z8,18)
(z1,9)
(z3,72)
(z2,49)
(z0,15)
[(m8,64)]
[(v3,KVSMISSING)]
[(v4,52)]
