(a4,43)
(a2,52)
(a8,7)
(a7,10)
(a5,21)
(a3,100)
(a9,21)
(a6,54)
(b9,38)
(b5,72)
(b2,87)
(b8,36)
(b0,82)
(b6,79)
(b1,100)
(b3,77)
(c7,39)
(c4,25)
(c9,59)
(c0,85)
(c3,65)
(c5,81)
(c1,85)
(c2,12)
(d0,86)
(d1,3)
(d8,54)
(d9,76)
(d5,99)
(d3,75)
(d4,9)
(e1,29)
(e7,1)
(e5,63)
(e9,22)
(e6,91)
(e2,19)
(e0,93)
(e4,31)
(f9,38)
(f5,27)
(f2,37)
(f6,67)
(f0,23)
(f1,22)
(f4,64)
(g2,18)
(g6,73)
(g1,45)
(g4,8)
(g9,22)
(g5,67)
(g8,63)
(g7,68)
(h1,0)
(h4,93)
(h2,33)
(h7,64)
(h8,51)
(h5,3)
(h0,100)
(h6,32)
(h3,29)
(i1,21)
(i3,11)
(i4,66)
(i9,90)
(i2,70)
(i5,53)
(i0,1)
(j7,69)
(j5,8)
(j9,88)
(j6,2)
(j8,23)
(j0,70)
(k0,24)
(k8,89)
(k6,70)
(k4,46)
(k5,60)
(l0,19)
(l6,89)
(l7,90)
(l2,24)
(l8,89)
(l1,73)
(l5,0)
(m0,23)
(m7,24)
(m3,61)
(m2,34)
(m5,60)
(m1,46)
(m9,46)
(n8,88)
(n4,95)
(n6,19)
(n1,58)
(n3,28)
(n2,91)
(n5,34)
(o8,86)
(o4,100)
(o9,10)
(o7,4)
(o1,49)
(o0,55)
(o2,60)
(p5,15)
(p8,55)
(p1,74)
(p2,42)
(p7,84)
(p6,24)
(q8,17)
(q6,97)
(q5,18)
(q2,54)
(r7,29)
(r0,35)
(r9,78)
(r2,93)
(r1,38)
(r4,58)
(r8,24)
(s7,2)
(s3,44)
(s6,10)
(s4,96)
(s2,80)
(s5,49)
(s1,76)
(s9,7)
(t2,44)
(t4,55)
(t1,74)
(t8,32)
(t9,22)
(t6,68)
(t0,84)
(u8,11)
(u3,81)
(u1,47)
(u7,45)
(u4,52)
(u6,27)
(u2,83)
(u0,67)
(v4,19)
(v1,7)
(v7,99)
(v3,48)
(v0,40)
(v8,57)
(v5,0)
(v9,98)
(w5,100)
(w0,53)
(w4,56)
(w6,40)
(w1,53)
(w8,11)
(w7,86)
(w9,66)
(x4,68)
(x1,13)
(x3,39)
(x6,30)
(x9,49)
(x2,78)
(y0,46)
(y3,19)
(y5,64)
(y8,31)
(y6,74)
(y2,16)
(y7,8)
(z3,81)
(z6,12)
(z5,69)
(z4,67)
(z2,11)
(z0,93)
(z9,52)
[(p6,41)]
[(r9,71)]
[(p7,4)]
(a1,20)
(a4,43)
(a2,52)
(a8,16)
(a7,10)
(a3,100)
(a9,21)
(a6,54)
(b9,76)
(b5,13)
(b2,78)
(b8,36)
(b0,82)
(b6,47)
(b1,100)
(b3,77)
(c8,96)
(c7,39)
(c4,59)
(c0,81)
(c5,81)
(c1,85)
(c2,12)
(d7,11)
(d0,86)
(d1,3)
(d8,54)
(d9,76)
(d5,73)
(d3,75)
(d4,9)
(e1,29)
(e7,1)
(e5,63)
(e9,87)
(e6,91)
(e0,93)
(e4,94)
(f9,38)
(f5,27)
(f2,33)
(f6,67)
(f0,23)
(f1,22)
(g3,72)
(g2,18)
(g6,73)
(g1,45)
(g4,8)
(g9,22)
(g5,67)
(g8,63)
(g7,68)
(h4,93)
(h2,33)
(h7,64)
(h8,51)
(h5,9)
(h0,100)
(h6,32)
(h3,29)
(i7,25)
(i1,21)
(i4,66)
(i9,90)
(i2,70)
(i5,53)
(i0,1)
(j7,69)
(j5,8)
(j9,74)
(j6,2)
(j8,23)
(j0,70)
(k9,77)
(k3,60)
(k0,24)
(k6,100)
(k4,99)
(k5,60)
(l4,5)
(l0,19)
(l6,89)
(l7,90)
(l2,71)
(l8,34)
(l1,73)
(l5,0)
(m0,54)
(m7,24)
(m3,61)
(m2,34)
(m5,60)
(m1,46)
(m9,46)
(n8,88)
(n4,95)
(n6,19)
(n1,58)
(n3,28)
(n2,83)
(o3,90)
(o5,42)
(o8,86)
(o4,100)
(o9,10)
(o7,37)
(o1,49)
(o0,55)
(o2,60)
(p0,7)
(p5,15)
(p8,55)
(p1,35)
(p2,42)
(q3,42)
(q8,90)
(q6,34)
(q5,18)
(q2,54)
(r3,63)
(r7,29)
(r0,35)
(r9,71)
(r2,93)
(r1,38)
(r4,58)
(s7,2)
(s3,44)
(s6,10)
(s4,78)
(s2,80)
(s5,49)
(s1,76)
(s9,7)
(t3,95)
(t4,55)
(t1,74)
(t8,32)
(t9,22)
(t6,68)
(t0,84)
(u8,11)
(u3,81)
(u1,47)
(u7,45)
(u4,52)
(u6,85)
(u2,100)
(u0,67)
(v6,10)
(v4,19)
(v1,7)
(v7,99)
(v3,48)
(v0,40)
(v8,57)
(v5,0)
(v9,98)
(w3,13)
(w0,77)
(w4,56)
(w6,40)
(w1,53)
(w8,11)
(w7,86)
(w9,66)
(x4,68)
(x1,13)
(x3,39)
(x9,49)
(x2,78)
(y0,46)
(y3,19)
(y5,64)
(y6,74)
(y2,16)
(y7,8)
(z3,81)
(z6,12)
(z5,69)
(z4,67)
(z2,11)
(z0,93)
(z9,52)
[(c4,59)]
Waiting...
[(n4,21)]
[(f2,KVSMISSING)]
[(l4,KVSERROR)]
[(j9,74)]
(a5,40)
(a1,20)
(a4,25)
(a2,52)
(a8,16)
(a7,10)
(a3,100)
(a9,21)
(a6,54)
(b7,4)
(b0,23)
(b4,21)
(b9,76)
(b5,13)
(b8,36)
(b6,39)
(b1,100)
(b3,77)
(c8,12)
(c7,48)
(c4,7)
(c0,81)
(c5,41)
(c1,85)
(c2,12)
(d1,91)
(d0,86)
(d8,54)
(d9,76)
(d5,73)
(d3,75)
(d4,9)
(e1,56)
(e7,1)
(e5,17)
(e6,10)
(e0,26)
(e4,94)
(f8,81)
(f9,38)
(f5,27)
(f6,67)
(f1,22)
(g3,72)
(g2,18)
(g6,73)
(g1,66)
(g9,22)
(g5,40)
(g8,63)
(g7,68)
(h9,97)
(h4,93)
(h2,33)
(h7,64)
(h8,51)
(h0,100)
(h6,32)
(h3,63)
(i7,25)
(i1,18)
(i4,66)
(i9,90)
(i2,70)
(i5,47)
(i0,1)
(j1,43)
(j7,13)
(j5,8)
(j9,74)
(j6,2)
(j8,23)
(j0,84)
(k7,12)
(k1,65)
(k2,17)
(k9,77)
(k3,60)
(k6,100)
(k4,99)
(k5,60)
(l0,19)
(l6,89)
(l7,90)
(l2,71)
(l8,100)
(l1,92)
(l5,81)
(m7,84)
(m0,54)
(m3,61)
(m2,34)
(m5,60)
(m1,46)
(m9,46)
(n2,61)
(n8,78)
(n4,21)
(n6,1)
(n1,58)
(n3,28)
(o3,90)
(o5,42)
(o8,86)
(o4,100)
(o9,10)
(o7,37)
(o1,49)
(o0,58)
(o2,60)
(p3,89)
(p6,51)
(p0,7)
(p5,18)
(p8,55)
(p1,35)
(p2,42)
(q3,42)
(q6,34)
(q5,18)
(q2,54)
(r0,79)
(r8,13)
(r6,54)
(r7,29)
(r9,71)
(r2,93)
(r1,38)
(s0,16)
(s7,2)
(s3,44)
(s4,78)
(s2,80)
(s5,49)
(s1,76)
(s9,7)
(t2,10)
(t7,82)
(t3,95)
(t4,55)
(t1,74)
(t8,32)
(t9,22)
(t6,68)
(t0,80)
(u6,92)
(u8,11)
(u3,81)
(u1,47)
(u7,84)
(u4,31)
(u0,67)
(v6,10)
(v4,19)
(v1,7)
(v7,99)
(v3,48)
(v0,40)
(v8,57)
(v5,52)
(v9,98)
(w5,99)
(w0,56)
(w1,54)
(w2,23)
(w3,13)
(w4,56)
(w6,40)
(w8,11)
(w7,5)
(w9,73)
(x5,59)
(x6,39)
(x0,24)
(x4,68)
(x3,39)
(x9,32)
(x2,97)
(y0,0)
(y3,17)
(y5,64)
(y6,38)
(y2,28)
(y7,8)
(z8,83)
(z3,81)
(z6,12)
(z5,69)
(z4,67)
(z2,11)
(z0,93)
(z9,52)
[(u4,31)]
[(o3,90)]
[(r8,13)]
