Waiting...
Waiting...
Waiting...
[(z4,KVSMISSING)]
Waiting...
[(f0,6)]
[(o9,0)]
(a5,35)
(a3,20)
(a1,86)
(a4,79)
(a2,95)
(b7,70)
(b6,76)
(b0,87)
(b8,59)
(b5,61)
(c0,52)
(c2,54)
(c7,95)
(c4,59)
(c1,94)
(c3,43)
(c8,34)
(d8,100)
(d9,80)
(d7,5)
(d4,90)
(d3,74)
(d6,17)
(d5,92)
(e4,32)
(e8,32)
(e0,10)
(e9,54)
(e7,50)
(e3,17)
(e5,45)
(e1,38)
(f7,0)
(f6,54)
(f0,6)
(f2,19)
(f9,65)
(f8,7)
(f3,44)
(f4,32)
(g6,38)
(g2,20)
(g5,67)
(g3,58)
(g9,62)
(g1,23)
(g7,18)
(h6,67)
(h7,81)
(h9,40)
(h1,3)
(h0,44)
(h3,60)
(h2,63)
(i6,61)
(i3,67)
(i7,64)
(i4,33)
(i5,1)
(i0,84)
(i2,35)
(i8,73)
(i1,8)
(i9,97)
(j8,25)
(j6,25)
(j2,89)
(j3,53)
(j4,56)
(k7,8)
(k3,26)
(k1,99)
(k5,65)
(k6,51)
(k8,38)
(k9,4)
(l4,87)
(l6,91)
(l0,63)
(l7,21)
(l8,88)
(l1,8)
(m4,41)
(m1,53)
(m8,18)
(m9,59)
(m0,97)
(n3,11)
(n9,52)
(n7,34)
(n2,49)
(n6,97)
(n0,51)
(n5,39)
(n8,26)
(o0,78)
(o7,17)
(o8,0)
(o5,95)
(o9,0)
(o3,11)
(p8,95)
(p9,30)
(p5,62)
(p2,22)
(p4,60)
(p3,18)
(p0,21)
(p1,60)
(q1,42)
(q6,27)
(q9,98)
(q0,17)
(q4,44)
(q8,95)
(q2,10)
(q5,90)
(r2,21)
(r9,32)
(r8,94)
(r7,74)
(r1,56)
(r3,44)
(r6,23)
(r4,16)
(r0,84)
(r5,6)
(s6,49)
(s5,30)
(s3,38)
(s1,41)
(s0,73)
(s9,20)
(s7,91)
(s4,13)
(t8,56)
(t7,92)
(t2,14)
(t4,48)
(t9,100)
(t3,68)
(u1,46)
(u4,0)
(u8,16)
(u0,57)
(u7,72)
(u6,63)
(u3,72)
(u9,87)
(v6,66)
(v1,27)
(v0,89)
(v8,100)
(v2,75)
(v5,81)
(w9,82)
(w4,52)
(w5,36)
(w7,53)
(w8,58)
(w6,96)
(w0,98)
(w2,40)
(x9,60)
(x1,15)
(x0,57)
(x5,88)
(x3,54)
(x6,23)
(y5,95)
(y0,100)
(y3,9)
(y7,47)
(y8,93)
(y4,78)
(z1,45)
(z4,89)
(z5,48)
(z3,72)
(z2,8)
(z0,45)
[(v4,KVSMISSING)]
[(o9,0)]
[(v2,88)]
[(c1,94)]
(a5,35)
(a3,20)
(a1,86)
(a4,79)
(a2,95)
(b6,8)
(b7,70)
(b0,87)
(b8,59)
(b5,61)
(c5,99)
(c0,52)
(c7,95)
(c4,59)
(c1,94)
(c3,43)
(c8,34)
(d8,100)
(d9,80)
(d7,4)
(d4,90)
(d3,74)
(d6,17)
(d5,92)
(e2,50)
(e4,32)
(e8,32)
(e0,10)
(e9,66)
(e7,50)
(e3,17)
(e5,45)
(e1,38)
(f7,0)
(f6,54)
(f0,6)
(f2,19)
(f9,65)
(f8,7)
(f3,44)
(f4,32)
(g6,38)
(g2,20)
(g5,67)
(g3,58)
(g9,62)
(g1,23)
(g7,0)
(h6,67)
(h7,81)
(h9,40)
(h1,3)
(h0,44)
(h3,60)
(h2,63)
(i6,61)
(i3,67)
(i7,64)
(i5,1)
(i0,84)
(i2,3)
(i8,73)
(i1,8)
(i9,97)
(j6,25)
(j2,89)
(j3,53)
(j4,56)
(k7,8)
(k3,26)
(k1,72)
(k5,19)
(k6,11)
(k8,38)
(k9,4)
(l4,87)
(l6,91)
(l0,63)
(l7,90)
(l1,8)
(m3,23)
(m4,71)
(m1,53)
(m8,18)
(m9,59)
(m0,97)
(n3,11)
(n9,52)
(n7,34)
(n2,49)
(n6,97)
(n0,96)
(n5,39)
(n8,26)
(o4,73)
(o0,78)
(o7,17)
(o8,0)
(o5,95)
(o3,11)
(p4,59)
(p6,3)
(p8,95)
(p9,30)
(p5,62)
(p2,22)
(p3,18)
(p0,21)
(p1,60)
(q7,66)
(q1,42)
(q0,17)
(q4,44)
(q8,95)
(q2,10)
(q5,90)
(r2,21)
(r9,32)
(r7,74)
(r1,56)
(r3,44)
(r6,37)
(r4,16)
(r0,84)
(r5,6)
(s6,49)
(s5,30)
(s3,38)
(s1,41)
(s0,73)
(s9,20)
(s7,91)
(s4,13)
(t8,56)
(t7,92)
(t2,14)
(t9,100)
(t3,68)
(u4,0)
(u8,16)
(u0,57)
(u7,75)
(u6,98)
(u3,72)
(u9,87)
(v6,66)
(v1,27)
(v0,89)
(v8,100)
(v2,88)
(v5,81)
(w9,82)
(w4,52)
(w5,36)
(w7,53)
(w8,58)
(w6,96)
(w0,98)
(w2,40)
(x9,60)
(x1,15)
(x0,57)
(x5,88)
(x3,54)
(x6,23)
(y5,95)
(y3,64)
(y7,47)
(y8,93)
(y4,78)
(z9,84)
(z8,67)
(z1,45)
(z4,18)
(z5,48)
(z2,8)
(z0,45)
[(k1,72)]
[(e2,50)]
[(c1,94)]
[(z2,54)]
[(y7,97)]
[(i7,64)]
[(c1,94)]
[(d7,4)]
[(u7,75)]
[(l7,90)]
(a0,2)
(a6,1)
(a3,20)
(a1,45)
(a4,34)
(a2,95)
(b4,85)
(b3,23)
(b6,8)
(b7,70)
(b0,24)
(b8,59)
(b5,61)
(c6,65)
(c5,99)
(c0,52)
(c7,41)
(c4,18)
(c1,94)
(c3,43)
(c8,71)
(d2,0)
(d1,96)
(d9,80)
(d7,4)
(d4,90)
(d3,74)
(d6,17)
(d5,52)
(e4,22)
(e8,32)
(e0,10)
(e7,50)
(e3,90)
(e5,45)
(e1,38)
(f1,20)
(f7,0)
(f6,54)
(f0,6)
(f2,19)
(f9,82)
(f8,7)
(f3,44)
(f4,32)
(g8,53)
(g2,20)
(g5,67)
(g3,58)
(g9,62)
(g1,68)
(g7,0)
(h4,20)
(h6,86)
(h7,20)
(h9,40)
(h1,3)
(h0,44)
(h3,96)
(h2,0)
(i6,61)
(i3,67)
(i7,64)
(i5,1)
(i0,84)
(i2,26)
(i1,8)
(i9,36)
(j9,75)
(j7,72)
(j0,53)
(j6,25)
(j2,89)
(j3,53)
(j4,56)
(k2,29)
(k0,55)
(k4,90)
(k7,8)
(k3,15)
(k5,19)
(k6,11)
(k8,38)
(k9,4)
(l2,79)
(l4,87)
(l6,91)
(l0,63)
(l7,90)
(l1,8)
(m4,71)
(m1,61)
(m8,79)
(m9,59)
(m0,97)
(n1,2)
(n3,11)
(n9,52)
(n7,34)
(n2,91)
(n6,80)
(n0,96)
(n5,39)
(n8,50)
(o0,54)
(o8,0)
(o5,74)
(o3,11)
(p5,20)
(p4,59)
(p6,3)
(p8,95)
(p9,42)
(p2,22)
(p3,20)
(p0,21)
(p1,60)
(q6,53)
(q9,13)
(q7,66)
(q1,42)
(q0,17)
(q4,44)
(q8,95)
(q2,28)
(q5,90)
(r2,21)
(r9,77)
(r7,82)
(r3,44)
(r6,37)
(r4,4)
(r0,84)
(r5,6)
(s2,52)
(s6,49)
(s5,44)
(s3,82)
(s1,41)
(s9,20)
(s7,90)
(s4,62)
(t5,8)
(t1,27)
(t4,82)
(t8,56)
(t7,92)
(t2,82)
(t9,100)
(t3,68)
(u5,56)
(u4,76)
(u8,16)
(u0,55)
(u7,75)
(u6,98)
(u3,43)
(u9,73)
(v6,66)
(v1,47)
(v0,76)
(v8,100)
(v2,88)
(v5,81)
(w1,93)
(w9,82)
(w4,52)
(w5,36)
(w7,86)
(w8,57)
(w0,98)
(w2,17)
(x9,60)
(x1,15)
(x0,57)
(x5,88)
(x3,91)
(x6,27)
(y6,9)
(y2,84)
(y5,95)
(y3,64)
(y7,97)
(y8,93)
(y4,78)
(z8,67)
(z1,45)
(z5,48)
(z2,54)
(z0,45)
[(p5,20)]
