[(a5,20)]
[(w5,51)]
[(m5,48)]
[(k4,39)]
Waiting...
[(k4,39)]
Waiting...
[(d2,3)]
Waiting...
[(f3,47)]
[(b6,87)]
Waiting...
Waiting...
[(y4,34)]
[(r6,79)]
[(c5,KVSERROR)]
Waiting...
(a1,3)
(a0,59)
(a2,74)
(a7,7)
(a6,67)
(a5,34)
(a9,29)
(b6,74)
(b0,4)
(b1,48)
(b4,70)
(b9,30)
(b8,24)
(b2,60)
(b7,55)
(b5,21)
(b3,29)
(c4,59)
(c1,34)
(c2,32)
(c3,43)
(c9,41)
(c6,14)
(c8,34)
(c7,49)
(c0,20)
(d9,83)
(d8,27)
(d3,11)
(d7,21)
(d6,86)
(d5,13)
(e4,42)
(e3,74)
(e0,9)
(e6,92)
(e5,36)
(e8,51)
(e2,77)
(e1,72)
(f6,54)
(f0,68)
(f5,26)
(f2,97)
(f9,65)
(f8,7)
(f3,47)
(f4,41)
(g0,4)
(g5,22)
(g3,67)
(g4,100)
(g8,17)
(g6,55)
(g9,36)
(g1,13)
(g7,52)
(g2,37)
(h1,30)
(h4,61)
(h0,34)
(h5,86)
(h3,1)
(h6,51)
(h8,58)
(h7,22)
(h2,36)
(i4,67)
(i5,27)
(i0,100)
(i2,35)
(i7,31)
(i6,27)
(i8,43)
(i1,18)
(i9,97)
(j9,20)
(j1,95)
(j0,88)
(j7,12)
(j4,25)
(j8,71)
(k1,29)
(k5,46)
(k6,70)
(k2,39)
(k8,77)
(k7,52)
(k9,73)
(k4,28)
(l4,32)
(l0,69)
(l7,95)
(l8,88)
(l9,91)
(l3,42)
(l1,29)
(l5,1)
(m8,82)
(m7,62)
(m2,12)
(m4,49)
(m3,34)
(m9,59)
(m0,90)
(n3,14)
(n9,44)
(n4,60)
(n7,34)
(n2,41)
(n6,81)
(n0,51)
(n5,37)
(n1,26)
(n8,26)
(o0,56)
(o1,6)
(o5,32)
(o7,20)
(o9,97)
(o3,54)
(o4,6)
(o2,70)
(o6,89)
(p2,74)
(p6,41)
(p8,2)
(p3,97)
(p0,18)
(p9,61)
(p1,45)
(p7,40)
(p5,89)
(q9,78)
(q0,23)
(q4,44)
(q1,11)
(q8,92)
(q2,10)
(q5,8)
(r2,32)
(r3,22)
(r6,79)
(r4,68)
(r0,84)
(r5,41)
(s1,50)
(s0,73)
(s5,42)
(s9,48)
(s7,91)
(s4,94)
(t4,60)
(t7,63)
(t9,22)
(t6,32)
(t8,57)
(t0,70)
(t2,18)
(t5,80)
(u7,48)
(u6,19)
(u1,61)
(u4,21)
(u5,5)
(u3,51)
(u9,69)
(v6,45)
(v3,27)
(v0,44)
(v2,61)
(v5,71)
(v8,72)
(v4,86)
(w5,36)
(w3,21)
(w7,10)
(w8,53)
(w6,55)
(w0,31)
(w2,36)
(w9,34)
(x9,66)
(x5,88)
(x8,41)
(x1,21)
(x3,54)
(x7,76)
(x6,51)
(x2,15)
(y0,82)
(y5,52)
(y6,85)
(y1,29)
(y8,75)
(y3,30)
(y4,88)
(y2,3)
(z6,69)
(z4,86)
(z5,0)
(z8,49)
(z1,48)
(z3,23)
(z2,49)
(z0,2)
(z7,56)
