(a4,70)
(a9,16)
(a8,91)
(a2,74)
(a6,67)
(b6,76)
(b4,63)
(b0,87)
(b1,13)
(b8,59)
(b2,60)
(b5,21)
(b3,13)
(c2,76)
(c7,83)
(c4,59)
(c1,94)
(c3,43)
(c9,41)
(c6,66)
(c8,34)
(d7,36)
(d4,88)
(d2,61)
(d8,6)
(d3,11)
(d6,17)
(d5,40)
(e8,32)
(e0,66)
(e9,17)
(e7,99)
(e3,17)
(e5,90)
(e2,69)
(e1,10)
(f1,87)
(f7,84)
(f6,54)
(f0,6)
(f5,26)
(f2,53)
(f9,65)
(f8,7)
(f3,47)
(f4,32)
(g6,38)
(g2,20)
(g0,43)
(g5,67)
(g3,53)
(g4,65)
(g8,56)
(g9,36)
(g1,13)
(g7,52)
(h9,43)
(h1,3)
(h4,80)
(h0,44)
(h5,86)
(h3,5)
(h2,63)
(i7,64)
(i4,33)
(i5,1)
(i0,84)
(i2,35)
(i6,27)
(i8,73)
(i1,8)
(i9,97)
(j8,25)
(j6,25)
(j2,92)
(j0,79)
(j3,33)
(j7,15)
(j4,25)
(k0,32)
(k1,92)
(k5,65)
(k6,51)
(k8,77)
(k9,4)
(l6,91)
(l0,63)
(l7,21)
(l8,88)
(l1,89)
(m1,53)
(m6,68)
(m8,10)
(m2,60)
(m3,78)
(m9,59)
(m0,97)
(n3,2)
(n9,52)
(n7,34)
(n2,49)
(n6,97)
(n0,34)
(n5,37)
(n8,26)
(o7,17)
(o8,0)
(o1,42)
(o5,95)
(o9,0)
(o3,80)
(o4,6)
(o2,93)
(o6,35)
(p5,94)
(p2,36)
(p4,60)
(p3,100)
(p0,31)
(p9,61)
(p1,45)
(p7,40)
(q6,27)
(q9,98)
(q0,81)
(q4,44)
(q8,76)
(q2,10)
(q5,90)
(r9,53)
(r8,36)
(r7,74)
(r1,86)
(r3,44)
(r6,23)
(r4,16)
(r0,84)
(r5,6)
(s6,42)
(s3,38)
(s1,41)
(s0,73)
(s5,42)
(s9,70)
(s7,91)
(s4,73)
(t3,53)
(t6,97)
(u2,98)
(u0,57)
(u7,72)
(u6,76)
(u1,23)
(u4,21)
(u3,51)
(u9,87)
(v2,75)
(v5,71)
(w4,52)
(w5,36)
(w7,83)
(w8,58)
(w6,55)
(w0,98)
(w2,36)
(x0,96)
(x9,86)
(x5,88)
(x3,54)
(x6,84)
(x2,49)
(y7,47)
(y9,85)
(y0,82)
(y1,2)
(y8,93)
(y3,30)
(y4,78)
(y2,3)
(z4,89)
(z7,100)
(z5,51)
(z3,72)
(z2,92)
(z0,15)
(a4,70)
(a9,16)
(a8,91)
(a2,74)
(a6,67)
(b6,76)
(b4,63)
(b0,87)
(b1,13)
(b8,59)
(b2,60)
(b5,21)
(b3,13)
(c2,76)
(c7,83)
(c4,59)
(c1,94)
(c3,43)
(c9,41)
(c6,66)
(c8,34)
(d7,36)
(d4,88)
(d2,61)
(d8,6)
(d3,11)
(d6,17)
(d5,40)
(e8,32)
(e0,66)
(e9,17)
(e7,99)
(e3,17)
(e5,90)
(e2,69)
(e1,10)
(f1,87)
(f7,84)
(f6,54)
(f0,6)
(f5,26)
(f2,53)
(f9,65)
(f8,7)
(f3,47)
(f4,32)
(g6,38)
(g2,20)
(g0,43)
(g5,67)
(g3,53)
(g4,65)
(g8,56)
(g9,36)
(g1,13)
(g7,52)
(h9,43)
(h1,3)
(h4,80)
(h0,44)
(h5,86)
(h3,5)
(h2,63)
(i7,64)
(i4,33)
(i5,1)
(i0,84)
(i2,35)
(i6,27)
(i8,73)
(i1,8)
(i9,97)
(j8,25)
(j6,25)
(j2,92)
(j0,79)
(j3,33)
(j7,15)
(j4,25)
(k0,32)
(k1,92)
(k5,65)
(k6,51)
(k8,77)
(k9,4)
(l6,91)
(l0,63)
(l7,21)
(l8,88)
(l1,89)
(m1,53)
(m6,68)
(m8,10)
(m2,60)
(m3,78)
(m9,59)
(m0,97)
(n3,2)
(n9,52)
(n7,34)
(n2,49)
(n6,97)
(n0,34)
(n5,37)
(n8,26)
(o7,17)
(o8,0)
(o1,42)
(o5,95)
(o9,0)
(o3,80)
(o4,6)
(o2,93)
(o6,35)
(p5,94)
(p2,36)
(p4,60)
(p3,100)
(p0,31)
(p9,61)
(p1,45)
(p7,40)
(q6,27)
(q9,98)
(q0,81)
(q4,44)
(q8,76)
(q2,10)
(q5,90)
(r9,53)
(r8,36)
(r7,74)
(r1,86)
(r3,44)
(r6,23)
(r4,16)
(r0,84)
(r5,6)
(s6,42)
(s3,38)
(s1,41)
(s0,73)
(s5,42)
(s9,70)
(s7,91)
(s4,73)
(t3,53)
(t6,97)
(u2,98)
(u0,57)
(u7,72)
(u6,76)
(u1,23)
(u4,21)
(u3,51)
(u9,87)
(v2,75)
(v5,71)
(w4,52)
(w5,36)
(w7,83)
(w8,58)
(w6,55)
(w0,98)
(w2,36)
(x0,96)
(x9,86)
(x5,88)
(x3,54)
(x6,84)
(x2,49)
(y7,47)
(y9,85)
(y0,82)
(y1,2)
(y8,93)
(y3,30)
(y4,78)
(y2,3)
(z4,89)
(z7,100)
(z5,51)
(z3,72)
(z2,92)
(z0,15)
Waiting...
[(n3,KVSERROR)]
[(t9,42)]
[(e9,28)]
[(q1,65)]
[(n3,KVSMISSING)]
[(o9,78)]
[(f6,54)]
[(n5,KVSMISSING)]
[(z9,60)]
[(x0,15)]
(a5,61)
(a9,19)
(a6,64)
(a1,15)
(a2,48)
(b3,80)
(b2,39)
(b1,22)
(b9,23)
(b4,79)
(b7,41)
(b0,30)
(c6,11)
(c5,34)
(c0,96)
(c7,66)
(c4,61)
(c8,86)
(d3,37)
(d1,17)
(d7,52)
(d8,70)
(d0,57)
(d4,56)
(d5,89)
(e1,75)
(e6,37)
(e9,28)
(e2,67)
(e4,74)
(e0,48)
(e5,70)
(f9,88)
(f2,80)
(f5,77)
(f1,21)
(f7,39)
(f6,54)
(g6,71)
(g0,99)
(g8,2)
(g2,60)
(g3,40)
(g1,15)
(g7,82)
(h8,67)
(h4,33)
(h5,47)
(h6,96)
(h1,40)
(h0,89)
(h2,0)
(i8,66)
(i4,58)
(i7,10)
(i6,61)
(i3,18)
(i2,3)
(i1,82)
(j2,2)
(j1,78)
(j5,26)
(j7,8)
(j0,35)
(j6,9)
(j3,17)
(k5,68)
(k1,57)
(k0,49)
(k4,49)
(k3,78)
(k6,11)
(l5,40)
(l2,48)
(l7,2)
(l3,5)
(l9,36)
(l6,91)
(l0,14)
(l1,8)
(m6,55)
(m9,53)
(m5,41)
(m2,95)
(m3,18)
(m4,71)
(m0,76)
(n9,81)
(n3,77)
(n1,2)
(n7,54)
(n6,80)
(n0,86)
(n8,73)
(o7,49)
(o5,2)
(o0,91)
(o8,76)
(o3,79)
(p7,46)
(p0,10)
(p9,48)
(p5,1)
(p6,35)
(p8,32)
(q6,86)
(q3,65)
(q7,73)
(q9,69)
(q0,17)
(q4,82)
(q8,0)
(q2,23)
(r4,70)
(r0,70)
(r5,7)
(r3,19)
(r1,66)
(r8,0)
(r2,39)
(r7,80)
(s9,52)
(s0,88)
(s2,17)
(s7,28)
(s8,5)
(s6,6)
(s5,37)
(s3,13)
(s1,81)
(s4,99)
(t5,37)
(t3,34)
(t6,94)
(t2,2)
(t1,88)
(t4,22)
(t7,37)
(u9,80)
(u2,21)
(u1,86)
(u5,87)
(u8,33)
(u4,51)
(u0,48)
(u7,52)
(u6,77)
(v2,20)
(v9,23)
(v1,59)
(v8,100)
(v5,13)
(w1,42)
(w5,69)
(w8,33)
(w6,84)
(w3,15)
(w4,95)
(w7,12)
(x0,15)
(x5,1)
(x6,64)
(x7,85)
(x2,40)
(x1,73)
(x3,65)
(y4,89)
(y9,49)
(y6,8)
(y5,69)
(y7,69)
(y8,76)
(z7,22)
(z0,32)
(z4,45)
(z1,54)
(z2,54)
(z5,95)
(a5,61)
(a9,19)
(a6,64)
(a1,15)
(a2,48)
(b3,80)
(b2,39)
(b1,22)
(b9,23)
(b4,79)
(b7,41)
(b0,30)
(c6,11)
(c5,34)
(c0,96)
(c7,66)
(c4,61)
(c8,86)
(d3,37)
(d1,17)
(d7,52)
(d8,70)
(d0,57)
(d4,56)
(d5,89)
(e1,75)
(e6,37)
(e9,28)
(e2,67)
(e4,74)
(e0,48)
(e5,70)
(f9,88)
(f2,80)
(f5,77)
(f1,21)
(f7,39)
(f6,54)
(g6,71)
(g0,99)
(g8,2)
(g2,60)
(g3,40)
(g1,15)
(g7,82)
(h3,98)
(h8,67)
(h4,33)
(h5,47)
(h6,96)
(h1,40)
(h0,89)
(h2,0)
(i8,66)
(i4,58)
(i7,10)
(i6,61)
(i3,18)
(i2,3)
(i1,82)
(j2,2)
(j1,78)
(j5,26)
(j7,8)
(j0,35)
(j6,9)
(j3,17)
(k5,68)
(k1,57)
(k0,49)
(k4,49)
(k3,78)
(k6,11)
(l5,40)
(l2,48)
(l7,2)
(l3,5)
(l9,36)
(l6,91)
(l0,14)
(l1,8)
(m6,55)
(m9,53)
(m5,41)
(m2,95)
(m3,18)
(m4,71)
(m0,76)
(n9,81)
(n3,77)
(n1,2)
(n7,54)
(n6,80)
(n0,86)
(n8,73)
(o7,49)
(o5,2)
(o0,91)
(o8,76)
(o3,79)
(p7,46)
(p0,69)
(p9,48)
(p5,1)
(p6,35)
(p8,32)
(q6,86)
(q3,65)
(q7,73)
(q9,69)
(q0,17)
(q4,82)
(q8,0)
(q2,23)
(r4,70)
(r0,70)
(r5,7)
(r3,19)
(r1,66)
(r8,0)
(r2,39)
(r7,80)
(s9,52)
(s0,88)
(s2,17)
(s7,28)
(s8,5)
(s6,6)
(s5,37)
(s3,13)
(s1,81)
(s4,99)
(t5,37)
(t3,34)
(t6,94)
(t2,2)
(t1,88)
(t4,22)
(t7,37)
(u9,80)
(u2,21)
(u1,86)
(u5,87)
(u8,33)
(u4,23)
(u0,48)
(u7,52)
(u6,77)
(v4,76)
(v2,20)
(v9,23)
(v1,59)
(v8,100)
(v5,13)
(w1,42)
(w5,69)
(w8,33)
(w6,84)
(w3,15)
(w4,95)
(w7,12)
(x0,15)
(x5,1)
(x6,64)
(x7,85)
(x2,40)
(x1,73)
(x3,65)
(y4,89)
(y9,49)
(y6,8)
(y5,69)
(y7,69)
(y8,76)
(z7,22)
(z0,32)
(z4,45)
(z1,54)
(z2,54)
(z5,95)
[(s9,52)]
(a5,61)
(a9,19)
(a6,64)
(a1,15)
(a2,48)
(b3,80)
(b2,39)
(b1,22)
(b9,23)
(b4,79)
(b7,41)
(b0,30)
(c1,97)
(c6,11)
(c5,58)
(c0,96)
(c7,66)
(c4,61)
(c8,86)
(d3,37)
(d1,17)
(d7,52)
(d8,70)
(d0,57)
(d5,89)
(e1,75)
(e6,37)
(e9,28)
(e2,67)
(e4,74)
(e0,48)
(e5,70)
(f9,88)
(f2,80)
(f5,77)
(f1,21)
(f7,39)
(f6,54)
(g6,71)
(g0,99)
(g8,2)
(g2,60)
(g3,40)
(g1,15)
(g7,82)
(h8,67)
(h4,33)
(h5,82)
(h6,96)
(h1,40)
(h0,89)
(h2,0)
(i8,74)
(i4,58)
(i7,10)
(i6,61)
(i3,18)
(i2,3)
(i1,82)
(j2,2)
(j1,78)
(j5,26)
(j7,8)
(j0,35)
(j6,9)
(j3,17)
(k5,68)
(k1,57)
(k0,49)
(k4,49)
(k3,78)
(k6,11)
(l5,40)
(l2,48)
(l7,2)
(l3,5)
(l9,36)
(l6,91)
(l0,14)
(l1,8)
(m6,55)
(m9,53)
(m5,41)
(m2,95)
(m3,18)
(m4,71)
(m0,76)
(n9,81)
(n3,77)
(n1,2)
(n7,54)
(n6,80)
(n0,86)
(n8,73)
(o5,2)
(o0,91)
(o8,76)
(o3,79)
(p7,46)
(p0,69)
(p9,48)
(p5,1)
(p6,35)
(p8,32)
(q6,86)
(q3,65)
(q7,73)
(q9,69)
(q0,17)
(q4,82)
(q8,0)
(q2,23)
(r4,70)
(r0,70)
(r5,7)
(r3,19)
(r1,66)
(r8,0)
(r2,39)
(r7,80)
(s9,52)
(s0,88)
(s2,17)
(s7,28)
(s8,5)
(s6,6)
(s5,37)
(s3,13)
(s1,81)
(s4,99)
(t0,68)
(t5,37)
(t3,34)
(t6,94)
(t2,2)
(t1,88)
(t4,22)
(t7,37)
(u9,80)
(u2,21)
(u1,86)
(u5,87)
(u8,33)
(u4,23)
(u0,48)
(u7,52)
(u6,77)
(v0,42)
(v4,76)
(v2,20)
(v9,23)
(v1,59)
(v8,100)
(v5,13)
(w1,42)
(w5,69)
(w8,33)
(w6,84)
(w3,15)
(w4,95)
(w7,12)
(x0,15)
(x5,1)
(x6,64)
(x7,85)
(x2,40)
(x1,73)
(x3,65)
(y1,27)
(y4,10)
(y9,49)
(y6,8)
(y5,69)
(y7,69)
(y8,76)
(z7,22)
(z0,32)
(z4,45)
(z1,54)
(z2,54)
(z5,95)
[(d3,37)]
[(e9,28)]
[(t0,68)]
