(a5,61)
(a9,19)
(a6,64)
(a1,18)
(a2,48)
(b3,63)
(b2,39)
(b1,22)
(b9,23)
(b4,79)
(b7,41)
(b0,30)
(c1,97)
(c6,11)
(c5,58)
(c0,10)
(c7,66)
(c4,61)
(c8,86)
(d3,37)
(d1,17)
(d7,52)
(d8,70)
(d0,57)
(d5,89)
(e1,75)
(e6,37)
(e9,28)
(e2,67)
(e4,74)
(e0,48)
(e5,70)
(f3,37)
(f9,88)
(f2,80)
(f5,77)
(f1,76)
(f7,39)
(f6,54)
(g4,76)
(g6,71)
(g0,99)
(g8,2)
(g2,60)
(g3,40)
(g7,95)
(h8,67)
(h4,34)
(h5,82)
(h6,96)
(h1,40)
(h0,89)
(h2,0)
(i8,74)
(i4,54)
(i7,10)
(i6,61)
(i3,18)
(i2,3)
(i1,52)
(j2,2)
(j1,78)
(j7,8)
(j0,35)
(j6,9)
(j3,17)
(k5,68)
(k1,57)
(k0,49)
(k4,49)
(k6,33)
(l2,48)
(l7,2)
(l3,5)
(l9,36)
(l6,91)
(l0,14)
(l1,8)
(m6,55)
(m9,53)
(m5,41)
(m2,95)
(m3,18)
(m4,71)
(m0,76)
(n9,81)
(n3,77)
(n1,2)
(n7,54)
(n6,80)
(n0,86)
(n8,73)
(o5,2)
(o0,91)
(o8,76)
(o3,79)
(p7,46)
(p0,69)
(p9,48)
(p6,46)
(p8,32)
(q5,46)
(q6,86)
(q3,65)
(q7,73)
(q9,69)
(q0,44)
(q4,82)
(q8,0)
(q2,23)
(r4,70)
(r0,70)
(r5,7)
(r3,19)
(r1,66)
(r8,0)
(r2,39)
(r7,80)
(s9,52)
(s0,88)
(s2,17)
(s7,28)
(s8,5)
(s6,6)
(s5,37)
(s3,13)
(s1,81)
(s4,99)
(t0,68)
(t5,37)
(t3,34)
(t6,94)
(t2,2)
(t1,88)
(t4,22)
(t7,37)
(u9,80)
(u2,21)
(u1,23)
(u5,87)
(u8,11)
(u4,14)
(u0,67)
(u7,52)
(u6,77)
(v0,42)
(v4,76)
(v2,20)
(v9,23)
(v1,59)
(v8,100)
(v5,13)
(w9,90)
(w1,42)
(w5,69)
(w8,33)
(w6,84)
(w3,15)
(w4,95)
(w7,57)
(x0,15)
(x5,70)
(x6,40)
(x7,85)
(x2,40)
(x3,65)
(y1,27)
(y4,10)
(y9,49)
(y6,8)
(y5,4)
(y7,69)
(y8,76)
(z7,22)
(z0,32)
(z4,45)
(z1,54)
(z2,54)
(z5,95)
(a5,61)
(a9,19)
(a6,64)
(a1,18)
(a2,48)
(b3,63)
(b2,39)
(b1,22)
(b9,23)
(b4,79)
(b7,41)
(b0,4)
(c1,97)
(c6,11)
(c5,58)
(c0,10)
(c7,66)
(c4,61)
(c8,86)
(d3,37)
(d1,17)
(d7,52)
(d8,70)
(d0,57)
(d5,89)
(e1,75)
(e6,37)
(e9,28)
(e2,67)
(e4,74)
(e0,48)
(e5,70)
(f3,37)
(f9,88)
(f2,80)
(f5,86)
(f1,76)
(f7,39)
(f6,54)
(g4,76)
(g6,71)
(g0,99)
(g8,2)
(g2,60)
(g3,40)
(g7,95)
(h9,68)
(h7,40)
(h8,67)
(h4,34)
(h5,82)
(h6,96)
(h1,40)
(h0,89)
(h2,0)
(i8,38)
(i4,54)
(i7,10)
(i6,61)
(i3,18)
(i2,3)
(i1,52)
(j2,2)
(j1,78)
(j7,8)
(j0,35)
(j6,9)
(j3,17)
(k5,99)
(k1,57)
(k0,65)
(k4,49)
(k6,33)
(l2,48)
(l7,2)
(l3,5)
(l9,36)
(l6,91)
(l0,14)
(l1,8)
(m6,55)
(m9,53)
(m5,41)
(m2,95)
(m3,18)
(m4,71)
(m0,76)
(n9,45)
(n3,77)
(n1,2)
(n7,54)
(n6,80)
(n0,86)
(n8,73)
(o5,2)
(o0,91)
(o8,76)
(o3,79)
(p7,46)
(p0,69)
(p9,48)
(p6,46)
(p8,32)
(q5,46)
(q6,86)
(q3,65)
(q7,73)
(q9,69)
(q0,44)
(q4,82)
(q8,0)
(q2,23)
(r4,70)
(r0,70)
(r5,7)
(r3,19)
(r1,66)
(r8,0)
(r2,39)
(r7,80)
(s9,52)
(s0,0)
(s2,17)
(s7,28)
(s8,5)
(s6,6)
(s5,37)
(s3,13)
(s1,81)
(s4,99)
(t0,68)
(t5,37)
(t3,34)
(t6,94)
(t2,2)
(t1,3)
(t4,22)
(t7,37)
(u9,80)
(u2,21)
(u1,23)
(u5,87)
(u8,11)
(u4,14)
(u0,67)
(u7,52)
(u6,77)
(v0,42)
(v4,76)
(v2,20)
(v9,23)
(v1,59)
(v8,100)
(v5,13)
(w9,90)
(w1,42)
(w5,69)
(w8,33)
(w6,84)
(w3,15)
(w4,95)
(w7,57)
(x0,15)
(x5,70)
(x6,40)
(x7,85)
(x2,40)
(x3,60)
(y1,27)
(y4,10)
(y9,49)
(y6,8)
(y5,4)
(y7,82)
(y8,76)
(z7,22)
(z0,32)
(z4,45)
(z1,54)
(z2,54)
(z5,95)
(a5,61)
(a9,19)
(a6,64)
(a1,18)
(a2,48)
(b3,63)
(b2,39)
(b1,22)
(b9,23)
(b4,79)
(b7,41)
(b0,4)
(c1,97)
(c6,11)
(c5,58)
(c0,10)
(c7,66)
(c4,61)
(c8,86)
(d3,37)
(d1,17)
(d7,52)
(d8,70)
(d0,57)
(d5,89)
(e1,75)
(e6,37)
(e9,28)
(e2,67)
(e4,74)
(e0,48)
(e5,70)
(f3,37)
(f9,88)
(f2,80)
(f5,86)
(f1,76)
(f7,39)
(f6,54)
(g4,76)
(g6,71)
(g0,99)
(g8,2)
(g2,60)
(g3,40)
(g7,95)
(h9,68)
(h7,40)
(h8,67)
(h4,34)
(h5,82)
(h6,96)
(h1,40)
(h0,89)
(h2,0)
(i8,38)
(i4,54)
(i7,10)
(i6,61)
(i3,18)
(i2,3)
(i1,52)
(j2,2)
(j1,78)
(j7,8)
(j0,35)
(j6,9)
(j3,17)
(k5,99)
(k1,57)
(k0,65)
(k4,49)
(k6,33)
(l2,48)
(l7,2)
(l3,5)
(l9,36)
(l6,91)
(l0,14)
(l1,8)
(m6,55)
(m9,53)
(m5,41)
(m2,95)
(m3,18)
(m4,71)
(m0,76)
(n9,45)
(n3,77)
(n1,2)
(n7,54)
(n6,80)
(n0,86)
(n8,73)
(o5,2)
(o0,91)
(o8,76)
(o3,79)
(p7,46)
(p0,69)
(p9,48)
(p6,46)
(p8,32)
(q5,46)
(q6,86)
(q3,65)
(q7,73)
(q9,69)
(q0,44)
(q4,82)
(q8,0)
(q2,23)
(r4,70)
(r0,70)
(r5,7)
(r3,19)
(r1,66)
(r8,0)
(r2,39)
(r7,80)
(s9,52)
(s0,0)
(s2,17)
(s7,28)
(s8,5)
(s6,6)
(s5,37)
(s3,13)
(s1,81)
(s4,99)
(t0,68)
(t5,37)
(t3,34)
(t6,94)
(t2,2)
(t1,3)
(t4,22)
(t7,37)
(u9,80)
(u2,21)
(u1,23)
(u5,87)
(u8,11)
(u4,14)
(u0,67)
(u7,52)
(u6,77)
(v0,42)
(v4,76)
(v2,20)
(v9,23)
(v1,59)
(v8,100)
(v5,13)
(w9,90)
(w1,42)
(w5,69)
(w8,33)
(w6,84)
(w3,15)
(w4,95)
(w7,57)
(x0,15)
(x5,70)
(x6,40)
(x7,85)
(x2,40)
(x3,60)
(y1,27)
(y4,10)
(y9,49)
(y6,8)
(y5,4)
(y7,82)
(y8,76)
(z7,22)
(z0,32)
(z4,45)
(z1,54)
(z2,54)
(z5,95)
[(n9,45)]
[(x3,60)]
[(i8,38)]
[(o7,99)]
[(s9,62)]
Waiting...
[(y9,KVSMISSING)(l8,KVSMISSING)]
(a9,55)
(a3,74)
(a8,12)
(a7,8)
(a4,73)
(a0,74)
(a5,71)
(a6,54)
(a1,18)
(a2,86)
(b1,69)
(b7,7)
(b6,4)
(b5,37)
(b2,84)
(b9,29)
(c9,50)
(c2,60)
(c1,15)
(c6,20)
(c0,10)
(c7,60)
(c8,14)
(d7,81)
(d9,63)
(d6,97)
(d4,48)
(d3,81)
(d1,58)
(d0,44)
(d5,98)
(e7,19)
(e8,16)
(e1,75)
(e6,31)
(e9,28)
(e2,16)
(e4,7)
(e5,54)
(f0,39)
(f3,37)
(f2,34)
(f5,28)
(f1,81)
(f7,39)
(f6,42)
(g8,5)
(g6,61)
(g1,71)
(g4,76)
(g0,99)
(g2,5)
(g3,47)
(g7,9)
(h7,42)
(h3,14)
(h8,54)
(h4,60)
(h5,82)
(h6,53)
(h0,42)
(h2,89)
(i8,98)
(i5,58)
(i0,90)
(i4,87)
(i7,10)
(i6,62)
(i3,2)
(i2,3)
(i1,56)
(j6,89)
(j2,85)
(j9,79)
(j8,21)
(j5,80)
(j1,46)
(j7,8)
(j0,87)
(k0,3)
(k7,65)
(k9,2)
(k1,45)
(k4,49)
(k6,33)
(l4,21)
(l2,48)
(l7,66)
(l9,86)
(l0,14)
(m1,57)
(m7,7)
(m0,6)
(m8,52)
(m6,55)
(m9,29)
(m5,41)
(m2,99)
(m3,8)
(m4,71)
(n5,94)
(n2,47)
(n9,13)
(n3,77)
(n1,2)
(n7,3)
(n6,86)
(n0,86)
(n8,73)
(o6,83)
(o1,86)
(o5,22)
(o8,19)
(o3,19)
(p1,0)
(p8,59)
(p9,76)
(p4,53)
(p3,6)
(p7,49)
(p0,69)
(q9,76)
(q5,51)
(q1,95)
(q6,86)
(q7,73)
(q0,44)
(q4,82)
(q8,7)
(r3,19)
(r6,42)
(r4,70)
(r0,18)
(r5,34)
(r1,16)
(r7,80)
(s9,53)
(s2,17)
(s7,28)
(s8,52)
(s6,34)
(s5,47)
(s3,82)
(s1,92)
(s4,99)
(t9,6)
(t0,92)
(t5,22)
(t3,17)
(t6,1)
(t2,93)
(t1,3)
(t4,79)
(t7,28)
(u6,28)
(u3,32)
(u9,25)
(u1,23)
(u5,87)
(u4,98)
(u0,15)
(u7,78)
(v3,81)
(v8,62)
(v0,20)
(v4,76)
(v2,62)
(v1,17)
(v5,7)
(w9,98)
(w1,42)
(w5,69)
(w8,33)
(w6,94)
(w3,10)
(w4,94)
(w7,33)
(x0,27)
(x9,24)
(x3,91)
(x5,70)
(x6,32)
(x7,85)
(x2,91)
(y7,26)
(y1,54)
(y4,10)
(y5,48)
(y8,95)
(z7,2)
(z0,22)
(z3,27)
(z8,26)
(z6,24)
(z4,4)
(z1,92)
[(z1,92)]
Waiting...
(a9,86)
(a3,88)
(a8,25)
(a7,8)
(a4,73)
(a5,4)
(a6,54)
(a1,88)
(a2,86)
(b8,70)
(b3,41)
(b6,10)
(b0,28)
(b1,43)
(b7,44)
(b5,79)
(b9,29)
(c3,89)
(c4,45)
(c5,7)
(c2,60)
(c1,15)
(c6,29)
(c0,78)
(c7,92)
(c8,84)
(d2,44)
(d9,63)
(d6,42)
(d4,37)
(d3,81)
(d0,41)
(d5,85)
(e7,30)
(e2,42)
(e8,77)
(e6,19)
(e9,3)
(e4,59)
(f9,55)
(f7,97)
(f4,99)
(f8,66)
(f5,52)
(f1,48)
(f6,95)
(g3,32)
(g9,8)
(g1,30)
(g4,41)
(g0,99)
(g2,24)
(g7,55)
(h5,6)
(h9,41)
(h8,43)
(h6,77)
(h0,42)
(h2,94)
(i2,83)
(i8,100)
(i5,58)
(i4,63)
(i6,70)
(i3,2)
(i1,56)
(j4,81)
(j2,71)
(j3,1)
(j6,89)
(j9,14)
(j8,21)
(j5,72)
(j1,3)
(j0,51)
(k2,97)
(k5,61)
(k8,9)
(k3,55)
(k0,98)
(k7,97)
(k9,17)
(k1,45)
(k6,16)
(l9,6)
(l1,78)
(l3,27)
(l8,38)
(l2,48)
(l7,22)
(m7,81)
(m1,57)
(m0,79)
(m8,51)
(m9,68)
(m2,84)
(m4,71)
(n4,60)
(n0,80)
(n5,49)
(n2,47)
(n1,50)
(n6,59)
(n8,0)
(o2,48)
(o0,9)
(o7,31)
(o6,79)
(p0,47)
(p6,41)
(p2,58)
(p1,16)
(p9,53)
(p4,53)
(p3,80)
(p7,66)
(q3,34)
(q2,39)
(q0,94)
(q9,76)
(q1,74)
(q6,86)
(q7,73)
(q4,65)
(q8,5)
(r8,21)
(r9,64)
(r5,54)
(r6,21)
(r2,68)
(r3,20)
(r4,75)
(r0,37)
(r1,16)
(s6,1)
(s4,60)
(s3,50)
(s9,53)
(s8,88)
(t9,38)
(t5,1)
(t3,17)
(t6,6)
(t2,93)
(t1,31)
(t4,96)
(t7,52)
(u8,73)
(u6,28)
(u9,16)
(u1,23)
(u5,87)
(u4,60)
(u0,97)
(u7,78)
(v9,81)
(v6,72)
(v3,81)
(v8,100)
(v0,87)
(v2,62)
(v1,49)
(v5,7)
(w4,77)
(w2,87)
(w0,45)
(w9,98)
(w1,42)
(w8,32)
(w6,94)
(w3,10)
(x9,74)
(x0,44)
(x3,72)
(x5,4)
(x6,91)
(x7,7)
(x2,43)
(y3,36)
(y5,74)
(y6,99)
(y9,78)
(y7,91)
(y1,60)
(y4,95)
(y8,29)
(z9,52)
(z2,25)
(z7,36)
(z0,9)
(z3,27)
(z6,19)
(z4,53)
(z1,2)
(a0,12)
(a9,86)
(a3,88)
(a8,25)
(a7,8)
(a4,73)
(a5,4)
(a6,54)
(a1,88)
(a2,69)
(b4,100)
(b8,12)
(b3,41)
(b6,10)
(b0,28)
(b1,43)
(b7,75)
(b5,79)
(b9,29)
(c3,89)
(c4,45)
(c5,7)
(c2,34)
(c1,15)
(c6,29)
(c0,69)
(c7,92)
(c8,84)
(d2,44)
(d9,63)
(d6,42)
(d4,37)
(d3,81)
(d0,41)
(d5,85)
(e7,30)
(e2,42)
(e8,77)
(e6,28)
(e9,24)
(e4,59)
(f9,55)
(f7,97)
(f4,99)
(f8,66)
(f5,52)
(f1,48)
(f6,95)
(g5,100)
(g3,32)
(g9,8)
(g1,30)
(g4,41)
(g0,99)
(g2,24)
(g7,2)
(h5,6)
(h9,41)
(h8,43)
(h0,42)
(h2,94)
(i2,83)
(i5,58)
(i4,63)
(i6,70)
(i3,39)
(i1,56)
(j4,81)
(j2,44)
(j3,1)
(j6,89)
(j9,14)
(j8,21)
(j5,72)
(j1,3)
(j0,51)
(k2,97)
(k5,61)
(k8,9)
(k3,55)
(k0,98)
(k7,97)
(k9,17)
(k1,45)
(k6,58)
(l9,6)
(l1,78)
(l3,27)
(l8,38)
(l2,48)
(l7,22)
(m7,81)
(m1,57)
(m0,79)
(m8,51)
(m9,68)
(m2,84)
(m4,71)
(n4,60)
(n0,80)
(n5,49)
(n2,47)
(n1,50)
(n6,59)
(n8,0)
(o2,48)
(o0,9)
(o7,31)
(o6,79)
(p0,47)
(p6,41)
(p2,58)
(p1,16)
(p9,53)
(p4,53)
(p3,85)
(p7,66)
(q3,34)
(q2,39)
(q0,94)
(q9,76)
(q1,74)
(q6,86)
(q7,73)
(q4,65)
(q8,5)
(r7,52)
(r8,21)
(r9,64)
(r5,54)
(r2,68)
(r3,20)
(r4,75)
(r0,37)
(r1,16)
(s6,1)
(s4,60)
(s3,50)
(s9,53)
(s8,88)
(t9,38)
(t5,1)
(t3,17)
(t6,6)
(t2,93)
(t1,31)
(t4,84)
(t7,52)
(u2,20)
(u3,16)
(u8,73)
(u6,28)
(u9,16)
(u1,23)
(u5,87)
(u4,60)
(u0,98)
(v4,98)
(v9,81)
(v6,72)
(v3,81)
(v8,100)
(v0,87)
(v2,62)
(v1,49)
(v5,7)
(w7,43)
(w4,28)
(w2,87)
(w0,80)
(w9,98)
(w1,42)
(w8,32)
(w6,94)
(w3,10)
(x9,74)
(x0,44)
(x3,72)
(x5,4)
(x6,91)
(x7,7)
(x2,43)
(y3,36)
(y5,74)
(y6,99)
(y9,78)
(y7,91)
(y1,60)
(y4,95)
(y8,29)
(z5,32)
(z9,52)
(z2,25)
(z7,36)
(z0,9)
(z3,95)
(z6,19)
(z4,53)
(z1,2)
[(l7,22)]
[(l4,KVSMISSING)]
Waiting...
[(o7,21)]
[(e2,46)]
