(a1,3)
(a0,59)
(a2,33)
(a7,7)
(a6,67)
(a5,34)
(a9,29)
(a8,93)
(b0,4)
(b1,48)
(b4,85)
(b6,66)
(b9,30)
(b8,24)
(b2,60)
(b7,55)
(b5,17)
(b3,71)
(c4,59)
(c1,34)
(c2,84)
(c3,43)
(c9,31)
(c6,0)
(c8,34)
(c7,85)
(c0,5)
(d3,11)
(d7,86)
(d0,95)
(d9,38)
(d6,86)
(d5,13)
(d4,44)
(e6,41)
(e5,36)
(e8,73)
(e2,77)
(e1,78)
(f5,26)
(f2,92)
(f9,65)
(f8,60)
(f3,47)
(f7,90)
(f4,8)
(g8,17)
(g6,91)
(g9,36)
(g1,55)
(g7,52)
(g2,89)
(h4,61)
(h0,3)
(h5,86)
(h3,1)
(h6,51)
(h8,68)
(h7,22)
(h9,87)
(h2,69)
(i4,46)
(i5,14)
(i0,100)
(i2,52)
(i7,31)
(i6,56)
(i8,43)
(i1,18)
(i9,47)
(j9,20)
(j1,95)
(j0,88)
(j5,91)
(j7,53)
(j4,25)
(j8,2)
(k5,48)
(k6,70)
(k2,39)
(k8,78)
(k7,52)
(k9,73)
(k4,72)
(l0,69)
(l7,95)
(l8,88)
(l4,25)
(l9,90)
(l3,94)
(l1,59)
(l5,91)
(m7,49)
(m8,43)
(m2,74)
(m5,49)
(m4,49)
(m3,29)
(m9,59)
(m0,90)
(n9,79)
(n4,60)
(n7,43)
(n2,41)
(n6,81)
(n0,51)
(n5,37)
(n1,26)
(n8,34)
(o0,56)
(o1,6)
(o5,43)
(o7,20)
(o9,7)
(o3,54)
(o4,6)
(o2,70)
(o6,89)
(p2,74)
(p4,88)
(p6,43)
(p8,2)
(p3,79)
(p0,18)
(p9,70)
(p1,75)
(p7,40)
(p5,89)
(q0,42)
(q4,56)
(q1,11)
(q8,92)
(q2,10)
(q5,8)
(r3,22)
(r6,79)
(r4,68)
(r0,53)
(r5,41)
(r9,71)
(s1,50)
(s0,73)
(s5,42)
(s9,48)
(s7,99)
(s4,94)
(t4,60)
(t7,63)
(t9,22)
(t6,32)
(t8,57)
(t0,70)
(t1,80)
(t2,18)
(t5,80)
(u7,48)
(u6,46)
(u1,34)
(u4,21)
(u5,5)
(u3,51)
(u9,78)
(v2,61)
(v5,71)
(v8,72)
(v6,51)
(v4,86)
(w3,76)
(w7,75)
(w8,53)
(w6,39)
(w0,11)
(w2,24)
(w9,86)
(x5,88)
(x8,41)
(x1,3)
(x3,7)
(x7,76)
(x6,27)
(x2,47)
(y7,92)
(y6,85)
(y1,36)
(y8,75)
(y3,30)
(y4,88)
(y2,76)
(z4,86)
(z5,0)
(z8,49)
(z1,48)
(z9,98)
(z3,23)
(z2,49)
(z0,2)
(z7,82)
[(e5,36)]
[(y2,3)]
[(g0,26)]
[(a8,17)]
(a1,3)
(a0,59)
(a2,4)
(a7,7)
(a6,67)
(a5,34)
(a9,29)
(a8,17)
(b0,4)
(b1,48)
(b4,85)
(b6,16)
(b9,30)
(b8,24)
(b2,60)
(b7,55)
(b5,17)
(b3,29)
(c4,59)
(c1,34)
(c2,84)
(c3,43)
(c9,41)
(c6,0)
(c8,34)
(c7,85)
(c0,5)
(d3,11)
(d7,86)
(d9,45)
(d6,86)
(d5,13)
(d4,20)
(e0,9)
(e6,41)
(e5,36)
(e8,51)
(e2,77)
(e1,72)
(f0,68)
(f5,26)
(f2,92)
(f9,65)
(f8,60)
(f3,47)
(f7,69)
(f4,41)
(g8,17)
(g6,56)
(g9,36)
(g1,55)
(g7,52)
(g2,89)
(h1,30)
(h4,61)
(h0,34)
(h5,86)
(h3,1)
(h6,51)
(h8,58)
(h7,22)
(h9,48)
(h2,36)
(i4,67)
(i5,27)
(i0,100)
(i2,52)
(i7,31)
(i6,6)
(i8,43)
(i1,18)
(i9,47)
(j9,20)
(j1,95)
(j0,88)
(j7,53)
(j4,25)
(j8,71)
(k5,46)
(k6,70)
(k2,39)
(k8,78)
(k7,52)
(k9,73)
(k4,68)
(l0,69)
(l7,95)
(l8,88)
(l9,90)
(l3,94)
(l1,59)
(l5,1)
(m7,49)
(m2,74)
(m5,49)
(m4,49)
(m3,29)
(m9,59)
(m0,90)
(n3,14)
(n9,44)
(n4,60)
(n7,43)
(n2,41)
(n6,81)
(n0,51)
(n5,37)
(n1,26)
(n8,45)
(o0,56)
(o1,6)
(o5,32)
(o7,20)
(o9,97)
(o3,54)
(o4,6)
(o2,70)
(o6,89)
(p2,74)
(p4,51)
(p6,41)
(p8,2)
(p3,74)
(p0,18)
(p9,61)
(p1,34)
(p7,40)
(p5,89)
(q9,78)
(q0,23)
(q4,56)
(q1,11)
(q8,92)
(q2,10)
(q5,8)
(r2,32)
(r3,22)
(r6,79)
(r4,68)
(r0,84)
(r5,41)
(s1,50)
(s0,73)
(s5,42)
(s9,48)
(s7,99)
(s4,94)
(t4,60)
(t7,63)
(t9,22)
(t6,32)
(t8,57)
(t0,70)
(t1,74)
(t2,18)
(t5,80)
(u7,48)
(u6,46)
(u1,34)
(u4,21)
(u5,5)
(u3,51)
(u9,78)
(v0,44)
(v2,61)
(v5,71)
(v8,72)
(v6,51)
(v4,86)
(w3,76)
(w7,75)
(w8,53)
(w6,55)
(w0,59)
(w2,24)
(w9,86)
(x9,66)
(x5,88)
(x8,41)
(x1,3)
(x3,54)
(x7,76)
(x6,51)
(x2,15)
(y5,52)
(y7,40)
(y6,85)
(y1,29)
(y8,75)
(y3,30)
(y4,88)
(y2,3)
(z4,86)
(z5,0)
(z8,49)
(z1,48)
(z9,14)
(z3,23)
(z2,49)
(z0,2)
(z7,44)
[(t8,57)]
[(z9,KVSMISSING)]
[(p2,74)]
[(t8,57)]
[(k4,28)]
(a1,3)
(a0,59)
(a2,4)
(a7,7)
(a6,67)
(a5,34)
(a9,29)
(b0,4)
(b1,48)
(b4,85)
(b9,30)
(b8,24)
(b2,60)
(b7,55)
(b5,21)
(b3,29)
(c4,59)
(c1,34)
(c2,84)
(c3,43)
(c9,41)
(c6,0)
(c8,34)
(c7,49)
(c0,5)
(d9,83)
(d8,27)
(d3,11)
(d7,21)
(d6,86)
(d5,13)
(e3,74)
(e0,9)
(e6,41)
(e5,36)
(e8,51)
(e2,77)
(e1,72)
(f6,54)
(f0,68)
(f5,26)
(f2,92)
(f9,65)
(f8,7)
(f3,47)
(f4,41)
(g5,22)
(g3,67)
(g4,100)
(g8,17)
(g6,55)
(g9,36)
(g1,13)
(g7,52)
(g2,89)
(h1,30)
(h4,61)
(h0,34)
(h5,86)
(h3,1)
(h6,51)
(h8,58)
(h7,22)
(h2,36)
(i4,67)
(i5,27)
(i0,100)
(i2,35)
(i7,31)
(i6,27)
(i8,43)
(i1,18)
(i9,97)
(j9,20)
(j1,95)
(j0,88)
(j7,12)
(j4,25)
(j8,71)
(k1,29)
(k5,46)
(k6,70)
(k2,39)
(k8,78)
(k7,52)
(k9,73)
(k4,28)
(l4,32)
(l0,69)
(l7,95)
(l8,88)
(l9,90)
(l3,94)
(l1,29)
(l5,1)
(m8,82)
(m7,49)
(m2,12)
(m4,49)
(m3,34)
(m9,59)
(m0,90)
(n3,14)
(n9,44)
(n4,60)
(n7,34)
(n2,41)
(n6,81)
(n0,29)
(n5,37)
(n1,26)
(n8,45)
(o0,56)
(o1,6)
(o5,32)
(o7,20)
(o9,97)
(o3,54)
(o4,6)
(o2,70)
(o6,89)
(p2,74)
(p6,41)
(p8,2)
(p3,90)
(p0,18)
(p9,61)
(p1,45)
(p7,40)
(p5,89)
(q9,78)
(q0,23)
(q4,56)
(q1,11)
(q8,92)
(q2,10)
(q5,8)
(r2,32)
(r3,22)
(r6,79)
(r4,68)
(r0,84)
(r5,41)
(s1,50)
(s0,73)
(s5,42)
(s9,48)
(s7,91)
(s4,94)
(t4,60)
(t7,63)
(t9,22)
(t6,32)
(t8,57)
(t0,70)
(t2,18)
(t5,80)
(u7,48)
(u6,46)
(u1,34)
(u4,21)
(u5,5)
(u3,51)
(u9,78)
(v6,45)
(v3,27)
(v0,44)
(v2,61)
(v5,71)
(v8,72)
(v4,86)
(w5,36)
(w3,21)
(w7,10)
(w8,53)
(w6,55)
(w0,31)
(w2,24)
(w9,86)
(x9,66)
(x5,88)
(x8,41)
(x1,21)
(x3,54)
(x7,76)
(x6,51)
(x2,15)
(y0,82)
(y5,52)
(y6,85)
(y1,29)
(y8,75)
(y3,30)
(y4,88)
(y2,3)
(z6,69)
(z4,86)
(z5,0)
(z8,49)
(z1,48)
(z3,23)
(z2,49)
(z0,2)
(z7,44)
[(r0,84)]
[(v6,1)]
[(a2,74)]
(a8,91)
(a1,3)
(a0,59)
(a2,74)
(a7,7)
(a6,67)
(a5,34)
(a9,29)
(b6,24)
(b0,87)
(b1,48)
(b4,70)
(b9,76)
(b8,24)
(b2,60)
(b7,55)
(b5,21)
(b3,29)
(c4,59)
(c1,34)
(c2,32)
(c3,43)
(c9,41)
(c6,33)
(c8,34)
(c7,49)
(c0,78)
(d9,83)
(d8,27)
(d3,11)
(d7,21)
(d6,86)
(d5,13)
(e9,17)
(e7,99)
(e4,42)
(e3,74)
(e0,9)
(e6,92)
(e5,36)
(e2,77)
(e1,72)
(f7,84)
(f6,54)
(f0,68)
(f5,26)
(f2,97)
(f9,65)
(f8,7)
(f3,47)
(f4,41)
(g0,43)
(g5,22)
(g3,82)
(g4,100)
(g8,56)
(g6,55)
(g9,36)
(g1,13)
(g7,52)
(h9,0)
(h1,87)
(h4,61)
(h0,44)
(h5,86)
(h3,1)
(h6,51)
(h8,58)
(h7,22)
(h2,36)
(i5,27)
(i0,100)
(i2,35)
(i7,31)
(i6,27)
(i8,43)
(i1,8)
(i9,97)
(j3,34)
(j9,20)
(j1,95)
(j0,43)
(j7,45)
(j4,25)
(j8,71)
(k3,81)
(k1,29)
(k5,46)
(k6,70)
(k2,6)
(k8,77)
(k7,19)
(k9,73)
(k4,67)
(l4,32)
(l0,69)
(l7,95)
(l8,88)
(l9,91)
(l3,42)
(l1,29)
(l5,80)
(m1,82)
(m6,68)
(m8,82)
(m7,62)
(m2,12)
(m4,49)
(m3,34)
(m9,59)
(m0,90)
(n3,14)
(n9,44)
(n4,60)
(n7,34)
(n2,41)
(n6,81)
(n0,51)
(n5,37)
(n1,26)
(n8,26)
(o8,0)
(o0,56)
(o1,6)
(o5,95)
(o7,38)
(o9,97)
(o3,54)
(o4,6)
(o2,70)
(o6,89)
(p2,87)
(p4,60)
(p6,53)
(p8,2)
(p3,97)
(p0,24)
(p9,61)
(p1,45)
(p7,40)
(p5,89)
(q6,6)
(q9,78)
(q0,23)
(q4,44)
(q8,92)
(q2,10)
(q5,8)
(r1,86)
(r2,32)
(r3,22)
(r6,79)
(r4,68)
(r0,84)
(r5,41)
(s3,29)
(s1,50)
(s0,73)
(s5,42)
(s9,48)
(s7,91)
(s4,94)
(t3,80)
(t4,51)
(t7,63)
(t6,32)
(t8,57)
(t0,19)
(t2,18)
(t5,80)
(u0,57)
(u7,48)
(u6,6)
(u1,61)
(u4,21)
(u5,5)
(u3,51)
(u9,69)
(v9,75)
(v6,1)
(v3,81)
(v0,44)
(v2,61)
(v5,71)
(v8,72)
(v4,86)
(w5,36)
(w3,10)
(w7,10)
(w8,53)
(w6,55)
(w0,98)
(w2,36)
(x9,61)
(x5,88)
(x8,41)
(x1,21)
(x3,54)
(x7,60)
(x6,5)
(x2,15)
(y9,85)
(y7,0)
(y0,82)
(y6,85)
(y1,29)
(y8,75)
(y3,30)
(y4,88)
(y2,3)
(z6,69)
(z4,23)
(z5,0)
(z8,49)
(z1,48)
(z3,72)
(z2,49)
(z0,2)
(z7,56)
[(d9,83)]
[(c2,32)]
[(b4,70)]
Waiting...
Waiting...
[(e7,KVSMISSING)]
(a0,70)
(a5,71)
(a9,19)
(a6,64)
(a1,18)
(a2,48)
(b5,43)
(b3,78)
(b2,39)
(b9,23)
(b4,60)
(b7,74)
(b0,4)
(c1,97)
(c6,11)
(c5,58)
(c0,10)
(c7,66)
(c4,61)
(c8,86)
(d6,0)
(d4,30)
(d3,37)
(d1,17)
(d8,60)
(d0,57)
(d5,31)
(e1,75)
(e6,37)
(e9,28)
(e2,16)
(e4,74)
(e0,55)
(e5,54)
(f0,39)
(f3,37)
(f9,88)
(f2,80)
(f5,86)
(f1,76)
(f7,39)
(f6,54)
(g1,71)
(g4,76)
(g6,55)
(g0,99)
(g8,2)
(g2,5)
(g3,40)
(g7,37)
(h8,67)
(h4,34)
(h5,82)
(h6,53)
(h1,40)
(h0,42)
(h2,44)
(i9,97)
(i5,58)
(i0,25)
(i4,30)
(i7,10)
(i6,61)
(i3,18)
(i2,3)
(i1,56)
(j8,74)
(j5,50)
(j1,78)
(j7,8)
(j0,87)
(j6,9)
(k5,38)
(k9,27)
(k1,50)
(k4,49)
(k6,33)
(l1,72)
(l8,32)
(l4,3)
(l2,48)
(l7,66)
(l9,86)
(l0,14)
(m8,8)
(m6,55)
(m9,53)
(m5,41)
(m2,95)
(m3,18)
(m4,71)
(m0,76)
(n5,94)
(n2,47)
(n9,45)
(n3,77)
(n1,2)
(n7,54)
(n6,80)
(n0,86)
(n8,73)
(o1,56)
(o9,18)
(o5,2)
(o8,76)
(o3,79)
(p4,53)
(p3,4)
(p2,24)
(p7,46)
(p0,69)
(p9,95)
(p8,3)
(q1,95)
(q6,86)
(q3,65)
(q7,73)
(q0,44)
(q4,82)
(q8,0)
(q2,23)
(r6,25)
(r4,70)
(r0,70)
(r5,2)
(r3,89)
(r1,16)
(r8,0)
(r7,80)
(s9,53)
(s2,17)
(s7,28)
(s8,5)
(s6,34)
(s5,47)
(s3,82)
(s1,62)
(s4,99)
(t8,29)
(t0,68)
(t5,63)
(t3,34)
(t6,57)
(t2,2)
(t1,3)
(t4,22)
(t7,86)
(u9,80)
(u1,80)
(u5,87)
(u8,11)
(u4,14)
(u0,67)
(u7,76)
(u6,77)
(v8,98)
(v0,20)
(v4,76)
(v2,20)
(v9,23)
(v1,49)
(v5,7)
(w9,98)
(w1,42)
(w5,6)
(w8,33)
(w6,84)
(w3,15)
(w4,95)
(w7,57)
(x3,51)
(x5,70)
(x6,40)
(x7,85)
(x2,91)
(y7,55)
(y0,90)
(y1,54)
(y4,10)
(y9,92)
(y6,70)
(y5,4)
(y8,76)
(z7,22)
(z0,80)
(z4,45)
(z1,92)
(z5,87)
[(r2,KVSMISSING)]
[(d1,17)]
[(b8,KVSMISSING)]
[(p9,76)]
[(m3,63)]
[(r8,0)]
[(k8,KVSMISSING)]
[(e5,54)]
(a7,95)
(a4,73)
(a0,70)
(a5,71)
(a9,19)
(a6,65)
(a1,18)
(a2,48)
(b5,37)
(b3,78)
(b2,39)
(b9,23)
(b7,74)
(c2,60)
(c1,97)
(c6,5)
(c5,58)
(c0,10)
(c7,66)
(c4,21)
(c8,14)
(d9,63)
(d6,0)
(d4,30)
(d3,37)
(d1,17)
(d0,57)
(d5,98)
(e1,75)
(e6,31)
(e9,28)
(e2,16)
(e4,74)
(e5,54)
(f0,39)
(f3,37)
(f9,88)
(f2,80)
(f5,86)
(f1,76)
(f7,39)
(f6,47)
(g6,61)
(g1,71)
(g4,76)
(g0,99)
(g8,2)
(g2,5)
(g3,40)
(g7,9)
(h3,14)
(h8,67)
(h4,60)
(h5,82)
(h6,53)
(h1,40)
(h0,42)
(h2,75)
(i8,12)
(i9,97)
(i5,58)
(i0,90)
(i4,30)
(i7,10)
(i6,62)
(i3,18)
(i2,3)
(i1,56)
(j9,79)
(j4,19)
(j8,21)
(j5,50)
(j1,78)
(j7,8)
(j0,87)
(k5,38)
(k9,27)
(k1,50)
(k4,49)
(k6,33)
(l1,72)
(l8,32)
(l4,3)
(l2,48)
(l7,66)
(l9,86)
(l0,14)
(m0,26)
(m8,8)
(m6,55)
(m9,53)
(m5,41)
(m2,95)
(m3,63)
(m4,71)
(n5,94)
(n2,47)
(n9,13)
(n3,77)
(n1,2)
(n7,3)
(n6,80)
(n0,86)
(n8,73)
(o4,4)
(o6,100)
(o1,56)
(o9,18)
(o5,2)
(o8,76)
(o3,79)
(p9,76)
(p4,53)
(p3,4)
(p2,24)
(p7,46)
(p0,69)
(p8,11)
(q5,83)
(q1,95)
(q6,86)
(q3,65)
(q7,73)
(q0,44)
(q4,82)
(q8,7)
(q2,23)
(r6,25)
(r4,70)
(r0,70)
(r5,2)
(r1,16)
(r7,80)
(s9,53)
(s2,17)
(s7,28)
(s8,5)
(s6,34)
(s5,47)
(s3,82)
(s1,62)
(s4,99)
(t0,96)
(t5,63)
(t3,34)
(t6,3)
(t2,2)
(t1,3)
(t4,22)
(t7,28)
(u3,32)
(u9,85)
(u1,80)
(u5,87)
(u8,11)
(u4,14)
(u0,67)
(u7,76)
(v8,98)
(v0,20)
(v4,76)
(v2,20)
(v9,23)
(v1,49)
(v5,7)
(w2,41)
(w9,98)
(w1,42)
(w5,69)
(w8,33)
(w6,94)
(w3,10)
(w4,95)
(w7,33)
(x3,51)
(x5,70)
(x6,18)
(x7,85)
(x2,91)
(y7,55)
(y1,54)
(y4,10)
(y9,92)
(y5,4)
(y8,76)
(z7,22)
(z4,45)
(z1,92)
(z5,87)
(a7,95)
(a4,73)
(a0,70)
(a5,71)
(a9,19)
(a6,65)
(a1,18)
(a2,48)
(b5,37)
(b3,78)
(b2,39)
(b9,23)
(b7,74)
(c2,60)
(c1,97)
(c6,5)
(c5,58)
(c0,10)
(c7,60)
(c4,21)
(c8,14)
(d9,63)
(d6,0)
(d4,30)
(d3,37)
(d1,17)
(d0,57)
(d5,98)
(e8,16)
(e1,75)
(e6,31)
(e9,28)
(e2,16)
(e4,74)
(e5,54)
(f0,39)
(f3,37)
(f9,88)
(f2,34)
(f5,86)
(f1,76)
(f7,39)
(f6,47)
(g6,61)
(g1,71)
(g4,76)
(g0,99)
(g8,2)
(g2,5)
(g3,40)
(g7,9)
(h3,14)
(h8,67)
(h4,60)
(h5,82)
(h6,53)
(h1,40)
(h0,42)
(h2,75)
(i8,12)
(i9,97)
(i5,58)
(i0,90)
(i4,30)
(i7,10)
(i6,62)
(i3,18)
(i2,3)
(i1,56)
(j9,79)
(j4,19)
(j8,21)
(j5,58)
(j1,78)
(j7,8)
(j0,87)
(k5,38)
(k9,27)
(k1,50)
(k4,49)
(k6,33)
(l1,72)
(l8,32)
(l4,3)
(l2,48)
(l7,66)
(l9,86)
(l0,14)
(m0,26)
(m8,8)
(m6,55)
(m9,53)
(m5,41)
(m2,95)
(m3,63)
(m4,71)
(n5,94)
(n2,47)
(n9,13)
(n3,77)
(n1,2)
(n7,3)
(n6,80)
(n0,86)
(n8,73)
(o4,4)
(o6,100)
(o1,56)
(o9,18)
(o5,2)
(o8,76)
(o3,79)
(p9,76)
(p4,53)
(p3,4)
(p2,24)
(p7,46)
(p0,69)
(p8,11)
(q5,83)
(q1,95)
(q6,86)
(q3,65)
(q7,73)
(q0,44)
(q4,82)
(q8,7)
(q2,23)
(r6,25)
(r4,70)
(r0,70)
(r5,2)
(r1,16)
(r7,80)
(s9,53)
(s2,17)
(s7,28)
(s8,5)
(s6,34)
(s5,47)
(s3,82)
(s1,62)
(s4,99)
(t0,96)
(t5,63)
(t3,34)
(t6,3)
(t2,2)
(t1,3)
(t4,22)
(t7,28)
(u3,32)
(u9,85)
(u1,50)
(u5,87)
(u8,11)
(u4,14)
(u0,67)
(u7,76)
(v8,98)
(v0,20)
(v4,76)
(v2,20)
(v9,23)
(v1,49)
(v5,7)
(w2,41)
(w9,98)
(w1,42)
(w5,69)
(w8,33)
(w6,94)
(w3,10)
(w4,95)
(w7,33)
(x3,51)
(x5,70)
(x6,18)
(x7,85)
(x2,91)
(y7,55)
(y1,54)
(y4,10)
(y9,92)
(y5,4)
(y8,76)
(z7,22)
(z4,45)
(z1,92)
(z5,87)
