(a4,70)
(a9,80)
(a8,91)
(a0,75)
(a2,74)
(a7,7)
(a6,67)
(a5,21)
(b4,63)
(b0,87)
(b1,13)
(b9,76)
(b8,59)
(b2,60)
(b7,8)
(b5,21)
(b3,13)
(c4,59)
(c1,34)
(c2,32)
(c3,43)
(c9,41)
(c6,66)
(c8,34)
(c0,78)
(d4,88)
(d2,61)
(d1,11)
(d9,83)
(d8,27)
(d3,11)
(d7,21)
(d6,17)
(d5,40)
(e9,17)
(e7,99)
(e4,92)
(e3,74)
(e5,12)
(e2,39)
(e1,10)
(f7,84)
(f6,54)
(f0,68)
(f5,26)
(f2,53)
(f9,65)
(f8,7)
(f3,47)
(f4,41)
(g2,33)
(g0,43)
(g5,61)
(g3,82)
(g4,100)
(g8,56)
(g6,55)
(g9,36)
(g1,13)
(g7,52)
(h9,0)
(h1,3)
(h4,80)
(h0,44)
(h5,86)
(h3,63)
(h6,51)
(h8,58)
(h2,63)
(i4,33)
(i5,15)
(i0,84)
(i2,35)
(i6,27)
(i8,73)
(i1,8)
(i9,97)
(j2,26)
(j0,79)
(j3,33)
(j9,20)
(j1,95)
(j7,45)
(j4,25)
(j8,71)
(k0,32)
(k1,29)
(k5,46)
(k6,21)
(k8,77)
(k7,5)
(k9,4)
(l6,91)
(l4,32)
(l0,63)
(l7,21)
(l8,88)
(l9,91)
(l3,42)
(l1,34)
(m1,53)
(m6,68)
(m8,82)
(m7,62)
(m2,22)
(m4,49)
(m3,78)
(m9,59)
(m0,97)
(n3,2)
(n9,44)
(n4,60)
(n7,34)
(n2,49)
(n6,97)
(n0,34)
(n5,37)
(n1,89)
(n8,26)
(o8,0)
(o0,85)
(o1,42)
(o5,95)
(o9,97)
(o3,80)
(o4,6)
(o2,70)
(o6,89)
(p2,36)
(p4,60)
(p8,47)
(p3,97)
(p0,31)
(p9,61)
(p1,45)
(p7,40)
(p5,58)
(q6,6)
(q0,81)
(q4,44)
(q8,92)
(q2,10)
(q5,90)
(r9,53)
(r8,60)
(r7,74)
(r1,86)
(r3,22)
(r6,79)
(r4,16)
(r0,84)
(r5,6)
(s6,42)
(s3,29)
(s1,41)
(s0,73)
(s5,42)
(s9,48)
(s7,91)
(s4,73)
(t3,99)
(t4,51)
(t7,42)
(t6,32)
(t8,57)
(t0,19)
(t2,18)
(t5,80)
(u8,64)
(u0,57)
(u7,72)
(u6,76)
(u1,61)
(u4,21)
(u5,5)
(u3,51)
(u9,33)
(v7,79)
(v9,75)
(v2,75)
(v5,71)
(v8,74)
(v4,86)
(w4,52)
(w5,36)
(w7,83)
(w8,53)
(w6,55)
(w0,98)
(w2,36)
(x0,96)
(x9,86)
(x5,88)
(x8,41)
(x3,54)
(x7,81)
(x6,5)
(x2,49)
(y7,41)
(y9,85)
(y0,82)
(y6,85)
(y1,2)
(y8,38)
(y3,30)
(y4,78)
(y2,3)
(z5,51)
(z8,18)
(z1,9)
(z3,72)
(z2,49)
(z0,15)
(z7,45)
Waiting...
[(r9,KVSERROR)]
[(r9,KVSERROR)]
[(h3,14)]
[(r9,KVSMISSING)]
[(y8,95)]
(a9,55)
(a3,74)
(a8,12)
(a7,8)
(a4,73)
(a0,74)
(a5,71)
(a6,54)
(a1,18)
(a2,86)
(b1,69)
(b7,7)
(b6,4)
(b5,37)
(b2,84)
(b9,29)
(c9,50)
(c2,60)
(c1,15)
(c6,20)
(c0,10)
(c7,60)
(c8,14)
(d7,81)
(d9,63)
(d6,97)
(d4,48)
(d3,81)
(d1,17)
(d0,44)
(d5,98)
(e7,19)
(e8,16)
(e1,75)
(e6,31)
(e9,28)
(e2,16)
(e4,7)
(e5,54)
(f0,39)
(f3,37)
(f2,34)
(f5,28)
(f1,76)
(f7,39)
(f6,42)
(g8,5)
(g6,61)
(g1,71)
(g4,76)
(g0,99)
(g2,5)
(g3,47)
(g7,9)
(h7,42)
(h3,14)
(h8,54)
(h4,60)
(h5,82)
(h6,53)
(h0,42)
(h2,89)
(i8,98)
(i5,58)
(i0,90)
(i4,87)
(i7,10)
(i6,62)
(i3,2)
(i2,3)
(i1,56)
(j6,89)
(j2,85)
(j9,79)
(j8,21)
(j5,80)
(j1,46)
(j7,8)
(j0,87)
(k0,3)
(k7,65)
(k9,2)
(k1,45)
(k4,49)
(k6,33)
(l4,3)
(l2,48)
(l7,66)
(l9,86)
(l0,14)
(m1,57)
(m7,7)
(m0,6)
(m8,8)
(m6,55)
(m9,29)
(m5,41)
(m2,99)
(m3,8)
(m4,71)
(n5,94)
(n2,47)
(n9,13)
(n3,77)
(n1,2)
(n7,3)
(n6,86)
(n0,86)
(n8,73)
(o6,83)
(o1,86)
(o5,22)
(o8,19)
(o3,19)
(p1,0)
(p8,59)
(p9,76)
(p4,53)
(p3,6)
(p2,24)
(p7,49)
(p0,69)
(q9,76)
(q5,51)
(q1,95)
(q6,86)
(q7,73)
(q0,44)
(q4,82)
(q8,7)
(r3,19)
(r6,42)
(r4,70)
(r0,18)
(r5,34)
(r1,16)
(r7,80)
(s9,53)
(s2,17)
(s7,28)
(s8,52)
(s6,34)
(s5,47)
(s3,82)
(s1,81)
(s4,99)
(t9,100)
(t0,92)
(t5,22)
(t3,17)
(t6,1)
(t2,93)
(t1,3)
(t4,22)
(t7,28)
(u6,28)
(u3,32)
(u9,25)
(u1,23)
(u5,87)
(u4,98)
(u0,15)
(u7,78)
(v3,81)
(v8,62)
(v0,20)
(v4,76)
(v2,62)
(v1,17)
(v5,7)
(w9,98)
(w1,42)
(w5,69)
(w8,33)
(w6,94)
(w3,10)
(w4,98)
(w7,33)
(x0,27)
(x9,24)
(x3,91)
(x5,70)
(x6,32)
(x7,85)
(x2,91)
(y7,26)
(y1,54)
(y4,10)
(y5,48)
(y8,95)
(z0,22)
(z3,77)
(z8,26)
(z6,24)
(z4,4)
(z1,92)
(z5,13)
Waiting...
[(k1,45)]
[(e7,30)]
[(g8,KVSERROR)]
Waiting...
[(b2,KVSMISSING)]
[(m1,84)]
[(m8,3)]
[(x5,30)]
[(h2,12)]
Waiting...
[(m9,KVSMISSING)]
[(d1,88)]
Waiting...
[(i6,29)]
[(f1,KVSERROR)]
Waiting...
(a3,17)
(a0,54)
(a9,39)
(a6,70)
(a1,12)
(a8,3)
(a4,74)
(b5,69)
(b4,87)
(b7,18)
(b1,29)
(b6,53)
(b8,7)
(b0,87)
(c6,72)
(c8,2)
(c9,13)
(c3,9)
(c2,54)
(c4,49)
(c1,65)
(c5,12)
(c0,57)
(d0,28)
(d3,91)
(d1,83)
(d4,67)
(d2,15)
(d7,9)
(d9,43)
(d6,43)
(e0,23)
(e7,53)
(e8,82)
(e1,38)
(e6,100)
(e2,93)
(f2,85)
(f0,39)
(f8,9)
(f4,65)
(f9,1)
(f3,60)
(f5,94)
(g3,95)
(g2,4)
(h2,28)
(h6,30)
(h3,15)
(h5,69)
(h4,100)
(h8,86)
(h9,100)
(h1,11)
(i5,46)
(i3,59)
(i1,17)
(i6,96)
(i8,81)
(i4,99)
(i0,97)
(i2,93)
(j6,90)
(j8,81)
(j0,20)
(j3,18)
(j2,45)
(j1,98)
(j7,65)
(j5,66)
(k3,16)
(k7,43)
(k6,43)
(k2,94)
(k1,63)
(k5,86)
(k0,77)
(l5,20)
(l4,49)
(l0,57)
(l8,69)
(l6,76)
(l7,96)
(l1,80)
(l2,6)
(l3,97)
(l9,37)
(m1,70)
(m7,32)
(m3,97)
(m9,66)
(n0,86)
(n2,72)
(n5,88)
(n1,30)
(n7,28)
(n6,84)
(n9,62)
(n8,81)
(n4,18)
(o7,88)
(o5,4)
(o0,68)
(o6,51)
(o1,82)
(o4,32)
(o8,97)
(o9,7)
(o2,15)
(p6,79)
(p2,53)
(p3,12)
(p9,56)
(p4,81)
(p8,2)
(p1,30)
(p7,66)
(q6,40)
(q0,65)
(q2,63)
(q1,74)
(q5,83)
(q9,57)
(q3,69)
(q4,28)
(r6,4)
(r7,23)
(r5,63)
(r4,17)
(s2,22)
(s9,37)
(s7,89)
(s0,16)
(s3,70)
(s6,17)
(s4,10)
(t6,33)
(t8,15)
(t4,20)
(t2,57)
(t0,13)
(t9,14)
(t3,65)
(t5,36)
(t7,0)
(u9,92)
(u5,64)
(u7,39)
(u1,57)
(u8,93)
(u2,82)
(u4,5)
(u0,82)
(v7,19)
(v9,21)
(v2,92)
(v4,67)
(v3,69)
(v6,50)
(v8,11)
(v0,85)
(v5,69)
(v1,46)
(w6,28)
(w0,95)
(w3,80)
(w4,26)
(w8,25)
(w1,7)
(w2,13)
(w5,85)
(w7,18)
(w9,55)
(x2,47)
(x4,28)
(x6,4)
(x9,35)
(x1,88)
(x7,93)
(x3,65)
(y5,54)
(y6,60)
(y7,7)
(y9,21)
(y2,47)
(y3,3)
(y4,5)
(y8,65)
(z4,31)
(z1,90)
(z8,90)
(z0,27)
(z6,61)
[(f1,KVSMISSING)]
[(f5,94)]
[(x8,KVSMISSING)]
[(e5,KVSMISSING)]
