[(j4,55)]
[(p3,94)]
[(h3,KVSERROR)]
[(l2,48)]
[(j9,KVSERROR)]
Waiting...
[(k4,54)]
[(q5,22)]
(a9,55)
(a3,44)
(a8,12)
(a7,8)
(a4,73)
(a0,71)
(a5,80)
(a6,54)
(a1,18)
(a2,86)
(b6,10)
(b0,2)
(b3,17)
(b1,69)
(b7,7)
(b5,37)
(b2,80)
(b9,29)
(c5,7)
(c2,60)
(c1,15)
(c6,29)
(c0,4)
(c7,79)
(c8,14)
(d1,71)
(d2,93)
(d9,63)
(d6,42)
(d4,48)
(d3,81)
(d0,44)
(d5,85)
(e7,19)
(e8,77)
(e1,78)
(e6,16)
(e9,27)
(e4,7)
(e5,54)
(f0,93)
(f3,37)
(f5,52)
(f1,48)
(f7,39)
(f6,35)
(g9,64)
(g8,8)
(g6,61)
(g1,30)
(g4,41)
(g0,99)
(g2,5)
(g3,47)
(g7,55)
(h5,30)
(h9,43)
(h7,42)
(h8,54)
(h4,65)
(h6,5)
(h0,42)
(h2,94)
(i9,88)
(i8,38)
(i5,58)
(i0,90)
(i4,87)
(i7,10)
(i6,62)
(i3,2)
(i2,3)
(i1,56)
(j3,48)
(j6,89)
(j9,14)
(j8,21)
(j5,72)
(j1,3)
(j7,79)
(j0,51)
(k2,97)
(k5,62)
(k8,9)
(k3,55)
(k0,92)
(k7,97)
(k9,2)
(k1,45)
(k4,54)
(k6,39)
(l1,78)
(l3,27)
(l5,90)
(l8,69)
(l4,21)
(l2,48)
(l7,66)
(l9,22)
(l0,71)
(m1,57)
(m0,6)
(m8,51)
(m6,99)
(m9,29)
(m5,89)
(m2,84)
(m3,8)
(m4,71)
(n0,54)
(n5,29)
(n2,47)
(n9,13)
(n3,77)
(n1,50)
(n6,59)
(n8,74)
(o0,77)
(o7,31)
(o6,79)
(o1,86)
(o5,51)
(o8,19)
(o3,19)
(p6,83)
(p2,68)
(p1,0)
(p8,13)
(p9,76)
(p4,53)
(p3,56)
(p7,66)
(p0,69)
(q3,96)
(q2,39)
(q0,31)
(q9,76)
(q5,22)
(q1,59)
(q6,86)
(q7,73)
(q4,82)
(q8,5)
(r6,21)
(r2,68)
(r9,19)
(r3,74)
(r4,17)
(r0,35)
(r1,16)
(r7,4)
(s0,31)
(s9,53)
(s7,4)
(s8,30)
(s6,34)
(s5,47)
(s3,82)
(s1,92)
(t9,60)
(t0,83)
(t5,22)
(t3,17)
(t6,1)
(t2,93)
(t1,2)
(t4,79)
(t7,28)
(u6,28)
(u3,61)
(u9,16)
(u1,23)
(u5,87)
(u4,98)
(u0,97)
(u7,78)
(v9,87)
(v7,94)
(v6,72)
(v3,81)
(v8,62)
(v0,87)
(v4,76)
(v2,62)
(v1,17)
(v5,7)
(w0,31)
(w9,98)
(w1,42)
(w5,8)
(w8,33)
(w6,94)
(w3,10)
(w4,94)
(w7,27)
(x8,41)
(x0,27)
(x3,16)
(x5,70)
(x6,32)
(x7,85)
(x2,43)
(y9,78)
(y0,23)
(y7,91)
(y1,54)
(y4,95)
(y8,95)
(z9,38)
(z2,25)
(z7,2)
(z0,9)
(z3,27)
(z8,26)
(z6,56)
(z4,53)
(z1,2)
[(r4,17)]
[(k4,54)]
Waiting...
[(t3,63)]
Waiting...
(a5,72)
(a3,7)
(a9,52)
(a2,68)
(a1,27)
(a6,55)
(a7,43)
(a0,71)
(a8,64)
(a4,99)
(b9,26)
(b8,99)
(b3,67)
(b4,4)
(c8,46)
(c3,57)
(c6,29)
(c4,26)
(c1,52)
(c5,90)
(c0,9)
(c7,30)
(d5,65)
(d2,91)
(d3,86)
(d0,17)
(d7,20)
(d8,49)
(d9,77)
(d1,17)
(d6,22)
(e1,38)
(e6,62)
(e2,46)
(e7,21)
(e3,94)
(e5,13)
(e0,26)
(e9,69)
(f0,4)
(f7,5)
(f9,51)
(f2,34)
(f1,68)
(f3,60)
(f5,30)
(f8,27)
(f6,81)
(g4,48)
(g0,93)
(g6,70)
(g9,52)
(g8,84)
(g5,41)
(g3,33)
(g2,23)
(h5,72)
(h4,17)
(h8,50)
(h9,100)
(h0,55)
(h7,12)
(h3,9)
(h1,19)
(i4,83)
(i7,91)
(i9,76)
(i8,98)
(i0,76)
(i2,15)
(i5,99)
(i3,72)
(i1,35)
(j3,85)
(j7,75)
(j5,61)
(j4,15)
(j9,8)
(k9,57)
(k2,97)
(k1,1)
(k3,6)
(k4,64)
(k8,85)
(k5,86)
(k0,49)
(k7,94)
(l1,83)
(l0,95)
(l4,1)
(l9,2)
(l3,96)
(l2,61)
(l7,12)
(m7,54)
(m8,73)
(m1,63)
(m9,25)
(m6,84)
(m4,99)
(m3,98)
(m2,36)
(n6,19)
(n9,74)
(n8,81)
(n3,30)
(n4,67)
(o0,70)
(o1,83)
(o4,96)
(o8,8)
(o9,34)
(o7,92)
(o5,66)
(o3,100)
(o2,76)
(p4,90)
(p3,7)
(p8,2)
(p6,50)
(p5,45)
(p1,69)
(p7,25)
(q5,73)
(q6,37)
(q9,52)
(q3,79)
(q8,26)
(q2,37)
(q0,25)
(q7,96)
(q4,39)
(r9,85)
(r2,92)
(r0,53)
(r6,33)
(r7,26)
(r8,15)
(r5,28)
(r3,65)
(r4,17)
(s3,50)
(s1,43)
(s7,24)
(s8,49)
(s0,14)
(s5,74)
(s2,39)
(s6,17)
(s4,96)
(s9,5)
(t6,97)
(t9,73)
(t1,30)
(t8,90)
(t3,83)
(t5,12)
(t7,37)
(u6,51)
(u3,81)
(u8,7)
(u2,91)
(u4,28)
(u0,70)
(v9,83)
(v4,10)
(v3,20)
(v6,6)
(v8,42)
(v0,32)
(v5,54)
(v1,61)
(w8,45)
(w6,21)
(w4,52)
(w3,44)
(w2,80)
(w9,73)
(x0,15)
(x4,49)
(x8,86)
(x1,36)
(x7,93)
(x3,65)
(x6,64)
(x2,12)
(y5,0)
(y6,2)
(y2,21)
(y3,30)
(y7,97)
(y4,70)
(y8,61)
(z4,4)
(z9,79)
(z0,89)
(z2,12)
(z6,45)
(z3,82)
(z5,57)
(z7,95)
[(h4,17)]
[(m5,KVSERROR)]
[(t6,97)]
[(v8,11)]
Waiting...
[(e6,100)]
[(s1,KVSMISSING)]
[(v6,KVSMISSING)(f7,KVSMISSING)]
[(g6,KVSMISSING)(r3,KVSMISSING)]
[(t6,65)]
[(w3,KVSERROR)]
[(m6,KVSMISSING)(j9,KVSMISSING)]
[(x4,28)]
[(d4,91)]
[(w3,KVSERROR)]
[(e9,KVSERROR)]
[(a7,KVSMISSING)]
[(x3,65)]
