[(w9,4)]
[(a8,100)]
[(a0,38)]
[(a8,100)]
[(w9,4)]
[(m6,14)]
[(p9,10)]
(a0,38)
(a9,86)
(a3,17)
(a8,92)
(a7,15)
(a4,73)
(a5,4)
(a6,54)
(a1,88)
(a2,29)
(b6,77)
(b0,78)
(b4,33)
(b8,89)
(b3,19)
(b1,62)
(b7,75)
(b5,3)
(b9,29)
(c3,53)
(c4,45)
(c5,7)
(c2,55)
(c1,15)
(c6,29)
(c0,69)
(c7,91)
(c8,78)
(d1,98)
(d2,44)
(d9,0)
(d6,42)
(d4,6)
(d3,81)
(d0,41)
(d5,85)
(e6,80)
(e5,5)
(e7,66)
(e2,5)
(e8,77)
(e9,24)
(e4,59)
(f3,52)
(f5,67)
(f9,55)
(f7,48)
(f4,26)
(f8,66)
(f1,37)
(f6,95)
(g6,80)
(g5,100)
(g3,32)
(g9,8)
(g1,93)
(g4,41)
(g0,99)
(g2,34)
(g7,2)
(h5,28)
(h9,41)
(h8,43)
(h2,94)
(i2,59)
(i5,58)
(i4,63)
(i6,95)
(i3,48)
(i1,56)
(j4,81)
(j2,44)
(j3,1)
(j6,31)
(j9,14)
(j8,21)
(j5,72)
(j1,3)
(j0,51)
(k9,85)
(k2,97)
(k5,61)
(k8,9)
(k3,33)
(k0,92)
(k7,97)
(k1,45)
(l0,97)
(l9,88)
(l1,54)
(l3,27)
(l8,38)
(l2,0)
(l7,22)
(m6,14)
(m5,96)
(m3,50)
(m7,23)
(m1,57)
(m0,79)
(m8,51)
(m9,68)
(m2,84)
(m4,71)
(n7,92)
(n4,60)
(n0,80)
(n5,49)
(n2,73)
(n1,50)
(n6,59)
(n8,81)
(o3,88)
(o4,10)
(o9,25)
(o2,48)
(o7,31)
(o6,79)
(p6,21)
(p8,35)
(p0,47)
(p2,58)
(p1,0)
(p9,10)
(p4,53)
(p3,85)
(p7,66)
(q5,68)
(q3,34)
(q2,39)
(q0,94)
(q9,76)
(q1,27)
(q6,86)
(q7,61)
(q4,65)
(q8,5)
(r6,58)
(r7,99)
(r8,51)
(r9,64)
(r5,46)
(r2,13)
(r3,20)
(r4,75)
(r0,90)
(r1,16)
(s0,74)
(s6,1)
(s4,60)
(s3,50)
(s9,58)
(s8,60)
(t8,75)
(t2,64)
(t0,98)
(t9,34)
(t5,1)
(t3,75)
(t6,19)
(t1,31)
(t4,84)
(t7,70)
(u2,20)
(u3,18)
(u8,73)
(u9,16)
(u1,23)
(u5,87)
(u4,60)
(u0,98)
(v4,44)
(v9,25)
(v6,72)
(v3,81)
(v8,50)
(v0,87)
(v2,19)
(v1,49)
(v5,7)
(w7,43)
(w4,37)
(w2,87)
(w0,80)
(w9,4)
(w1,53)
(w8,11)
(w6,94)
(w3,28)
(x9,74)
(x0,15)
(x3,72)
(x5,40)
(x6,83)
(x7,7)
(x2,43)
(y3,60)
(y5,74)
(y6,98)
(y9,48)
(y7,91)
(y1,8)
(y4,23)
(y8,34)
(z8,61)
(z5,32)
(z9,52)
(z2,25)
(z7,36)
(z0,9)
(z3,96)
(z6,19)
(z4,53)
(z1,2)
(a0,38)
(a9,86)
(a3,17)
(a8,92)
(a7,15)
(a4,73)
(a5,4)
(a6,54)
(a1,88)
(a2,29)
(b6,77)
(b0,78)
(b4,33)
(b8,89)
(b3,19)
(b1,62)
(b7,75)
(b5,3)
(b9,29)
(c3,53)
(c4,45)
(c5,7)
(c2,55)
(c1,15)
(c6,29)
(c0,69)
(c7,91)
(c8,78)
(d2,44)
(d6,42)
(d4,6)
(d3,81)
(d0,41)
(d5,85)
(e5,5)
(e7,66)
(e2,5)
(e8,77)
(e9,24)
(e4,59)
(f3,52)
(f5,67)
(f9,55)
(f7,48)
(f4,26)
(f8,66)
(f1,37)
(f6,95)
(g5,100)
(g3,32)
(g9,8)
(g1,93)
(g4,41)
(g0,99)
(g2,34)
(g7,2)
(h5,28)
(h9,41)
(h8,43)
(h2,94)
(i2,59)
(i5,58)
(i4,63)
(i6,95)
(i3,48)
(i1,56)
(j4,81)
(j2,44)
(j3,1)
(j6,31)
(j9,14)
(j8,21)
(j5,72)
(j1,3)
(j0,51)
(k9,85)
(k2,97)
(k5,61)
(k8,9)
(k3,33)
(k7,97)
(k1,45)
(l9,88)
(l1,54)
(l3,27)
(l8,38)
(l2,0)
(l7,22)
(m5,96)
(m3,50)
(m7,23)
(m1,57)
(m0,79)
(m8,51)
(m9,68)
(m2,84)
(m4,71)
(n7,92)
(n4,60)
(n0,80)
(n5,49)
(n2,73)
(n1,50)
(n6,59)
(n8,81)
(o3,88)
(o4,10)
(o9,25)
(o2,48)
(o7,31)
(o6,79)
(p6,21)
(p8,35)
(p0,47)
(p2,58)
(p1,0)
(p9,10)
(p4,53)
(p3,85)
(p7,66)
(q5,68)
(q3,34)
(q2,39)
(q0,94)
(q9,76)
(q1,27)
(q6,86)
(q7,61)
(q4,65)
(q8,5)
(r7,99)
(r8,51)
(r9,64)
(r5,46)
(r2,13)
(r3,20)
(r4,75)
(r0,90)
(r1,16)
(s6,1)
(s4,60)
(s3,50)
(s9,58)
(t8,75)
(t2,64)
(t0,98)
(t9,34)
(t5,1)
(t3,75)
(t6,19)
(t1,31)
(t4,84)
(t7,70)
(u2,20)
(u3,18)
(u8,73)
(u9,16)
(u1,23)
(u5,87)
(u4,60)
(u0,98)
(v4,44)
(v9,25)
(v6,72)
(v3,81)
(v8,50)
(v0,87)
(v2,19)
(v1,49)
(v5,7)
(w7,43)
(w4,37)
(w2,87)
(w0,80)
(w9,4)
(w1,53)
(w8,11)
(w6,94)
(w3,28)
(x9,74)
(x0,15)
(x3,72)
(x6,83)
(x7,7)
(x2,43)
(y3,60)
(y5,74)
(y6,98)
(y9,48)
(y7,91)
(y4,23)
(y8,34)
(z8,61)
(z5,32)
(z9,52)
(z2,25)
(z7,36)
(z0,9)
(z3,96)
(z6,19)
(z4,53)
(z1,2)
Waiting...
[(x6,3)]
[(w1,51)]
(a7,10)
(a0,38)
(a9,3)
(a3,17)
(a8,53)
(a4,76)
(a6,90)
(a1,88)
(b7,31)
(b2,87)
(b8,55)
(b9,50)
(b0,41)
(b4,51)
(b1,65)
(b5,96)
(c8,17)
(c3,49)
(c6,24)
(c4,54)
(c9,91)
(c1,90)
(c5,1)
(c2,86)
(c0,37)
(c7,37)
(d7,20)
(d4,31)
(d8,30)
(d9,25)
(d1,67)
(d2,50)
(d6,27)
(d0,49)
(d5,6)
(e8,97)
(e5,38)
(e1,90)
(e0,83)
(e7,53)
(e9,24)
(f1,24)
(f0,51)
(f3,21)
(f5,67)
(f9,93)
(f7,59)
(f4,26)
(f8,36)
(f6,17)
(g6,80)
(g9,83)
(g4,72)
(g8,18)
(g5,79)
(g3,62)
(g1,20)
(g0,54)
(g2,25)
(g7,23)
(h0,2)
(h7,12)
(h8,60)
(h4,93)
(h3,97)
(h6,100)
(h1,85)
(h5,12)
(h2,12)
(i9,19)
(i4,9)
(i7,78)
(i8,78)
(i0,19)
(i2,88)
(i5,20)
(i3,29)
(i1,70)
(j7,10)
(j4,96)
(j2,93)
(j3,21)
(j6,9)
(j9,47)
(j8,9)
(j5,45)
(j0,86)
(k5,94)
(k4,35)
(k3,30)
(k0,62)
(k9,90)
(k2,0)
(k8,95)
(k7,3)
(k1,3)
(l8,19)
(l6,78)
(l0,49)
(l5,80)
(l4,27)
(l9,88)
(l3,63)
(l2,79)
(l7,42)
(m7,50)
(m8,39)
(m6,73)
(m5,27)
(m3,85)
(m0,97)
(m9,54)
(m2,82)
(m4,26)
(n8,10)
(n7,63)
(n9,75)
(n4,75)
(n0,57)
(n5,78)
(n2,14)
(n1,85)
(n6,64)
(o8,80)
(o9,5)
(o0,58)
(o7,57)
(o5,96)
(o3,88)
(o2,60)
(p4,36)
(p0,15)
(p5,54)
(p8,38)
(p2,47)
(p1,36)
(p9,37)
(p3,35)
(p7,99)
(q3,81)
(q2,38)
(q5,4)
(q9,75)
(q1,93)
(q0,25)
(q6,98)
(q7,46)
(q4,33)
(q8,56)
(r2,35)
(r0,27)
(r1,2)
(r6,9)
(r7,12)
(r8,33)
(r9,26)
(r5,46)
(r3,96)
(r4,64)
(s5,26)
(s2,38)
(s6,93)
(s4,95)
(s9,19)
(t3,63)
(t6,23)
(t0,46)
(t5,12)
(t4,16)
(t7,52)
(u7,77)
(u3,10)
(u8,47)
(u6,55)
(u2,50)
(u9,16)
(u5,85)
(u4,22)
(u0,30)
(v2,68)
(v8,66)
(v0,26)
(v7,92)
(v5,80)
(v4,67)
(v1,31)
(w7,92)
(w1,51)
(w2,72)
(w9,73)
(w5,64)
(w8,63)
(w6,94)
(w3,35)
(x8,59)
(x5,30)
(x1,33)
(x7,64)
(x9,59)
(x3,6)
(x6,3)
(x2,4)
(y6,66)
(y0,100)
(y5,43)
(y3,0)
(y9,31)
(y7,92)
(y4,16)
(y8,33)
(z3,74)
(z8,72)
(z5,30)
(z9,5)
(z2,15)
(z7,69)
(z0,60)
(z4,85)
[(e2,KVSMISSING)]
(a7,10)
(a0,38)
(a9,3)
(a3,17)
(a8,53)
(a4,76)
(a6,90)
(a1,88)
(b7,31)
(b2,87)
(b8,55)
(b9,50)
(b0,41)
(b4,51)
(b5,96)
(c3,49)
(c6,24)
(c4,54)
(c9,91)
(c1,90)
(c5,1)
(c2,86)
(c0,37)
(c7,37)
(d7,20)
(d4,31)
(d8,30)
(d9,25)
(d1,67)
(d2,50)
(d6,27)
(d0,49)
(d5,6)
(e8,97)
(e5,38)
(e1,90)
(e0,83)
(e9,24)
(f1,24)
(f0,51)
(f3,21)
(f5,67)
(f9,93)
(f7,59)
(f4,26)
(f8,36)
(f6,17)
(g6,80)
(g9,83)
(g4,72)
(g8,18)
(g5,79)
(g3,62)
(g1,20)
(g0,54)
(g2,25)
(g7,23)
(h0,2)
(h7,12)
(h8,60)
(h4,93)
(h3,97)
(h6,100)
(h1,85)
(h5,12)
(h2,12)
(i9,19)
(i4,9)
(i7,78)
(i8,78)
(i0,19)
(i2,88)
(i5,20)
(i3,29)
(i1,70)
(j7,10)
(j4,96)
(j2,93)
(j3,21)
(j6,9)
(j9,47)
(j8,9)
(j5,45)
(j0,86)
(k5,94)
(k4,35)
(k3,30)
(k0,62)
(k9,90)
(k2,0)
(k8,95)
(k7,3)
(k1,3)
(l8,19)
(l6,78)
(l0,49)
(l5,80)
(l4,27)
(l9,88)
(l3,63)
(l2,79)
(l7,42)
(m7,50)
(m8,39)
(m6,73)
(m5,27)
(m3,85)
(m0,97)
(m9,54)
(m2,82)
(m4,26)
(n8,10)
(n9,75)
(n0,57)
(n5,78)
(n2,14)
(n1,85)
(n6,64)
(o8,80)
(o9,5)
(o0,58)
(o7,57)
(o5,96)
(o3,88)
(o2,60)
(p4,36)
(p0,15)
(p5,95)
(p8,38)
(p2,47)
(p1,36)
(p9,37)
(p3,35)
(p7,99)
(q3,81)
(q2,38)
(q5,4)
(q9,75)
(q1,93)
(q0,25)
(q6,98)
(q7,46)
(q4,33)
(q8,56)
(r2,35)
(r0,27)
(r1,2)
(r6,9)
(r7,12)
(r8,33)
(r9,26)
(r5,46)
(r3,96)
(r4,64)
(s5,26)
(s2,38)
(s6,93)
(s4,95)
(s9,19)
(t3,63)
(t6,23)
(t0,46)
(t5,12)
(t4,16)
(t7,52)
(u7,77)
(u3,10)
(u8,47)
(u2,50)
(u9,16)
(u5,85)
(u4,22)
(u0,30)
(v2,68)
(v8,66)
(v0,26)
(v7,92)
(v5,80)
(v4,67)
(v1,31)
(w7,92)
(w2,72)
(w9,73)
(w5,64)
(w8,63)
(w6,94)
(x8,59)
(x5,30)
(x1,33)
(x7,64)
(x9,59)
(x3,6)
(x6,3)
(x2,4)
(y6,66)
(y0,100)
(y5,43)
(y3,0)
(y9,31)
(y7,92)
(y4,16)
(y8,33)
(z3,74)
(z8,72)
(z5,30)
(z9,5)
(z2,15)
(z7,69)
(z0,60)
(z4,85)
[(p5,95)]
(a7,73)
(a0,38)
(a9,3)
(a3,13)
(a8,53)
(a4,76)
(a1,89)
(b1,73)
(b7,31)
(b2,87)
(b8,3)
(b9,3)
(b0,41)
(b4,51)
(b5,96)
(c8,76)
(c3,49)
(c6,24)
(c4,54)
(c9,91)
(c1,20)
(c5,60)
(c2,86)
(c0,17)
(c7,37)
(d7,20)
(d4,31)
(d8,30)
(d9,93)
(d1,67)
(d2,50)
(d6,27)
(d0,49)
(d5,6)
(e4,3)
(e8,97)
(e5,38)
(e1,90)
(e0,83)
(e9,24)
(f1,24)
(f0,51)
(f3,21)
(f5,67)
(f9,93)
(f7,59)
(f4,26)
(f8,36)
(f6,17)
(g6,14)
(g9,64)
(g4,72)
(g8,18)
(g5,79)
(g3,26)
(g1,20)
(g0,13)
(g2,25)
(g7,23)
(h0,2)
(h7,12)
(h8,60)
(h4,5)
(h3,97)
(h6,100)
(h1,85)
(h5,12)
(h2,12)
(i6,76)
(i9,8)
(i4,9)
(i7,78)
(i8,38)
(i0,19)
(i2,88)
(i5,20)
(i3,29)
(i1,70)
(j7,10)
(j4,96)
(j2,93)
(j3,21)
(j6,9)
(j9,46)
(j5,45)
(j0,86)
(k5,94)
(k4,35)
(k3,30)
(k0,62)
(k9,90)
(k2,0)
(k8,95)
(k7,3)
(k1,7)
(l8,19)
(l6,78)
(l0,49)
(l5,80)
(l4,27)
(l9,88)
(l3,63)
(l2,79)
(l7,42)
(m7,17)
(m8,39)
(m6,73)
(m5,27)
(m3,85)
(m0,97)
(m9,54)
(m2,82)
(m4,3)
(n8,29)
(n9,75)
(n0,57)
(n5,33)
(n2,14)
(n1,5)
(n6,14)
(o8,80)
(o9,5)
(o0,58)
(o7,57)
(o5,96)
(o3,88)
(o2,46)
(p6,77)
(p4,67)
(p0,15)
(p5,95)
(p8,38)
(p2,47)
(p1,36)
(p9,37)
(p3,35)
(p7,99)
(q3,81)
(q2,1)
(q5,4)
(q9,75)
(q1,93)
(q0,25)
(q6,43)
(q7,14)
(q4,33)
(q8,56)
(r2,35)
(r0,27)
(r1,37)
(r6,9)
(r7,12)
(r8,36)
(r9,26)
(r5,46)
(r3,96)
(r4,64)
(s8,29)
(s0,10)
(s5,26)
(s2,38)
(s6,93)
(s4,95)
(s9,19)
(t8,21)
(t3,63)
(t6,58)
(t0,28)
(t5,12)
(t4,65)
(t7,52)
(u6,55)
(u7,77)
(u3,10)
(u8,47)
(u2,50)
(u9,16)
(u5,85)
(u4,22)
(u0,78)
(v6,38)
(v2,68)
(v8,66)
(v0,26)
(v7,92)
(v5,80)
(v4,67)
(v1,31)
(w1,38)
(w7,66)
(w2,72)
(w9,73)
(w5,41)
(w8,63)
(w6,94)
(x8,59)
(x5,7)
(x1,47)
(x7,64)
(x9,59)
(x3,6)
(x6,3)
(x2,4)
(y2,96)
(y1,10)
(y6,66)
(y0,100)
(y5,46)
(y3,0)
(y9,31)
(y7,92)
(y4,16)
(y8,33)
(z6,19)
(z3,74)
(z8,72)
(z5,30)
(z9,5)
(z2,15)
(z7,23)
(z0,60)
(z4,85)
[(k8,69)]
[(r2,35)]
[(q6,48)]
Waiting...
Waiting...
Waiting...
(a7,39)
(a6,54)
(a2,61)
(a0,84)
(a9,65)
(a8,18)
(a4,74)
(b3,4)
(b5,39)
(b9,35)
(b2,16)
(b4,82)
(b7,75)
(b1,41)
(b6,27)
(b0,87)
(c9,6)
(c7,31)
(c6,11)
(c8,8)
(c3,47)
(c4,2)
(c5,96)
(d5,29)
(d0,28)
(d4,91)
(d7,9)
(d9,62)
(d6,39)
(e1,83)
(e4,73)
(e5,30)
(e3,0)
(e0,35)
(e8,82)
(e6,10)
(f9,45)
(f6,22)
(f7,22)
(f3,41)
(f1,38)
(f0,39)
(f8,9)
(f4,98)
(f5,2)
(g3,90)
(g7,29)
(g8,80)
(g4,41)
(g5,13)
(g9,52)
(g2,61)
(h1,51)
(h3,77)
(h9,54)
(h0,18)
(h2,28)
(h6,58)
(h4,100)
(h8,34)
(i3,81)
(i2,94)
(i7,87)
(i5,46)
(i1,17)
(i6,82)
(i8,81)
(i4,14)
(i0,51)
(j6,63)
(j8,94)
(j0,92)
(j3,70)
(j1,98)
(j5,91)
(k1,95)
(k0,12)
(k6,73)
(k9,82)
(k4,46)
(k7,99)
(k2,81)
(k5,82)
(l6,68)
(l5,24)
(l4,48)
(l0,82)
(l8,32)
(l1,80)
(l2,6)
(l9,67)
(m0,92)
(m8,8)
(m5,26)
(m1,0)
(m7,32)
(m9,66)
(n3,52)
(n2,86)
(n4,59)
(n1,15)
(n0,1)
(n7,28)
(n6,84)
(n9,4)
(n8,97)
(o3,10)
(o2,0)
(o7,13)
(o0,88)
(o6,51)
(o1,23)
(o4,32)
(o9,74)
(p6,40)
(p3,50)
(p5,56)
(p2,53)
(p9,3)
(p4,81)
(p8,97)
(p1,30)
(p7,82)
(q8,32)
(q6,17)
(q0,50)
(q1,1)
(q9,53)
(q4,84)
(r8,45)
(r3,14)
(r6,66)
(r7,23)
(r5,74)
(s7,65)
(s8,36)
(s5,12)
(s1,88)
(s6,89)
(t5,100)
(t3,2)
(t1,96)
(t4,29)
(t2,21)
(t0,92)
(t9,14)
(u7,67)
(u1,45)
(u3,31)
(u6,36)
(u9,92)
(u2,82)
(u4,83)
(u0,87)
(v6,9)
(v2,84)
(v7,19)
(v9,65)
(v4,51)
(v3,65)
(v0,90)
(v5,100)
(w2,96)
(w6,37)
(w0,80)
(w4,74)
(w8,87)
(w1,88)
(w7,18)
(w9,48)
(x4,1)
(x6,34)
(x5,65)
(x0,90)
(x2,47)
(x1,88)
(x7,89)
(y1,77)
(y0,29)
(y5,42)
(y7,93)
(y9,82)
(y3,27)
(y4,5)
(z4,22)
(z8,79)
(z1,61)
(z7,81)
(z2,52)
(z6,61)
(a7,39)
(a6,54)
(a2,61)
(a0,84)
(a9,65)
(a8,18)
(a4,74)
(b3,4)
(b5,39)
(b9,35)
(b2,16)
(b4,82)
(b7,75)
(b1,41)
(b6,27)
(b0,87)
(c9,6)
(c7,31)
(c6,11)
(c8,8)
(c3,47)
(c4,2)
(c5,96)
(d5,29)
(d0,28)
(d4,91)
(d7,9)
(d9,62)
(d6,39)
(e1,83)
(e4,73)
(e5,30)
(e3,0)
(e0,35)
(e8,82)
(e6,10)
(f9,45)
(f6,22)
(f7,22)
(f3,41)
(f1,38)
(f0,39)
(f8,9)
(f4,98)
(f5,2)
(g3,90)
(g7,29)
(g8,80)
(g4,41)
(g5,13)
(g9,52)
(g2,61)
(h1,51)
(h3,77)
(h9,54)
(h0,18)
(h2,28)
(h6,58)
(h4,100)
(h8,34)
(i3,81)
(i2,94)
(i7,87)
(i5,46)
(i1,17)
(i6,82)
(i8,81)
(i4,14)
(i0,51)
(j6,63)
(j8,94)
(j0,92)
(j3,70)
(j1,98)
(j5,91)
(k1,95)
(k0,12)
(k6,73)
(k9,82)
(k4,46)
(k7,99)
(k2,81)
(k5,82)
(l6,68)
(l5,24)
(l4,48)
(l0,82)
(l8,32)
(l1,80)
(l2,6)
(l9,67)
(m0,92)
(m8,8)
(m5,26)
(m1,0)
(m7,32)
(m9,66)
(n3,52)
(n2,86)
(n4,59)
(n1,15)
(n0,1)
(n7,28)
(n6,84)
(n9,4)
(n8,97)
(o3,10)
(o2,0)
(o7,13)
(o0,88)
(o6,51)
(o1,23)
(o4,32)
(o9,74)
(p6,40)
(p3,50)
(p5,56)
(p2,53)
(p9,3)
(p4,81)
(p8,97)
(p1,30)
(p7,82)
(q8,32)
(q6,17)
(q0,50)
(q1,1)
(q9,53)
(q4,84)
(r8,45)
(r3,14)
(r6,66)
(r7,23)
(r5,74)
(s7,65)
(s8,36)
(s5,12)
(s1,88)
(s6,89)
(t5,100)
(t3,2)
(t1,96)
(t4,29)
(t2,21)
(t0,92)
(t9,14)
(u7,67)
(u1,45)
(u3,31)
(u6,36)
(u9,92)
(u2,82)
(u4,83)
(u0,87)
(v6,9)
(v2,84)
(v7,19)
(v9,65)
(v4,51)
(v3,65)
(v0,90)
(v5,100)
(w2,96)
(w6,37)
(w0,80)
(w4,74)
(w8,87)
(w1,88)
(w7,18)
(w9,48)
(x4,1)
(x6,34)
(x5,65)
(x0,90)
(x2,47)
(x1,88)
(x7,89)
(y1,77)
(y0,29)
(y5,42)
(y7,93)
(y9,82)
(y3,27)
(y4,5)
(z4,22)
(z8,79)
(z1,61)
(z7,81)
(z2,52)
(z6,61)
