Waiting...
[(h4,KVSMISSING)]
[(a6,54)]
[(m0,79)]
[(h5,28)]
(a0,38)
(a9,86)
(a3,17)
(a8,92)
(a7,15)
(a4,73)
(a5,4)
(a6,54)
(a1,88)
(a2,29)
(b6,77)
(b0,78)
(b4,33)
(b8,89)
(b3,19)
(b1,62)
(b7,75)
(b5,3)
(b9,29)
(c3,53)
(c4,91)
(c5,7)
(c2,55)
(c1,15)
(c6,29)
(c0,69)
(c7,91)
(c8,78)
(d9,48)
(d2,44)
(d6,42)
(d4,6)
(d3,81)
(d0,41)
(d5,85)
(e5,40)
(e7,46)
(e2,5)
(e8,60)
(e9,24)
(e4,59)
(f3,52)
(f5,67)
(f9,55)
(f7,48)
(f4,26)
(f8,66)
(f1,37)
(f6,95)
(g5,100)
(g3,32)
(g9,8)
(g1,93)
(g4,41)
(g0,99)
(g2,34)
(g7,2)
(h5,28)
(h9,41)
(h8,20)
(h2,94)
(i2,59)
(i5,58)
(i4,63)
(i6,95)
(i3,48)
(i1,56)
(j4,81)
(j2,44)
(j3,1)
(j6,31)
(j9,14)
(j8,21)
(j5,72)
(j1,3)
(j0,51)
(k9,85)
(k2,97)
(k5,61)
(k8,9)
(k3,33)
(k7,97)
(k1,45)
(l9,88)
(l1,54)
(l3,27)
(l8,38)
(l2,53)
(l7,4)
(m5,96)
(m3,50)
(m7,46)
(m1,57)
(m0,79)
(m8,51)
(m9,68)
(m2,84)
(m4,71)
(n7,92)
(n4,60)
(n0,80)
(n5,49)
(n2,73)
(n1,50)
(n6,59)
(n8,81)
(o3,88)
(o4,10)
(o2,48)
(o7,31)
(o6,79)
(p6,21)
(p8,35)
(p0,47)
(p2,58)
(p1,0)
(p9,10)
(p4,53)
(p3,85)
(p7,66)
(q5,68)
(q3,34)
(q2,39)
(q0,94)
(q9,76)
(q1,51)
(q6,86)
(q7,61)
(q4,65)
(q8,5)
(r7,99)
(r8,51)
(r9,64)
(r5,46)
(r2,13)
(r3,20)
(r4,0)
(r0,90)
(r1,16)
(s6,1)
(s4,60)
(s3,50)
(s9,58)
(t8,24)
(t2,64)
(t0,98)
(t9,34)
(t5,1)
(t3,75)
(t6,85)
(t1,31)
(t4,84)
(t7,70)
(u2,20)
(u3,18)
(u8,73)
(u9,16)
(u1,23)
(u5,87)
(u4,60)
(u0,98)
(v4,26)
(v9,25)
(v6,72)
(v3,81)
(v8,50)
(v0,87)
(v2,19)
(v1,49)
(v5,7)
(w7,43)
(w4,37)
(w2,87)
(w0,46)
(w9,4)
(w1,53)
(w8,11)
(w6,94)
(w3,28)
(x9,74)
(x0,15)
(x3,72)
(x6,83)
(x7,7)
(x2,43)
(y3,60)
(y5,74)
(y6,98)
(y9,48)
(y7,91)
(y4,23)
(y8,34)
(z8,61)
(z5,32)
(z9,52)
(z2,25)
(z7,36)
(z0,9)
(z3,96)
(z6,19)
(z4,53)
(z1,2)
[(y4,23)]
[(k0,64)]
[(e2,5)]
(a0,38)
(a9,89)
(a3,17)
(a8,92)
(a7,15)
(a4,73)
(a5,4)
(a6,54)
(a1,88)
(a2,29)
(b6,77)
(b0,78)
(b4,33)
(b8,89)
(b3,19)
(b1,62)
(b7,75)
(b5,3)
(c4,91)
(c5,5)
(c2,55)
(c1,92)
(c6,29)
(c0,69)
(c7,91)
(c8,78)
(d9,48)
(d2,44)
(d6,42)
(d4,6)
(d3,81)
(d0,41)
(d5,85)
(e5,40)
(e7,46)
(e2,5)
(e9,24)
(e4,59)
(f3,52)
(f5,67)
(f9,55)
(f7,48)
(f4,26)
(f8,66)
(f1,37)
(f6,95)
(g5,100)
(g3,32)
(g9,29)
(g1,93)
(g4,41)
(g0,99)
(g2,34)
(g7,2)
(h7,47)
(h3,87)
(h5,12)
(h9,41)
(h2,94)
(i2,59)
(i5,58)
(i4,63)
(i6,95)
(i3,48)
(i1,56)
(j4,81)
(j2,44)
(j3,1)
(j6,31)
(j9,14)
(j8,21)
(j5,72)
(j1,3)
(j0,51)
(k0,64)
(k9,6)
(k2,97)
(k5,91)
(k8,9)
(k7,97)
(k1,45)
(l4,27)
(l9,88)
(l1,54)
(l3,27)
(l8,38)
(l2,53)
(l7,4)
(m5,60)
(m3,50)
(m7,46)
(m1,57)
(m0,79)
(m8,51)
(m9,68)
(m2,84)
(m4,71)
(n7,92)
(n4,28)
(n0,80)
(n5,49)
(n2,92)
(n1,50)
(n6,59)
(o3,88)
(o4,10)
(o2,48)
(o7,31)
(o6,79)
(p6,21)
(p8,35)
(p0,47)
(p2,58)
(p1,0)
(p9,37)
(p4,53)
(p3,85)
(p7,66)
(q5,68)
(q3,34)
(q2,39)
(q0,94)
(q9,76)
(q1,51)
(q6,86)
(q7,61)
(q4,65)
(q8,56)
(r7,99)
(r8,51)
(r9,64)
(r5,46)
(r2,13)
(r3,20)
(r4,0)
(r0,89)
(r1,16)
(s6,1)
(s4,60)
(s3,50)
(s9,58)
(t8,24)
(t0,98)
(t9,34)
(t5,1)
(t3,75)
(t4,84)
(t7,70)
(u2,20)
(u3,18)
(u8,73)
(u9,16)
(u1,23)
(u5,87)
(u4,60)
(u0,98)
(v4,26)
(v9,21)
(v6,72)
(v3,81)
(v8,50)
(v0,87)
(v2,19)
(v1,49)
(v5,2)
(w7,43)
(w4,37)
(w2,87)
(w0,46)
(w9,30)
(w1,53)
(w8,11)
(w6,94)
(w3,28)
(x9,47)
(x0,15)
(x3,72)
(x6,83)
(x7,7)
(x2,43)
(y3,60)
(y5,74)
(y9,48)
(y7,91)
(y4,23)
(y8,34)
(z8,61)
(z5,28)
(z9,52)
(z2,25)
(z7,69)
(z0,9)
(z3,96)
(z4,24)
(z1,2)
(a0,38)
(a9,89)
(a3,17)
(a8,92)
(a7,74)
(a4,73)
(a5,64)
(a6,54)
(a1,88)
(a2,29)
(b6,77)
(b0,78)
(b4,33)
(b8,89)
(b3,19)
(b1,62)
(b7,75)
(b5,3)
(c4,91)
(c5,5)
(c2,55)
(c6,29)
(c0,37)
(c7,91)
(c8,78)
(d2,44)
(d6,42)
(d4,6)
(d3,81)
(d0,41)
(d5,85)
(e5,40)
(e7,46)
(e2,5)
(e9,24)
(f3,52)
(f5,67)
(f9,55)
(f7,48)
(f4,26)
(f8,66)
(f1,37)
(f6,95)
(g5,100)
(g3,32)
(g9,29)
(g1,93)
(g4,41)
(g0,99)
(g2,34)
(g7,2)
(h7,47)
(h3,87)
(h5,12)
(h9,76)
(h2,94)
(i2,59)
(i5,58)
(i4,43)
(i6,5)
(i3,48)
(i1,5)
(j4,81)
(j2,44)
(j3,1)
(j6,31)
(j9,14)
(j8,21)
(j5,72)
(j1,3)
(j0,51)
(k0,64)
(k9,6)
(k2,97)
(k5,91)
(k8,9)
(k7,97)
(k1,45)
(l4,27)
(l9,88)
(l1,54)
(l3,27)
(l8,38)
(l2,53)
(l7,4)
(m5,60)
(m3,50)
(m1,57)
(m0,79)
(m8,51)
(m9,14)
(m2,84)
(m4,71)
(n8,90)
(n7,92)
(n4,0)
(n0,80)
(n5,49)
(n2,92)
(n1,50)
(n6,59)
(o3,88)
(o4,10)
(o2,48)
(o7,31)
(o6,79)
(p6,21)
(p0,47)
(p2,58)
(p1,0)
(p9,37)
(p4,53)
(p3,85)
(p7,66)
(q1,71)
(q5,68)
(q3,34)
(q2,39)
(q0,94)
(q9,76)
(q6,86)
(q7,61)
(q4,65)
(q8,56)
(r7,99)
(r8,51)
(r9,64)
(r5,46)
(r2,13)
(r3,20)
(r4,0)
(r1,16)
(s8,29)
(s6,1)
(s4,60)
(s3,50)
(s9,58)
(t8,24)
(t0,98)
(t9,34)
(t5,1)
(t3,75)
(t4,84)
(t7,58)
(u2,20)
(u3,8)
(u8,73)
(u9,16)
(u1,23)
(u5,87)
(u4,60)
(u0,98)
(v4,26)
(v9,21)
(v6,72)
(v3,81)
(v8,50)
(v0,87)
(v2,19)
(v1,49)
(w7,43)
(w4,37)
(w2,47)
(w9,30)
(w1,53)
(w8,11)
(w6,94)
(w3,28)
(x9,47)
(x0,15)
(x3,72)
(x6,6)
(x7,7)
(x2,43)
(y3,60)
(y9,48)
(y7,91)
(y4,23)
(y8,34)
(z8,61)
(z5,28)
(z9,5)
(z2,25)
(z7,69)
(z0,9)
(z3,96)
(z4,24)
(z1,2)
[(l3,39)]
Waiting...
[(c2,KVSERROR)]
(a9,52)
(a2,82)
(a1,53)
(a6,55)
(a7,73)
(a0,91)
(a8,34)
(a4,99)
(b8,73)
(b3,69)
(b7,38)
(b4,4)
(c8,30)
(c3,57)
(c6,24)
(c4,26)
(c9,11)
(c1,61)
(c5,90)
(c0,9)
(c7,13)
(d0,17)
(d3,14)
(d7,20)
(d4,24)
(d8,51)
(d9,77)
(d1,88)
(d6,22)
(e1,53)
(e6,62)
(e2,46)
(e7,21)
(e3,94)
(e4,11)
(e8,25)
(e5,13)
(e0,26)
(e9,24)
(f7,5)
(f9,51)
(f2,90)
(f1,68)
(f0,23)
(f3,85)
(f5,36)
(f8,27)
(f6,60)
(g7,60)
(g0,59)
(g6,70)
(g9,52)
(g4,37)
(g8,18)
(g5,79)
(g3,33)
(g2,23)
(h8,50)
(h9,25)
(h0,35)
(h7,12)
(h4,88)
(h3,9)
(h6,98)
(h1,31)
(i4,83)
(i7,91)
(i9,76)
(i8,98)
(i0,76)
(i2,15)
(i5,61)
(i3,92)
(i1,35)
(j0,34)
(j3,85)
(j7,75)
(j5,69)
(j4,15)
(j6,9)
(j9,36)
(k4,64)
(k8,42)
(k5,65)
(k0,49)
(k7,80)
(l1,83)
(l6,78)
(l0,95)
(l5,3)
(l4,12)
(l9,2)
(l3,10)
(l2,61)
(l7,70)
(m1,63)
(m9,25)
(m6,63)
(m4,99)
(m8,1)
(m3,33)
(m2,36)
(n8,81)
(n3,9)
(n4,67)
(n9,75)
(n1,5)
(o1,59)
(o4,96)
(o8,64)
(o9,34)
(o0,47)
(o7,21)
(o5,11)
(o3,100)
(o2,86)
(p3,74)
(p8,57)
(p6,50)
(p5,57)
(p1,69)
(p9,30)
(p7,98)
(q5,26)
(q6,37)
(q9,52)
(q3,10)
(q8,28)
(q2,37)
(q1,50)
(q0,25)
(q7,96)
(q4,13)
(r2,50)
(r0,53)
(r1,62)
(r6,33)
(r7,26)
(r8,15)
(r5,28)
(r3,65)
(r4,17)
(s3,50)
(s1,47)
(s7,24)
(s8,49)
(s0,14)
(s5,74)
(s2,39)
(s6,17)
(s4,53)
(s9,5)
(t9,39)
(t1,30)
(t8,90)
(t3,83)
(t5,12)
(t4,92)
(t7,37)
(u6,51)
(u7,2)
(u3,81)
(u8,7)
(u2,91)
(u4,6)
(u0,70)
(v9,83)
(v4,44)
(v3,20)
(v2,59)
(v6,6)
(v8,77)
(v0,32)
(v5,54)
(v1,2)
(w6,21)
(w4,66)
(w3,99)
(w2,80)
(w9,73)
(x0,15)
(x4,47)
(x8,11)
(x5,97)
(x1,40)
(x7,98)
(x9,90)
(x3,65)
(x6,64)
(x2,10)
(y5,0)
(y9,66)
(y6,2)
(y2,21)
(y1,25)
(y3,30)
(y7,97)
(y4,70)
(y8,61)
(z0,89)
(z2,12)
(z6,18)
(z3,14)
(z5,18)
(z7,23)
[(t9,39)]
[(i6,KVSMISSING)]
