(a3,20)
(a9,87)
(a6,96)
(b2,8)
(b6,74)
(b1,16)
(b5,76)
(b4,100)
(b3,32)
(c3,10)
(c5,81)
(c1,85)
(c2,89)
(c4,28)
(d8,79)
(d9,0)
(d5,99)
(d3,75)
(d1,1)
(d0,42)
(d4,79)
(e0,32)
(e6,47)
(e8,24)
(e3,43)
(e7,67)
(e4,58)
(e1,66)
(f5,18)
(f8,87)
(f2,56)
(f1,22)
(f4,63)
(g9,56)
(g5,67)
(g2,48)
(g8,94)
(g7,44)
(g0,59)
(h4,36)
(h5,16)
(h0,79)
(h9,85)
(h6,32)
(h3,78)
(i8,55)
(i9,1)
(i7,52)
(i0,1)
(j4,97)
(j5,54)
(j9,20)
(j1,72)
(j0,41)
(k0,4)
(k6,66)
(k2,90)
(k3,67)
(l5,28)
(l9,35)
(l4,25)
(m8,62)
(m1,77)
(m2,43)
(m4,20)
(m6,90)
(m9,36)
(n2,33)
(n5,65)
(o0,15)
(o2,49)
(p6,71)
(p8,30)
(p0,9)
(p5,49)
(p7,13)
(q8,73)
(q5,75)
(q0,80)
(q2,54)
(r2,93)
(r3,15)
(r1,75)
(r4,74)
(r5,25)
(r8,88)
(s5,24)
(s1,49)
(s6,19)
(s2,29)
(s9,4)
(t1,72)
(t4,48)
(t0,11)
(t2,0)
(u6,17)
(u2,86)
(u1,10)
(u0,67)
(u3,25)
(v5,13)
(v9,91)
(w8,11)
(w7,9)
(w9,66)
(x7,57)
(x6,87)
(x9,49)
(x2,78)
(x5,91)
(x0,57)
(y7,8)
(z2,72)
(z0,86)
(z9,24)
[(s1,49)]
[(m1,77)]
(a3,20)
(a9,87)
(a6,11)
(b9,48)
(b2,87)
(b8,67)
(b0,82)
(b6,14)
(b1,16)
(b4,100)
(b3,32)
(c3,10)
(c5,81)
(c1,85)
(c2,89)
(c4,28)
(d2,56)
(d8,79)
(d9,0)
(d5,99)
(d3,75)
(d1,1)
(d0,27)
(d4,79)
(e2,70)
(e0,96)
(e8,24)
(e3,43)
(e7,67)
(e4,85)
(e1,66)
(f0,30)
(f5,18)
(f8,87)
(f2,56)
(f1,22)
(f4,53)
(g1,45)
(g4,24)
(g9,56)
(g5,67)
(g2,48)
(g8,1)
(g7,68)
(g0,59)
(h5,16)
(h0,79)
(h6,32)
(h3,78)
(i5,53)
(i8,55)
(i7,52)
(i0,1)
(j5,7)
(j8,95)
(j4,97)
(j9,20)
(j1,72)
(j0,41)
(k9,6)
(k6,66)
(k2,90)
(k3,67)
(l0,31)
(l1,14)
(l5,12)
(l9,35)
(m8,62)
(m1,77)
(m4,16)
(m6,90)
(m9,36)
(n1,38)
(n3,63)
(n2,7)
(n5,65)
(o1,20)
(o0,15)
(o2,49)
(p9,99)
(p6,71)
(p8,30)
(p0,59)
(p5,49)
(p7,13)
(q8,73)
(q5,75)
(q2,54)
(r9,92)
(r2,93)
(r3,15)
(r1,75)
(r4,74)
(r5,25)
(r8,88)
(s5,24)
(s1,49)
(s9,4)
(t9,61)
(t6,68)
(t4,29)
(t0,11)
(t2,0)
(u6,28)
(u5,26)
(u2,38)
(u1,10)
(u0,67)
(u3,25)
(v5,13)
(v9,91)
(w6,31)
(w1,0)
(w8,11)
(w7,9)
(w9,66)
(x4,68)
(x1,13)
(x3,37)
(x7,57)
(x6,46)
(x9,49)
(x2,78)
(x5,91)
(x0,57)
(y0,10)
(y9,42)
(y2,16)
(y7,8)
(z4,67)
(z2,72)
(z0,86)
(z9,24)
[(g4,24)]
[(o1,66)]
(a7,100)
(a5,71)
(a3,20)
(a9,87)
(a6,11)
(b5,72)
(b2,87)
(b8,8)
(b0,82)
(b6,14)
(b1,75)
(b4,25)
(b3,77)
(c0,48)
(c3,96)
(c5,81)
(c1,85)
(c2,89)
(c4,94)
(d2,56)
(d8,79)
(d9,47)
(d5,99)
(d3,75)
(d1,1)
(d4,79)
(e5,63)
(e9,22)
(e6,91)
(e2,5)
(e0,35)
(e8,24)
(e3,69)
(e7,67)
(e4,85)
(e1,66)
(f6,96)
(f3,68)
(f0,23)
(f5,100)
(f8,0)
(f1,22)
(f4,53)
(g6,77)
(g3,39)
(g1,45)
(g4,24)
(g9,22)
(g5,67)
(g2,48)
(g8,27)
(g7,68)
(g0,39)
(h4,93)
(h2,33)
(h7,64)
(h8,0)
(h5,16)
(h0,26)
(h6,32)
(h3,78)
(i1,1)
(i4,64)
(i9,17)
(i2,74)
(i5,53)
(i8,55)
(i7,10)
(i0,1)
(j6,2)
(j8,100)
(j4,97)
(j9,20)
(j1,74)
(j0,65)
(k3,32)
(k6,70)
(k4,83)
(k5,60)
(k2,90)
(l0,31)
(l1,73)
(l5,0)
(l9,35)
(m2,34)
(m5,86)
(m3,17)
(m8,62)
(m1,77)
(m4,71)
(m6,64)
(m9,36)
(n4,59)
(n6,19)
(n0,78)
(n1,38)
(n3,28)
(n2,57)
(n5,65)
(o7,4)
(o1,49)
(o3,42)
(o0,59)
(o2,49)
(p1,25)
(p2,57)
(p5,12)
(p7,59)
(p9,99)
(p6,24)
(p8,0)
(p0,67)
(q7,42)
(q8,73)
(q5,75)
(q2,54)
(r7,29)
(r0,91)
(r9,78)
(r2,93)
(r3,33)
(r1,6)
(r4,58)
(r5,66)
(r8,88)
(s3,44)
(s7,28)
(s6,74)
(s4,96)
(s2,80)
(s5,14)
(s1,56)
(s9,30)
(t5,67)
(t7,39)
(t8,54)
(t9,22)
(t6,68)
(t4,47)
(t0,84)
(t2,0)
(u7,45)
(u4,38)
(u8,22)
(u6,27)
(u5,65)
(u2,38)
(u0,67)
(u3,67)
(v3,40)
(v0,40)
(v8,57)
(v5,13)
(v9,91)
(w0,80)
(w4,74)
(w6,40)
(w1,0)
(w8,11)
(w7,96)
(w9,66)
(x4,68)
(x1,34)
(x3,77)
(x7,57)
(x6,51)
(x9,49)
(x2,78)
(x5,91)
(y0,10)
(y2,16)
(y7,8)
(z7,71)
(z5,69)
(z8,55)
(z4,67)
(z2,77)
(z0,86)
(z9,24)
[(t6,68)]
[(t5,67)]
[(z2,77)]
(a4,43)
(a2,52)
(a8,10)
(a7,10)
(a5,71)
(a3,20)
(a9,87)
(a6,11)
(b5,72)
(b2,87)
(b8,8)
(b0,82)
(b6,28)
(b1,75)
(b4,25)
(b3,77)
(c0,48)
(c3,96)
(c5,81)
(c1,85)
(c2,12)
(c4,94)
(d2,56)
(d8,79)
(d9,47)
(d5,99)
(d3,75)
(d1,1)
(d4,9)
(e5,63)
(e9,22)
(e6,91)
(e2,5)
(e0,35)
(e3,69)
(e4,31)
(e1,66)
(f2,75)
(f6,96)
(f0,23)
(f5,18)
(f8,0)
(f1,22)
(f4,53)
(g6,77)
(g3,39)
(g1,45)
(g4,24)
(g9,22)
(g5,67)
(g2,64)
(g8,31)
(g7,68)
(h4,93)
(h2,33)
(h7,64)
(h8,0)
(h5,16)
(h0,26)
(h6,32)
(h3,29)
(i1,1)
(i4,64)
(i9,90)
(i2,74)
(i5,53)
(i7,10)
(i0,1)
(j7,20)
(j6,2)
(j8,100)
(j4,91)
(j9,47)
(j1,74)
(j0,65)
(k0,92)
(k8,9)
(k3,32)
(k6,70)
(k4,46)
(k5,60)
(k2,90)
(l4,75)
(l8,89)
(l0,50)
(l1,73)
(l5,0)
(m3,35)
(m2,34)
(m5,86)
(m8,62)
(m1,77)
(m6,64)
(m9,36)
(n4,59)
(n6,19)
(n0,78)
(n1,38)
(n3,28)
(n2,22)
(n5,34)
(o7,4)
(o1,55)
(o0,59)
(o2,49)
(p1,25)
(p2,42)
(p5,12)
(p7,84)
(p9,99)
(p6,24)
(p8,0)
(p0,67)
(q0,14)
(q7,42)
(q8,73)
(q5,16)
(q2,54)
(r7,29)
(r0,91)
(r9,78)
(r2,93)
(r1,6)
(r4,58)
(r5,68)
(r8,88)
(s7,2)
(s3,44)
(s6,74)
(s4,96)
(s2,80)
(s5,14)
(s1,76)
(s9,19)
(t1,70)
(t5,67)
(t7,44)
(t8,54)
(t9,22)
(t6,68)
(t4,47)
(t0,84)
(t2,5)
(u1,47)
(u7,45)
(u4,38)
(u8,22)
(u6,27)
(u5,65)
(u2,38)
(u0,67)
(u3,67)
(v1,81)
(v7,93)
(v2,48)
(v3,40)
(v0,40)
(v8,57)
(v5,13)
(v9,91)
(w0,53)
(w4,74)
(w6,40)
(w1,0)
(w8,11)
(w7,18)
(w9,66)
(x4,68)
(x1,34)
(x3,77)
(x7,57)
(x6,51)
(x9,49)
(x2,78)
(x5,88)
(y6,74)
(y0,10)
(y2,16)
(y7,8)
(z8,34)
(z6,12)
(z5,69)
(z4,67)
(z2,77)
(z0,93)
(z9,52)
[(y2,16)]
(a1,34)
(a4,43)
(a2,52)
(a8,10)
(a7,10)
(a5,71)
(a3,20)
(a9,87)
(a6,11)
(b5,72)
(b2,87)
(b8,8)
(b0,82)
(b6,28)
(b1,75)
(b4,25)
(b3,77)
(c0,48)
(c3,96)
(c5,81)
(c1,85)
(c2,12)
(c4,94)
(d2,56)
(d8,79)
(d9,47)
(d5,99)
(d3,75)
(d1,1)
(d4,9)
(e5,63)
(e9,22)
(e6,91)
(e2,5)
(e0,35)
(e3,69)
(e4,31)
(e1,66)
(f2,75)
(f6,96)
(f0,23)
(f5,18)
(f8,0)
(f1,22)
(f4,53)
(g6,77)
(g3,39)
(g1,45)
(g4,24)
(g9,22)
(g5,67)
(g2,64)
(g8,31)
(g7,68)
(h4,93)
(h2,33)
(h7,64)
(h8,0)
(h5,16)
(h0,26)
(h6,32)
(h3,29)
(i1,1)
(i4,64)
(i9,90)
(i2,74)
(i5,53)
(i7,10)
(i0,1)
(j7,20)
(j6,2)
(j8,100)
(j4,91)
(j1,74)
(j0,65)
(k0,92)
(k8,9)
(k3,32)
(k6,70)
(k4,46)
(k5,60)
(k2,90)
(l4,75)
(l8,89)
(l0,50)
(l1,73)
(l5,0)
(m3,35)
(m2,34)
(m5,86)
(m8,62)
(m1,77)
(m9,36)
(n4,59)
(n6,19)
(n0,78)
(n1,38)
(n3,28)
(n2,22)
(n5,34)
(o7,4)
(o1,55)
(o0,59)
(o2,49)
(p1,25)
(p2,42)
(p5,12)
(p7,84)
(p9,99)
(p6,24)
(p8,0)
(q6,97)
(q7,42)
(q8,73)
(q5,16)
(q2,54)
(r7,29)
(r0,91)
(r9,78)
(r2,93)
(r1,6)
(r4,58)
(r5,68)
(r8,88)
(s7,2)
(s3,44)
(s6,74)
(s4,96)
(s2,80)
(s5,14)
(s1,76)
(s9,19)
(t1,70)
(t5,67)
(t7,44)
(t8,54)
(t9,22)
(t6,68)
(t4,47)
(t0,84)
(t2,5)
(u1,47)
(u7,45)
(u4,38)
(u8,22)
(u6,27)
(u5,65)
(u2,38)
(u0,67)
(u3,67)
(v1,81)
(v7,93)
(v2,48)
(v3,40)
(v0,40)
(v8,57)
(v5,13)
(v9,91)
(w0,53)
(w4,74)
(w6,40)
(w1,0)
(w8,11)
(w7,18)
(w9,66)
(x4,68)
(x1,34)
(x3,77)
(x7,57)
(x6,51)
(x9,49)
(x2,78)
(x5,88)
(y6,74)
(y0,10)
(y2,16)
(y7,8)
(z8,34)
(z6,12)
(z5,69)
(z4,67)
(z2,11)
(z0,93)
(z9,52)
Waiting...
[(w7,KVSMISSING)]
[(m3,61)]
[(g1,28)]
(a0,43)
(a8,98)
(a7,10)
(a3,38)
(a9,21)
(b2,78)
(b1,98)
(b8,65)
(b7,43)
(b0,14)
(b4,53)
(b5,68)
(b3,9)
(c6,20)
(c3,11)
(c4,93)
(c8,93)
(c9,58)
(c7,84)
(c0,21)
(c5,40)
(c1,68)
(c2,69)
(d3,8)
(d2,3)
(d7,60)
(d6,97)
(d1,29)
(d0,86)
(d5,73)
(d4,91)
(e8,63)
(e9,41)
(e1,63)
(e7,70)
(e6,13)
(e4,92)
(f9,50)
(f0,69)
(f3,40)
(f6,22)
(f7,12)
(f4,38)
(f8,81)
(g0,37)
(g4,29)
(g9,89)
(g7,16)
(g3,89)
(g6,4)
(g1,28)
(g5,17)
(h7,95)
(h4,65)
(h6,45)
(h5,49)
(h9,5)
(h2,33)
(h8,94)
(h0,93)
(h3,58)
(i5,36)
(i8,63)
(i4,66)
(i9,62)
(i2,1)
(i0,17)
(j8,1)
(j2,72)
(j9,12)
(j1,53)
(j7,64)
(j5,88)
(j6,2)
(j0,25)
(k0,42)
(k9,7)
(k7,50)
(k2,39)
(k3,49)
(k4,75)
(l1,39)
(l5,16)
(l9,36)
(l3,41)
(l0,62)
(l7,10)
(m1,50)
(m0,76)
(m5,84)
(m4,45)
(m8,68)
(m7,84)
(m3,61)
(m2,58)
(n9,80)
(n7,26)
(n0,34)
(n2,97)
(n8,88)
(n1,58)
(n3,14)
(o6,44)
(o9,4)
(o3,32)
(o5,11)
(o8,50)
(o4,56)
(o7,59)
(o1,49)
(o0,2)
(o2,60)
(p8,48)
(p9,19)
(p4,85)
(p7,2)
(p6,80)
(p5,18)
(p1,49)
(q6,59)
(q3,6)
(q7,62)
(q4,57)
(q8,76)
(q9,60)
(q2,66)
(r3,68)
(r1,39)
(r0,53)
(r8,69)
(r7,24)
(r9,94)
(r2,0)
(s8,56)
(s6,12)
(s0,16)
(s7,56)
(s3,20)
(s4,82)
(s1,91)
(s9,7)
(t7,31)
(t5,58)
(t2,75)
(t3,95)
(t4,67)
(t1,74)
(t8,73)
(t9,22)
(t6,93)
(u5,73)
(u0,99)
(u2,43)
(u9,66)
(u8,85)
(u3,81)
(u1,52)
(u7,84)
(u4,16)
(v2,9)
(v1,30)
(v6,10)
(v4,25)
(v0,40)
(v8,61)
(v5,30)
(w2,26)
(w1,96)
(w4,56)
(w8,59)
(w9,50)
(x3,47)
(x8,100)
(x5,8)
(x6,97)
(x0,76)
(x4,68)
(x9,90)
(x2,97)
(y9,23)
(y3,1)
(y1,82)
(y0,89)
(y5,35)
(y6,33)
(y2,81)
(y7,75)
(z1,2)
(z8,18)
(z4,31)
(z7,81)
(z3,34)
(z6,12)
(z5,85)
(z2,11)
(z9,25)
[(d9,KVSERROR)]
[(c8,67)]
Waiting...
[(d9,KVSMISSING)]
[(y5,KVSERROR)]
Waiting...
[(m4,33)]
(a4,61)
(a8,81)
(a6,59)
(a1,10)
(a2,28)
(a0,3)
(a7,15)
(a3,23)
(a9,54)
(b4,81)
(b1,70)
(b9,34)
(b5,11)
(b6,87)
(b2,52)
(b3,63)
(c2,42)
(c5,52)
(c9,39)
(c6,36)
(c4,85)
(c8,25)
(c7,9)
(c0,67)
(c1,70)
(d3,62)
(d8,99)
(d0,18)
(d2,18)
(d7,42)
(d4,100)
(e0,32)
(e9,72)
(e6,46)
(e2,10)
(e8,87)
(e1,18)
(e4,51)
(f1,96)
(f3,47)
(f5,89)
(f2,72)
(f6,66)
(f9,8)
(f7,90)
(f4,38)
(g8,58)
(g3,57)
(g6,87)
(g2,88)
(g0,18)
(g9,96)
(g1,7)
(g5,31)
(h4,88)
(h3,85)
(h7,44)
(h6,36)
(h5,100)
(h9,3)
(h2,89)
(h0,96)
(i0,76)
(i4,8)
(i8,23)
(i7,33)
(i9,74)
(i6,51)
(i3,5)
(i5,80)
(i2,93)
(j1,86)
(j0,78)
(j3,20)
(j5,22)
(j7,11)
(j4,86)
(j8,65)
(j2,12)
(j6,45)
(k1,8)
(k5,52)
(k8,36)
(k7,68)
(k3,36)
(k6,56)
(k0,82)
(k9,7)
(k2,39)
(k4,36)
(l7,24)
(l1,62)
(l8,65)
(l6,97)
(l3,88)
(l4,7)
(l5,61)
(l9,62)
(l0,31)
(m3,94)
(m5,8)
(m4,33)
(m6,66)
(m9,52)
(m1,88)
(m0,59)
(m8,26)
(m7,81)
(n7,12)
(n5,79)
(n9,4)
(n4,41)
(n1,55)
(o2,7)
(o8,40)
(o4,78)
(o3,41)
(o6,77)
(o9,22)
(o5,13)
(o1,75)
(o0,61)
(p2,83)
(p4,33)
(p7,62)
(p5,71)
(p1,50)
(p3,23)
(p8,16)
(p6,11)
(q4,0)
(q9,6)
(q2,7)
(q3,69)
(q1,6)
(q0,5)
(q6,79)
(q5,59)
(q7,92)
(q8,89)
(r3,28)
(r1,83)
(r7,37)
(r6,42)
(r5,31)
(r9,2)
(r0,55)
(r2,46)
(s1,13)
(s9,4)
(s0,66)
(s5,69)
(s3,37)
(s2,17)
(s8,10)
(s6,52)
(s7,11)
(s4,38)
(t1,86)
(t2,11)
(t8,30)
(t6,33)
(t4,37)
(t9,73)
(t0,52)
(t5,68)
(u1,47)
(u7,4)
(u4,48)
(u6,15)
(u5,98)
(u0,87)
(u2,97)
(u8,87)
(v1,27)
(v3,94)
(v7,85)
(v2,28)
(v6,66)
(v4,76)
(v0,18)
(v5,30)
(w8,63)
(w7,3)
(w4,67)
(w3,34)
(w5,58)
(w9,99)
(x1,7)
(x6,75)
(x0,96)
(x7,98)
(x3,77)
(x8,27)
(x4,8)
(x9,90)
(x2,46)
(y0,33)
(y8,48)
(y3,29)
(y6,55)
(y4,38)
(y9,100)
(y7,59)
(y2,89)
(z8,32)
(z1,46)
(z7,16)
(z3,82)
(z6,94)
(z2,75)
(z9,91)
[(g3,57)]
(a4,61)
(a8,81)
(a6,59)
(a1,10)
(a2,28)
(a0,3)
(a7,15)
(a3,23)
(a9,54)
(b8,65)
(b7,64)
(b0,92)
(b4,81)
(b1,70)
(b9,50)
(b5,11)
(b6,87)
(b2,52)
(b3,63)
(c2,42)
(c5,52)
(c9,39)
(c6,36)
(c4,85)
(c8,25)
(c7,9)
(c0,67)
(c1,70)
(d3,36)
(d8,99)
(d0,18)
(d2,18)
(d7,42)
(d4,100)
(e5,19)
(e0,32)
(e9,72)
(e6,46)
(e2,10)
(e8,87)
(e1,18)
(e4,51)
(f1,96)
(f3,47)
(f5,89)
(f2,72)
(f6,66)
(f9,52)
(f7,90)
(f4,38)
(g8,36)
(g3,57)
(g6,87)
(g2,88)
(g0,18)
(g9,96)
(g1,7)
(g5,31)
(h4,88)
(h3,85)
(h7,44)
(h6,36)
(h5,100)
(h9,3)
(h2,89)
(h0,96)
(i0,72)
(i4,87)
(i8,23)
(i7,33)
(i9,74)
(i6,51)
(i3,5)
(i5,80)
(i2,93)
(j1,86)
(j0,78)
(j3,20)
(j5,22)
(j7,11)
(j4,86)
(j8,65)
(j2,12)
(j6,45)
(k1,90)
(k5,34)
(k8,36)
(k7,68)
(k3,36)
(k6,56)
(k0,82)
(k9,18)
(k2,39)
(k4,36)
(l7,24)
(l1,62)
(l8,65)
(l6,97)
(l3,71)
(l4,7)
(l5,61)
(l9,62)
(l0,31)
(m3,94)
(m5,79)
(m4,33)
(m6,66)
(m9,52)
(m1,38)
(m0,47)
(m8,26)
(m7,93)
(n3,68)
(n7,12)
(n5,79)
(n9,4)
(n4,41)
(n1,22)
(o2,7)
(o8,40)
(o4,78)
(o3,41)
(o6,77)
(o9,22)
(o5,13)
(o1,75)
(o0,61)
(p2,83)
(p4,33)
(p7,62)
(p5,71)
(p1,50)
(p3,23)
(p8,16)
(p6,11)
(q4,0)
(q9,6)
(q2,7)
(q3,69)
(q1,76)
(q0,5)
(q6,79)
(q5,59)
(q7,3)
(q8,89)
(r3,28)
(r1,83)
(r7,37)
(r6,42)
(r5,31)
(r9,2)
(r0,55)
(r2,46)
(s1,13)
(s9,51)
(s0,66)
(s5,68)
(s3,37)
(s2,17)
(s8,10)
(s6,52)
(s7,11)
(s4,38)
(t1,41)
(t2,11)
(t8,30)
(t6,33)
(t4,37)
(t9,73)
(t0,44)
(t5,68)
(u9,25)
(u1,47)
(u7,4)
(u4,48)
(u6,15)
(u5,98)
(u0,87)
(u2,97)
(u8,87)
(v9,62)
(v1,27)
(v3,99)
(v7,56)
(v2,28)
(v6,29)
(v4,76)
(v0,18)
(v5,30)
(w1,9)
(w2,15)
(w8,63)
(w7,3)
(w3,34)
(w5,51)
(w9,99)
(x1,7)
(x6,75)
(x0,96)
(x7,5)
(x3,87)
(x8,99)
(x4,39)
(x9,90)
(x2,46)
(y0,33)
(y8,48)
(y3,29)
(y6,55)
(y4,38)
(y9,100)
(y7,79)
(y2,89)
(z4,50)
(z8,32)
(z1,46)
(z7,16)
(z3,82)
(z6,94)
(z2,75)
(z9,91)
Waiting...
