Waiting...
(a5,19)
(a2,61)
(a3,17)
(a0,57)
(a9,65)
(a8,17)
(a4,74)
(b9,35)
(b2,16)
(b4,35)
(b7,75)
(b1,29)
(b6,27)
(b0,87)
(c9,22)
(c7,31)
(c6,11)
(c8,8)
(c3,74)
(c2,54)
(c4,49)
(c1,8)
(c5,12)
(c0,87)
(d0,28)
(d4,91)
(d7,9)
(d9,43)
(d6,39)
(e5,30)
(e3,0)
(e0,23)
(e7,94)
(e8,82)
(e6,100)
(e2,25)
(f7,97)
(f3,41)
(f1,69)
(f0,39)
(f8,9)
(f4,89)
(f5,94)
(g4,41)
(g5,13)
(g9,52)
(g2,2)
(h1,15)
(h0,40)
(h2,28)
(h6,58)
(h5,69)
(h4,100)
(h8,73)
(i2,27)
(i7,87)
(i5,46)
(i3,88)
(i1,17)
(i6,70)
(i8,81)
(i4,14)
(i0,55)
(j6,90)
(j8,94)
(j0,90)
(j3,96)
(j1,98)
(j5,4)
(k0,12)
(k6,34)
(k9,25)
(k4,69)
(k7,43)
(k2,81)
(k1,63)
(k5,82)
(l5,92)
(l4,49)
(l0,20)
(l8,32)
(l1,80)
(l2,6)
(l9,37)
(m4,65)
(m8,8)
(m5,26)
(m1,70)
(m7,32)
(m3,97)
(m9,66)
(n1,15)
(n0,42)
(n2,74)
(n7,28)
(n6,84)
(n9,62)
(n8,81)
(n4,35)
(o3,97)
(o7,13)
(o5,56)
(o0,88)
(o6,51)
(o1,90)
(o4,32)
(o9,74)
(p2,53)
(p9,56)
(p4,81)
(p8,2)
(p1,30)
(p7,58)
(q5,91)
(q6,40)
(q0,75)
(q1,74)
(q9,48)
(q4,28)
(r3,14)
(r8,62)
(r0,96)
(r1,57)
(r6,66)
(r7,23)
(r5,63)
(s1,88)
(s2,43)
(s9,94)
(s3,70)
(s6,62)
(s4,10)
(t1,24)
(t8,15)
(t4,20)
(t2,57)
(t0,13)
(t9,14)
(t5,36)
(t7,0)
(u1,28)
(u3,31)
(u8,50)
(u6,36)
(u9,92)
(u7,43)
(u2,82)
(u4,5)
(u0,52)
(v2,71)
(v7,19)
(v9,65)
(v4,30)
(v3,69)
(v0,85)
(v5,100)
(v1,46)
(w6,37)
(w0,62)
(w4,74)
(w8,87)
(w1,7)
(w2,13)
(w7,18)
(w9,17)
(x0,83)
(x2,47)
(x1,88)
(x7,89)
(x3,35)
(y5,42)
(y6,60)
(y7,7)
(y9,98)
(y2,47)
(y3,50)
(y4,5)
(y8,65)
(z2,26)
(z8,64)
(z6,61)
[(p2,53)]
[(p2,53)]
Waiting...
(a2,79)
(a1,78)
(a5,4)
(a8,9)
(a3,32)
(a6,54)
(a0,84)
(a9,49)
(a4,88)
(b0,92)
(b3,4)
(b5,39)
(b2,45)
(b4,71)
(b7,75)
(b1,82)
(b6,57)
(c2,45)
(c1,92)
(c0,43)
(c9,35)
(c7,31)
(c6,11)
(c8,8)
(c4,2)
(c5,47)
(d0,28)
(d4,72)
(d7,9)
(e2,96)
(e4,73)
(e5,30)
(e0,35)
(e8,55)
(e6,82)
(f2,11)
(f9,45)
(f6,22)
(f7,93)
(f3,41)
(f1,100)
(f0,100)
(f8,9)
(f4,29)
(f5,24)
(g8,84)
(g1,7)
(g0,59)
(g3,90)
(g7,46)
(g4,21)
(g5,65)
(g2,61)
(h5,45)
(h3,77)
(h9,54)
(h0,95)
(h4,100)
(h8,84)
(i9,4)
(i3,80)
(i2,17)
(i7,35)
(i1,74)
(i6,46)
(i4,14)
(i0,51)
(j6,26)
(j8,0)
(j0,73)
(j3,30)
(j1,98)
(j5,91)
(k8,70)
(k1,46)
(k6,54)
(k9,82)
(k4,46)
(l4,10)
(l3,77)
(l6,36)
(l0,82)
(l8,32)
(l2,80)
(l9,67)
(m4,40)
(m6,12)
(m2,11)
(m8,44)
(m1,34)
(m0,71)
(m5,26)
(m7,90)
(m9,86)
(n3,52)
(n2,16)
(n4,34)
(n1,15)
(n0,47)
(n7,28)
(n6,19)
(n9,48)
(n8,40)
(o2,61)
(o5,47)
(o3,10)
(o0,47)
(o6,46)
(o1,23)
(o4,58)
(p0,54)
(p2,55)
(p3,55)
(p5,1)
(p4,81)
(p1,21)
(q1,27)
(q7,2)
(q2,53)
(q8,32)
(q6,80)
(q0,50)
(q9,88)
(q4,58)
(r9,91)
(r4,98)
(r8,2)
(r3,90)
(r5,74)
(s7,24)
(s0,3)
(s5,12)
(s1,29)
(s6,88)
(t7,58)
(t8,6)
(t5,85)
(t3,2)
(t1,42)
(t4,29)
(t0,57)
(t9,55)
(u5,20)
(u7,50)
(u1,81)
(u3,30)
(u6,36)
(u9,92)
(u2,82)
(u4,81)
(u0,17)
(v5,19)
(v4,5)
(v8,11)
(v2,39)
(v3,82)
(v0,90)
(w1,35)
(w5,3)
(w2,51)
(w6,37)
(w0,9)
(w8,82)
(w7,79)
(w9,48)
(x4,57)
(x2,54)
(x1,88)
(y1,15)
(y0,70)
(y5,42)
(y7,95)
(y9,82)
(y3,12)
(y4,4)
(z8,81)
(z9,78)
(z4,22)
(z7,81)
(z6,61)
[(x6,KVSERROR)]
[(q3,KVSERROR)]
Waiting...
[(l2,58)]
[(a6,33)]
(a7,29)
(a1,78)
(a5,4)
(a8,9)
(a3,32)
(a6,33)
(a0,84)
(a9,49)
(a4,76)
(b0,13)
(b3,4)
(b5,65)
(b2,45)
(b4,8)
(b7,75)
(b1,82)
(b6,57)
(c6,99)
(c2,45)
(c1,70)
(c0,43)
(c9,35)
(c7,31)
(c8,76)
(c4,2)
(c5,30)
(d9,75)
(d1,74)
(d0,28)
(d4,14)
(d7,93)
(e9,0)
(e2,96)
(e4,92)
(e5,23)
(e0,35)
(e6,82)
(f0,32)
(f2,11)
(f9,45)
(f6,53)
(f7,93)
(f3,16)
(f1,100)
(f8,9)
(f4,47)
(f5,24)
(g7,67)
(g6,60)
(g8,84)
(g1,7)
(g0,62)
(g3,20)
(g4,21)
(g5,65)
(g2,70)
(h2,67)
(h7,96)
(h5,45)
(h3,49)
(h9,54)
(h0,92)
(h4,100)
(h8,42)
(i5,72)
(i9,4)
(i3,80)
(i2,17)
(i1,26)
(i6,46)
(i4,26)
(i0,51)
(j9,19)
(j7,79)
(j6,26)
(j8,66)
(j0,73)
(j3,30)
(j5,91)
(k0,45)
(k3,73)
(k7,17)
(k8,71)
(k1,46)
(k6,14)
(k9,61)
(k4,78)
(l4,78)
(l6,36)
(l0,36)
(l8,6)
(l2,58)
(l9,28)
(m4,40)
(m2,44)
(m8,44)
(m1,34)
(m0,71)
(m7,90)
(m9,86)
(n3,52)
(n2,16)
(n4,34)
(n1,15)
(n0,91)
(n7,17)
(n6,94)
(n9,98)
(n8,40)
(o8,38)
(o2,74)
(o5,91)
(o3,8)
(o0,47)
(o6,22)
(o1,30)
(o4,58)
(p0,51)
(p2,78)
(p3,55)
(p5,1)
(p4,81)
(p1,88)
(q6,86)
(q5,68)
(q3,75)
(q1,86)
(q7,2)
(q2,64)
(q8,34)
(q0,7)
(q9,88)
(q4,13)
(r2,46)
(r7,86)
(r1,20)
(r9,91)
(r4,85)
(r8,14)
(r3,75)
(r5,83)
(s9,57)
(s7,24)
(s0,3)
(s5,76)
(s1,29)
(s6,88)
(t2,27)
(t8,60)
(t5,85)
(t3,2)
(t1,42)
(t4,90)
(t0,57)
(u5,38)
(u1,81)
(u3,30)
(u6,45)
(u9,92)
(u2,82)
(u4,81)
(u0,17)
(v9,37)
(v7,70)
(v1,57)
(v5,19)
(v4,93)
(v2,39)
(v3,82)
(v0,66)
(w3,25)
(w1,35)
(w5,9)
(w6,37)
(w0,77)
(w8,79)
(w7,28)
(x5,91)
(x8,79)
(x7,79)
(x4,57)
(x2,86)
(x1,99)
(y0,20)
(y5,42)
(y7,8)
(y9,50)
(y3,12)
(y4,4)
(z2,8)
(z8,81)
(z9,78)
(z4,22)
(z7,81)
[(m3,KVSERROR)]
Waiting...
(a4,5)
(a7,29)
(a1,84)
(a8,9)
(a3,32)
(a6,20)
(a0,21)
(a9,53)
(b2,13)
(b6,56)
(b8,21)
(b0,95)
(b3,4)
(b5,65)
(b4,26)
(b7,75)
(b1,82)
(c3,58)
(c6,99)
(c2,52)
(c1,70)
(c0,43)
(c9,35)
(c7,27)
(c8,49)
(c4,2)
(c5,59)
(d2,91)
(d9,96)
(d1,5)
(d4,80)
(e3,83)
(e9,68)
(e2,96)
(e4,92)
(e5,75)
(e0,15)
(e6,78)
(f3,68)
(f0,21)
(f9,8)
(f6,1)
(f7,93)
(f8,64)
(f5,76)
(g7,76)
(g9,7)
(g6,43)
(g8,84)
(g1,28)
(g0,62)
(g3,20)
(g4,48)
(g5,14)
(g2,70)
(h6,47)
(h2,56)
(h7,91)
(h5,45)
(h3,14)
(h9,5)
(h4,100)
(h8,42)
(i7,49)
(i5,49)
(i8,95)
(i9,4)
(i3,80)
(i2,68)
(i1,20)
(i6,46)
(i4,73)
(i0,51)
(j3,47)
(j4,19)
(j2,1)
(j1,42)
(j9,19)
(j7,27)
(j8,66)
(j0,36)
(j5,91)
(k2,77)
(k5,45)
(k0,21)
(k3,73)
(k1,46)
(k9,61)
(k4,1)
(l3,64)
(l5,7)
(l1,7)
(l7,78)
(l4,33)
(l6,63)
(l0,36)
(l8,6)
(l2,58)
(l9,28)
(m8,36)
(m5,9)
(m6,72)
(m4,40)
(m1,34)
(m0,56)
(m7,90)
(n4,63)
(n3,52)
(n2,16)
(n1,15)
(n7,17)
(n9,98)
(n8,92)
(o1,65)
(o7,87)
(o8,35)
(o5,18)
(o6,71)
(p6,15)
(p0,90)
(p3,54)
(p5,19)
(p4,81)
(p1,88)
(q0,21)
(q3,75)
(q7,2)
(q2,56)
(q8,34)
(q9,88)
(q4,31)
(r6,14)
(r0,89)
(r2,46)
(r7,74)
(r1,73)
(r9,91)
(r4,85)
(r8,37)
(r3,75)
(r5,10)
(s0,55)
(s4,40)
(s3,54)
(s9,87)
(s7,24)
(s5,76)
(s1,45)
(s6,87)
(t6,21)
(t7,18)
(t9,77)
(t2,37)
(t8,59)
(t5,51)
(t3,56)
(t1,66)
(t4,90)
(t0,9)
(u5,38)
(u1,81)
(u3,28)
(u6,87)
(u9,48)
(u2,82)
(u4,81)
(v4,29)
(v8,60)
(v9,11)
(v7,70)
(v1,23)
(v5,19)
(v2,39)
(v3,83)
(v0,72)
(w2,76)
(w3,25)
(w5,51)
(w6,37)
(w7,14)
(x9,66)
(x8,54)
(x7,79)
(x4,57)
(x2,96)
(x1,12)
(y2,33)
(y0,53)
(y5,53)
(y7,8)
(y3,23)
(y4,10)
(z0,30)
(z5,16)
(z2,8)
(z8,23)
(z9,60)
(z4,22)
(a4,5)
(a7,29)
(a1,84)
(a8,42)
(a3,32)
(a6,20)
(a0,21)
(a9,53)
(b2,13)
(b6,56)
(b8,21)
(b0,95)
(b3,4)
(b5,65)
(b4,26)
(b7,75)
(b1,82)
(c3,58)
(c6,99)
(c2,52)
(c1,70)
(c0,43)
(c9,35)
(c7,27)
(c8,49)
(c4,2)
(d2,91)
(d9,96)
(d1,5)
(d4,80)
(e3,83)
(e9,68)
(e2,96)
(e4,92)
(e5,75)
(e0,15)
(e6,78)
(f3,68)
(f0,21)
(f9,8)
(f6,1)
(f7,93)
(f8,64)
(f5,76)
(g7,76)
(g9,37)
(g6,43)
(g8,84)
(g1,28)
(g0,81)
(g3,20)
(g4,48)
(g5,14)
(g2,70)
(h6,47)
(h2,56)
(h7,91)
(h5,45)
(h3,14)
(h9,5)
(h4,100)
(h8,42)
(i7,49)
(i5,49)
(i8,95)
(i9,4)
(i3,80)
(i2,68)
(i1,20)
(i6,46)
(i4,73)
(i0,51)
(j3,47)
(j4,19)
(j2,1)
(j1,42)
(j9,19)
(j7,27)
(j8,66)
(j0,36)
(j5,91)
(k2,77)
(k5,45)
(k0,21)
(k3,73)
(k1,52)
(k9,61)
(k4,1)
(l3,64)
(l5,7)
(l1,7)
(l7,78)
(l4,33)
(l6,63)
(l0,36)
(l8,6)
(l9,28)
(m8,36)
(m5,9)
(m6,72)
(m4,40)
(m1,34)
(m0,56)
(m7,90)
(n0,45)
(n4,63)
(n3,52)
(n2,16)
(n1,15)
(n7,17)
(n9,98)
(n8,92)
(o1,65)
(o7,87)
(o8,35)
(o5,18)
(o6,71)
(p6,60)
(p0,90)
(p3,54)
(p5,19)
(p4,81)
(p1,88)
(q0,21)
(q7,27)
(q2,56)
(q8,34)
(q9,88)
(q4,31)
(r6,14)
(r0,89)
(r7,74)
(r1,73)
(r9,91)
(r4,85)
(r8,37)
(r3,75)
(r5,10)
(s0,55)
(s4,40)
(s3,54)
(s9,87)
(s7,24)
(s5,76)
(s1,45)
(s6,87)
(t6,21)
(t7,18)
(t9,77)
(t2,37)
(t8,59)
(t5,51)
(t3,56)
(t1,66)
(t4,90)
(t0,9)
(u5,38)
(u1,81)
(u3,28)
(u6,87)
(u9,48)
(u2,82)
(u4,81)
(v4,29)
(v8,60)
(v9,11)
(v7,70)
(v1,23)
(v5,19)
(v2,78)
(v3,83)
(v0,72)
(w2,76)
(w3,25)
(w5,51)
(w6,37)
(w7,14)
(x9,66)
(x8,54)
(x7,79)
(x4,57)
(x2,96)
(x1,12)
(y2,33)
(y0,53)
(y5,53)
(y7,8)
(y3,23)
(y4,10)
(z0,30)
(z5,16)
(z2,8)
(z8,23)
(z9,60)
(z4,22)
(a4,5)
(a7,29)
(a1,84)
(a8,42)
(a3,32)
(a6,20)
(a0,21)
(a9,53)
(b2,13)
(b6,56)
(b8,21)
(b0,95)
(b3,4)
(b5,65)
(b4,26)
(b7,75)
(b1,82)
(c3,58)
(c6,99)
(c2,52)
(c1,70)
(c0,43)
(c9,35)
(c7,27)
(c8,49)
(c4,2)
(d2,91)
(d9,96)
(d1,5)
(d4,80)
(e3,83)
(e9,68)
(e2,96)
(e4,92)
(e5,75)
(e0,15)
(e6,78)
(f3,68)
(f0,21)
(f9,8)
(f6,1)
(f7,93)
(f8,64)
(f5,76)
(g7,76)
(g9,37)
(g6,43)
(g8,84)
(g1,28)
(g0,81)
(g3,20)
(g4,48)
(g5,14)
(g2,70)
(h6,47)
(h2,56)
(h7,91)
(h5,45)
(h3,14)
(h9,5)
(h4,100)
(h8,42)
(i7,49)
(i5,49)
(i8,95)
(i9,4)
(i3,80)
(i2,68)
(i1,20)
(i6,46)
(i4,73)
(i0,51)
(j3,47)
(j4,19)
(j2,1)
(j1,42)
(j9,19)
(j7,27)
(j8,66)
(j0,36)
(j5,91)
(k2,77)
(k5,45)
(k0,21)
(k3,73)
(k1,52)
(k9,61)
(k4,1)
(l3,64)
(l5,7)
(l1,7)
(l7,78)
(l4,33)
(l6,63)
(l0,36)
(l8,6)
(l9,28)
(m8,36)
(m5,9)
(m6,72)
(m4,40)
(m1,34)
(m0,56)
(m7,90)
(n0,45)
(n4,63)
(n3,52)
(n2,16)
(n1,15)
(n7,17)
(n9,98)
(n8,92)
(o1,65)
(o7,87)
(o8,35)
(o5,18)
(o6,71)
(p6,60)
(p0,90)
(p3,54)
(p5,19)
(p4,81)
(p1,88)
(q0,21)
(q7,27)
(q2,56)
(q8,34)
(q9,88)
(q4,31)
(r6,14)
(r0,89)
(r7,74)
(r1,73)
(r9,91)
(r4,85)
(r8,37)
(r3,75)
(r5,10)
(s0,55)
(s4,40)
(s3,54)
(s9,87)
(s7,24)
(s5,76)
(s1,45)
(s6,87)
(t6,21)
(t7,18)
(t9,77)
(t2,37)
(t8,59)
(t5,51)
(t3,56)
(t1,66)
(t4,90)
(t0,9)
(u5,38)
(u1,81)
(u3,28)
(u6,87)
(u9,48)
(u2,82)
(u4,81)
(v4,29)
(v8,60)
(v9,11)
(v7,70)
(v1,23)
(v5,19)
(v2,78)
(v3,83)
(v0,72)
(w2,76)
(w3,25)
(w5,51)
(w6,37)
(w7,14)
(x9,66)
(x8,54)
(x7,79)
(x4,57)
(x2,96)
(x1,12)
(y2,33)
(y0,53)
(y5,53)
(y7,8)
(y3,23)
(y4,10)
(z0,30)
(z5,16)
(z2,8)
(z8,23)
(z9,60)
(z4,22)
[(g1,28)]
[(x6,KVSMISSING)]
[(s2,KVSMISSING)]
Waiting...
