(b2,8)
(b6,74)
(b1,16)
(b5,76)
(b4,6)
(b3,32)
(c0,35)
(c3,88)
(c5,81)
(c1,85)
(c2,89)
(c4,28)
(d5,99)
(d3,75)
(d1,1)
(d0,93)
(d4,79)
(e6,47)
(e8,24)
(e3,43)
(e7,67)
(e4,58)
(e1,66)
(f1,61)
(f4,63)
(g5,67)
(g2,48)
(g8,94)
(g7,44)
(g0,59)
(h0,53)
(h9,85)
(h6,32)
(h3,10)
(i8,55)
(i9,1)
(i7,52)
(i0,1)
(j4,97)
(j5,54)
(j9,20)
(j1,72)
(j0,41)
(k0,4)
(k6,66)
(k2,90)
(k3,67)
(l4,32)
(l1,6)
(m1,77)
(m2,43)
(m4,75)
(m6,90)
(m9,36)
(n2,33)
(n5,19)
(p8,30)
(p0,9)
(p5,52)
(p7,13)
(q5,75)
(q0,80)
(q2,54)
(r1,75)
(r4,74)
(r5,25)
(r8,88)
(s1,49)
(s6,19)
(s2,25)
(s9,84)
(t4,48)
(t0,11)
(t2,0)
(u2,86)
(u1,10)
(u0,67)
(u3,25)
(v9,91)
(w8,11)
(w7,9)
(w9,66)
(w0,98)
(x6,87)
(x9,49)
(x2,78)
(x5,45)
(x0,57)
(z0,86)
(z9,24)
[(w6,40)]
Waiting...
[(x0,76)]
[(g7,16)]
[(u0,99)]
Waiting...
Waiting...
[(n1,KVSMISSING)]
(a5,9)
(a9,9)
(a4,31)
(a8,58)
(a1,33)
(a2,5)
(a7,51)
(a3,99)
(b4,22)
(b8,46)
(b7,55)
(b1,28)
(b5,10)
(b3,13)
(c2,3)
(c4,87)
(c3,43)
(c5,60)
(c9,39)
(c6,46)
(c8,25)
(c7,44)
(c0,100)
(c1,70)
(d8,97)
(d9,38)
(d6,77)
(d1,96)
(d5,39)
(d2,77)
(d7,91)
(d4,59)
(e9,23)
(e3,38)
(e7,55)
(e5,66)
(e0,22)
(e2,10)
(e8,81)
(f8,60)
(f6,2)
(f5,72)
(f1,4)
(f3,47)
(f2,12)
(f9,78)
(f7,59)
(f4,99)
(g5,69)
(g6,27)
(g8,66)
(g3,22)
(g0,33)
(g9,8)
(h6,47)
(h8,72)
(h7,22)
(h5,78)
(h9,80)
(h2,85)
(i0,40)
(i3,93)
(i7,74)
(i8,91)
(i1,54)
(i9,2)
(i5,50)
(j3,81)
(j9,61)
(j1,85)
(j0,79)
(j5,31)
(j7,53)
(j4,71)
(j8,61)
(j2,53)
(k6,72)
(k0,62)
(k1,99)
(k5,34)
(k8,39)
(k7,45)
(k3,13)
(k9,99)
(k4,50)
(l2,71)
(l0,82)
(l4,65)
(l9,83)
(l3,21)
(l6,93)
(l1,10)
(l8,88)
(l5,91)
(m7,27)
(m1,21)
(m4,29)
(m2,40)
(m3,75)
(m6,11)
(m9,83)
(m0,93)
(m8,92)
(n3,27)
(n7,44)
(n8,87)
(n9,99)
(o4,6)
(o7,15)
(o8,51)
(o2,8)
(o6,55)
(o5,13)
(o0,93)
(p4,22)
(p0,70)
(p1,3)
(p7,10)
(p5,34)
(p3,24)
(q8,92)
(q6,21)
(q7,47)
(q9,32)
(q4,49)
(q2,70)
(q0,5)
(q5,14)
(r0,93)
(r8,19)
(r3,8)
(r1,27)
(r7,71)
(r5,41)
(r9,77)
(s7,91)
(s1,92)
(s5,59)
(s0,96)
(s3,13)
(s8,10)
(s6,16)
(s4,43)
(t1,44)
(t8,4)
(t0,45)
(t6,38)
(t7,95)
(t2,69)
(t4,86)
(t9,49)
(t5,26)
(u3,88)
(u9,56)
(u1,18)
(u7,68)
(u6,32)
(u5,31)
(u0,10)
(u2,60)
(u8,35)
(v7,97)
(v9,46)
(v1,71)
(v6,86)
(v4,74)
(v0,28)
(v5,2)
(w6,23)
(w5,93)
(w4,88)
(w0,23)
(w1,73)
(w2,65)
(w9,86)
(x5,98)
(x9,59)
(x0,20)
(x3,17)
(x1,49)
(x6,27)
(x8,48)
(x4,1)
(x2,1)
(y6,39)
(y1,61)
(y8,69)
(y3,15)
(y4,96)
(y9,60)
(y7,35)
(y2,7)
(z3,80)
(z2,49)
(z6,9)
(z0,18)
(z7,93)
(z9,72)
[(g9,8)]
(a5,9)
(a9,9)
(a4,31)
(a8,58)
(a1,33)
(a2,5)
(a7,51)
(a3,99)
(b4,22)
(b8,46)
(b7,55)
(b1,28)
(b5,10)
(b3,13)
(c2,3)
(c4,87)
(c3,43)
(c5,60)
(c9,39)
(c6,46)
(c8,25)
(c7,44)
(c0,100)
(c1,70)
(d8,97)
(d9,38)
(d6,77)
(d1,96)
(d5,39)
(d2,77)
(d7,91)
(d4,59)
(e9,23)
(e3,38)
(e7,55)
(e5,66)
(e0,22)
(e2,10)
(e8,81)
(f8,60)
(f6,2)
(f5,72)
(f1,4)
(f3,47)
(f2,12)
(f9,78)
(f7,7)
(f4,99)
(g5,69)
(g6,27)
(g8,66)
(g3,22)
(g0,33)
(g9,8)
(h6,47)
(h8,72)
(h7,22)
(h5,78)
(h9,80)
(h2,85)
(i2,13)
(i0,40)
(i3,93)
(i7,74)
(i8,91)
(i1,54)
(i9,2)
(i5,50)
(j3,81)
(j9,61)
(j1,85)
(j0,79)
(j5,31)
(j7,53)
(j4,71)
(j8,61)
(j2,53)
(k6,72)
(k0,62)
(k1,99)
(k5,34)
(k8,39)
(k7,45)
(k3,13)
(k9,99)
(k4,50)
(l2,71)
(l0,82)
(l4,65)
(l9,83)
(l3,21)
(l6,93)
(l1,10)
(l8,88)
(l5,91)
(m7,56)
(m1,21)
(m4,29)
(m2,40)
(m3,75)
(m6,11)
(m9,47)
(m0,93)
(m8,92)
(n3,27)
(n7,44)
(n8,87)
(n9,99)
(o4,6)
(o7,15)
(o8,51)
(o2,8)
(o6,10)
(o5,13)
(o0,93)
(p4,22)
(p0,70)
(p1,3)
(p7,10)
(p5,34)
(p3,24)
(q8,92)
(q6,21)
(q7,47)
(q9,32)
(q4,49)
(q2,70)
(q0,5)
(q5,14)
(r0,93)
(r8,19)
(r3,8)
(r1,27)
(r7,71)
(r5,41)
(r9,77)
(s7,91)
(s1,92)
(s5,59)
(s0,96)
(s3,13)
(s8,10)
(s6,95)
(s4,43)
(t1,44)
(t8,4)
(t0,45)
(t6,38)
(t7,95)
(t2,69)
(t4,86)
(t9,62)
(t5,26)
(u3,88)
(u9,56)
(u1,18)
(u7,68)
(u6,32)
(u5,31)
(u0,10)
(u2,60)
(u8,35)
(v7,97)
(v9,46)
(v1,71)
(v6,86)
(v4,74)
(v0,28)
(v5,2)
(w6,23)
(w5,93)
(w4,88)
(w0,23)
(w1,47)
(w2,65)
(w9,86)
(x5,98)
(x9,59)
(x0,20)
(x3,17)
(x1,49)
(x6,27)
(x8,48)
(x4,1)
(x2,1)
(y6,39)
(y1,61)
(y8,69)
(y3,15)
(y4,96)
(y9,60)
(y7,17)
(y2,7)
(z4,2)
(z3,80)
(z2,49)
(z6,9)
(z0,18)
(z7,93)
(z9,72)
[(s6,95)]
[(u0,10)]
[(g9,8)]
(a5,9)
(a9,9)
(a4,31)
(a8,58)
(a1,33)
(a7,51)
(a3,99)
(b4,22)
(b8,46)
(b7,55)
(b1,28)
(b5,10)
(b3,13)
(c2,3)
(c4,87)
(c3,43)
(c5,60)
(c9,39)
(c6,46)
(c8,25)
(c7,44)
(c0,100)
(c1,70)
(d8,97)
(d9,38)
(d6,77)
(d1,96)
(d5,39)
(d2,77)
(d7,91)
(d4,59)
(e9,23)
(e3,38)
(e7,55)
(e5,66)
(e0,22)
(e2,10)
(e8,81)
(f8,60)
(f5,72)
(f1,4)
(f3,47)
(f2,12)
(f9,78)
(f7,7)
(f4,99)
(g5,69)
(g8,66)
(g3,22)
(g0,33)
(g9,8)
(h6,47)
(h8,72)
(h7,22)
(h5,78)
(h9,80)
(h2,85)
(i2,13)
(i0,40)
(i3,93)
(i7,74)
(i8,91)
(i1,54)
(i9,2)
(i5,50)
(j3,81)
(j9,61)
(j1,85)
(j0,79)
(j5,31)
(j7,53)
(j4,71)
(j8,61)
(j2,53)
(k6,72)
(k0,62)
(k1,99)
(k5,34)
(k8,39)
(k7,45)
(k3,13)
(k9,99)
(k4,50)
(l2,71)
(l0,82)
(l4,65)
(l9,83)
(l3,21)
(l6,93)
(l1,10)
(l8,88)
(l5,91)
(m7,56)
(m1,21)
(m4,29)
(m2,40)
(m3,75)
(m6,11)
(m9,47)
(m0,93)
(m8,92)
(n3,78)
(n7,44)
(n8,87)
(n9,99)
(o4,6)
(o7,15)
(o8,51)
(o2,8)
(o6,10)
(o5,13)
(o0,93)
(p4,22)
(p0,70)
(p1,3)
(p7,10)
(p5,34)
(p3,24)
(q8,92)
(q6,21)
(q7,47)
(q9,32)
(q4,49)
(q2,70)
(q0,5)
(q5,14)
(r0,93)
(r8,19)
(r3,8)
(r1,27)
(r7,71)
(r5,41)
(r9,77)
(s7,91)
(s1,92)
(s5,59)
(s0,96)
(s3,13)
(s8,10)
(s6,95)
(s4,43)
(t1,44)
(t8,4)
(t0,45)
(t6,44)
(t7,95)
(t2,69)
(t4,86)
(t9,62)
(t5,26)
(u5,0)
(u3,88)
(u9,56)
(u1,18)
(u7,68)
(u6,32)
(u0,10)
(u2,60)
(u8,35)
(v7,97)
(v9,46)
(v1,71)
(v6,86)
(v4,74)
(v0,28)
(v5,2)
(w5,93)
(w4,88)
(w0,23)
(w1,47)
(w2,65)
(w9,86)
(x5,98)
(x9,59)
(x0,20)
(x3,17)
(x1,49)
(x6,27)
(x8,48)
(x4,1)
(x2,1)
(y6,39)
(y1,61)
(y8,69)
(y3,15)
(y4,96)
(y9,60)
(y7,17)
(y2,7)
(z4,2)
(z3,80)
(z2,49)
(z0,18)
(z7,93)
(z9,72)
[(o0,93)]
[(w7,KVSMISSING)]
[(v6,51)]
Waiting...
(a1,3)
(a0,59)
(a2,4)
(a7,7)
(a6,67)
(a5,34)
(a9,29)
(a8,17)
(b0,4)
(b1,48)
(b4,85)
(b6,16)
(b9,30)
(b8,24)
(b2,60)
(b7,55)
(b5,17)
(b3,29)
(c4,59)
(c1,34)
(c2,84)
(c3,43)
(c9,41)
(c6,0)
(c8,34)
(c7,85)
(c0,5)
(d8,27)
(d3,11)
(d7,86)
(d9,45)
(d6,86)
(d5,13)
(d4,20)
(e3,74)
(e0,9)
(e6,41)
(e5,36)
(e8,51)
(e2,77)
(e1,72)
(f0,68)
(f5,26)
(f2,92)
(f9,65)
(f8,60)
(f3,47)
(f4,41)
(g3,67)
(g4,100)
(g8,17)
(g6,55)
(g9,36)
(g1,13)
(g7,52)
(g2,89)
(h1,30)
(h4,61)
(h0,34)
(h5,86)
(h3,1)
(h6,51)
(h8,58)
(h7,22)
(h9,48)
(h2,36)
(i4,67)
(i5,27)
(i0,100)
(i2,35)
(i7,31)
(i6,6)
(i8,43)
(i1,18)
(i9,47)
(j9,20)
(j1,95)
(j0,88)
(j7,12)
(j4,25)
(j8,71)
(k1,29)
(k5,46)
(k6,70)
(k2,39)
(k8,78)
(k7,52)
(k9,73)
(k4,68)
(l0,69)
(l7,95)
(l8,88)
(l9,90)
(l3,94)
(l1,59)
(l5,1)
(m7,49)
(m2,74)
(m5,49)
(m4,49)
(m3,34)
(m9,59)
(m0,90)
(n3,14)
(n9,44)
(n4,60)
(n7,34)
(n2,41)
(n6,81)
(n0,51)
(n5,37)
(n1,26)
(n8,45)
(o0,56)
(o1,6)
(o5,32)
(o7,20)
(o9,97)
(o3,54)
(o4,6)
(o2,70)
(o6,89)
(p2,74)
(p6,41)
(p8,2)
(p3,74)
(p0,18)
(p9,61)
(p1,34)
(p7,40)
(p5,89)
(q9,78)
(q0,23)
(q4,56)
(q1,11)
(q8,92)
(q2,10)
(q5,8)
(r2,32)
(r3,22)
(r6,79)
(r4,68)
(r0,84)
(r5,41)
(s1,50)
(s0,73)
(s5,42)
(s9,48)
(s7,91)
(s4,94)
(t4,60)
(t7,63)
(t9,22)
(t6,32)
(t8,57)
(t0,70)
(t1,74)
(t2,18)
(t5,80)
(u7,48)
(u6,46)
(u1,34)
(u4,21)
(u5,5)
(u3,51)
(u9,78)
(v0,44)
(v2,61)
(v5,71)
(v8,72)
(v4,86)
(w5,36)
(w3,76)
(w7,75)
(w8,53)
(w6,55)
(w0,31)
(w2,24)
(w9,86)
(x9,66)
(x5,88)
(x8,41)
(x1,21)
(x3,54)
(x7,76)
(x6,51)
(x2,15)
(y5,52)
(y7,40)
(y6,85)
(y1,29)
(y8,75)
(y3,30)
(y4,88)
(y2,3)
(z4,86)
(z5,0)
(z8,49)
(z1,48)
(z3,23)
(z2,49)
(z0,2)
(z7,44)
[(q7,KVSERROR)]
[(r7,KVSERROR)]
[(e9,KVSERROR)]
[(u6,6)]
Waiting...
[(t4,22)]
[(w3,15)]
[(m7,KVSERROR)]
[(z4,45)]
[(u8,11)]
[(z9,KVSMISSING)(g9,KVSMISSING)]
[(x1,KVSMISSING)]
[(k2,KVSMISSING)(m1,KVSMISSING)]
