Waiting...
(a8,9)
(a3,32)
(a7,39)
(a6,54)
(a0,84)
(a9,49)
(a4,88)
(b8,30)
(b0,92)
(b3,4)
(b5,39)
(b9,87)
(b2,45)
(b4,71)
(b7,75)
(b1,82)
(b6,57)
(c1,84)
(c0,43)
(c9,97)
(c7,31)
(c6,11)
(c8,8)
(c4,2)
(c5,47)
(d9,77)
(d0,28)
(d4,72)
(d7,9)
(e2,12)
(e4,73)
(e5,30)
(e0,35)
(e8,55)
(e6,86)
(f2,11)
(f9,45)
(f6,22)
(f7,93)
(f3,41)
(f1,38)
(f0,96)
(f8,9)
(f4,29)
(f5,24)
(g1,60)
(g0,95)
(g3,90)
(g7,29)
(g4,21)
(g5,13)
(g2,61)
(h7,19)
(h5,45)
(h3,77)
(h9,54)
(h0,95)
(h4,100)
(h8,34)
(i9,4)
(i3,80)
(i2,17)
(i7,87)
(i1,93)
(i6,82)
(i8,81)
(i4,14)
(i0,51)
(j6,50)
(j0,73)
(j3,97)
(j1,98)
(j5,91)
(k8,44)
(k1,95)
(k0,12)
(k6,54)
(k9,82)
(k4,46)
(l3,77)
(l6,71)
(l5,24)
(l4,9)
(l0,82)
(l8,32)
(l1,29)
(l2,6)
(l9,67)
(m4,40)
(m6,84)
(m2,77)
(m8,63)
(m1,34)
(m0,0)
(m5,26)
(m7,90)
(m9,66)
(n3,52)
(n2,16)
(n4,59)
(n1,15)
(n0,33)
(n7,28)
(n6,19)
(n9,48)
(n8,40)
(o2,61)
(o5,32)
(o3,10)
(o7,13)
(o0,47)
(o6,46)
(o1,23)
(o4,58)
(o9,74)
(p0,56)
(p6,53)
(p2,21)
(p3,50)
(p5,1)
(p9,50)
(p4,81)
(p8,37)
(p1,21)
(q7,2)
(q2,12)
(q8,32)
(q6,17)
(q0,50)
(q9,88)
(q4,58)
(r8,45)
(r3,14)
(r7,5)
(r5,74)
(s0,3)
(s8,44)
(s5,12)
(s1,29)
(s6,89)
(t8,6)
(t5,85)
(t3,2)
(t1,42)
(t4,29)
(t0,57)
(t9,3)
(u7,50)
(u1,81)
(u3,31)
(u6,36)
(u9,92)
(u2,82)
(u4,81)
(u0,17)
(v8,11)
(v6,9)
(v2,84)
(v3,77)
(v0,90)
(w1,35)
(w5,69)
(w2,51)
(w6,37)
(w0,90)
(w8,82)
(w7,18)
(w9,48)
(x7,33)
(x4,57)
(x6,30)
(x5,56)
(x2,54)
(x1,88)
(y1,77)
(y0,70)
(y5,42)
(y7,95)
(y9,82)
(y3,27)
(y4,4)
(z8,81)
(z9,78)
(z4,22)
(z1,24)
(z7,81)
(z6,61)
[(d9,77)]
[(l4,97)]
[(k8,70)]
[(a3,32)]
[(m6,17)]
Waiting...
[(r3,90)]
[(b8,KVSERROR)]
Waiting...
[(x5,KVSMISSING)]
(a4,5)
(a7,29)
(a1,84)
(a5,9)
(a8,9)
(a3,32)
(a6,20)
(a0,21)
(a9,53)
(b6,56)
(b8,21)
(b0,95)
(b3,4)
(b5,65)
(b4,26)
(b7,75)
(b1,82)
(c3,58)
(c6,99)
(c2,52)
(c1,70)
(c0,43)
(c9,35)
(c7,27)
(c8,49)
(c4,2)
(c5,59)
(d2,91)
(d9,12)
(d1,5)
(d4,80)
(e3,83)
(e9,68)
(e2,96)
(e4,92)
(e5,75)
(e0,95)
(e6,78)
(f3,68)
(f0,21)
(f9,8)
(f6,1)
(f7,93)
(f8,64)
(f5,24)
(g7,74)
(g9,7)
(g6,43)
(g8,84)
(g1,28)
(g0,62)
(g3,20)
(g4,48)
(g5,14)
(g2,70)
(h6,47)
(h2,56)
(h7,91)
(h5,45)
(h3,14)
(h9,5)
(h4,100)
(h8,42)
(i7,49)
(i5,49)
(i8,95)
(i9,4)
(i3,80)
(i2,17)
(i1,20)
(i6,46)
(i4,73)
(i0,51)
(j2,1)
(j1,79)
(j9,19)
(j7,27)
(j8,66)
(j0,73)
(j5,91)
(k2,77)
(k5,45)
(k0,21)
(k3,73)
(k1,46)
(k9,61)
(k4,1)
(l5,7)
(l1,7)
(l7,78)
(l4,33)
(l6,63)
(l0,36)
(l8,6)
(l2,58)
(l9,28)
(m8,36)
(m5,9)
(m6,72)
(m4,40)
(m1,34)
(m0,56)
(m7,90)
(n3,52)
(n2,16)
(n1,15)
(n7,17)
(n9,98)
(n8,23)
(o1,65)
(o7,87)
(o8,38)
(o5,18)
(o6,22)
(o4,77)
(p6,15)
(p0,90)
(p3,54)
(p5,19)
(p4,81)
(p1,88)
(q6,86)
(q3,75)
(q7,2)
(q2,56)
(q8,34)
(q9,88)
(q4,31)
(r6,14)
(r0,89)
(r2,46)
(r7,74)
(r1,73)
(r9,91)
(r4,85)
(r8,37)
(r3,75)
(r5,10)
(s0,55)
(s4,40)
(s3,54)
(s9,87)
(s7,24)
(s5,76)
(s1,45)
(s6,87)
(t6,43)
(t7,18)
(t9,77)
(t2,37)
(t8,59)
(t5,51)
(t3,2)
(t1,66)
(t4,90)
(t0,9)
(u5,38)
(u1,81)
(u3,28)
(u6,87)
(u9,92)
(u2,82)
(u4,81)
(v4,29)
(v8,60)
(v9,11)
(v7,70)
(v1,23)
(v5,19)
(v2,39)
(v3,83)
(v0,72)
(w2,76)
(w3,25)
(w5,51)
(w6,37)
(w0,49)
(w7,14)
(x9,66)
(x8,54)
(x7,79)
(x4,57)
(x2,96)
(x1,12)
(y0,53)
(y5,53)
(y7,8)
(y3,23)
(y4,10)
(z0,30)
(z5,16)
(z2,8)
(z8,23)
(z9,47)
(z4,22)
[(y3,23)]
[(g0,62)]
[(e6,78)]
Waiting...
Waiting...
[(z1,KVSMISSING)]
[(o2,KVSERROR)]
(a2,50)
(a7,29)
(a1,84)
(a8,26)
(a3,32)
(a0,48)
(a9,53)
(b2,13)
(b6,56)
(b8,78)
(b0,45)
(b3,4)
(b5,14)
(b4,53)
(b7,15)
(b1,6)
(c5,16)
(c3,58)
(c6,99)
(c2,43)
(c1,96)
(c0,43)
(c9,35)
(c7,27)
(c8,49)
(c4,2)
(d2,3)
(d9,96)
(d1,77)
(d4,25)
(e1,68)
(e3,83)
(e9,68)
(e2,96)
(e4,71)
(e5,61)
(e0,15)
(e6,78)
(f3,41)
(f0,21)
(f9,74)
(f6,1)
(f7,61)
(f8,64)
(g7,76)
(g6,43)
(g8,77)
(g3,20)
(g4,48)
(g5,68)
(g2,70)
(h6,47)
(h2,60)
(h7,83)
(h5,45)
(h3,14)
(h9,5)
(h4,100)
(h8,42)
(i1,65)
(i7,49)
(i5,49)
(i9,4)
(i3,83)
(i2,68)
(i6,46)
(i4,73)
(i0,51)
(j6,21)
(j4,19)
(j2,1)
(j9,19)
(j7,27)
(j8,66)
(j0,54)
(j5,91)
(k2,77)
(k5,69)
(k0,21)
(k3,73)
(k1,74)
(k9,61)
(k4,1)
(l3,65)
(l5,7)
(l1,31)
(l7,78)
(l4,33)
(l6,63)
(l0,33)
(l8,6)
(l9,28)
(m8,6)
(m5,9)
(m6,72)
(m4,68)
(m1,34)
(m0,56)
(m7,90)
(n9,46)
(n6,82)
(n1,21)
(n0,45)
(n4,28)
(n3,52)
(n2,16)
(n8,92)
(o9,76)
(o1,65)
(o7,93)
(o5,58)
(o6,46)
(p6,16)
(p0,90)
(p3,54)
(p5,19)
(p1,88)
(q6,2)
(q0,35)
(q8,34)
(q9,88)
(q4,31)
(r6,14)
(r0,89)
(r7,74)
(r1,7)
(r9,91)
(r4,85)
(r8,91)
(r3,75)
(r5,10)
(s8,41)
(s0,55)
(s4,40)
(s3,54)
(s9,87)
(s7,24)
(s5,76)
(s1,45)
(s6,87)
(t6,21)
(t7,18)
(t9,77)
(t2,31)
(t8,59)
(t5,51)
(t3,56)
(t1,66)
(t4,90)
(t0,9)
(u7,63)
(u5,38)
(u1,81)
(u3,28)
(u6,87)
(u9,48)
(u2,82)
(u4,25)
(v4,29)
(v8,60)
(v9,11)
(v7,70)
(v1,23)
(v5,19)
(v3,83)
(v0,72)
(w2,76)
(w3,86)
(w5,32)
(w6,37)
(w7,24)
(x8,54)
(x7,3)
(x4,57)
(x2,96)
(x1,74)
(y6,47)
(y1,19)
(y2,33)
(y0,23)
(y5,76)
(y7,8)
(y3,23)
(y4,10)
(z6,36)
(z0,30)
(z5,16)
(z2,74)
(z8,23)
(z9,60)
(z4,22)
[(o7,93)]
[(h8,42)]
(a2,50)
(a7,29)
(a1,84)
(a8,26)
(a3,32)
(a0,48)
(a9,53)
(b2,13)
(b6,56)
(b8,78)
(b0,45)
(b3,4)
(b5,14)
(b4,53)
(b7,15)
(b1,6)
(c5,16)
(c3,58)
(c6,99)
(c2,43)
(c1,96)
(c0,43)
(c9,35)
(c7,27)
(c8,49)
(c4,2)
(d2,3)
(d9,96)
(d1,77)
(d4,25)
(e1,68)
(e3,83)
(e9,68)
(e2,96)
(e4,71)
(e5,61)
(e6,78)
(f3,41)
(f0,21)
(f9,74)
(f6,1)
(f7,61)
(f8,64)
(g7,76)
(g6,43)
(g8,77)
(g3,20)
(g4,48)
(g5,68)
(g2,70)
(h6,47)
(h2,60)
(h7,83)
(h5,45)
(h3,14)
(h9,5)
(h4,100)
(h8,42)
(i1,65)
(i7,49)
(i5,49)
(i9,4)
(i3,83)
(i2,68)
(i6,46)
(i4,73)
(i0,51)
(j6,21)
(j4,19)
(j2,1)
(j9,19)
(j7,27)
(j8,66)
(j0,54)
(j5,91)
(k2,77)
(k5,69)
(k0,21)
(k3,73)
(k1,74)
(k9,61)
(k4,1)
(l3,65)
(l5,7)
(l1,31)
(l7,78)
(l4,33)
(l6,63)
(l0,33)
(l8,6)
(l9,28)
(m8,6)
(m5,9)
(m6,72)
(m4,68)
(m1,97)
(m0,56)
(m7,90)
(n9,46)
(n6,82)
(n1,21)
(n0,45)
(n4,28)
(n3,52)
(n2,16)
(n8,92)
(o9,76)
(o1,65)
(o7,93)
(o5,58)
(o6,46)
(p4,83)
(p6,16)
(p0,90)
(p3,54)
(p5,19)
(p1,88)
(q6,2)
(q0,35)
(q8,34)
(q9,88)
(q4,31)
(r6,14)
(r0,89)
(r7,74)
(r1,7)
(r9,91)
(r4,85)
(r8,91)
(r3,75)
(r5,10)
(s8,41)
(s0,55)
(s4,40)
(s3,54)
(s9,87)
(s7,24)
(s5,76)
(s1,45)
(s6,87)
(t6,21)
(t7,18)
(t9,77)
(t2,31)
(t8,59)
(t5,51)
(t3,56)
(t1,66)
(t4,90)
(t0,9)
(u7,63)
(u5,38)
(u1,81)
(u3,28)
(u6,87)
(u9,48)
(u2,82)
(u4,25)
(v4,29)
(v8,60)
(v9,11)
(v7,70)
(v1,23)
(v5,19)
(v3,83)
(v0,72)
(w2,76)
(w3,86)
(w5,32)
(w6,37)
(x8,54)
(x7,3)
(x4,57)
(x2,96)
(x1,74)
(y6,47)
(y1,19)
(y2,33)
(y0,23)
(y5,76)
(y7,8)
(y3,23)
(y4,10)
(z6,36)
(z0,30)
(z5,16)
(z2,74)
(z8,23)
(z9,60)
(z4,22)
[(s6,87)]
[(l3,65)]
[(q0,35)]
[(a5,KVSMISSING)]
[(n0,45)]
[(h6,47)]
[(l5,7)]
[(z2,74)]
[(u4,98)]
[(o7,93)]
[(j1,KVSMISSING)]
