[(t7,52)]
(a9,86)
(a3,88)
(a8,25)
(a7,8)
(a4,73)
(a5,4)
(a6,54)
(a1,88)
(a2,86)
(b8,70)
(b3,41)
(b6,10)
(b0,28)
(b1,43)
(b7,44)
(b5,79)
(b9,29)
(c3,89)
(c4,45)
(c5,7)
(c2,60)
(c1,15)
(c6,29)
(c0,78)
(c7,92)
(c8,84)
(d2,44)
(d9,63)
(d6,42)
(d4,37)
(d3,81)
(d0,64)
(d5,85)
(e7,30)
(e2,42)
(e8,77)
(e6,19)
(e9,3)
(e4,59)
(f9,55)
(f7,97)
(f4,99)
(f8,66)
(f5,52)
(f1,48)
(f6,95)
(g3,32)
(g9,8)
(g1,30)
(g4,41)
(g0,99)
(g2,24)
(g7,55)
(h5,6)
(h9,41)
(h8,43)
(h6,77)
(h0,42)
(h2,94)
(i2,83)
(i8,100)
(i5,58)
(i4,63)
(i6,70)
(i3,2)
(i1,56)
(j2,71)
(j3,1)
(j6,89)
(j9,14)
(j8,21)
(j5,72)
(j1,3)
(j0,51)
(k2,97)
(k5,61)
(k8,9)
(k3,55)
(k0,98)
(k7,97)
(k9,17)
(k1,45)
(k6,16)
(l9,6)
(l1,78)
(l3,27)
(l8,38)
(l2,48)
(l7,22)
(m7,81)
(m1,57)
(m0,79)
(m8,51)
(m9,68)
(m2,84)
(m4,71)
(n4,60)
(n0,80)
(n5,49)
(n2,47)
(n1,50)
(n6,59)
(n8,0)
(o0,9)
(o7,31)
(o6,79)
(o5,26)
(o3,19)
(p0,47)
(p6,41)
(p2,58)
(p1,16)
(p9,53)
(p4,53)
(p3,80)
(p7,66)
(q3,34)
(q2,39)
(q0,94)
(q9,76)
(q1,74)
(q6,86)
(q7,73)
(q4,65)
(q8,5)
(r8,21)
(r9,64)
(r5,54)
(r6,21)
(r2,68)
(r3,20)
(r4,75)
(r0,37)
(r1,16)
(s3,50)
(s9,53)
(s8,88)
(t9,38)
(t5,1)
(t3,17)
(t6,6)
(t2,93)
(t1,31)
(t4,96)
(t7,52)
(u8,73)
(u6,28)
(u9,16)
(u1,23)
(u5,87)
(u4,60)
(u0,97)
(u7,78)
(v9,81)
(v6,72)
(v3,81)
(v8,100)
(v0,87)
(v2,62)
(v1,49)
(v5,7)
(w4,77)
(w2,87)
(w0,45)
(w9,98)
(w1,42)
(w8,32)
(w6,94)
(w3,10)
(x9,74)
(x0,44)
(x3,72)
(x5,4)
(x6,91)
(x7,7)
(x2,43)
(y3,36)
(y0,60)
(y5,74)
(y6,99)
(y9,78)
(y7,91)
(y1,60)
(y4,95)
(y8,29)
(z9,52)
(z2,25)
(z7,36)
(z0,9)
(z3,27)
(z6,19)
(z4,53)
(z1,2)
[(t7,52)]
[(x9,74)]
Waiting...
[(p5,85)]
[(d9,30)]
[(x1,60)]
Waiting...
[(x9,59)]
[(s6,93)]
[(p5,85)]
[(z6,81)]
Waiting...
[(k5,86)]
[(x7,76)]
[(k3,6)]
Waiting...
[(t7,0)]
[(k3,33)]
[(s9,80)]
[(b3,KVSMISSING)]
(a0,54)
(a9,23)
(a5,20)
(a6,80)
(a1,65)
(a8,3)
(a4,74)
(b1,29)
(b6,18)
(b8,50)
(b0,87)
(b4,89)
(c3,9)
(c2,54)
(c7,18)
(c4,88)
(c1,65)
(c5,12)
(c0,57)
(d3,41)
(d1,4)
(d4,75)
(d2,15)
(d7,9)
(d9,77)
(d6,22)
(e7,53)
(e8,82)
(e9,39)
(e4,92)
(e1,38)
(e6,41)
(e2,56)
(e5,48)
(f8,9)
(f4,11)
(f9,51)
(f2,62)
(f3,60)
(f5,94)
(g7,28)
(g9,4)
(g4,95)
(g0,39)
(g3,95)
(g2,57)
(h2,28)
(h6,30)
(h3,15)
(h5,23)
(h4,43)
(h8,68)
(h9,100)
(h7,21)
(h1,7)
(i1,34)
(i6,29)
(i8,62)
(i4,83)
(i9,76)
(i0,76)
(i2,12)
(i5,14)
(j8,81)
(j0,20)
(j3,18)
(j2,36)
(j1,98)
(j7,65)
(j5,60)
(k6,20)
(k2,46)
(k1,100)
(k8,85)
(k5,86)
(k0,49)
(l6,96)
(l7,96)
(l1,66)
(l2,48)
(l3,61)
(l9,84)
(m7,32)
(m3,97)
(m9,78)
(m2,78)
(n1,55)
(n7,28)
(n0,77)
(n6,70)
(n9,62)
(n8,81)
(n4,18)
(o0,68)
(o6,51)
(o1,82)
(o4,66)
(o8,93)
(o9,60)
(o2,58)
(p2,53)
(p3,44)
(p9,86)
(p0,46)
(p4,75)
(p8,2)
(p1,62)
(p7,66)
(q2,63)
(q1,74)
(q7,5)
(q5,36)
(q9,52)
(q3,69)
(q8,26)
(q4,39)
(r9,65)
(r6,35)
(r7,33)
(r8,73)
(r5,61)
(r4,17)
(s2,28)
(s9,80)
(s3,70)
(s8,88)
(s5,81)
(s6,17)
(s4,96)
(t4,20)
(t2,57)
(t0,13)
(t9,53)
(t1,6)
(t3,46)
(t5,56)
(t7,0)
(u1,57)
(u8,93)
(u2,24)
(u4,28)
(u0,70)
(v9,56)
(v2,54)
(v4,67)
(v3,87)
(v6,78)
(v8,11)
(v0,85)
(v5,69)
(v1,46)
(w1,7)
(w2,13)
(w5,85)
(w7,51)
(w6,21)
(w4,12)
(w3,30)
(w9,55)
(x2,48)
(x4,28)
(x6,73)
(x9,52)
(x0,16)
(x8,7)
(x1,38)
(x7,96)
(x3,65)
(y7,71)
(y9,21)
(y2,47)
(y3,3)
(y4,5)
(y8,48)
(z8,72)
(z3,70)
(z2,43)
(z4,82)
(z0,27)
(z6,45)
(z5,29)
(z7,18)
[(p9,86)]
(a0,54)
(a9,23)
(a5,20)
(a6,80)
(a1,65)
(a8,3)
(a4,74)
(b1,29)
(b6,18)
(b8,50)
(b0,87)
(b4,89)
(c3,9)
(c2,54)
(c7,18)
(c4,88)
(c1,65)
(c5,12)
(c0,57)
(d3,41)
(d1,4)
(d4,75)
(d2,15)
(d7,9)
(d9,77)
(d6,22)
(e7,53)
(e8,82)
(e9,39)
(e4,92)
(e1,38)
(e6,41)
(e2,56)
(e5,48)
(f7,95)
(f8,9)
(f4,11)
(f9,51)
(f2,62)
(f3,60)
(f5,94)
(g7,28)
(g9,4)
(g4,95)
(g0,39)
(g3,95)
(g2,57)
(h2,28)
(h6,30)
(h3,15)
(h5,23)
(h4,43)
(h8,68)
(h9,100)
(h7,21)
(h1,7)
(i1,34)
(i6,29)
(i8,62)
(i4,83)
(i9,76)
(i0,76)
(i2,12)
(i5,68)
(j8,81)
(j0,20)
(j3,18)
(j2,36)
(j1,98)
(j7,65)
(j5,60)
(k6,20)
(k2,46)
(k1,100)
(k8,85)
(k5,86)
(k0,49)
(l6,96)
(l7,96)
(l1,66)
(l2,48)
(l3,61)
(l9,84)
(m7,32)
(m3,97)
(m9,78)
(m2,78)
(n1,55)
(n7,28)
(n0,77)
(n6,70)
(n9,62)
(n8,81)
(n4,18)
(o0,68)
(o6,51)
(o1,82)
(o4,66)
(o8,93)
(o9,60)
(o2,58)
(p2,53)
(p3,12)
(p9,86)
(p0,46)
(p4,75)
(p8,2)
(p1,62)
(p7,66)
(q2,63)
(q1,74)
(q7,5)
(q5,83)
(q9,52)
(q3,69)
(q8,26)
(q4,39)
(r9,65)
(r6,35)
(r7,33)
(r8,73)
(r5,61)
(r4,17)
(s2,28)
(s9,80)
(s3,70)
(s8,88)
(s5,81)
(s6,17)
(s4,96)
(t4,20)
(t2,57)
(t0,13)
(t9,53)
(t1,6)
(t3,46)
(t5,56)
(t7,0)
(u1,57)
(u8,93)
(u2,24)
(u4,28)
(u0,70)
(v9,56)
(v2,54)
(v4,67)
(v3,87)
(v6,78)
(v8,11)
(v0,85)
(v5,69)
(v1,46)
(w8,25)
(w1,7)
(w2,13)
(w5,85)
(w7,51)
(w6,21)
(w4,12)
(w3,30)
(w9,55)
(x2,48)
(x4,28)
(x6,73)
(x9,52)
(x0,16)
(x8,7)
(x1,38)
(x7,96)
(x3,65)
(y7,71)
(y9,21)
(y2,47)
(y3,3)
(y4,5)
(y8,48)
(z8,72)
(z3,70)
(z2,43)
(z4,82)
(z0,27)
(z6,45)
(z5,29)
(z7,18)
Waiting...
Waiting...
[(m7,90)]
[(g4,21)]
[(q5,KVSMISSING)]
