[(s5,24)]
(a3,20)
(a9,87)
(a6,11)
(b9,48)
(b2,87)
(b8,67)
(b0,82)
(b6,14)
(b1,16)
(b4,100)
(b3,32)
(c3,10)
(c5,81)
(c1,85)
(c2,89)
(c4,28)
(d8,79)
(d9,0)
(d5,99)
(d3,75)
(d1,1)
(d0,27)
(d4,79)
(e0,96)
(e8,24)
(e3,43)
(e7,67)
(e4,85)
(e1,66)
(f0,30)
(f5,18)
(f8,87)
(f2,56)
(f1,22)
(f4,63)
(g1,44)
(g4,24)
(g9,56)
(g5,67)
(g2,48)
(g8,8)
(g7,68)
(g0,59)
(h5,16)
(h0,79)
(h6,32)
(h3,78)
(i5,53)
(i8,55)
(i7,52)
(i0,1)
(j5,7)
(j8,95)
(j4,97)
(j9,20)
(j1,72)
(j0,41)
(k9,6)
(k6,66)
(k2,90)
(k3,67)
(l1,14)
(l5,12)
(l9,35)
(m8,62)
(m1,77)
(m4,16)
(m6,90)
(m9,36)
(n3,63)
(n2,7)
(n5,65)
(o1,20)
(o0,15)
(o2,49)
(p9,99)
(p6,71)
(p8,30)
(p0,9)
(p5,49)
(p7,13)
(q8,73)
(q5,75)
(q2,54)
(r2,93)
(r3,15)
(r1,75)
(r4,74)
(r5,25)
(r8,88)
(s5,24)
(s1,49)
(s9,4)
(t9,61)
(t6,68)
(t4,29)
(t0,11)
(t2,0)
(u2,38)
(u1,10)
(u0,67)
(u3,25)
(v5,13)
(v9,91)
(w6,31)
(w1,0)
(w8,11)
(w7,9)
(w9,66)
(x3,37)
(x7,57)
(x6,87)
(x9,49)
(x2,78)
(x5,91)
(x0,57)
(y9,92)
(y2,16)
(y7,8)
(z4,67)
(z2,72)
(z0,86)
(z9,24)
[(l1,14)]
Waiting...
(a4,90)
(a8,98)
(a7,10)
(a3,38)
(a9,21)
(a6,54)
(b2,78)
(b1,98)
(b8,65)
(b7,4)
(b0,23)
(b4,53)
(b9,12)
(b5,68)
(b3,32)
(c3,11)
(c4,93)
(c8,93)
(c9,6)
(c7,84)
(c0,21)
(c5,40)
(c1,68)
(c2,75)
(d2,3)
(d7,60)
(d6,20)
(d1,29)
(d0,86)
(d5,73)
(d4,91)
(e2,14)
(e9,20)
(e1,63)
(e7,74)
(e6,13)
(e4,48)
(f3,51)
(f6,49)
(f7,12)
(f4,38)
(f8,81)
(g4,69)
(g7,56)
(g3,75)
(g6,4)
(g1,66)
(g5,17)
(g8,30)
(h7,61)
(h4,65)
(h6,45)
(h5,66)
(h9,52)
(h2,33)
(h8,94)
(h0,93)
(h3,2)
(i5,36)
(i3,38)
(i8,63)
(i4,66)
(i9,62)
(i2,1)
(i0,1)
(j2,72)
(j9,87)
(j1,45)
(j7,96)
(j5,88)
(j6,2)
(j0,25)
(k9,4)
(k8,67)
(k7,50)
(k2,93)
(k3,49)
(k4,39)
(l1,88)
(l5,16)
(l9,3)
(l3,59)
(l0,81)
(l6,62)
(l7,90)
(m5,4)
(m4,66)
(m8,68)
(m7,84)
(m3,61)
(m2,34)
(m1,65)
(n5,63)
(n9,80)
(n7,55)
(n0,34)
(n2,35)
(n8,88)
(n6,76)
(n1,58)
(n3,14)
(o6,44)
(o9,4)
(o3,32)
(o5,42)
(o8,50)
(o4,56)
(o7,21)
(o1,49)
(o0,2)
(o2,60)
(p9,12)
(p4,85)
(p7,2)
(p3,72)
(p6,80)
(p5,18)
(p8,77)
(p1,49)
(q3,6)
(q7,99)
(q4,57)
(q8,76)
(q9,38)
(q0,31)
(q2,87)
(r3,68)
(r5,39)
(r4,73)
(r1,39)
(r0,53)
(r8,69)
(r7,24)
(r9,94)
(r2,0)
(s8,56)
(s6,12)
(s0,16)
(s7,56)
(s3,85)
(s4,82)
(s5,52)
(s1,80)
(s9,7)
(t7,10)
(t5,58)
(t2,10)
(t3,95)
(t4,67)
(t1,74)
(t8,73)
(t9,46)
(t6,68)
(u0,27)
(u2,43)
(u9,66)
(u8,85)
(u3,81)
(u1,95)
(u7,84)
(u4,16)
(v2,9)
(v1,30)
(v6,10)
(v4,25)
(v7,99)
(v0,40)
(v8,17)
(v5,30)
(v9,5)
(w2,26)
(w1,96)
(w4,56)
(w6,73)
(w8,59)
(w9,73)
(x3,47)
(x8,100)
(x5,59)
(x6,97)
(x0,42)
(x4,68)
(x9,46)
(x2,97)
(y1,82)
(y4,6)
(y0,60)
(y5,35)
(y6,12)
(y2,28)
(y7,15)
(z4,31)
(z7,16)
(z3,34)
(z6,12)
(z5,85)
(z2,11)
(z9,25)
(a4,90)
(a8,98)
(a7,10)
(a3,38)
(a9,21)
(a6,54)
(b2,78)
(b1,98)
(b8,65)
(b7,43)
(b0,23)
(b4,53)
(b5,68)
(b3,32)
(c3,11)
(c4,93)
(c8,93)
(c9,6)
(c7,84)
(c0,21)
(c5,40)
(c1,68)
(c2,75)
(d2,3)
(d7,60)
(d6,20)
(d1,29)
(d0,86)
(d5,73)
(d4,91)
(e2,14)
(e9,20)
(e1,63)
(e7,74)
(e6,13)
(e4,48)
(f0,69)
(f3,40)
(f6,22)
(f7,12)
(f4,38)
(f8,81)
(g4,69)
(g7,56)
(g3,75)
(g6,4)
(g1,66)
(g5,17)
(h7,61)
(h4,65)
(h6,45)
(h5,66)
(h9,52)
(h2,33)
(h8,94)
(h0,93)
(h3,2)
(i5,36)
(i3,38)
(i8,63)
(i4,66)
(i9,62)
(i2,1)
(i0,1)
(j8,79)
(j2,72)
(j9,87)
(j1,45)
(j7,96)
(j5,88)
(j6,2)
(j0,25)
(k0,42)
(k9,4)
(k8,67)
(k7,50)
(k2,93)
(k3,49)
(k4,39)
(l1,88)
(l5,16)
(l9,3)
(l3,41)
(l0,81)
(l7,90)
(m0,76)
(m5,4)
(m4,66)
(m8,68)
(m7,84)
(m3,61)
(m2,34)
(m1,65)
(n5,63)
(n9,80)
(n7,55)
(n0,34)
(n2,35)
(n8,88)
(n6,76)
(n1,58)
(n3,14)
(o6,44)
(o9,4)
(o3,32)
(o5,42)
(o8,50)
(o4,56)
(o7,21)
(o1,49)
(o0,2)
(o2,60)
(p9,12)
(p4,85)
(p7,2)
(p3,36)
(p6,80)
(p5,18)
(p8,77)
(p1,49)
(q6,45)
(q3,6)
(q7,99)
(q4,57)
(q8,76)
(q9,38)
(q0,31)
(q2,87)
(r3,68)
(r5,39)
(r4,73)
(r1,39)
(r0,53)
(r8,69)
(r7,24)
(r9,94)
(r2,0)
(s8,56)
(s6,12)
(s0,16)
(s7,56)
(s3,85)
(s4,82)
(s1,80)
(s9,7)
(t7,10)
(t5,58)
(t2,75)
(t3,95)
(t4,67)
(t1,74)
(t8,73)
(t9,46)
(t6,68)
(u0,27)
(u2,43)
(u9,66)
(u8,85)
(u3,81)
(u1,95)
(u7,84)
(u4,16)
(v2,9)
(v1,30)
(v6,10)
(v4,25)
(v7,94)
(v0,40)
(v8,17)
(v5,30)
(v9,5)
(w2,26)
(w1,96)
(w4,56)
(w6,73)
(w8,59)
(w9,73)
(x3,47)
(x8,100)
(x5,59)
(x6,97)
(x0,76)
(x4,68)
(x9,46)
(x2,97)
(y1,82)
(y0,60)
(y5,35)
(y6,33)
(y2,28)
(y7,75)
(z4,31)
(z7,16)
(z3,34)
(z6,12)
(z5,85)
(z2,11)
(z9,25)
[(f0,69)]
[(p8,77)]
[(d3,8)]
[(k2,39)]
[(q9,38)]
(a0,43)
(a4,64)
(a8,98)
(a7,10)
(a3,38)
(a9,21)
(a6,54)
(b2,78)
(b1,98)
(b8,65)
(b7,43)
(b0,14)
(b4,53)
(b5,68)
(b3,32)
(c3,11)
(c4,93)
(c8,93)
(c9,6)
(c7,84)
(c0,21)
(c5,40)
(c1,68)
(c2,75)
(d3,8)
(d2,3)
(d7,60)
(d6,97)
(d1,29)
(d0,86)
(d5,73)
(d4,91)
(e8,8)
(e2,14)
(e9,20)
(e1,63)
(e7,70)
(e6,13)
(e4,92)
(f0,69)
(f3,40)
(f6,22)
(f7,12)
(f4,38)
(f8,81)
(g7,16)
(g3,89)
(g6,4)
(g1,28)
(g5,17)
(h7,61)
(h4,65)
(h6,45)
(h5,66)
(h9,52)
(h2,33)
(h8,94)
(h0,93)
(h3,2)
(i5,36)
(i3,38)
(i8,63)
(i4,66)
(i9,62)
(i2,1)
(i0,1)
(j8,79)
(j2,72)
(j9,87)
(j1,45)
(j7,96)
(j5,88)
(j6,2)
(j0,25)
(k0,42)
(k9,4)
(k8,67)
(k7,50)
(k2,39)
(k3,49)
(k4,39)
(l1,88)
(l5,16)
(l9,36)
(l3,41)
(l0,62)
(l7,90)
(m0,76)
(m5,84)
(m4,66)
(m8,68)
(m7,84)
(m3,61)
(m2,58)
(n5,27)
(n9,80)
(n7,55)
(n0,34)
(n2,35)
(n8,88)
(n6,76)
(n1,58)
(n3,14)
(o6,44)
(o9,4)
(o3,32)
(o5,11)
(o8,50)
(o4,56)
(o7,85)
(o1,49)
(o0,2)
(o2,60)
(p9,19)
(p4,85)
(p7,2)
(p6,80)
(p5,18)
(p1,49)
(q6,45)
(q3,6)
(q7,99)
(q4,57)
(q8,76)
(q9,38)
(q2,87)
(r3,68)
(r5,39)
(r4,73)
(r1,39)
(r0,53)
(r8,69)
(r7,24)
(r9,94)
(r2,0)
(s8,56)
(s6,12)
(s0,16)
(s7,56)
(s3,20)
(s4,82)
(s1,80)
(s9,7)
(t7,10)
(t5,58)
(t2,75)
(t3,95)
(t4,67)
(t1,74)
(t8,73)
(t9,22)
(t6,93)
(u0,27)
(u2,43)
(u9,66)
(u8,85)
(u3,81)
(u1,95)
(u7,84)
(u4,16)
(v2,9)
(v1,30)
(v6,10)
(v4,25)
(v0,40)
(v8,61)
(v5,30)
(v9,5)
(w2,26)
(w1,96)
(w4,56)
(w8,59)
(w9,50)
(x3,47)
(x8,100)
(x5,59)
(x6,97)
(x0,76)
(x4,68)
(x9,90)
(x2,97)
(y9,23)
(y3,1)
(y1,82)
(y0,60)
(y5,35)
(y6,33)
(y2,81)
(y7,75)
(z4,31)
(z7,81)
(z3,34)
(z6,12)
(z5,85)
(z2,11)
(z9,25)
[(z7,15)]
[(h9,5)]
[(l9,36)]
[(t9,22)]
[(x9,90)]
(a0,43)
(a8,98)
(a7,10)
(a3,38)
(a9,21)
(b2,78)
(b1,98)
(b8,65)
(b7,43)
(b0,14)
(b4,53)
(b5,68)
(b3,9)
(c6,20)
(c3,98)
(c4,93)
(c8,67)
(c9,58)
(c7,84)
(c0,62)
(c5,40)
(c1,68)
(c2,69)
(d3,8)
(d2,3)
(d7,60)
(d1,29)
(d0,86)
(d5,22)
(d4,91)
(e3,94)
(e8,63)
(e9,41)
(e1,63)
(e7,70)
(e6,91)
(e4,92)
(f9,50)
(f0,69)
(f6,22)
(f7,12)
(f4,38)
(f8,81)
(g0,37)
(g4,29)
(g9,89)
(g7,16)
(g3,89)
(g6,4)
(g1,28)
(g5,11)
(h7,95)
(h4,27)
(h6,45)
(h5,49)
(h9,5)
(h2,33)
(h8,94)
(h0,93)
(i1,43)
(i5,36)
(i8,55)
(i4,66)
(i9,56)
(i2,33)
(i0,17)
(j8,1)
(j2,72)
(j9,12)
(j7,64)
(j5,88)
(j6,2)
(j0,25)
(k9,7)
(k7,47)
(k2,39)
(k3,49)
(k4,75)
(l4,20)
(l5,16)
(l9,36)
(l0,62)
(l7,10)
(m9,91)
(m1,50)
(m0,76)
(m5,84)
(m4,45)
(m8,68)
(m7,84)
(m3,61)
(n9,1)
(n7,26)
(n0,34)
(n2,14)
(n8,88)
(n1,58)
(n3,14)
(o3,80)
(o6,44)
(o9,4)
(o5,11)
(o8,50)
(o4,56)
(o7,59)
(o1,49)
(o0,2)
(o2,60)
(p8,48)
(p9,77)
(p4,85)
(p7,2)
(p6,80)
(p5,22)
(p1,49)
(q1,61)
(q6,59)
(q3,6)
(q7,4)
(q4,57)
(q8,76)
(q9,60)
(q2,87)
(r3,68)
(r1,39)
(r0,53)
(r8,69)
(r7,24)
(r9,94)
(r2,0)
(s8,56)
(s6,100)
(s0,16)
(s7,56)
(s3,20)
(s4,82)
(s1,91)
(s9,7)
(t0,25)
(t7,31)
(t2,41)
(t3,95)
(t4,67)
(t1,74)
(t8,73)
(t9,22)
(u5,73)
(u0,99)
(u2,43)
(u9,66)
(u8,85)
(u3,81)
(u7,84)
(v2,9)
(v1,30)
(v6,10)
(v4,25)
(v0,40)
(v8,61)
(v5,30)
(w2,26)
(w1,19)
(w4,56)
(w8,59)
(w9,50)
(x3,47)
(x8,100)
(x5,8)
(x6,97)
(x4,68)
(x9,90)
(x2,97)
(y5,38)
(y9,23)
(y3,1)
(y1,82)
(y6,33)
(y2,81)
(z0,25)
(z1,2)
(z8,18)
(z4,31)
(z7,15)
(z3,34)
(z6,12)
(z5,85)
(z2,11)
(z9,25)
[(h9,5)]
[(t6,KVSMISSING)]
(a6,70)
(a0,43)
(a8,98)
(a7,10)
(a3,38)
(a9,21)
(b2,91)
(b1,62)
(b8,65)
(b7,43)
(b0,14)
(b4,5)
(b5,43)
(b3,9)
(c6,20)
(c3,98)
(c4,93)
(c8,67)
(c9,58)
(c7,14)
(c0,62)
(c5,76)
(c1,78)
(c2,69)
(d3,8)
(d2,3)
(d7,60)
(d1,29)
(d5,22)
(d4,57)
(e5,75)
(e2,73)
(e3,94)
(e8,63)
(e9,41)
(e1,63)
(e7,70)
(e6,91)
(e4,92)
(f2,41)
(f6,84)
(f9,50)
(f7,12)
(f4,38)
(f8,43)
(g0,37)
(g4,8)
(g9,89)
(g7,16)
(g3,89)
(g6,4)
(g1,28)
(g5,11)
(h8,44)
(h3,4)
(h7,95)
(h4,27)
(h6,45)
(h5,49)
(h9,5)
(h2,74)
(h0,93)
(i3,57)
(i1,43)
(i5,36)
(i8,83)
(i4,66)
(i2,33)
(i0,17)
(j8,1)
(j2,72)
(j9,12)
(j7,64)
(j5,55)
(j6,2)
(k9,7)
(k7,47)
(k2,39)
(k3,49)
(k4,3)
(l1,80)
(l3,42)
(l4,20)
(l5,16)
(l9,36)
(l0,62)
(l7,0)
(m9,91)
(m1,50)
(m0,76)
(m5,84)
(m4,78)
(m8,68)
(m7,84)
(m3,51)
(n9,1)
(n7,26)
(n0,34)
(n2,14)
(n8,63)
(n1,58)
(n3,14)
(o3,80)
(o6,44)
(o9,83)
(o5,11)
(o8,50)
(o4,95)
(o7,59)
(o1,49)
(o0,19)
(o2,76)
(p8,48)
(p4,85)
(p7,2)
(p6,19)
(p5,22)
(p1,91)
(q5,26)
(q1,48)
(q6,59)
(q3,94)
(q7,4)
(q4,57)
(q8,76)
(q9,60)
(q2,87)
(r3,44)
(r1,39)
(r0,53)
(r8,7)
(r7,24)
(r9,94)
(r2,0)
(s2,17)
(s8,56)
(s6,100)
(s0,16)
(s7,56)
(s3,20)
(s4,82)
(s1,53)
(s9,7)
(t7,31)
(t2,41)
(t3,95)
(t4,67)
(t1,74)
(t8,0)
(t9,22)
(u6,40)
(u5,73)
(u0,99)
(u2,65)
(u9,11)
(u8,87)
(u3,81)
(u7,66)
(v7,19)
(v9,3)
(v2,9)
(v1,30)
(v6,10)
(v4,25)
(v0,40)
(v8,88)
(v5,30)
(w0,65)
(w2,26)
(w4,56)
(w8,59)
(w9,91)
(x3,42)
(x8,24)
(x5,8)
(x6,97)
(x4,50)
(x9,90)
(x2,97)
(y8,9)
(y5,38)
(y9,23)
(y3,1)
(y1,82)
(y2,45)
(z0,25)
(z1,0)
(z8,18)
(z4,31)
(z7,15)
(z3,34)
(z6,12)
(z5,85)
(z2,11)
(z9,25)
[(y7,KVSMISSING)]
Waiting...
[(d3,KVSERROR)]
[(b1,KVSERROR)]
[(p2,29)]
[(u6,15)]
[(y8,94)]
[(n2,4)]
Waiting...
Waiting...
