[(o0,99)]
[(i8,98)]
[(e4,7)]
[(o8,19)]
Waiting...
(a9,55)
(a3,44)
(a8,12)
(a7,8)
(a4,73)
(a0,71)
(a5,80)
(a6,54)
(a1,18)
(a2,86)
(b6,10)
(b0,2)
(b3,17)
(b1,69)
(b7,7)
(b5,37)
(b2,80)
(b9,29)
(c5,7)
(c2,60)
(c1,15)
(c6,29)
(c0,4)
(c7,79)
(c8,14)
(d1,71)
(d2,93)
(d9,63)
(d6,42)
(d4,48)
(d3,81)
(d0,44)
(d5,85)
(e7,19)
(e8,77)
(e1,78)
(e6,16)
(e9,28)
(e4,7)
(e5,54)
(f0,93)
(f3,37)
(f5,52)
(f1,48)
(f7,39)
(f6,35)
(g8,8)
(g6,61)
(g1,30)
(g4,41)
(g0,99)
(g2,5)
(g3,47)
(g7,55)
(h5,30)
(h9,43)
(h7,42)
(h8,54)
(h4,65)
(h6,5)
(h0,42)
(h2,94)
(i9,88)
(i8,38)
(i5,58)
(i0,90)
(i4,87)
(i7,10)
(i6,62)
(i3,2)
(i2,3)
(i1,56)
(j3,48)
(j6,89)
(j9,14)
(j8,21)
(j5,72)
(j1,3)
(j7,79)
(j0,51)
(k2,97)
(k5,62)
(k8,76)
(k3,55)
(k0,92)
(k7,97)
(k9,2)
(k1,45)
(k4,54)
(k6,39)
(l1,78)
(l3,27)
(l5,90)
(l8,69)
(l4,21)
(l2,48)
(l7,66)
(l9,22)
(l0,71)
(m1,57)
(m7,7)
(m0,6)
(m8,51)
(m6,71)
(m9,29)
(m5,25)
(m2,84)
(m3,8)
(m4,71)
(n0,54)
(n5,29)
(n2,47)
(n9,13)
(n3,77)
(n1,50)
(n6,59)
(n8,74)
(o0,77)
(o7,31)
(o6,79)
(o1,86)
(o5,51)
(o8,19)
(o3,19)
(p2,68)
(p1,0)
(p8,13)
(p9,76)
(p4,53)
(p3,56)
(p7,66)
(p0,69)
(q3,96)
(q2,39)
(q0,31)
(q9,76)
(q5,51)
(q1,59)
(q6,86)
(q7,73)
(q4,82)
(q8,7)
(r6,21)
(r2,68)
(r9,19)
(r3,74)
(r4,70)
(r0,35)
(r1,16)
(r7,4)
(s0,31)
(s9,53)
(s7,4)
(s8,30)
(s6,34)
(s5,47)
(s3,82)
(s1,92)
(t9,60)
(t0,83)
(t5,22)
(t3,17)
(t6,1)
(t2,93)
(t1,2)
(t4,79)
(t7,28)
(u6,28)
(u3,61)
(u9,16)
(u1,23)
(u5,87)
(u4,98)
(u0,97)
(u7,78)
(v9,87)
(v7,94)
(v6,72)
(v3,81)
(v8,62)
(v0,87)
(v4,76)
(v2,62)
(v1,17)
(v5,7)
(w0,31)
(w9,98)
(w1,42)
(w5,8)
(w8,33)
(w6,94)
(w3,10)
(w4,94)
(w7,27)
(x8,41)
(x0,27)
(x3,16)
(x5,70)
(x6,32)
(x7,85)
(x2,43)
(y9,78)
(y0,23)
(y7,91)
(y1,54)
(y4,95)
(y8,95)
(z2,25)
(z7,2)
(z0,9)
(z3,27)
(z8,26)
(z6,56)
(z4,53)
(z1,92)
Waiting...
[(i8,KVSMISSING)(h6,KVSMISSING)]
[(b6,77)]
[(r2,13)]
Waiting...
(a7,73)
(a0,38)
(a9,3)
(a3,13)
(a8,53)
(a4,76)
(a6,79)
(a1,89)
(b1,73)
(b7,31)
(b2,87)
(b8,3)
(b9,3)
(b0,41)
(b4,51)
(b5,96)
(c8,76)
(c3,49)
(c6,24)
(c4,54)
(c9,91)
(c1,20)
(c5,60)
(c2,86)
(c0,17)
(c7,37)
(d7,20)
(d4,31)
(d8,30)
(d9,93)
(d1,67)
(d2,50)
(d6,27)
(d0,49)
(d5,6)
(e4,3)
(e8,97)
(e5,38)
(e1,90)
(e0,83)
(e9,24)
(f1,24)
(f0,51)
(f3,21)
(f5,67)
(f9,93)
(f7,59)
(f4,26)
(f8,36)
(f6,17)
(g6,14)
(g9,64)
(g4,72)
(g8,18)
(g5,79)
(g3,26)
(g1,20)
(g0,13)
(g2,25)
(g7,23)
(h0,2)
(h7,12)
(h8,60)
(h4,5)
(h3,97)
(h6,100)
(h1,85)
(h5,12)
(h2,12)
(i9,8)
(i4,9)
(i7,78)
(i8,38)
(i0,19)
(i2,88)
(i5,20)
(i3,29)
(i1,70)
(j7,10)
(j4,96)
(j2,93)
(j3,21)
(j6,9)
(j9,46)
(j8,99)
(j5,45)
(j0,86)
(k5,94)
(k4,35)
(k3,30)
(k0,62)
(k9,90)
(k2,0)
(k8,95)
(k7,3)
(k1,3)
(l8,19)
(l6,78)
(l0,49)
(l5,80)
(l4,27)
(l9,88)
(l3,63)
(l2,79)
(l7,42)
(m7,50)
(m8,39)
(m6,73)
(m5,27)
(m3,85)
(m0,97)
(m9,54)
(m2,82)
(m4,3)
(n8,29)
(n9,75)
(n0,57)
(n5,86)
(n2,14)
(n1,5)
(n6,14)
(o8,80)
(o9,5)
(o0,58)
(o7,57)
(o5,96)
(o3,88)
(o2,46)
(p6,77)
(p4,67)
(p0,15)
(p5,95)
(p8,38)
(p2,47)
(p1,36)
(p9,37)
(p3,35)
(p7,99)
(q3,81)
(q2,1)
(q5,4)
(q9,75)
(q1,93)
(q0,25)
(q6,98)
(q7,14)
(q4,33)
(q8,56)
(r2,35)
(r0,27)
(r1,37)
(r6,9)
(r7,12)
(r8,36)
(r9,26)
(r5,46)
(r3,96)
(r4,64)
(s0,10)
(s5,26)
(s2,38)
(s6,93)
(s4,95)
(s9,19)
(t8,21)
(t3,63)
(t6,58)
(t0,28)
(t5,12)
(t4,65)
(t7,52)
(u6,55)
(u7,77)
(u3,10)
(u8,47)
(u2,50)
(u9,16)
(u5,85)
(u4,22)
(u0,78)
(v2,68)
(v8,66)
(v0,26)
(v7,92)
(v5,80)
(v4,67)
(v1,31)
(w1,38)
(w7,92)
(w2,72)
(w9,73)
(w5,41)
(w8,63)
(w6,94)
(x8,59)
(x5,7)
(x1,47)
(x7,64)
(x9,59)
(x3,6)
(x6,3)
(x2,4)
(y1,10)
(y6,66)
(y0,100)
(y5,46)
(y3,0)
(y9,31)
(y7,92)
(y4,16)
(y8,33)
(z6,19)
(z3,74)
(z8,72)
(z5,30)
(z9,5)
(z2,15)
(z7,23)
(z0,60)
(z4,85)
[(s1,KVSERROR)]
(a7,73)
(a0,38)
(a9,3)
(a3,13)
(a8,53)
(a4,76)
(a1,89)
(b1,73)
(b7,31)
(b2,87)
(b8,3)
(b9,3)
(b0,41)
(b4,51)
(c8,76)
(c3,49)
(c6,24)
(c4,54)
(c9,91)
(c1,20)
(c5,60)
(c2,86)
(c0,17)
(c7,37)
(d7,20)
(d4,31)
(d8,30)
(d9,93)
(d1,67)
(d2,81)
(d6,27)
(d0,49)
(d5,6)
(e4,3)
(e8,97)
(e5,38)
(e1,90)
(e0,83)
(e9,24)
(f1,24)
(f0,27)
(f3,21)
(f5,67)
(f9,93)
(f7,53)
(f4,26)
(f8,36)
(f6,17)
(g6,14)
(g9,64)
(g4,72)
(g8,18)
(g5,79)
(g3,26)
(g1,28)
(g0,13)
(g2,25)
(g7,23)
(h0,2)
(h7,12)
(h8,60)
(h4,5)
(h3,97)
(h6,100)
(h1,85)
(h5,12)
(h2,12)
(i6,76)
(i9,8)
(i4,9)
(i7,78)
(i8,38)
(i0,19)
(i2,88)
(i5,20)
(i3,29)
(i1,70)
(j7,10)
(j4,96)
(j2,93)
(j3,21)
(j6,9)
(j9,21)
(j5,45)
(j0,86)
(k5,94)
(k4,35)
(k3,30)
(k0,62)
(k9,90)
(k2,0)
(k8,69)
(k7,3)
(k1,7)
(l8,19)
(l6,78)
(l0,49)
(l5,80)
(l4,27)
(l9,88)
(l3,63)
(l2,41)
(l7,42)
(m7,17)
(m8,39)
(m6,73)
(m5,27)
(m3,85)
(m0,97)
(m9,54)
(m2,82)
(m4,3)
(n8,29)
(n9,75)
(n0,57)
(n5,33)
(n2,14)
(n1,5)
(n6,14)
(o8,80)
(o9,5)
(o0,58)
(o7,96)
(o5,96)
(o3,89)
(o2,46)
(p6,77)
(p4,67)
(p0,15)
(p5,95)
(p8,38)
(p2,47)
(p1,36)
(p9,37)
(p7,99)
(q3,81)
(q2,26)
(q5,4)
(q9,75)
(q1,93)
(q0,25)
(q6,43)
(q7,14)
(q4,61)
(q8,76)
(r2,35)
(r0,27)
(r1,37)
(r6,9)
(r7,12)
(r8,36)
(r9,26)
(r5,46)
(r3,96)
(r4,64)
(s8,29)
(s0,10)
(s5,26)
(s2,38)
(s6,93)
(s4,95)
(s9,19)
(t8,21)
(t3,63)
(t6,58)
(t0,28)
(t5,12)
(t4,65)
(t7,52)
(u6,55)
(u7,77)
(u3,10)
(u8,47)
(u2,50)
(u9,16)
(u5,85)
(u4,16)
(u0,78)
(v6,38)
(v2,68)
(v8,66)
(v0,26)
(v7,92)
(v5,80)
(v4,67)
(v1,31)
(w1,38)
(w7,66)
(w2,72)
(w9,73)
(w5,41)
(w8,63)
(w6,94)
(x0,19)
(x8,59)
(x5,7)
(x1,47)
(x7,64)
(x9,59)
(x3,6)
(x6,3)
(x2,4)
(y2,96)
(y1,10)
(y6,66)
(y0,23)
(y5,46)
(y3,0)
(y9,31)
(y7,92)
(y4,16)
(y8,33)
(z6,68)
(z3,74)
(z8,72)
(z5,30)
(z9,5)
(z2,15)
(z7,23)
(z0,60)
(z4,85)
Waiting...
[(o3,KVSMISSING)(h2,KVSMISSING)]
[(j0,KVSMISSING)]
Waiting...
[(n2,KVSMISSING)(o7,KVSMISSING)]
Waiting...
Waiting...
[(z7,81)]
[(f3,16)]
[(g2,70)]
[(x6,KVSMISSING)]
[(b5,65)]
[(u0,17)]
